[INFO 2017-03-30 00:49:09,298 main.py:34] Namespace(batch_size=64, discount_factor=0.99, ego_centric=False, gamma=0.99, gpu_id=1, image_block_size=64, init_model='', keep_command=False, learn_start=0, learning_rate=0.001, log_dir='./log', log_interval=10, map_config='empty_ground.json', max_episode_length=100, method='reinforce', num_games=10000, opt_method='adam', pause_screen=False, render=False, replay_memory_size=100000, save_dir='./models', save_interval=1000, seed=432, show_frame=False, single_word=False, teacher_type='NAVI_GOAL', test=False, train=True, use_gpu=False, visible_radius_unit=1)
[INFO 2017-03-30 00:49:09,298 xworld_utils.py:18] loading item list
[INFO 2017-03-30 00:49:09,298 xworld_utils.py:26] finish loading item list
[INFO 2017-03-30 00:49:09,298 xworld_utils.py:31] loading item images
[INFO 2017-03-30 00:49:09,369 xworld_utils.py:42] finish loading item images
[INFO 2017-03-30 00:49:09,369 xworld_map.py:30] loading empty_ground.json
[INFO 2017-03-30 00:49:09,369 xworld_map.py:45] finish loading empty_ground.json
[INFO 2017-03-30 00:49:09,371 main.py:60] training
[INFO 2017-03-30 00:49:09,861 main.py:80] Episode 0	average cumulative reward: -11.24
[INFO 2017-03-30 00:49:09,862 main.py:85] Episode 0	saving model: 00000.pth
[INFO 2017-03-30 00:49:15,706 main.py:80] Episode 10	average cumulative reward: -10.49
[INFO 2017-03-30 00:49:21,017 main.py:80] Episode 20	average cumulative reward: -12.13
[INFO 2017-03-30 00:49:25,613 main.py:80] Episode 30	average cumulative reward: -7.92
[INFO 2017-03-30 00:49:30,181 main.py:80] Episode 40	average cumulative reward: -8.21
[INFO 2017-03-30 00:49:33,472 main.py:80] Episode 50	average cumulative reward: -6.46
[INFO 2017-03-30 00:49:36,354 main.py:80] Episode 60	average cumulative reward: -7.79
[INFO 2017-03-30 00:49:39,341 main.py:80] Episode 70	average cumulative reward: -4.44
[INFO 2017-03-30 00:49:43,605 main.py:80] Episode 80	average cumulative reward: -7.69
[INFO 2017-03-30 00:49:48,289 main.py:80] Episode 90	average cumulative reward: -8.19
[INFO 2017-03-30 00:49:53,723 main.py:80] Episode 100	average cumulative reward: -11.60
[INFO 2017-03-30 00:49:57,139 main.py:80] Episode 110	average cumulative reward: -6.87
[INFO 2017-03-30 00:50:00,587 main.py:80] Episode 120	average cumulative reward: -5.67
[INFO 2017-03-30 00:50:03,728 main.py:80] Episode 130	average cumulative reward: -8.15
[INFO 2017-03-30 00:50:07,388 main.py:80] Episode 140	average cumulative reward: -8.14
[INFO 2017-03-30 00:50:11,548 main.py:80] Episode 150	average cumulative reward: -9.51
[INFO 2017-03-30 00:50:15,850 main.py:80] Episode 160	average cumulative reward: -6.78
[INFO 2017-03-30 00:50:20,297 main.py:80] Episode 170	average cumulative reward: -6.13
[INFO 2017-03-30 00:50:24,323 main.py:80] Episode 180	average cumulative reward: -5.59
[INFO 2017-03-30 00:50:28,186 main.py:80] Episode 190	average cumulative reward: -5.78
[INFO 2017-03-30 00:50:30,956 main.py:80] Episode 200	average cumulative reward: -5.10
[INFO 2017-03-30 00:50:34,894 main.py:80] Episode 210	average cumulative reward: -8.30
[INFO 2017-03-30 00:50:39,727 main.py:80] Episode 220	average cumulative reward: -6.34
[INFO 2017-03-30 00:50:44,004 main.py:80] Episode 230	average cumulative reward: -6.66
[INFO 2017-03-30 00:50:47,593 main.py:80] Episode 240	average cumulative reward: -4.70
[INFO 2017-03-30 00:50:52,118 main.py:80] Episode 250	average cumulative reward: -11.43
[INFO 2017-03-30 00:50:55,974 main.py:80] Episode 260	average cumulative reward: -8.51
[INFO 2017-03-30 00:51:00,418 main.py:80] Episode 270	average cumulative reward: -6.88
[INFO 2017-03-30 00:51:05,101 main.py:80] Episode 280	average cumulative reward: -9.04
[INFO 2017-03-30 00:51:08,718 main.py:80] Episode 290	average cumulative reward: -4.65
[INFO 2017-03-30 00:51:13,597 main.py:80] Episode 300	average cumulative reward: -5.69
[INFO 2017-03-30 00:51:17,368 main.py:80] Episode 310	average cumulative reward: -5.43
[INFO 2017-03-30 00:51:22,684 main.py:80] Episode 320	average cumulative reward: -6.69
[INFO 2017-03-30 00:51:25,939 main.py:80] Episode 330	average cumulative reward: -8.04
[INFO 2017-03-30 00:51:31,718 main.py:80] Episode 340	average cumulative reward: -8.10
[INFO 2017-03-30 00:51:35,929 main.py:80] Episode 350	average cumulative reward: -8.24
[INFO 2017-03-30 00:51:39,648 main.py:80] Episode 360	average cumulative reward: -4.68
[INFO 2017-03-30 00:51:43,951 main.py:80] Episode 370	average cumulative reward: -5.36
[INFO 2017-03-30 00:51:47,535 main.py:80] Episode 380	average cumulative reward: -7.41
[INFO 2017-03-30 00:51:50,409 main.py:80] Episode 390	average cumulative reward: -6.74
[INFO 2017-03-30 00:51:54,211 main.py:80] Episode 400	average cumulative reward: -4.66
[INFO 2017-03-30 00:51:58,569 main.py:80] Episode 410	average cumulative reward: -7.58
[INFO 2017-03-30 00:52:02,561 main.py:80] Episode 420	average cumulative reward: -10.36
[INFO 2017-03-30 00:52:06,587 main.py:80] Episode 430	average cumulative reward: -5.15
[INFO 2017-03-30 00:52:11,168 main.py:80] Episode 440	average cumulative reward: -10.38
[INFO 2017-03-30 00:52:15,471 main.py:80] Episode 450	average cumulative reward: -12.23
[INFO 2017-03-30 00:52:19,751 main.py:80] Episode 460	average cumulative reward: -8.06
[INFO 2017-03-30 00:52:25,226 main.py:80] Episode 470	average cumulative reward: -8.68
[INFO 2017-03-30 00:52:29,128 main.py:80] Episode 480	average cumulative reward: -4.47
[INFO 2017-03-30 00:52:33,649 main.py:80] Episode 490	average cumulative reward: -10.67
[INFO 2017-03-30 00:52:37,635 main.py:80] Episode 500	average cumulative reward: -11.03
[INFO 2017-03-30 00:52:41,171 main.py:80] Episode 510	average cumulative reward: -7.42
[INFO 2017-03-30 00:52:45,320 main.py:80] Episode 520	average cumulative reward: -6.47
[INFO 2017-03-30 00:52:47,884 main.py:80] Episode 530	average cumulative reward: -5.97
[INFO 2017-03-30 00:52:51,943 main.py:80] Episode 540	average cumulative reward: -5.77
[INFO 2017-03-30 00:52:55,286 main.py:80] Episode 550	average cumulative reward: -4.21
[INFO 2017-03-30 00:52:59,846 main.py:80] Episode 560	average cumulative reward: -15.78
[INFO 2017-03-30 00:53:03,627 main.py:80] Episode 570	average cumulative reward: -5.00
[INFO 2017-03-30 00:53:07,729 main.py:80] Episode 580	average cumulative reward: -4.67
[INFO 2017-03-30 00:53:11,437 main.py:80] Episode 590	average cumulative reward: -8.69
[INFO 2017-03-30 00:53:15,205 main.py:80] Episode 600	average cumulative reward: -4.77
[INFO 2017-03-30 00:53:18,927 main.py:80] Episode 610	average cumulative reward: -7.27
[INFO 2017-03-30 00:53:21,739 main.py:80] Episode 620	average cumulative reward: -6.55
[INFO 2017-03-30 00:53:25,815 main.py:80] Episode 630	average cumulative reward: -5.15
[INFO 2017-03-30 00:53:29,625 main.py:80] Episode 640	average cumulative reward: -7.77
[INFO 2017-03-30 00:53:34,207 main.py:80] Episode 650	average cumulative reward: -8.20
[INFO 2017-03-30 00:53:36,920 main.py:80] Episode 660	average cumulative reward: -3.51
[INFO 2017-03-30 00:53:40,053 main.py:80] Episode 670	average cumulative reward: -3.45
[INFO 2017-03-30 00:53:43,985 main.py:80] Episode 680	average cumulative reward: -5.79
[INFO 2017-03-30 00:53:46,424 main.py:80] Episode 690	average cumulative reward: -5.75
[INFO 2017-03-30 00:53:48,613 main.py:80] Episode 700	average cumulative reward: -4.69
[INFO 2017-03-30 00:53:51,746 main.py:80] Episode 710	average cumulative reward: -4.98
[INFO 2017-03-30 00:53:56,206 main.py:80] Episode 720	average cumulative reward: -6.89
[INFO 2017-03-30 00:54:00,599 main.py:80] Episode 730	average cumulative reward: -11.62
[INFO 2017-03-30 00:54:04,982 main.py:80] Episode 740	average cumulative reward: -5.23
[INFO 2017-03-30 00:54:08,432 main.py:80] Episode 750	average cumulative reward: -4.65
[INFO 2017-03-30 00:54:11,597 main.py:80] Episode 760	average cumulative reward: -4.61
[INFO 2017-03-30 00:54:15,332 main.py:80] Episode 770	average cumulative reward: -7.08
[INFO 2017-03-30 00:54:19,640 main.py:80] Episode 780	average cumulative reward: -4.32
[INFO 2017-03-30 00:54:22,900 main.py:80] Episode 790	average cumulative reward: -9.24
[INFO 2017-03-30 00:54:26,358 main.py:80] Episode 800	average cumulative reward: -6.59
[INFO 2017-03-30 00:54:29,783 main.py:80] Episode 810	average cumulative reward: -8.40
[INFO 2017-03-30 00:54:32,741 main.py:80] Episode 820	average cumulative reward: -6.81
[INFO 2017-03-30 00:54:35,847 main.py:80] Episode 830	average cumulative reward: -3.93
[INFO 2017-03-30 00:54:39,624 main.py:80] Episode 840	average cumulative reward: -3.90
[INFO 2017-03-30 00:54:42,220 main.py:80] Episode 850	average cumulative reward: -3.50
[INFO 2017-03-30 00:54:45,291 main.py:80] Episode 860	average cumulative reward: -7.71
[INFO 2017-03-30 00:54:48,547 main.py:80] Episode 870	average cumulative reward: -4.74
[INFO 2017-03-30 00:54:51,915 main.py:80] Episode 880	average cumulative reward: -5.50
[INFO 2017-03-30 00:54:55,750 main.py:80] Episode 890	average cumulative reward: -10.43
[INFO 2017-03-30 00:54:59,463 main.py:80] Episode 900	average cumulative reward: -6.21
[INFO 2017-03-30 00:55:03,063 main.py:80] Episode 910	average cumulative reward: -6.22
[INFO 2017-03-30 00:55:05,744 main.py:80] Episode 920	average cumulative reward: -6.90
[INFO 2017-03-30 00:55:09,536 main.py:80] Episode 930	average cumulative reward: -4.03
[INFO 2017-03-30 00:55:13,116 main.py:80] Episode 940	average cumulative reward: -5.44
[INFO 2017-03-30 00:55:17,801 main.py:80] Episode 950	average cumulative reward: -12.05
[INFO 2017-03-30 00:55:22,311 main.py:80] Episode 960	average cumulative reward: -9.12
[INFO 2017-03-30 00:55:25,055 main.py:80] Episode 970	average cumulative reward: -3.07
[INFO 2017-03-30 00:55:29,722 main.py:80] Episode 980	average cumulative reward: -8.92
[INFO 2017-03-30 00:55:32,071 main.py:80] Episode 990	average cumulative reward: -7.55
[INFO 2017-03-30 00:55:35,503 main.py:80] Episode 1000	average cumulative reward: -8.16
[INFO 2017-03-30 00:55:35,504 main.py:85] Episode 1000	saving model: 01000.pth
[INFO 2017-03-30 00:55:38,346 main.py:80] Episode 1010	average cumulative reward: -3.92
[INFO 2017-03-30 00:55:42,833 main.py:80] Episode 1020	average cumulative reward: -9.05
[INFO 2017-03-30 00:55:48,165 main.py:80] Episode 1030	average cumulative reward: -8.15
[INFO 2017-03-30 00:55:51,855 main.py:80] Episode 1040	average cumulative reward: -3.85
[INFO 2017-03-30 00:55:56,238 main.py:80] Episode 1050	average cumulative reward: -9.64
[INFO 2017-03-30 00:55:59,917 main.py:80] Episode 1060	average cumulative reward: -16.82
[INFO 2017-03-30 00:56:03,929 main.py:80] Episode 1070	average cumulative reward: -4.97
[INFO 2017-03-30 00:56:07,758 main.py:80] Episode 1080	average cumulative reward: -5.64
[INFO 2017-03-30 00:56:12,006 main.py:80] Episode 1090	average cumulative reward: -10.39
[INFO 2017-03-30 00:56:15,394 main.py:80] Episode 1100	average cumulative reward: -4.51
[INFO 2017-03-30 00:56:19,343 main.py:80] Episode 1110	average cumulative reward: -10.42
[INFO 2017-03-30 00:56:22,383 main.py:80] Episode 1120	average cumulative reward: -8.64
[INFO 2017-03-30 00:56:25,280 main.py:80] Episode 1130	average cumulative reward: -3.11
[INFO 2017-03-30 00:56:29,185 main.py:80] Episode 1140	average cumulative reward: -9.40
[INFO 2017-03-30 00:56:33,033 main.py:80] Episode 1150	average cumulative reward: -5.06
[INFO 2017-03-30 00:56:36,719 main.py:80] Episode 1160	average cumulative reward: -5.19
[INFO 2017-03-30 00:56:40,157 main.py:80] Episode 1170	average cumulative reward: -13.26
[INFO 2017-03-30 00:56:44,370 main.py:80] Episode 1180	average cumulative reward: -8.71
[INFO 2017-03-30 00:56:48,339 main.py:80] Episode 1190	average cumulative reward: -8.29
[INFO 2017-03-30 00:56:50,830 main.py:80] Episode 1200	average cumulative reward: -3.14
[INFO 2017-03-30 00:56:53,584 main.py:80] Episode 1210	average cumulative reward: -3.73
[INFO 2017-03-30 00:56:55,755 main.py:80] Episode 1220	average cumulative reward: -5.30
[INFO 2017-03-30 00:56:58,624 main.py:80] Episode 1230	average cumulative reward: -4.37
[INFO 2017-03-30 00:57:01,452 main.py:80] Episode 1240	average cumulative reward: -7.05
[INFO 2017-03-30 00:57:04,424 main.py:80] Episode 1250	average cumulative reward: -7.10
[INFO 2017-03-30 00:57:07,597 main.py:80] Episode 1260	average cumulative reward: -4.70
[INFO 2017-03-30 00:57:11,218 main.py:80] Episode 1270	average cumulative reward: -7.88
[INFO 2017-03-30 00:57:14,943 main.py:80] Episode 1280	average cumulative reward: -6.93
[INFO 2017-03-30 00:57:18,927 main.py:80] Episode 1290	average cumulative reward: -13.29
[INFO 2017-03-30 00:57:22,655 main.py:80] Episode 1300	average cumulative reward: -6.76
[INFO 2017-03-30 00:57:26,225 main.py:80] Episode 1310	average cumulative reward: -4.04
[INFO 2017-03-30 00:57:29,327 main.py:80] Episode 1320	average cumulative reward: -7.11
[INFO 2017-03-30 00:57:31,115 main.py:80] Episode 1330	average cumulative reward: -1.41
[INFO 2017-03-30 00:57:35,476 main.py:80] Episode 1340	average cumulative reward: -5.55
[INFO 2017-03-30 00:57:37,396 main.py:80] Episode 1350	average cumulative reward: -4.28
[INFO 2017-03-30 00:57:40,302 main.py:80] Episode 1360	average cumulative reward: -3.85
[INFO 2017-03-30 00:57:43,647 main.py:80] Episode 1370	average cumulative reward: -4.10
[INFO 2017-03-30 00:57:46,984 main.py:80] Episode 1380	average cumulative reward: -6.06
[INFO 2017-03-30 00:57:50,020 main.py:80] Episode 1390	average cumulative reward: -4.46
[INFO 2017-03-30 00:57:52,678 main.py:80] Episode 1400	average cumulative reward: -4.06
[INFO 2017-03-30 00:57:55,143 main.py:80] Episode 1410	average cumulative reward: -6.27
[INFO 2017-03-30 00:57:59,478 main.py:80] Episode 1420	average cumulative reward: -7.26
[INFO 2017-03-30 00:58:04,422 main.py:80] Episode 1430	average cumulative reward: -6.79
[INFO 2017-03-30 00:58:08,482 main.py:80] Episode 1440	average cumulative reward: -11.92
[INFO 2017-03-30 00:58:12,954 main.py:80] Episode 1450	average cumulative reward: -5.81
[INFO 2017-03-30 00:58:19,071 main.py:80] Episode 1460	average cumulative reward: -9.99
[INFO 2017-03-30 00:58:22,439 main.py:80] Episode 1470	average cumulative reward: -6.90
[INFO 2017-03-30 00:58:27,495 main.py:80] Episode 1480	average cumulative reward: -6.05
[INFO 2017-03-30 00:58:30,651 main.py:80] Episode 1490	average cumulative reward: -16.36
[INFO 2017-03-30 00:58:36,346 main.py:80] Episode 1500	average cumulative reward: -10.59
[INFO 2017-03-30 00:58:40,312 main.py:80] Episode 1510	average cumulative reward: -7.22
[INFO 2017-03-30 00:58:43,841 main.py:80] Episode 1520	average cumulative reward: -15.23
[INFO 2017-03-30 00:58:47,209 main.py:80] Episode 1530	average cumulative reward: -14.87
[INFO 2017-03-30 00:58:49,472 main.py:80] Episode 1540	average cumulative reward: -4.38
[INFO 2017-03-30 00:58:54,468 main.py:80] Episode 1550	average cumulative reward: -7.87
[INFO 2017-03-30 00:58:57,993 main.py:80] Episode 1560	average cumulative reward: -9.50
[INFO 2017-03-30 00:59:01,481 main.py:80] Episode 1570	average cumulative reward: -5.20
[INFO 2017-03-30 00:59:06,427 main.py:80] Episode 1580	average cumulative reward: -5.82
[INFO 2017-03-30 00:59:10,134 main.py:80] Episode 1590	average cumulative reward: -5.29
[INFO 2017-03-30 00:59:13,509 main.py:80] Episode 1600	average cumulative reward: -5.54
[INFO 2017-03-30 00:59:18,172 main.py:80] Episode 1610	average cumulative reward: -4.59
[INFO 2017-03-30 00:59:23,265 main.py:80] Episode 1620	average cumulative reward: -15.80
[INFO 2017-03-30 00:59:28,671 main.py:80] Episode 1630	average cumulative reward: -15.41
[INFO 2017-03-30 00:59:32,034 main.py:80] Episode 1640	average cumulative reward: -11.00
[INFO 2017-03-30 00:59:34,325 main.py:80] Episode 1650	average cumulative reward: -3.07
[INFO 2017-03-30 00:59:38,080 main.py:80] Episode 1660	average cumulative reward: -4.38
[INFO 2017-03-30 00:59:41,404 main.py:80] Episode 1670	average cumulative reward: -5.05
[INFO 2017-03-30 00:59:44,427 main.py:80] Episode 1680	average cumulative reward: -3.56
[INFO 2017-03-30 00:59:48,817 main.py:80] Episode 1690	average cumulative reward: -8.81
[INFO 2017-03-30 00:59:52,459 main.py:80] Episode 1700	average cumulative reward: -7.19
[INFO 2017-03-30 00:59:56,572 main.py:80] Episode 1710	average cumulative reward: -6.36
[INFO 2017-03-30 01:00:00,210 main.py:80] Episode 1720	average cumulative reward: -4.78
[INFO 2017-03-30 01:00:03,482 main.py:80] Episode 1730	average cumulative reward: -4.19
[INFO 2017-03-30 01:00:07,193 main.py:80] Episode 1740	average cumulative reward: -8.26
[INFO 2017-03-30 01:00:10,868 main.py:80] Episode 1750	average cumulative reward: -4.75
[INFO 2017-03-30 01:00:13,893 main.py:80] Episode 1760	average cumulative reward: -4.55
[INFO 2017-03-30 01:00:17,112 main.py:80] Episode 1770	average cumulative reward: -3.50
[INFO 2017-03-30 01:00:21,005 main.py:80] Episode 1780	average cumulative reward: -7.52
[INFO 2017-03-30 01:00:23,735 main.py:80] Episode 1790	average cumulative reward: -3.67
[INFO 2017-03-30 01:00:26,837 main.py:80] Episode 1800	average cumulative reward: -6.90
[INFO 2017-03-30 01:00:31,510 main.py:80] Episode 1810	average cumulative reward: -4.96
[INFO 2017-03-30 01:00:34,184 main.py:80] Episode 1820	average cumulative reward: -8.12
[INFO 2017-03-30 01:00:38,029 main.py:80] Episode 1830	average cumulative reward: -9.83
[INFO 2017-03-30 01:00:41,830 main.py:80] Episode 1840	average cumulative reward: -7.66
[INFO 2017-03-30 01:00:46,818 main.py:80] Episode 1850	average cumulative reward: -11.70
[INFO 2017-03-30 01:00:51,671 main.py:80] Episode 1860	average cumulative reward: -18.49
[INFO 2017-03-30 01:00:55,676 main.py:80] Episode 1870	average cumulative reward: -7.67
[INFO 2017-03-30 01:00:58,373 main.py:80] Episode 1880	average cumulative reward: -3.06
[INFO 2017-03-30 01:01:03,061 main.py:80] Episode 1890	average cumulative reward: -7.02
[INFO 2017-03-30 01:01:07,010 main.py:80] Episode 1900	average cumulative reward: -7.52
[INFO 2017-03-30 01:01:10,850 main.py:80] Episode 1910	average cumulative reward: -3.21
[INFO 2017-03-30 01:01:14,697 main.py:80] Episode 1920	average cumulative reward: -6.65
[INFO 2017-03-30 01:01:19,313 main.py:80] Episode 1930	average cumulative reward: -5.85
[INFO 2017-03-30 01:01:22,525 main.py:80] Episode 1940	average cumulative reward: -3.23
[INFO 2017-03-30 01:01:27,121 main.py:80] Episode 1950	average cumulative reward: -5.10
[INFO 2017-03-30 01:01:31,109 main.py:80] Episode 1960	average cumulative reward: -13.71
[INFO 2017-03-30 01:01:36,210 main.py:80] Episode 1970	average cumulative reward: -5.86
[INFO 2017-03-30 01:01:39,396 main.py:80] Episode 1980	average cumulative reward: -9.26
[INFO 2017-03-30 01:01:43,478 main.py:80] Episode 1990	average cumulative reward: -7.38
[INFO 2017-03-30 01:01:48,511 main.py:80] Episode 2000	average cumulative reward: -9.87
[INFO 2017-03-30 01:01:48,512 main.py:85] Episode 2000	saving model: 02000.pth
[INFO 2017-03-30 01:01:54,444 main.py:80] Episode 2010	average cumulative reward: -8.74
[INFO 2017-03-30 01:01:57,987 main.py:80] Episode 2020	average cumulative reward: -4.19
[INFO 2017-03-30 01:02:01,076 main.py:80] Episode 2030	average cumulative reward: -6.14
[INFO 2017-03-30 01:02:04,828 main.py:80] Episode 2040	average cumulative reward: -4.33
[INFO 2017-03-30 01:02:08,030 main.py:80] Episode 2050	average cumulative reward: -6.66
[INFO 2017-03-30 01:02:11,930 main.py:80] Episode 2060	average cumulative reward: -11.16
[INFO 2017-03-30 01:02:17,877 main.py:80] Episode 2070	average cumulative reward: -5.71
[INFO 2017-03-30 01:02:21,342 main.py:80] Episode 2080	average cumulative reward: -7.03
[INFO 2017-03-30 01:02:25,933 main.py:80] Episode 2090	average cumulative reward: -16.23
[INFO 2017-03-30 01:02:30,439 main.py:80] Episode 2100	average cumulative reward: -9.70
[INFO 2017-03-30 01:02:34,147 main.py:80] Episode 2110	average cumulative reward: -4.88
[INFO 2017-03-30 01:02:36,305 main.py:80] Episode 2120	average cumulative reward: -2.30
[INFO 2017-03-30 01:02:39,476 main.py:80] Episode 2130	average cumulative reward: -3.83
[INFO 2017-03-30 01:02:40,792 main.py:80] Episode 2140	average cumulative reward: -0.68
[INFO 2017-03-30 01:02:44,798 main.py:80] Episode 2150	average cumulative reward: -5.25
[INFO 2017-03-30 01:02:48,250 main.py:80] Episode 2160	average cumulative reward: -5.35
[INFO 2017-03-30 01:02:50,833 main.py:80] Episode 2170	average cumulative reward: -3.16
[INFO 2017-03-30 01:02:53,950 main.py:80] Episode 2180	average cumulative reward: -4.54
[INFO 2017-03-30 01:02:57,301 main.py:80] Episode 2190	average cumulative reward: -3.48
[INFO 2017-03-30 01:03:01,725 main.py:80] Episode 2200	average cumulative reward: -7.72
[INFO 2017-03-30 01:03:04,387 main.py:80] Episode 2210	average cumulative reward: -5.29
[INFO 2017-03-30 01:03:07,413 main.py:80] Episode 2220	average cumulative reward: -3.92
[INFO 2017-03-30 01:03:11,718 main.py:80] Episode 2230	average cumulative reward: -4.61
[INFO 2017-03-30 01:03:16,872 main.py:80] Episode 2240	average cumulative reward: -5.89
[INFO 2017-03-30 01:03:21,097 main.py:80] Episode 2250	average cumulative reward: -5.01
[INFO 2017-03-30 01:03:26,651 main.py:80] Episode 2260	average cumulative reward: -5.78
[INFO 2017-03-30 01:03:30,589 main.py:80] Episode 2270	average cumulative reward: -5.28
[INFO 2017-03-30 01:03:35,764 main.py:80] Episode 2280	average cumulative reward: -7.08
[INFO 2017-03-30 01:03:40,963 main.py:80] Episode 2290	average cumulative reward: -6.49
[INFO 2017-03-30 01:03:45,123 main.py:80] Episode 2300	average cumulative reward: -6.07
[INFO 2017-03-30 01:03:46,702 main.py:80] Episode 2310	average cumulative reward: -4.40
[INFO 2017-03-30 01:03:49,679 main.py:80] Episode 2320	average cumulative reward: -6.72
[INFO 2017-03-30 01:03:53,383 main.py:80] Episode 2330	average cumulative reward: -8.36
[INFO 2017-03-30 01:03:59,521 main.py:80] Episode 2340	average cumulative reward: -6.63
[INFO 2017-03-30 01:04:05,100 main.py:80] Episode 2350	average cumulative reward: -8.82
[INFO 2017-03-30 01:04:06,929 main.py:80] Episode 2360	average cumulative reward: -5.85
[INFO 2017-03-30 01:04:11,139 main.py:80] Episode 2370	average cumulative reward: -8.30
[INFO 2017-03-30 01:04:16,826 main.py:80] Episode 2380	average cumulative reward: -6.34
[INFO 2017-03-30 01:04:21,343 main.py:80] Episode 2390	average cumulative reward: -11.63
[INFO 2017-03-30 01:04:26,328 main.py:80] Episode 2400	average cumulative reward: -6.89
[INFO 2017-03-30 01:04:30,698 main.py:80] Episode 2410	average cumulative reward: -5.07
[INFO 2017-03-30 01:04:34,613 main.py:80] Episode 2420	average cumulative reward: -9.99
[INFO 2017-03-30 01:04:39,025 main.py:80] Episode 2430	average cumulative reward: -7.79
[INFO 2017-03-30 01:04:42,328 main.py:80] Episode 2440	average cumulative reward: -3.56
[INFO 2017-03-30 01:04:46,533 main.py:80] Episode 2450	average cumulative reward: -10.03
[INFO 2017-03-30 01:04:50,359 main.py:80] Episode 2460	average cumulative reward: -5.37
[INFO 2017-03-30 01:04:55,561 main.py:80] Episode 2470	average cumulative reward: -8.08
[INFO 2017-03-30 01:04:58,356 main.py:80] Episode 2480	average cumulative reward: -11.19
[INFO 2017-03-30 01:05:02,219 main.py:80] Episode 2490	average cumulative reward: -4.50
[INFO 2017-03-30 01:05:06,054 main.py:80] Episode 2500	average cumulative reward: -7.90
[INFO 2017-03-30 01:05:08,619 main.py:80] Episode 2510	average cumulative reward: -3.60
[INFO 2017-03-30 01:05:11,694 main.py:80] Episode 2520	average cumulative reward: -4.15
[INFO 2017-03-30 01:05:14,408 main.py:80] Episode 2530	average cumulative reward: -10.72
[INFO 2017-03-30 01:05:16,840 main.py:80] Episode 2540	average cumulative reward: -2.25
[INFO 2017-03-30 01:05:21,370 main.py:80] Episode 2550	average cumulative reward: -6.70
[INFO 2017-03-30 01:05:25,215 main.py:80] Episode 2560	average cumulative reward: -3.53
[INFO 2017-03-30 01:05:28,112 main.py:80] Episode 2570	average cumulative reward: -5.44
[INFO 2017-03-30 01:05:31,635 main.py:80] Episode 2580	average cumulative reward: -7.40
[INFO 2017-03-30 01:05:35,435 main.py:80] Episode 2590	average cumulative reward: -4.34
[INFO 2017-03-30 01:05:36,961 main.py:80] Episode 2600	average cumulative reward: -4.13
[INFO 2017-03-30 01:05:39,564 main.py:80] Episode 2610	average cumulative reward: -3.39
[INFO 2017-03-30 01:05:42,206 main.py:80] Episode 2620	average cumulative reward: -2.60
[INFO 2017-03-30 01:05:45,326 main.py:80] Episode 2630	average cumulative reward: -3.98
[INFO 2017-03-30 01:05:47,565 main.py:80] Episode 2640	average cumulative reward: -4.01
[INFO 2017-03-30 01:05:50,390 main.py:80] Episode 2650	average cumulative reward: -3.45
[INFO 2017-03-30 01:05:54,909 main.py:80] Episode 2660	average cumulative reward: -5.57
[INFO 2017-03-30 01:05:58,006 main.py:80] Episode 2670	average cumulative reward: -7.12
[INFO 2017-03-30 01:06:01,348 main.py:80] Episode 2680	average cumulative reward: -3.93
[INFO 2017-03-30 01:06:04,828 main.py:80] Episode 2690	average cumulative reward: -9.67
[INFO 2017-03-30 01:06:07,731 main.py:80] Episode 2700	average cumulative reward: -3.92
[INFO 2017-03-30 01:06:11,621 main.py:80] Episode 2710	average cumulative reward: -5.45
[INFO 2017-03-30 01:06:15,604 main.py:80] Episode 2720	average cumulative reward: -10.13
[INFO 2017-03-30 01:06:19,827 main.py:80] Episode 2730	average cumulative reward: -8.28
[INFO 2017-03-30 01:06:22,882 main.py:80] Episode 2740	average cumulative reward: -6.87
[INFO 2017-03-30 01:06:26,972 main.py:80] Episode 2750	average cumulative reward: -16.58
[INFO 2017-03-30 01:06:30,478 main.py:80] Episode 2760	average cumulative reward: -4.03
[INFO 2017-03-30 01:06:34,128 main.py:80] Episode 2770	average cumulative reward: -8.35
[INFO 2017-03-30 01:06:37,195 main.py:80] Episode 2780	average cumulative reward: -3.85
[INFO 2017-03-30 01:06:40,085 main.py:80] Episode 2790	average cumulative reward: -6.20
[INFO 2017-03-30 01:06:43,470 main.py:80] Episode 2800	average cumulative reward: -9.44
[INFO 2017-03-30 01:06:44,120 main.py:80] Episode 2810	average cumulative reward: -0.59
[INFO 2017-03-30 01:06:47,939 main.py:80] Episode 2820	average cumulative reward: -8.98
[INFO 2017-03-30 01:06:49,902 main.py:80] Episode 2830	average cumulative reward: -6.49
[INFO 2017-03-30 01:06:53,369 main.py:80] Episode 2840	average cumulative reward: -7.57
[INFO 2017-03-30 01:06:56,707 main.py:80] Episode 2850	average cumulative reward: -3.15
[INFO 2017-03-30 01:06:59,256 main.py:80] Episode 2860	average cumulative reward: -6.11
[INFO 2017-03-30 01:07:01,430 main.py:80] Episode 2870	average cumulative reward: -2.83
[INFO 2017-03-30 01:07:04,706 main.py:80] Episode 2880	average cumulative reward: -5.23
[INFO 2017-03-30 01:07:08,039 main.py:80] Episode 2890	average cumulative reward: -7.83
[INFO 2017-03-30 01:07:12,250 main.py:80] Episode 2900	average cumulative reward: -4.41
[INFO 2017-03-30 01:07:15,672 main.py:80] Episode 2910	average cumulative reward: -9.75
[INFO 2017-03-30 01:07:18,168 main.py:80] Episode 2920	average cumulative reward: -14.41
[INFO 2017-03-30 01:07:20,654 main.py:80] Episode 2930	average cumulative reward: -10.00
[INFO 2017-03-30 01:07:23,509 main.py:80] Episode 2940	average cumulative reward: -3.67
[INFO 2017-03-30 01:07:26,751 main.py:80] Episode 2950	average cumulative reward: -7.89
[INFO 2017-03-30 01:07:28,985 main.py:80] Episode 2960	average cumulative reward: -1.52
[INFO 2017-03-30 01:07:32,398 main.py:80] Episode 2970	average cumulative reward: -7.99
[INFO 2017-03-30 01:07:35,805 main.py:80] Episode 2980	average cumulative reward: -4.33
[INFO 2017-03-30 01:07:37,965 main.py:80] Episode 2990	average cumulative reward: -1.92
[INFO 2017-03-30 01:07:40,913 main.py:80] Episode 3000	average cumulative reward: -6.94
[INFO 2017-03-30 01:07:40,913 main.py:85] Episode 3000	saving model: 03000.pth
[INFO 2017-03-30 01:07:45,873 main.py:80] Episode 3010	average cumulative reward: -6.93
[INFO 2017-03-30 01:07:49,009 main.py:80] Episode 3020	average cumulative reward: -3.40
[INFO 2017-03-30 01:07:53,212 main.py:80] Episode 3030	average cumulative reward: -11.39
[INFO 2017-03-30 01:07:56,078 main.py:80] Episode 3040	average cumulative reward: -5.98
[INFO 2017-03-30 01:08:00,599 main.py:80] Episode 3050	average cumulative reward: -8.04
[INFO 2017-03-30 01:08:02,728 main.py:80] Episode 3060	average cumulative reward: -3.22
[INFO 2017-03-30 01:08:05,134 main.py:80] Episode 3070	average cumulative reward: -4.66
[INFO 2017-03-30 01:08:07,622 main.py:80] Episode 3080	average cumulative reward: -3.84
[INFO 2017-03-30 01:08:08,984 main.py:80] Episode 3090	average cumulative reward: -5.11
[INFO 2017-03-30 01:08:12,509 main.py:80] Episode 3100	average cumulative reward: -8.53
[INFO 2017-03-30 01:08:15,525 main.py:80] Episode 3110	average cumulative reward: -7.07
[INFO 2017-03-30 01:08:19,190 main.py:80] Episode 3120	average cumulative reward: -5.67
[INFO 2017-03-30 01:08:23,645 main.py:80] Episode 3130	average cumulative reward: -5.45
[INFO 2017-03-30 01:08:27,160 main.py:80] Episode 3140	average cumulative reward: -4.69
[INFO 2017-03-30 01:08:29,427 main.py:80] Episode 3150	average cumulative reward: -2.70
[INFO 2017-03-30 01:08:31,647 main.py:80] Episode 3160	average cumulative reward: -3.09
[INFO 2017-03-30 01:08:34,643 main.py:80] Episode 3170	average cumulative reward: -3.75
[INFO 2017-03-30 01:08:37,086 main.py:80] Episode 3180	average cumulative reward: -2.95
[INFO 2017-03-30 01:08:39,898 main.py:80] Episode 3190	average cumulative reward: -5.75
[INFO 2017-03-30 01:08:41,776 main.py:80] Episode 3200	average cumulative reward: -5.03
[INFO 2017-03-30 01:08:45,533 main.py:80] Episode 3210	average cumulative reward: -6.71
[INFO 2017-03-30 01:08:49,077 main.py:80] Episode 3220	average cumulative reward: -9.66
[INFO 2017-03-30 01:08:54,086 main.py:80] Episode 3230	average cumulative reward: -9.77
[INFO 2017-03-30 01:08:55,450 main.py:80] Episode 3240	average cumulative reward: -0.91
[INFO 2017-03-30 01:08:59,226 main.py:80] Episode 3250	average cumulative reward: -5.19
[INFO 2017-03-30 01:09:02,224 main.py:80] Episode 3260	average cumulative reward: -10.21
[INFO 2017-03-30 01:09:05,085 main.py:80] Episode 3270	average cumulative reward: -6.92
[INFO 2017-03-30 01:09:09,396 main.py:80] Episode 3280	average cumulative reward: -4.26
[INFO 2017-03-30 01:09:14,015 main.py:80] Episode 3290	average cumulative reward: -5.01
[INFO 2017-03-30 01:09:16,006 main.py:80] Episode 3300	average cumulative reward: -2.66
[INFO 2017-03-30 01:09:18,837 main.py:80] Episode 3310	average cumulative reward: -8.65
[INFO 2017-03-30 01:09:21,646 main.py:80] Episode 3320	average cumulative reward: -6.09
[INFO 2017-03-30 01:09:24,678 main.py:80] Episode 3330	average cumulative reward: -6.92
[INFO 2017-03-30 01:09:25,794 main.py:80] Episode 3340	average cumulative reward: -0.91
[INFO 2017-03-30 01:09:28,638 main.py:80] Episode 3350	average cumulative reward: -15.12
[INFO 2017-03-30 01:09:31,584 main.py:80] Episode 3360	average cumulative reward: -3.14
[INFO 2017-03-30 01:09:34,776 main.py:80] Episode 3370	average cumulative reward: -7.99
[INFO 2017-03-30 01:09:38,935 main.py:80] Episode 3380	average cumulative reward: -9.13
[INFO 2017-03-30 01:09:43,283 main.py:80] Episode 3390	average cumulative reward: -6.99
[INFO 2017-03-30 01:09:45,819 main.py:80] Episode 3400	average cumulative reward: -3.13
[INFO 2017-03-30 01:09:48,764 main.py:80] Episode 3410	average cumulative reward: -6.23
[INFO 2017-03-30 01:09:53,063 main.py:80] Episode 3420	average cumulative reward: -9.36
[INFO 2017-03-30 01:09:57,010 main.py:80] Episode 3430	average cumulative reward: -7.82
[INFO 2017-03-30 01:10:00,710 main.py:80] Episode 3440	average cumulative reward: -5.20
[INFO 2017-03-30 01:10:03,359 main.py:80] Episode 3450	average cumulative reward: -3.08
[INFO 2017-03-30 01:10:06,348 main.py:80] Episode 3460	average cumulative reward: -5.43
[INFO 2017-03-30 01:10:10,548 main.py:80] Episode 3470	average cumulative reward: -6.64
[INFO 2017-03-30 01:10:13,183 main.py:80] Episode 3480	average cumulative reward: -3.58
[INFO 2017-03-30 01:10:16,564 main.py:80] Episode 3490	average cumulative reward: -7.07
[INFO 2017-03-30 01:10:19,792 main.py:80] Episode 3500	average cumulative reward: -3.71
[INFO 2017-03-30 01:10:21,915 main.py:80] Episode 3510	average cumulative reward: -3.83
[INFO 2017-03-30 01:10:26,029 main.py:80] Episode 3520	average cumulative reward: -8.56
[INFO 2017-03-30 01:10:28,706 main.py:80] Episode 3530	average cumulative reward: -6.11
[INFO 2017-03-30 01:10:31,952 main.py:80] Episode 3540	average cumulative reward: -6.25
[INFO 2017-03-30 01:10:34,563 main.py:80] Episode 3550	average cumulative reward: -3.21
[INFO 2017-03-30 01:10:37,225 main.py:80] Episode 3560	average cumulative reward: -3.54
[INFO 2017-03-30 01:10:39,456 main.py:80] Episode 3570	average cumulative reward: -5.25
[INFO 2017-03-30 01:10:41,247 main.py:80] Episode 3580	average cumulative reward: -3.58
[INFO 2017-03-30 01:10:44,189 main.py:80] Episode 3590	average cumulative reward: -4.17
[INFO 2017-03-30 01:10:47,137 main.py:80] Episode 3600	average cumulative reward: -4.31
[INFO 2017-03-30 01:10:49,092 main.py:80] Episode 3610	average cumulative reward: -2.15
[INFO 2017-03-30 01:10:52,177 main.py:80] Episode 3620	average cumulative reward: -2.96
[INFO 2017-03-30 01:10:54,139 main.py:80] Episode 3630	average cumulative reward: -3.76
[INFO 2017-03-30 01:10:58,441 main.py:80] Episode 3640	average cumulative reward: -11.97
[INFO 2017-03-30 01:11:01,111 main.py:80] Episode 3650	average cumulative reward: -2.84
[INFO 2017-03-30 01:11:03,908 main.py:80] Episode 3660	average cumulative reward: -3.78
[INFO 2017-03-30 01:11:05,966 main.py:80] Episode 3670	average cumulative reward: -2.14
[INFO 2017-03-30 01:11:10,166 main.py:80] Episode 3680	average cumulative reward: -5.56
[INFO 2017-03-30 01:11:12,809 main.py:80] Episode 3690	average cumulative reward: -9.43
[INFO 2017-03-30 01:11:15,741 main.py:80] Episode 3700	average cumulative reward: -4.14
[INFO 2017-03-30 01:11:18,785 main.py:80] Episode 3710	average cumulative reward: -4.81
[INFO 2017-03-30 01:11:22,709 main.py:80] Episode 3720	average cumulative reward: -8.45
[INFO 2017-03-30 01:11:26,234 main.py:80] Episode 3730	average cumulative reward: -6.30
[INFO 2017-03-30 01:11:30,412 main.py:80] Episode 3740	average cumulative reward: -5.95
[INFO 2017-03-30 01:11:34,100 main.py:80] Episode 3750	average cumulative reward: -8.70
[INFO 2017-03-30 01:11:37,481 main.py:80] Episode 3760	average cumulative reward: -11.21
[INFO 2017-03-30 01:11:42,516 main.py:80] Episode 3770	average cumulative reward: -14.52
[INFO 2017-03-30 01:11:46,358 main.py:80] Episode 3780	average cumulative reward: -4.42
[INFO 2017-03-30 01:11:49,869 main.py:80] Episode 3790	average cumulative reward: -4.61
[INFO 2017-03-30 01:11:52,177 main.py:80] Episode 3800	average cumulative reward: -3.04
[INFO 2017-03-30 01:11:55,509 main.py:80] Episode 3810	average cumulative reward: -6.49
[INFO 2017-03-30 01:11:58,386 main.py:80] Episode 3820	average cumulative reward: -6.45
[INFO 2017-03-30 01:12:02,726 main.py:80] Episode 3830	average cumulative reward: -12.90
[INFO 2017-03-30 01:12:06,918 main.py:80] Episode 3840	average cumulative reward: -7.60
[INFO 2017-03-30 01:12:12,650 main.py:80] Episode 3850	average cumulative reward: -6.17
[INFO 2017-03-30 01:12:16,936 main.py:80] Episode 3860	average cumulative reward: -11.67
[INFO 2017-03-30 01:12:20,451 main.py:80] Episode 3870	average cumulative reward: -3.96
[INFO 2017-03-30 01:12:23,271 main.py:80] Episode 3880	average cumulative reward: -3.76
[INFO 2017-03-30 01:12:27,334 main.py:80] Episode 3890	average cumulative reward: -4.99
[INFO 2017-03-30 01:12:28,840 main.py:80] Episode 3900	average cumulative reward: -2.79
[INFO 2017-03-30 01:12:31,544 main.py:80] Episode 3910	average cumulative reward: -3.72
[INFO 2017-03-30 01:12:34,934 main.py:80] Episode 3920	average cumulative reward: -7.28
[INFO 2017-03-30 01:12:39,100 main.py:80] Episode 3930	average cumulative reward: -7.99
[INFO 2017-03-30 01:12:42,804 main.py:80] Episode 3940	average cumulative reward: -7.58
[INFO 2017-03-30 01:12:46,196 main.py:80] Episode 3950	average cumulative reward: -4.10
[INFO 2017-03-30 01:12:48,758 main.py:80] Episode 3960	average cumulative reward: -6.63
[INFO 2017-03-30 01:12:50,687 main.py:80] Episode 3970	average cumulative reward: -2.68
[INFO 2017-03-30 01:12:54,968 main.py:80] Episode 3980	average cumulative reward: -6.01
[INFO 2017-03-30 01:12:57,126 main.py:80] Episode 3990	average cumulative reward: -2.65
[INFO 2017-03-30 01:13:00,229 main.py:80] Episode 4000	average cumulative reward: -4.34
[INFO 2017-03-30 01:13:00,230 main.py:85] Episode 4000	saving model: 04000.pth
[INFO 2017-03-30 01:13:03,116 main.py:80] Episode 4010	average cumulative reward: -6.06
[INFO 2017-03-30 01:13:06,925 main.py:80] Episode 4020	average cumulative reward: -4.07
[INFO 2017-03-30 01:13:10,938 main.py:80] Episode 4030	average cumulative reward: -5.65
[INFO 2017-03-30 01:13:12,393 main.py:80] Episode 4040	average cumulative reward: -1.54
[INFO 2017-03-30 01:13:14,910 main.py:80] Episode 4050	average cumulative reward: -8.79
[INFO 2017-03-30 01:13:18,264 main.py:80] Episode 4060	average cumulative reward: -5.32
[INFO 2017-03-30 01:13:20,987 main.py:80] Episode 4070	average cumulative reward: -5.61
[INFO 2017-03-30 01:13:24,340 main.py:80] Episode 4080	average cumulative reward: -4.48
[INFO 2017-03-30 01:13:26,371 main.py:80] Episode 4090	average cumulative reward: -2.48
[INFO 2017-03-30 01:13:28,836 main.py:80] Episode 4100	average cumulative reward: -6.01
[INFO 2017-03-30 01:13:31,651 main.py:80] Episode 4110	average cumulative reward: -3.33
[INFO 2017-03-30 01:13:37,219 main.py:80] Episode 4120	average cumulative reward: -13.54
[INFO 2017-03-30 01:13:40,980 main.py:80] Episode 4130	average cumulative reward: -4.31
[INFO 2017-03-30 01:13:44,284 main.py:80] Episode 4140	average cumulative reward: -6.25
[INFO 2017-03-30 01:13:47,495 main.py:80] Episode 4150	average cumulative reward: -3.73
[INFO 2017-03-30 01:13:50,600 main.py:80] Episode 4160	average cumulative reward: -3.78
[INFO 2017-03-30 01:13:54,366 main.py:80] Episode 4170	average cumulative reward: -6.88
[INFO 2017-03-30 01:13:56,398 main.py:80] Episode 4180	average cumulative reward: -5.79
[INFO 2017-03-30 01:13:59,769 main.py:80] Episode 4190	average cumulative reward: -3.57
[INFO 2017-03-30 01:14:02,414 main.py:80] Episode 4200	average cumulative reward: -6.19
[INFO 2017-03-30 01:14:07,132 main.py:80] Episode 4210	average cumulative reward: -5.85
[INFO 2017-03-30 01:14:10,957 main.py:80] Episode 4220	average cumulative reward: -4.20
[INFO 2017-03-30 01:14:14,890 main.py:80] Episode 4230	average cumulative reward: -14.75
[INFO 2017-03-30 01:14:17,544 main.py:80] Episode 4240	average cumulative reward: -3.84
[INFO 2017-03-30 01:14:21,732 main.py:80] Episode 4250	average cumulative reward: -8.31
[INFO 2017-03-30 01:14:23,421 main.py:80] Episode 4260	average cumulative reward: -2.79
[INFO 2017-03-30 01:14:25,960 main.py:80] Episode 4270	average cumulative reward: -3.26
[INFO 2017-03-30 01:14:29,231 main.py:80] Episode 4280	average cumulative reward: -4.07
[INFO 2017-03-30 01:14:32,481 main.py:80] Episode 4290	average cumulative reward: -5.64
[INFO 2017-03-30 01:14:35,889 main.py:80] Episode 4300	average cumulative reward: -4.41
[INFO 2017-03-30 01:14:39,299 main.py:80] Episode 4310	average cumulative reward: -9.91
[INFO 2017-03-30 01:14:43,711 main.py:80] Episode 4320	average cumulative reward: -10.75
[INFO 2017-03-30 01:14:47,331 main.py:80] Episode 4330	average cumulative reward: -4.46
[INFO 2017-03-30 01:14:50,100 main.py:80] Episode 4340	average cumulative reward: -4.03
[INFO 2017-03-30 01:14:53,878 main.py:80] Episode 4350	average cumulative reward: -4.57
[INFO 2017-03-30 01:14:57,663 main.py:80] Episode 4360	average cumulative reward: -5.45
[INFO 2017-03-30 01:15:01,485 main.py:80] Episode 4370	average cumulative reward: -2.89
[INFO 2017-03-30 01:15:04,977 main.py:80] Episode 4380	average cumulative reward: -3.56
[INFO 2017-03-30 01:15:06,610 main.py:80] Episode 4390	average cumulative reward: -2.53
[INFO 2017-03-30 01:15:09,982 main.py:80] Episode 4400	average cumulative reward: -5.12
[INFO 2017-03-30 01:15:12,904 main.py:80] Episode 4410	average cumulative reward: -3.03
[INFO 2017-03-30 01:15:17,128 main.py:80] Episode 4420	average cumulative reward: -5.00
[INFO 2017-03-30 01:15:18,877 main.py:80] Episode 4430	average cumulative reward: -2.26
[INFO 2017-03-30 01:15:21,025 main.py:80] Episode 4440	average cumulative reward: -2.21
[INFO 2017-03-30 01:15:23,898 main.py:80] Episode 4450	average cumulative reward: -6.76
[INFO 2017-03-30 01:15:26,560 main.py:80] Episode 4460	average cumulative reward: -3.46
[INFO 2017-03-30 01:15:29,227 main.py:80] Episode 4470	average cumulative reward: -3.09
[INFO 2017-03-30 01:15:30,742 main.py:80] Episode 4480	average cumulative reward: -1.46
[INFO 2017-03-30 01:15:34,276 main.py:80] Episode 4490	average cumulative reward: -4.27
[INFO 2017-03-30 01:15:37,233 main.py:80] Episode 4500	average cumulative reward: -2.92
[INFO 2017-03-30 01:15:40,204 main.py:80] Episode 4510	average cumulative reward: -2.84
[INFO 2017-03-30 01:15:44,161 main.py:80] Episode 4520	average cumulative reward: -4.76
[INFO 2017-03-30 01:15:47,903 main.py:80] Episode 4530	average cumulative reward: -11.92
[INFO 2017-03-30 01:15:50,593 main.py:80] Episode 4540	average cumulative reward: -6.10
[INFO 2017-03-30 01:15:53,417 main.py:80] Episode 4550	average cumulative reward: -2.90
[INFO 2017-03-30 01:15:56,687 main.py:80] Episode 4560	average cumulative reward: -4.82
[INFO 2017-03-30 01:15:59,793 main.py:80] Episode 4570	average cumulative reward: -3.65
[INFO 2017-03-30 01:16:04,594 main.py:80] Episode 4580	average cumulative reward: -5.70
[INFO 2017-03-30 01:16:07,671 main.py:80] Episode 4590	average cumulative reward: -4.41
[INFO 2017-03-30 01:16:11,290 main.py:80] Episode 4600	average cumulative reward: -4.29
[INFO 2017-03-30 01:16:15,347 main.py:80] Episode 4610	average cumulative reward: -10.78
[INFO 2017-03-30 01:16:17,802 main.py:80] Episode 4620	average cumulative reward: -3.28
[INFO 2017-03-30 01:16:22,713 main.py:80] Episode 4630	average cumulative reward: -5.93
[INFO 2017-03-30 01:16:25,906 main.py:80] Episode 4640	average cumulative reward: -4.69
[INFO 2017-03-30 01:16:29,413 main.py:80] Episode 4650	average cumulative reward: -4.55
[INFO 2017-03-30 01:16:34,483 main.py:80] Episode 4660	average cumulative reward: -6.36
[INFO 2017-03-30 01:16:37,467 main.py:80] Episode 4670	average cumulative reward: -3.15
[INFO 2017-03-30 01:16:40,302 main.py:80] Episode 4680	average cumulative reward: -2.53
[INFO 2017-03-30 01:16:44,149 main.py:80] Episode 4690	average cumulative reward: -4.25
[INFO 2017-03-30 01:16:46,589 main.py:80] Episode 4700	average cumulative reward: -9.37
[INFO 2017-03-30 01:16:49,441 main.py:80] Episode 4710	average cumulative reward: -12.94
[INFO 2017-03-30 01:16:53,692 main.py:80] Episode 4720	average cumulative reward: -11.70
[INFO 2017-03-30 01:16:56,583 main.py:80] Episode 4730	average cumulative reward: -6.79
[INFO 2017-03-30 01:16:58,891 main.py:80] Episode 4740	average cumulative reward: -2.91
[INFO 2017-03-30 01:17:03,850 main.py:80] Episode 4750	average cumulative reward: -8.32
[INFO 2017-03-30 01:17:05,944 main.py:80] Episode 4760	average cumulative reward: -8.53
[INFO 2017-03-30 01:17:08,512 main.py:80] Episode 4770	average cumulative reward: -5.89
[INFO 2017-03-30 01:17:13,281 main.py:80] Episode 4780	average cumulative reward: -5.50
[INFO 2017-03-30 01:17:16,843 main.py:80] Episode 4790	average cumulative reward: -10.43
[INFO 2017-03-30 01:17:22,066 main.py:80] Episode 4800	average cumulative reward: -5.74
[INFO 2017-03-30 01:17:26,350 main.py:80] Episode 4810	average cumulative reward: -7.79
[INFO 2017-03-30 01:17:29,349 main.py:80] Episode 4820	average cumulative reward: -6.42
[INFO 2017-03-30 01:17:31,255 main.py:80] Episode 4830	average cumulative reward: -2.07
[INFO 2017-03-30 01:17:35,010 main.py:80] Episode 4840	average cumulative reward: -5.62
[INFO 2017-03-30 01:17:37,614 main.py:80] Episode 4850	average cumulative reward: -2.98
[INFO 2017-03-30 01:17:40,386 main.py:80] Episode 4860	average cumulative reward: -4.10
[INFO 2017-03-30 01:17:43,682 main.py:80] Episode 4870	average cumulative reward: -4.34
[INFO 2017-03-30 01:17:46,803 main.py:80] Episode 4880	average cumulative reward: -9.63
[INFO 2017-03-30 01:17:50,134 main.py:80] Episode 4890	average cumulative reward: -5.26
[INFO 2017-03-30 01:17:53,826 main.py:80] Episode 4900	average cumulative reward: -7.56
[INFO 2017-03-30 01:17:55,421 main.py:80] Episode 4910	average cumulative reward: -1.92
[INFO 2017-03-30 01:17:58,930 main.py:80] Episode 4920	average cumulative reward: -4.73
[INFO 2017-03-30 01:18:02,591 main.py:80] Episode 4930	average cumulative reward: -9.82
[INFO 2017-03-30 01:18:04,214 main.py:80] Episode 4940	average cumulative reward: -1.53
[INFO 2017-03-30 01:18:08,493 main.py:80] Episode 4950	average cumulative reward: -15.13
[INFO 2017-03-30 01:18:10,543 main.py:80] Episode 4960	average cumulative reward: -2.92
[INFO 2017-03-30 01:18:12,353 main.py:80] Episode 4970	average cumulative reward: -5.30
[INFO 2017-03-30 01:18:16,224 main.py:80] Episode 4980	average cumulative reward: -7.67
[INFO 2017-03-30 01:18:19,913 main.py:80] Episode 4990	average cumulative reward: -7.82
[INFO 2017-03-30 01:18:22,722 main.py:80] Episode 5000	average cumulative reward: -3.69
[INFO 2017-03-30 01:18:22,722 main.py:85] Episode 5000	saving model: 05000.pth
[INFO 2017-03-30 01:18:26,585 main.py:80] Episode 5010	average cumulative reward: -8.50
[INFO 2017-03-30 01:18:30,221 main.py:80] Episode 5020	average cumulative reward: -5.08
[INFO 2017-03-30 01:18:34,716 main.py:80] Episode 5030	average cumulative reward: -12.31
[INFO 2017-03-30 01:18:37,159 main.py:80] Episode 5040	average cumulative reward: -3.88
[INFO 2017-03-30 01:18:40,831 main.py:80] Episode 5050	average cumulative reward: -4.82
[INFO 2017-03-30 01:18:44,530 main.py:80] Episode 5060	average cumulative reward: -10.78
[INFO 2017-03-30 01:18:47,495 main.py:80] Episode 5070	average cumulative reward: -9.91
[INFO 2017-03-30 01:18:50,052 main.py:80] Episode 5080	average cumulative reward: -4.79
[INFO 2017-03-30 01:18:53,559 main.py:80] Episode 5090	average cumulative reward: -7.62
[INFO 2017-03-30 01:18:56,848 main.py:80] Episode 5100	average cumulative reward: -10.13
[INFO 2017-03-30 01:18:59,639 main.py:80] Episode 5110	average cumulative reward: -4.88
[INFO 2017-03-30 01:19:04,412 main.py:80] Episode 5120	average cumulative reward: -11.16
[INFO 2017-03-30 01:19:07,847 main.py:80] Episode 5130	average cumulative reward: -7.46
[INFO 2017-03-30 01:19:09,929 main.py:80] Episode 5140	average cumulative reward: -5.34
[INFO 2017-03-30 01:19:12,448 main.py:80] Episode 5150	average cumulative reward: -5.61
[INFO 2017-03-30 01:19:16,498 main.py:80] Episode 5160	average cumulative reward: -10.81
[INFO 2017-03-30 01:19:19,553 main.py:80] Episode 5170	average cumulative reward: -3.59
[INFO 2017-03-30 01:19:22,737 main.py:80] Episode 5180	average cumulative reward: -3.35
[INFO 2017-03-30 01:19:25,676 main.py:80] Episode 5190	average cumulative reward: -3.54
[INFO 2017-03-30 01:19:27,210 main.py:80] Episode 5200	average cumulative reward: -2.01
[INFO 2017-03-30 01:19:29,809 main.py:80] Episode 5210	average cumulative reward: -6.01
[INFO 2017-03-30 01:19:31,553 main.py:80] Episode 5220	average cumulative reward: -1.71
[INFO 2017-03-30 01:19:34,321 main.py:80] Episode 5230	average cumulative reward: -6.96
[INFO 2017-03-30 01:19:38,945 main.py:80] Episode 5240	average cumulative reward: -9.31
[INFO 2017-03-30 01:19:42,316 main.py:80] Episode 5250	average cumulative reward: -11.57
[INFO 2017-03-30 01:19:45,142 main.py:80] Episode 5260	average cumulative reward: -3.31
[INFO 2017-03-30 01:19:49,683 main.py:80] Episode 5270	average cumulative reward: -5.99
[INFO 2017-03-30 01:19:53,510 main.py:80] Episode 5280	average cumulative reward: -7.14
[INFO 2017-03-30 01:19:57,704 main.py:80] Episode 5290	average cumulative reward: -7.50
[INFO 2017-03-30 01:20:00,160 main.py:80] Episode 5300	average cumulative reward: -2.71
[INFO 2017-03-30 01:20:02,785 main.py:80] Episode 5310	average cumulative reward: -2.86
[INFO 2017-03-30 01:20:06,614 main.py:80] Episode 5320	average cumulative reward: -15.94
[INFO 2017-03-30 01:20:09,355 main.py:80] Episode 5330	average cumulative reward: -3.43
[INFO 2017-03-30 01:20:11,391 main.py:80] Episode 5340	average cumulative reward: -4.14
[INFO 2017-03-30 01:20:14,491 main.py:80] Episode 5350	average cumulative reward: -8.23
[INFO 2017-03-30 01:20:16,300 main.py:80] Episode 5360	average cumulative reward: -2.07
[INFO 2017-03-30 01:20:18,608 main.py:80] Episode 5370	average cumulative reward: -9.23
[INFO 2017-03-30 01:20:22,221 main.py:80] Episode 5380	average cumulative reward: -4.64
[INFO 2017-03-30 01:20:24,484 main.py:80] Episode 5390	average cumulative reward: -2.40
[INFO 2017-03-30 01:20:26,487 main.py:80] Episode 5400	average cumulative reward: -2.20
[INFO 2017-03-30 01:20:29,352 main.py:80] Episode 5410	average cumulative reward: -3.06
[INFO 2017-03-30 01:20:32,441 main.py:80] Episode 5420	average cumulative reward: -4.27
[INFO 2017-03-30 01:20:35,670 main.py:80] Episode 5430	average cumulative reward: -2.91
[INFO 2017-03-30 01:20:38,668 main.py:80] Episode 5440	average cumulative reward: -3.60
[INFO 2017-03-30 01:20:42,371 main.py:80] Episode 5450	average cumulative reward: -10.42
[INFO 2017-03-30 01:20:45,358 main.py:80] Episode 5460	average cumulative reward: -6.74
[INFO 2017-03-30 01:20:49,415 main.py:80] Episode 5470	average cumulative reward: -8.94
[INFO 2017-03-30 01:20:51,371 main.py:80] Episode 5480	average cumulative reward: -1.82
[INFO 2017-03-30 01:20:53,686 main.py:80] Episode 5490	average cumulative reward: -3.01
[INFO 2017-03-30 01:20:56,332 main.py:80] Episode 5500	average cumulative reward: -3.36
[INFO 2017-03-30 01:20:59,380 main.py:80] Episode 5510	average cumulative reward: -2.82
[INFO 2017-03-30 01:21:02,996 main.py:80] Episode 5520	average cumulative reward: -3.72
[INFO 2017-03-30 01:21:06,887 main.py:80] Episode 5530	average cumulative reward: -5.17
[INFO 2017-03-30 01:21:10,383 main.py:80] Episode 5540	average cumulative reward: -3.51
[INFO 2017-03-30 01:21:12,763 main.py:80] Episode 5550	average cumulative reward: -3.36
[INFO 2017-03-30 01:21:16,587 main.py:80] Episode 5560	average cumulative reward: -5.40
[INFO 2017-03-30 01:21:18,468 main.py:80] Episode 5570	average cumulative reward: -5.34
[INFO 2017-03-30 01:21:22,361 main.py:80] Episode 5580	average cumulative reward: -4.26
[INFO 2017-03-30 01:21:25,160 main.py:80] Episode 5590	average cumulative reward: -6.85
[INFO 2017-03-30 01:21:26,443 main.py:80] Episode 5600	average cumulative reward: -1.45
[INFO 2017-03-30 01:21:30,195 main.py:80] Episode 5610	average cumulative reward: -12.99
[INFO 2017-03-30 01:21:32,353 main.py:80] Episode 5620	average cumulative reward: -2.10
[INFO 2017-03-30 01:21:35,407 main.py:80] Episode 5630	average cumulative reward: -6.82
[INFO 2017-03-30 01:21:38,482 main.py:80] Episode 5640	average cumulative reward: -7.42
[INFO 2017-03-30 01:21:42,558 main.py:80] Episode 5650	average cumulative reward: -11.84
[INFO 2017-03-30 01:21:46,032 main.py:80] Episode 5660	average cumulative reward: -7.11
[INFO 2017-03-30 01:21:48,256 main.py:80] Episode 5670	average cumulative reward: -5.49
[INFO 2017-03-30 01:21:51,225 main.py:80] Episode 5680	average cumulative reward: -3.08
[INFO 2017-03-30 01:21:53,931 main.py:80] Episode 5690	average cumulative reward: -13.60
[INFO 2017-03-30 01:21:57,745 main.py:80] Episode 5700	average cumulative reward: -4.01
[INFO 2017-03-30 01:22:01,615 main.py:80] Episode 5710	average cumulative reward: -8.00
[INFO 2017-03-30 01:22:04,014 main.py:80] Episode 5720	average cumulative reward: -2.30
[INFO 2017-03-30 01:22:06,352 main.py:80] Episode 5730	average cumulative reward: -2.15
[INFO 2017-03-30 01:22:10,216 main.py:80] Episode 5740	average cumulative reward: -11.66
[INFO 2017-03-30 01:22:13,835 main.py:80] Episode 5750	average cumulative reward: -4.58
[INFO 2017-03-30 01:22:14,753 main.py:80] Episode 5760	average cumulative reward: -0.85
[INFO 2017-03-30 01:22:16,788 main.py:80] Episode 5770	average cumulative reward: -2.70
[INFO 2017-03-30 01:22:18,491 main.py:80] Episode 5780	average cumulative reward: -2.14
[INFO 2017-03-30 01:22:21,746 main.py:80] Episode 5790	average cumulative reward: -4.43
[INFO 2017-03-30 01:22:24,717 main.py:80] Episode 5800	average cumulative reward: -3.95
[INFO 2017-03-30 01:22:29,881 main.py:80] Episode 5810	average cumulative reward: -5.90
[INFO 2017-03-30 01:22:32,461 main.py:80] Episode 5820	average cumulative reward: -8.01
[INFO 2017-03-30 01:22:35,253 main.py:80] Episode 5830	average cumulative reward: -10.51
[INFO 2017-03-30 01:22:38,544 main.py:80] Episode 5840	average cumulative reward: -7.71
[INFO 2017-03-30 01:22:39,791 main.py:80] Episode 5850	average cumulative reward: -3.90
[INFO 2017-03-30 01:22:42,336 main.py:80] Episode 5860	average cumulative reward: -2.58
[INFO 2017-03-30 01:22:44,838 main.py:80] Episode 5870	average cumulative reward: -7.73
[INFO 2017-03-30 01:22:46,913 main.py:80] Episode 5880	average cumulative reward: -2.78
[INFO 2017-03-30 01:22:48,712 main.py:80] Episode 5890	average cumulative reward: -2.89
[INFO 2017-03-30 01:22:52,653 main.py:80] Episode 5900	average cumulative reward: -7.02
[INFO 2017-03-30 01:22:55,727 main.py:80] Episode 5910	average cumulative reward: -3.77
[INFO 2017-03-30 01:22:57,884 main.py:80] Episode 5920	average cumulative reward: -6.49
[INFO 2017-03-30 01:23:02,686 main.py:80] Episode 5930	average cumulative reward: -9.08
[INFO 2017-03-30 01:23:05,884 main.py:80] Episode 5940	average cumulative reward: -6.90
[INFO 2017-03-30 01:23:09,064 main.py:80] Episode 5950	average cumulative reward: -6.85
[INFO 2017-03-30 01:23:13,440 main.py:80] Episode 5960	average cumulative reward: -4.57
[INFO 2017-03-30 01:23:15,299 main.py:80] Episode 5970	average cumulative reward: -2.04
[INFO 2017-03-30 01:23:19,113 main.py:80] Episode 5980	average cumulative reward: -3.80
[INFO 2017-03-30 01:23:21,466 main.py:80] Episode 5990	average cumulative reward: -2.56
[INFO 2017-03-30 01:23:25,248 main.py:80] Episode 6000	average cumulative reward: -14.50
[INFO 2017-03-30 01:23:25,248 main.py:85] Episode 6000	saving model: 06000.pth
[INFO 2017-03-30 01:23:27,157 main.py:80] Episode 6010	average cumulative reward: -2.21
[INFO 2017-03-30 01:23:30,280 main.py:80] Episode 6020	average cumulative reward: -6.23
[INFO 2017-03-30 01:23:34,689 main.py:80] Episode 6030	average cumulative reward: -14.60
[INFO 2017-03-30 01:23:39,004 main.py:80] Episode 6040	average cumulative reward: -8.51
[INFO 2017-03-30 01:23:41,595 main.py:80] Episode 6050	average cumulative reward: -3.71
[INFO 2017-03-30 01:23:44,647 main.py:80] Episode 6060	average cumulative reward: -6.53
[INFO 2017-03-30 01:23:46,435 main.py:80] Episode 6070	average cumulative reward: -1.56
[INFO 2017-03-30 01:23:49,491 main.py:80] Episode 6080	average cumulative reward: -3.90
[INFO 2017-03-30 01:23:53,667 main.py:80] Episode 6090	average cumulative reward: -8.86
[INFO 2017-03-30 01:23:56,605 main.py:80] Episode 6100	average cumulative reward: -7.54
[INFO 2017-03-30 01:23:59,370 main.py:80] Episode 6110	average cumulative reward: -7.85
[INFO 2017-03-30 01:24:02,198 main.py:80] Episode 6120	average cumulative reward: -9.09
[INFO 2017-03-30 01:24:05,095 main.py:80] Episode 6130	average cumulative reward: -4.12
[INFO 2017-03-30 01:24:07,020 main.py:80] Episode 6140	average cumulative reward: -2.20
[INFO 2017-03-30 01:24:10,459 main.py:80] Episode 6150	average cumulative reward: -4.52
[INFO 2017-03-30 01:24:13,065 main.py:80] Episode 6160	average cumulative reward: -6.08
[INFO 2017-03-30 01:24:16,783 main.py:80] Episode 6170	average cumulative reward: -4.22
[INFO 2017-03-30 01:24:20,512 main.py:80] Episode 6180	average cumulative reward: -11.93
[INFO 2017-03-30 01:24:23,449 main.py:80] Episode 6190	average cumulative reward: -3.85
[INFO 2017-03-30 01:24:26,208 main.py:80] Episode 6200	average cumulative reward: -3.53
[INFO 2017-03-30 01:24:30,186 main.py:80] Episode 6210	average cumulative reward: -5.72
[INFO 2017-03-30 01:24:32,711 main.py:80] Episode 6220	average cumulative reward: -4.52
[INFO 2017-03-30 01:24:35,239 main.py:80] Episode 6230	average cumulative reward: -3.12
[INFO 2017-03-30 01:24:38,577 main.py:80] Episode 6240	average cumulative reward: -10.59
[INFO 2017-03-30 01:24:40,838 main.py:80] Episode 6250	average cumulative reward: -2.16
[INFO 2017-03-30 01:24:43,066 main.py:80] Episode 6260	average cumulative reward: -3.00
[INFO 2017-03-30 01:24:47,088 main.py:80] Episode 6270	average cumulative reward: -8.11
[INFO 2017-03-30 01:24:49,121 main.py:80] Episode 6280	average cumulative reward: -2.53
[INFO 2017-03-30 01:24:52,606 main.py:80] Episode 6290	average cumulative reward: -5.66
[INFO 2017-03-30 01:24:56,481 main.py:80] Episode 6300	average cumulative reward: -14.46
[INFO 2017-03-30 01:24:59,108 main.py:80] Episode 6310	average cumulative reward: -2.94
[INFO 2017-03-30 01:25:01,870 main.py:80] Episode 6320	average cumulative reward: -6.61
[INFO 2017-03-30 01:25:04,819 main.py:80] Episode 6330	average cumulative reward: -3.63
[INFO 2017-03-30 01:25:08,136 main.py:80] Episode 6340	average cumulative reward: -12.98
[INFO 2017-03-30 01:25:10,389 main.py:80] Episode 6350	average cumulative reward: -3.06
[INFO 2017-03-30 01:25:12,277 main.py:80] Episode 6360	average cumulative reward: -1.47
[INFO 2017-03-30 01:25:15,180 main.py:80] Episode 6370	average cumulative reward: -6.73
[INFO 2017-03-30 01:25:18,249 main.py:80] Episode 6380	average cumulative reward: -3.02
[INFO 2017-03-30 01:25:20,976 main.py:80] Episode 6390	average cumulative reward: -8.24
[INFO 2017-03-30 01:25:24,321 main.py:80] Episode 6400	average cumulative reward: -7.11
[INFO 2017-03-30 01:25:27,881 main.py:80] Episode 6410	average cumulative reward: -4.47
[INFO 2017-03-30 01:25:33,403 main.py:80] Episode 6420	average cumulative reward: -14.64
[INFO 2017-03-30 01:25:36,600 main.py:80] Episode 6430	average cumulative reward: -7.79
[INFO 2017-03-30 01:25:38,227 main.py:80] Episode 6440	average cumulative reward: -3.40
[INFO 2017-03-30 01:25:40,528 main.py:80] Episode 6450	average cumulative reward: -5.65
[INFO 2017-03-30 01:25:43,447 main.py:80] Episode 6460	average cumulative reward: -5.09
[INFO 2017-03-30 01:25:47,336 main.py:80] Episode 6470	average cumulative reward: -6.76
[INFO 2017-03-30 01:25:50,817 main.py:80] Episode 6480	average cumulative reward: -3.77
[INFO 2017-03-30 01:25:53,839 main.py:80] Episode 6490	average cumulative reward: -4.23
[INFO 2017-03-30 01:25:56,470 main.py:80] Episode 6500	average cumulative reward: -6.74
[INFO 2017-03-30 01:26:00,372 main.py:80] Episode 6510	average cumulative reward: -4.37
[INFO 2017-03-30 01:26:03,483 main.py:80] Episode 6520	average cumulative reward: -3.79
[INFO 2017-03-30 01:26:05,850 main.py:80] Episode 6530	average cumulative reward: -9.95
[INFO 2017-03-30 01:26:08,696 main.py:80] Episode 6540	average cumulative reward: -3.59
[INFO 2017-03-30 01:26:11,442 main.py:80] Episode 6550	average cumulative reward: -3.13
[INFO 2017-03-30 01:26:13,916 main.py:80] Episode 6560	average cumulative reward: -2.40
[INFO 2017-03-30 01:26:16,942 main.py:80] Episode 6570	average cumulative reward: -6.95
[INFO 2017-03-30 01:26:20,402 main.py:80] Episode 6580	average cumulative reward: -11.91
[INFO 2017-03-30 01:26:22,521 main.py:80] Episode 6590	average cumulative reward: -2.20
[INFO 2017-03-30 01:26:25,507 main.py:80] Episode 6600	average cumulative reward: -6.14
[INFO 2017-03-30 01:26:27,410 main.py:80] Episode 6610	average cumulative reward: -1.98
[INFO 2017-03-30 01:26:29,463 main.py:80] Episode 6620	average cumulative reward: -6.66
[INFO 2017-03-30 01:26:31,761 main.py:80] Episode 6630	average cumulative reward: -2.47
[INFO 2017-03-30 01:26:33,172 main.py:80] Episode 6640	average cumulative reward: -1.60
[INFO 2017-03-30 01:26:36,825 main.py:80] Episode 6650	average cumulative reward: -6.21
[INFO 2017-03-30 01:26:41,450 main.py:80] Episode 6660	average cumulative reward: -5.25
[INFO 2017-03-30 01:26:43,396 main.py:80] Episode 6670	average cumulative reward: -5.40
[INFO 2017-03-30 01:26:46,389 main.py:80] Episode 6680	average cumulative reward: -7.76
[INFO 2017-03-30 01:26:48,118 main.py:80] Episode 6690	average cumulative reward: -1.62
[INFO 2017-03-30 01:26:50,281 main.py:80] Episode 6700	average cumulative reward: -2.25
[INFO 2017-03-30 01:26:53,864 main.py:80] Episode 6710	average cumulative reward: -10.92
[INFO 2017-03-30 01:26:56,203 main.py:80] Episode 6720	average cumulative reward: -5.45
[INFO 2017-03-30 01:27:00,230 main.py:80] Episode 6730	average cumulative reward: -8.83
[INFO 2017-03-30 01:27:02,888 main.py:80] Episode 6740	average cumulative reward: -3.69
[INFO 2017-03-30 01:27:04,534 main.py:80] Episode 6750	average cumulative reward: -1.87
[INFO 2017-03-30 01:27:07,055 main.py:80] Episode 6760	average cumulative reward: -10.18
[INFO 2017-03-30 01:27:10,206 main.py:80] Episode 6770	average cumulative reward: -9.47
[INFO 2017-03-30 01:27:15,369 main.py:80] Episode 6780	average cumulative reward: -9.24
[INFO 2017-03-30 01:27:17,974 main.py:80] Episode 6790	average cumulative reward: -8.81
[INFO 2017-03-30 01:27:20,149 main.py:80] Episode 6800	average cumulative reward: -2.35
[INFO 2017-03-30 01:27:22,876 main.py:80] Episode 6810	average cumulative reward: -3.13
[INFO 2017-03-30 01:27:24,606 main.py:80] Episode 6820	average cumulative reward: -2.73
[INFO 2017-03-30 01:27:27,577 main.py:80] Episode 6830	average cumulative reward: -10.31
[INFO 2017-03-30 01:27:30,989 main.py:80] Episode 6840	average cumulative reward: -3.59
[INFO 2017-03-30 01:27:32,878 main.py:80] Episode 6850	average cumulative reward: -2.44
[INFO 2017-03-30 01:27:35,956 main.py:80] Episode 6860	average cumulative reward: -4.34
[INFO 2017-03-30 01:27:38,664 main.py:80] Episode 6870	average cumulative reward: -3.92
[INFO 2017-03-30 01:27:41,376 main.py:80] Episode 6880	average cumulative reward: -9.74
[INFO 2017-03-30 01:27:43,069 main.py:80] Episode 6890	average cumulative reward: -2.99
[INFO 2017-03-30 01:27:46,242 main.py:80] Episode 6900	average cumulative reward: -6.87
[INFO 2017-03-30 01:27:48,759 main.py:80] Episode 6910	average cumulative reward: -6.29
[INFO 2017-03-30 01:27:50,953 main.py:80] Episode 6920	average cumulative reward: -5.85
[INFO 2017-03-30 01:27:52,956 main.py:80] Episode 6930	average cumulative reward: -2.50
[INFO 2017-03-30 01:27:54,823 main.py:80] Episode 6940	average cumulative reward: -5.62
[INFO 2017-03-30 01:27:57,623 main.py:80] Episode 6950	average cumulative reward: -7.27
[INFO 2017-03-30 01:28:01,260 main.py:80] Episode 6960	average cumulative reward: -4.45
[INFO 2017-03-30 01:28:03,655 main.py:80] Episode 6970	average cumulative reward: -2.43
[INFO 2017-03-30 01:28:06,602 main.py:80] Episode 6980	average cumulative reward: -6.22
[INFO 2017-03-30 01:28:09,178 main.py:80] Episode 6990	average cumulative reward: -3.33
[INFO 2017-03-30 01:28:12,166 main.py:80] Episode 7000	average cumulative reward: -10.16
[INFO 2017-03-30 01:28:12,166 main.py:85] Episode 7000	saving model: 07000.pth
[INFO 2017-03-30 01:28:14,524 main.py:80] Episode 7010	average cumulative reward: -6.16
[INFO 2017-03-30 01:28:17,353 main.py:80] Episode 7020	average cumulative reward: -6.97
[INFO 2017-03-30 01:28:21,668 main.py:80] Episode 7030	average cumulative reward: -4.89
[INFO 2017-03-30 01:28:25,095 main.py:80] Episode 7040	average cumulative reward: -7.42
[INFO 2017-03-30 01:28:26,451 main.py:80] Episode 7050	average cumulative reward: -3.94
[INFO 2017-03-30 01:28:30,166 main.py:80] Episode 7060	average cumulative reward: -15.40
[INFO 2017-03-30 01:28:33,636 main.py:80] Episode 7070	average cumulative reward: -4.10
[INFO 2017-03-30 01:28:37,456 main.py:80] Episode 7080	average cumulative reward: -8.27
[INFO 2017-03-30 01:28:40,331 main.py:80] Episode 7090	average cumulative reward: -4.34
[INFO 2017-03-30 01:28:43,940 main.py:80] Episode 7100	average cumulative reward: -4.21
[INFO 2017-03-30 01:28:46,396 main.py:80] Episode 7110	average cumulative reward: -2.63
[INFO 2017-03-30 01:28:49,987 main.py:80] Episode 7120	average cumulative reward: -7.83
[INFO 2017-03-30 01:28:52,862 main.py:80] Episode 7130	average cumulative reward: -10.21
[INFO 2017-03-30 01:28:56,629 main.py:80] Episode 7140	average cumulative reward: -4.64
[INFO 2017-03-30 01:28:58,975 main.py:80] Episode 7150	average cumulative reward: -8.89
[INFO 2017-03-30 01:29:00,050 main.py:80] Episode 7160	average cumulative reward: -0.97
[INFO 2017-03-30 01:29:03,152 main.py:80] Episode 7170	average cumulative reward: -6.72
[INFO 2017-03-30 01:29:06,462 main.py:80] Episode 7180	average cumulative reward: -5.20
[INFO 2017-03-30 01:29:09,496 main.py:80] Episode 7190	average cumulative reward: -3.47
[INFO 2017-03-30 01:29:10,877 main.py:80] Episode 7200	average cumulative reward: -1.45
[INFO 2017-03-30 01:29:13,632 main.py:80] Episode 7210	average cumulative reward: -4.64
[INFO 2017-03-30 01:29:17,301 main.py:80] Episode 7220	average cumulative reward: -5.22
[INFO 2017-03-30 01:29:21,383 main.py:80] Episode 7230	average cumulative reward: -7.25
[INFO 2017-03-30 01:29:23,512 main.py:80] Episode 7240	average cumulative reward: -2.06
[INFO 2017-03-30 01:29:25,917 main.py:80] Episode 7250	average cumulative reward: -2.48
[INFO 2017-03-30 01:29:28,636 main.py:80] Episode 7260	average cumulative reward: -3.24
[INFO 2017-03-30 01:29:30,550 main.py:80] Episode 7270	average cumulative reward: -3.61
[INFO 2017-03-30 01:29:34,645 main.py:80] Episode 7280	average cumulative reward: -7.50
[INFO 2017-03-30 01:29:37,247 main.py:80] Episode 7290	average cumulative reward: -2.95
[INFO 2017-03-30 01:29:40,284 main.py:80] Episode 7300	average cumulative reward: -4.83
[INFO 2017-03-30 01:29:44,095 main.py:80] Episode 7310	average cumulative reward: -5.08
[INFO 2017-03-30 01:29:47,231 main.py:80] Episode 7320	average cumulative reward: -13.42
[INFO 2017-03-30 01:29:49,872 main.py:80] Episode 7330	average cumulative reward: -5.19
[INFO 2017-03-30 01:29:52,269 main.py:80] Episode 7340	average cumulative reward: -12.36
[INFO 2017-03-30 01:29:54,042 main.py:80] Episode 7350	average cumulative reward: -11.15
[INFO 2017-03-30 01:29:56,441 main.py:80] Episode 7360	average cumulative reward: -6.18
[INFO 2017-03-30 01:29:59,071 main.py:80] Episode 7370	average cumulative reward: -3.29
[INFO 2017-03-30 01:30:02,791 main.py:80] Episode 7380	average cumulative reward: -8.00
[INFO 2017-03-30 01:30:06,783 main.py:80] Episode 7390	average cumulative reward: -8.17
[INFO 2017-03-30 01:30:09,603 main.py:80] Episode 7400	average cumulative reward: -2.92
[INFO 2017-03-30 01:30:12,861 main.py:80] Episode 7410	average cumulative reward: -4.12
[INFO 2017-03-30 01:30:16,198 main.py:80] Episode 7420	average cumulative reward: -7.49
[INFO 2017-03-30 01:30:18,291 main.py:80] Episode 7430	average cumulative reward: -2.69
[INFO 2017-03-30 01:30:21,164 main.py:80] Episode 7440	average cumulative reward: -6.03
[INFO 2017-03-30 01:30:23,336 main.py:80] Episode 7450	average cumulative reward: -5.50
[INFO 2017-03-30 01:30:26,357 main.py:80] Episode 7460	average cumulative reward: -3.73
[INFO 2017-03-30 01:30:27,238 main.py:80] Episode 7470	average cumulative reward: -1.47
[INFO 2017-03-30 01:30:30,452 main.py:80] Episode 7480	average cumulative reward: -9.99
[INFO 2017-03-30 01:30:33,511 main.py:80] Episode 7490	average cumulative reward: -3.55
[INFO 2017-03-30 01:30:36,667 main.py:80] Episode 7500	average cumulative reward: -6.80
[INFO 2017-03-30 01:30:39,303 main.py:80] Episode 7510	average cumulative reward: -5.99
[INFO 2017-03-30 01:30:43,139 main.py:80] Episode 7520	average cumulative reward: -10.76
[INFO 2017-03-30 01:30:45,571 main.py:80] Episode 7530	average cumulative reward: -2.20
[INFO 2017-03-30 01:30:47,372 main.py:80] Episode 7540	average cumulative reward: -5.76
[INFO 2017-03-30 01:30:49,912 main.py:80] Episode 7550	average cumulative reward: -12.33
[INFO 2017-03-30 01:30:53,844 main.py:80] Episode 7560	average cumulative reward: -4.57
[INFO 2017-03-30 01:30:56,591 main.py:80] Episode 7570	average cumulative reward: -5.60
[INFO 2017-03-30 01:30:59,658 main.py:80] Episode 7580	average cumulative reward: -7.55
[INFO 2017-03-30 01:31:03,570 main.py:80] Episode 7590	average cumulative reward: -9.55
[INFO 2017-03-30 01:31:06,222 main.py:80] Episode 7600	average cumulative reward: -5.98
[INFO 2017-03-30 01:31:08,998 main.py:80] Episode 7610	average cumulative reward: -3.97
[INFO 2017-03-30 01:31:11,805 main.py:80] Episode 7620	average cumulative reward: -4.21
[INFO 2017-03-30 01:31:15,687 main.py:80] Episode 7630	average cumulative reward: -3.65
[INFO 2017-03-30 01:31:19,561 main.py:80] Episode 7640	average cumulative reward: -8.23
[INFO 2017-03-30 01:31:21,535 main.py:80] Episode 7650	average cumulative reward: -2.50
[INFO 2017-03-30 01:31:22,274 main.py:80] Episode 7660	average cumulative reward: -3.11
[INFO 2017-03-30 01:31:24,904 main.py:80] Episode 7670	average cumulative reward: -2.83
[INFO 2017-03-30 01:31:27,531 main.py:80] Episode 7680	average cumulative reward: -2.92
[INFO 2017-03-30 01:31:30,770 main.py:80] Episode 7690	average cumulative reward: -8.80
[INFO 2017-03-30 01:31:32,933 main.py:80] Episode 7700	average cumulative reward: -2.99
[INFO 2017-03-30 01:31:36,848 main.py:80] Episode 7710	average cumulative reward: -8.01
[INFO 2017-03-30 01:31:39,453 main.py:80] Episode 7720	average cumulative reward: -5.83
[INFO 2017-03-30 01:31:43,463 main.py:80] Episode 7730	average cumulative reward: -5.07
[INFO 2017-03-30 01:31:46,477 main.py:80] Episode 7740	average cumulative reward: -4.94
[INFO 2017-03-30 01:31:48,117 main.py:80] Episode 7750	average cumulative reward: -5.16
[INFO 2017-03-30 01:31:50,936 main.py:80] Episode 7760	average cumulative reward: -7.20
[INFO 2017-03-30 01:31:54,880 main.py:80] Episode 7770	average cumulative reward: -10.22
[INFO 2017-03-30 01:31:56,870 main.py:80] Episode 7780	average cumulative reward: -2.17
[INFO 2017-03-30 01:31:58,206 main.py:80] Episode 7790	average cumulative reward: -1.61
[INFO 2017-03-30 01:32:00,868 main.py:80] Episode 7800	average cumulative reward: -2.56
[INFO 2017-03-30 01:32:03,839 main.py:80] Episode 7810	average cumulative reward: -11.60
[INFO 2017-03-30 01:32:05,754 main.py:80] Episode 7820	average cumulative reward: -3.46
[INFO 2017-03-30 01:32:08,602 main.py:80] Episode 7830	average cumulative reward: -6.76
[INFO 2017-03-30 01:32:10,324 main.py:80] Episode 7840	average cumulative reward: -5.34
[INFO 2017-03-30 01:32:12,918 main.py:80] Episode 7850	average cumulative reward: -10.13
[INFO 2017-03-30 01:32:15,248 main.py:80] Episode 7860	average cumulative reward: -2.04
[INFO 2017-03-30 01:32:18,713 main.py:80] Episode 7870	average cumulative reward: -5.83
[INFO 2017-03-30 01:32:22,168 main.py:80] Episode 7880	average cumulative reward: -10.18
[INFO 2017-03-30 01:32:24,442 main.py:80] Episode 7890	average cumulative reward: -6.86
[INFO 2017-03-30 01:32:26,830 main.py:80] Episode 7900	average cumulative reward: -12.14
[INFO 2017-03-30 01:32:29,129 main.py:80] Episode 7910	average cumulative reward: -9.19
[INFO 2017-03-30 01:32:31,629 main.py:80] Episode 7920	average cumulative reward: -2.87
[INFO 2017-03-30 01:32:35,148 main.py:80] Episode 7930	average cumulative reward: -4.35
[INFO 2017-03-30 01:32:37,427 main.py:80] Episode 7940	average cumulative reward: -2.32
[INFO 2017-03-30 01:32:42,234 main.py:80] Episode 7950	average cumulative reward: -4.99
[INFO 2017-03-30 01:32:45,150 main.py:80] Episode 7960	average cumulative reward: -3.79
[INFO 2017-03-30 01:32:48,401 main.py:80] Episode 7970	average cumulative reward: -3.70
[INFO 2017-03-30 01:32:52,682 main.py:80] Episode 7980	average cumulative reward: -8.31
[INFO 2017-03-30 01:32:57,662 main.py:80] Episode 7990	average cumulative reward: -5.88
[INFO 2017-03-30 01:33:00,960 main.py:80] Episode 8000	average cumulative reward: -8.82
[INFO 2017-03-30 01:33:00,960 main.py:85] Episode 8000	saving model: 08000.pth
[INFO 2017-03-30 01:33:03,139 main.py:80] Episode 8010	average cumulative reward: -2.80
[INFO 2017-03-30 01:33:04,890 main.py:80] Episode 8020	average cumulative reward: -2.96
[INFO 2017-03-30 01:33:08,244 main.py:80] Episode 8030	average cumulative reward: -7.01
[INFO 2017-03-30 01:33:11,719 main.py:80] Episode 8040	average cumulative reward: -4.18
[INFO 2017-03-30 01:33:14,616 main.py:80] Episode 8050	average cumulative reward: -2.99
[INFO 2017-03-30 01:33:17,858 main.py:80] Episode 8060	average cumulative reward: -4.60
[INFO 2017-03-30 01:33:21,993 main.py:80] Episode 8070	average cumulative reward: -8.33
[INFO 2017-03-30 01:33:23,509 main.py:80] Episode 8080	average cumulative reward: -3.22
[INFO 2017-03-30 01:33:28,338 main.py:80] Episode 8090	average cumulative reward: -12.48
[INFO 2017-03-30 01:33:30,521 main.py:80] Episode 8100	average cumulative reward: -3.31
[INFO 2017-03-30 01:33:33,461 main.py:80] Episode 8110	average cumulative reward: -3.71
[INFO 2017-03-30 01:33:36,478 main.py:80] Episode 8120	average cumulative reward: -7.80
[INFO 2017-03-30 01:33:38,308 main.py:80] Episode 8130	average cumulative reward: -5.78
[INFO 2017-03-30 01:33:42,086 main.py:80] Episode 8140	average cumulative reward: -21.47
[INFO 2017-03-30 01:33:46,179 main.py:80] Episode 8150	average cumulative reward: -13.88
[INFO 2017-03-30 01:33:48,721 main.py:80] Episode 8160	average cumulative reward: -3.19
[INFO 2017-03-30 01:33:52,222 main.py:80] Episode 8170	average cumulative reward: -10.40
[INFO 2017-03-30 01:33:55,353 main.py:80] Episode 8180	average cumulative reward: -3.72
[INFO 2017-03-30 01:33:57,804 main.py:80] Episode 8190	average cumulative reward: -2.95
[INFO 2017-03-30 01:34:02,296 main.py:80] Episode 8200	average cumulative reward: -5.27
[INFO 2017-03-30 01:34:05,515 main.py:80] Episode 8210	average cumulative reward: -3.89
[INFO 2017-03-30 01:34:08,230 main.py:80] Episode 8220	average cumulative reward: -3.24
[INFO 2017-03-30 01:34:10,597 main.py:80] Episode 8230	average cumulative reward: -2.31
[INFO 2017-03-30 01:34:13,756 main.py:80] Episode 8240	average cumulative reward: -3.22
[INFO 2017-03-30 01:34:15,070 main.py:80] Episode 8250	average cumulative reward: -1.41
[INFO 2017-03-30 01:34:18,046 main.py:80] Episode 8260	average cumulative reward: -3.95
[INFO 2017-03-30 01:34:22,361 main.py:80] Episode 8270	average cumulative reward: -7.53
[INFO 2017-03-30 01:34:24,808 main.py:80] Episode 8280	average cumulative reward: -1.86
[INFO 2017-03-30 01:34:27,172 main.py:80] Episode 8290	average cumulative reward: -2.47
[INFO 2017-03-30 01:34:30,167 main.py:80] Episode 8300	average cumulative reward: -6.97
[INFO 2017-03-30 01:34:31,659 main.py:80] Episode 8310	average cumulative reward: -4.77
[INFO 2017-03-30 01:34:35,503 main.py:80] Episode 8320	average cumulative reward: -5.60
[INFO 2017-03-30 01:34:37,254 main.py:80] Episode 8330	average cumulative reward: -5.66
[INFO 2017-03-30 01:34:40,847 main.py:80] Episode 8340	average cumulative reward: -4.42
[INFO 2017-03-30 01:34:46,196 main.py:80] Episode 8350	average cumulative reward: -5.78
[INFO 2017-03-30 01:34:47,786 main.py:80] Episode 8360	average cumulative reward: -5.00
[INFO 2017-03-30 01:34:49,613 main.py:80] Episode 8370	average cumulative reward: -3.79
[INFO 2017-03-30 01:34:51,953 main.py:80] Episode 8380	average cumulative reward: -6.98
[INFO 2017-03-30 01:34:53,842 main.py:80] Episode 8390	average cumulative reward: -1.73
[INFO 2017-03-30 01:34:57,070 main.py:80] Episode 8400	average cumulative reward: -8.11
[INFO 2017-03-30 01:35:00,334 main.py:80] Episode 8410	average cumulative reward: -3.72
[INFO 2017-03-30 01:35:02,827 main.py:80] Episode 8420	average cumulative reward: -3.02
[INFO 2017-03-30 01:35:05,755 main.py:80] Episode 8430	average cumulative reward: -3.78
[INFO 2017-03-30 01:35:08,538 main.py:80] Episode 8440	average cumulative reward: -3.66
[INFO 2017-03-30 01:35:10,486 main.py:80] Episode 8450	average cumulative reward: -7.85
[INFO 2017-03-30 01:35:13,335 main.py:80] Episode 8460	average cumulative reward: -9.95
[INFO 2017-03-30 01:35:16,269 main.py:80] Episode 8470	average cumulative reward: -3.74
[INFO 2017-03-30 01:35:18,867 main.py:80] Episode 8480	average cumulative reward: -5.50
[INFO 2017-03-30 01:35:22,518 main.py:80] Episode 8490	average cumulative reward: -10.61
[INFO 2017-03-30 01:35:25,698 main.py:80] Episode 8500	average cumulative reward: -10.12
[INFO 2017-03-30 01:35:30,464 main.py:80] Episode 8510	average cumulative reward: -8.27
[INFO 2017-03-30 01:35:33,245 main.py:80] Episode 8520	average cumulative reward: -3.57
[INFO 2017-03-30 01:35:37,106 main.py:80] Episode 8530	average cumulative reward: -4.29
[INFO 2017-03-30 01:35:39,659 main.py:80] Episode 8540	average cumulative reward: -8.45
[INFO 2017-03-30 01:35:42,198 main.py:80] Episode 8550	average cumulative reward: -9.47
[INFO 2017-03-30 01:35:44,782 main.py:80] Episode 8560	average cumulative reward: -7.51
[INFO 2017-03-30 01:35:47,215 main.py:80] Episode 8570	average cumulative reward: -3.33
[INFO 2017-03-30 01:35:50,369 main.py:80] Episode 8580	average cumulative reward: -4.40
[INFO 2017-03-30 01:35:52,424 main.py:80] Episode 8590	average cumulative reward: -2.35
[INFO 2017-03-30 01:35:57,670 main.py:80] Episode 8600	average cumulative reward: -9.42
[INFO 2017-03-30 01:36:00,766 main.py:80] Episode 8610	average cumulative reward: -6.81
[INFO 2017-03-30 01:36:05,035 main.py:80] Episode 8620	average cumulative reward: -4.32
[INFO 2017-03-30 01:36:07,991 main.py:80] Episode 8630	average cumulative reward: -5.93
[INFO 2017-03-30 01:36:10,974 main.py:80] Episode 8640	average cumulative reward: -7.72
[INFO 2017-03-30 01:36:13,917 main.py:80] Episode 8650	average cumulative reward: -7.34
[INFO 2017-03-30 01:36:17,258 main.py:80] Episode 8660	average cumulative reward: -9.87
[INFO 2017-03-30 01:36:19,419 main.py:80] Episode 8670	average cumulative reward: -2.46
[INFO 2017-03-30 01:36:21,907 main.py:80] Episode 8680	average cumulative reward: -4.30
[INFO 2017-03-30 01:36:26,855 main.py:80] Episode 8690	average cumulative reward: -9.08
[INFO 2017-03-30 01:36:29,342 main.py:80] Episode 8700	average cumulative reward: -3.72
[INFO 2017-03-30 01:36:33,724 main.py:80] Episode 8710	average cumulative reward: -4.78
[INFO 2017-03-30 01:36:37,832 main.py:80] Episode 8720	average cumulative reward: -10.26
[INFO 2017-03-30 01:36:41,017 main.py:80] Episode 8730	average cumulative reward: -3.45
[INFO 2017-03-30 01:36:45,338 main.py:80] Episode 8740	average cumulative reward: -7.70
[INFO 2017-03-30 01:36:48,181 main.py:80] Episode 8750	average cumulative reward: -6.96
[INFO 2017-03-30 01:36:50,226 main.py:80] Episode 8760	average cumulative reward: -8.38
[INFO 2017-03-30 01:36:52,732 main.py:80] Episode 8770	average cumulative reward: -7.79
[INFO 2017-03-30 01:36:56,521 main.py:80] Episode 8780	average cumulative reward: -6.70
[INFO 2017-03-30 01:36:58,282 main.py:80] Episode 8790	average cumulative reward: -2.10
[INFO 2017-03-30 01:37:01,385 main.py:80] Episode 8800	average cumulative reward: -9.92
[INFO 2017-03-30 01:37:03,413 main.py:80] Episode 8810	average cumulative reward: -5.32
[INFO 2017-03-30 01:37:08,381 main.py:80] Episode 8820	average cumulative reward: -20.99
[INFO 2017-03-30 01:37:11,454 main.py:80] Episode 8830	average cumulative reward: -7.14
[INFO 2017-03-30 01:37:13,702 main.py:80] Episode 8840	average cumulative reward: -4.40
[INFO 2017-03-30 01:37:15,979 main.py:80] Episode 8850	average cumulative reward: -5.18
[INFO 2017-03-30 01:37:19,490 main.py:80] Episode 8860	average cumulative reward: -3.71
[INFO 2017-03-30 01:37:23,276 main.py:80] Episode 8870	average cumulative reward: -6.62
[INFO 2017-03-30 01:37:26,577 main.py:80] Episode 8880	average cumulative reward: -2.99
[INFO 2017-03-30 01:37:28,329 main.py:80] Episode 8890	average cumulative reward: -1.48
[INFO 2017-03-30 01:37:30,989 main.py:80] Episode 8900	average cumulative reward: -2.24
[INFO 2017-03-30 01:37:33,619 main.py:80] Episode 8910	average cumulative reward: -3.49
[INFO 2017-03-30 01:37:35,419 main.py:80] Episode 8920	average cumulative reward: -5.38
[INFO 2017-03-30 01:37:38,042 main.py:80] Episode 8930	average cumulative reward: -3.33
[INFO 2017-03-30 01:37:40,433 main.py:80] Episode 8940	average cumulative reward: -5.67
[INFO 2017-03-30 01:37:41,104 main.py:80] Episode 8950	average cumulative reward: -0.24
[INFO 2017-03-30 01:37:42,936 main.py:80] Episode 8960	average cumulative reward: -2.58
[INFO 2017-03-30 01:37:47,183 main.py:80] Episode 8970	average cumulative reward: -9.03
[INFO 2017-03-30 01:37:50,179 main.py:80] Episode 8980	average cumulative reward: -7.50
[INFO 2017-03-30 01:37:53,999 main.py:80] Episode 8990	average cumulative reward: -7.22
[INFO 2017-03-30 01:37:58,092 main.py:80] Episode 9000	average cumulative reward: -10.56
[INFO 2017-03-30 01:37:58,092 main.py:85] Episode 9000	saving model: 09000.pth
[INFO 2017-03-30 01:38:01,177 main.py:80] Episode 9010	average cumulative reward: -3.65
[INFO 2017-03-30 01:38:04,264 main.py:80] Episode 9020	average cumulative reward: -3.57
[INFO 2017-03-30 01:38:05,702 main.py:80] Episode 9030	average cumulative reward: -4.76
[INFO 2017-03-30 01:38:07,912 main.py:80] Episode 9040	average cumulative reward: -2.90
[INFO 2017-03-30 01:38:11,459 main.py:80] Episode 9050	average cumulative reward: -7.55
[INFO 2017-03-30 01:38:14,047 main.py:80] Episode 9060	average cumulative reward: -2.89
[INFO 2017-03-30 01:38:18,561 main.py:80] Episode 9070	average cumulative reward: -13.61
[INFO 2017-03-30 01:38:20,109 main.py:80] Episode 9080	average cumulative reward: -1.40
[INFO 2017-03-30 01:38:21,736 main.py:80] Episode 9090	average cumulative reward: -4.79
[INFO 2017-03-30 01:38:23,225 main.py:80] Episode 9100	average cumulative reward: -1.51
[INFO 2017-03-30 01:38:26,013 main.py:80] Episode 9110	average cumulative reward: -5.41
[INFO 2017-03-30 01:38:29,302 main.py:80] Episode 9120	average cumulative reward: -7.72
[INFO 2017-03-30 01:38:31,012 main.py:80] Episode 9130	average cumulative reward: -4.85
[INFO 2017-03-30 01:38:33,503 main.py:80] Episode 9140	average cumulative reward: -2.90
[INFO 2017-03-30 01:38:35,960 main.py:80] Episode 9150	average cumulative reward: -2.92
[INFO 2017-03-30 01:38:38,041 main.py:80] Episode 9160	average cumulative reward: -3.63
[INFO 2017-03-30 01:38:42,154 main.py:80] Episode 9170	average cumulative reward: -7.72
[INFO 2017-03-30 01:38:43,969 main.py:80] Episode 9180	average cumulative reward: -2.42
[INFO 2017-03-30 01:38:46,074 main.py:80] Episode 9190	average cumulative reward: -2.67
[INFO 2017-03-30 01:38:49,146 main.py:80] Episode 9200	average cumulative reward: -3.66
[INFO 2017-03-30 01:38:52,444 main.py:80] Episode 9210	average cumulative reward: -8.04
[INFO 2017-03-30 01:38:56,088 main.py:80] Episode 9220	average cumulative reward: -4.31
[INFO 2017-03-30 01:39:00,175 main.py:80] Episode 9230	average cumulative reward: -8.13
[INFO 2017-03-30 01:39:04,240 main.py:80] Episode 9240	average cumulative reward: -13.82
[INFO 2017-03-30 01:39:06,109 main.py:80] Episode 9250	average cumulative reward: -1.47
[INFO 2017-03-30 01:39:09,875 main.py:80] Episode 9260	average cumulative reward: -4.30
[INFO 2017-03-30 01:39:14,269 main.py:80] Episode 9270	average cumulative reward: -8.34
[INFO 2017-03-30 01:39:18,097 main.py:80] Episode 9280	average cumulative reward: -5.16
[INFO 2017-03-30 01:39:19,873 main.py:80] Episode 9290	average cumulative reward: -7.91
[INFO 2017-03-30 01:39:21,565 main.py:80] Episode 9300	average cumulative reward: -1.51
[INFO 2017-03-30 01:39:25,537 main.py:80] Episode 9310	average cumulative reward: -9.04
[INFO 2017-03-30 01:39:28,161 main.py:80] Episode 9320	average cumulative reward: -2.79
[INFO 2017-03-30 01:39:30,351 main.py:80] Episode 9330	average cumulative reward: -3.09
[INFO 2017-03-30 01:39:32,007 main.py:80] Episode 9340	average cumulative reward: -1.41
[INFO 2017-03-30 01:39:34,194 main.py:80] Episode 9350	average cumulative reward: -4.06
[INFO 2017-03-30 01:39:37,510 main.py:80] Episode 9360	average cumulative reward: -4.38
[INFO 2017-03-30 01:39:39,121 main.py:80] Episode 9370	average cumulative reward: -1.59
[INFO 2017-03-30 01:39:42,293 main.py:80] Episode 9380	average cumulative reward: -3.73
[INFO 2017-03-30 01:39:46,158 main.py:80] Episode 9390	average cumulative reward: -8.94
[INFO 2017-03-30 01:39:47,844 main.py:80] Episode 9400	average cumulative reward: -9.84
[INFO 2017-03-30 01:39:49,245 main.py:80] Episode 9410	average cumulative reward: -1.58
[INFO 2017-03-30 01:39:51,128 main.py:80] Episode 9420	average cumulative reward: -1.36
[INFO 2017-03-30 01:39:54,288 main.py:80] Episode 9430	average cumulative reward: -7.31
[INFO 2017-03-30 01:39:56,495 main.py:80] Episode 9440	average cumulative reward: -2.09
[INFO 2017-03-30 01:39:58,839 main.py:80] Episode 9450	average cumulative reward: -2.94
[INFO 2017-03-30 01:40:01,664 main.py:80] Episode 9460	average cumulative reward: -2.93
[INFO 2017-03-30 01:40:05,904 main.py:80] Episode 9470	average cumulative reward: -7.52
[INFO 2017-03-30 01:40:09,483 main.py:80] Episode 9480	average cumulative reward: -7.52
[INFO 2017-03-30 01:40:11,005 main.py:80] Episode 9490	average cumulative reward: -1.17
[INFO 2017-03-30 01:40:13,447 main.py:80] Episode 9500	average cumulative reward: -5.44
[INFO 2017-03-30 01:40:16,433 main.py:80] Episode 9510	average cumulative reward: -2.73
[INFO 2017-03-30 01:40:18,813 main.py:80] Episode 9520	average cumulative reward: -6.35
[INFO 2017-03-30 01:40:20,366 main.py:80] Episode 9530	average cumulative reward: -7.69
[INFO 2017-03-30 01:40:23,517 main.py:80] Episode 9540	average cumulative reward: -16.31
[INFO 2017-03-30 01:40:26,044 main.py:80] Episode 9550	average cumulative reward: -4.15
[INFO 2017-03-30 01:40:28,831 main.py:80] Episode 9560	average cumulative reward: -3.68
[INFO 2017-03-30 01:40:32,693 main.py:80] Episode 9570	average cumulative reward: -14.47
[INFO 2017-03-30 01:40:35,904 main.py:80] Episode 9580	average cumulative reward: -8.75
[INFO 2017-03-30 01:40:39,713 main.py:80] Episode 9590	average cumulative reward: -5.79
[INFO 2017-03-30 01:40:42,194 main.py:80] Episode 9600	average cumulative reward: -3.28
[INFO 2017-03-30 01:40:46,244 main.py:80] Episode 9610	average cumulative reward: -5.37
[INFO 2017-03-30 01:40:51,133 main.py:80] Episode 9620	average cumulative reward: -5.00
[INFO 2017-03-30 01:40:54,587 main.py:80] Episode 9630	average cumulative reward: -7.41
[INFO 2017-03-30 01:40:57,298 main.py:80] Episode 9640	average cumulative reward: -2.86
[INFO 2017-03-30 01:41:01,021 main.py:80] Episode 9650	average cumulative reward: -6.82
[INFO 2017-03-30 01:41:04,273 main.py:80] Episode 9660	average cumulative reward: -3.62
[INFO 2017-03-30 01:41:07,762 main.py:80] Episode 9670	average cumulative reward: -3.70
[INFO 2017-03-30 01:41:08,942 main.py:80] Episode 9680	average cumulative reward: -2.20
[INFO 2017-03-30 01:41:10,962 main.py:80] Episode 9690	average cumulative reward: -6.77
[INFO 2017-03-30 01:41:14,573 main.py:80] Episode 9700	average cumulative reward: -5.18
[INFO 2017-03-30 01:41:16,544 main.py:80] Episode 9710	average cumulative reward: -1.68
[INFO 2017-03-30 01:41:19,401 main.py:80] Episode 9720	average cumulative reward: -5.36
[INFO 2017-03-30 01:41:23,148 main.py:80] Episode 9730	average cumulative reward: -4.34
[INFO 2017-03-30 01:41:25,172 main.py:80] Episode 9740	average cumulative reward: -5.31
[INFO 2017-03-30 01:41:28,037 main.py:80] Episode 9750	average cumulative reward: -2.92
[INFO 2017-03-30 01:41:30,113 main.py:80] Episode 9760	average cumulative reward: -1.96
[INFO 2017-03-30 01:41:33,891 main.py:80] Episode 9770	average cumulative reward: -3.31
[INFO 2017-03-30 01:41:35,590 main.py:80] Episode 9780	average cumulative reward: -1.48
[INFO 2017-03-30 01:41:37,450 main.py:80] Episode 9790	average cumulative reward: -2.24
[INFO 2017-03-30 01:41:41,162 main.py:80] Episode 9800	average cumulative reward: -7.62
[INFO 2017-03-30 01:41:43,344 main.py:80] Episode 9810	average cumulative reward: -2.98
[INFO 2017-03-30 01:41:46,624 main.py:80] Episode 9820	average cumulative reward: -3.26
[INFO 2017-03-30 01:41:49,371 main.py:80] Episode 9830	average cumulative reward: -4.45
[INFO 2017-03-30 01:41:52,933 main.py:80] Episode 9840	average cumulative reward: -6.72
[INFO 2017-03-30 01:41:56,802 main.py:80] Episode 9850	average cumulative reward: -4.57
[INFO 2017-03-30 01:41:58,452 main.py:80] Episode 9860	average cumulative reward: -3.08
[INFO 2017-03-30 01:42:02,620 main.py:80] Episode 9870	average cumulative reward: -8.53
[INFO 2017-03-30 01:42:06,625 main.py:80] Episode 9880	average cumulative reward: -3.52
[INFO 2017-03-30 01:42:10,008 main.py:80] Episode 9890	average cumulative reward: -4.52
[INFO 2017-03-30 01:42:11,721 main.py:80] Episode 9900	average cumulative reward: -4.90
[INFO 2017-03-30 01:42:14,120 main.py:80] Episode 9910	average cumulative reward: -6.13
[INFO 2017-03-30 01:42:17,312 main.py:80] Episode 9920	average cumulative reward: -9.48
[INFO 2017-03-30 01:42:19,865 main.py:80] Episode 9930	average cumulative reward: -2.89
[INFO 2017-03-30 01:42:21,803 main.py:80] Episode 9940	average cumulative reward: -2.34
[INFO 2017-03-30 01:42:24,783 main.py:80] Episode 9950	average cumulative reward: -8.41
[INFO 2017-03-30 01:42:28,308 main.py:80] Episode 9960	average cumulative reward: -8.68
[INFO 2017-03-30 01:42:30,246 main.py:80] Episode 9970	average cumulative reward: -2.12
[INFO 2017-03-30 01:42:31,325 main.py:80] Episode 9980	average cumulative reward: -1.49
[INFO 2017-03-30 01:42:34,745 main.py:80] Episode 9990	average cumulative reward: -6.37
