[INFO 2017-03-31 20:13:58,508 main.py:43] Namespace(batch_size=64, discount_factor=0.99, ego_centric=False, gamma=0.99, gpu_id=1, image_block_size=64, init_model='', keep_command=False, learn_start=0, learning_rate=0.001, log_dir='./log', log_interval=10, map_config='empty_ground.json', max_episode_length=100, method='actor_critic', num_games=10000, opt_method='adam', pause_screen=False, render=False, replay_memory_size=100000, save_dir='./models', save_interval=1000, seed=432, show_frame=False, single_word=False, teacher_type='NAVI_GOAL', test=False, train=True, use_gpu=False, visible_radius_unit=1)
[INFO 2017-03-31 20:13:58,508 xworld_utils.py:18] loading item list
[INFO 2017-03-31 20:13:58,508 xworld_utils.py:26] finish loading item list
[INFO 2017-03-31 20:13:58,508 xworld_utils.py:31] loading item images
[INFO 2017-03-31 20:13:58,593 xworld_utils.py:42] finish loading item images
[INFO 2017-03-31 20:13:58,593 xworld_map.py:30] loading empty_ground.json
[INFO 2017-03-31 20:13:58,593 xworld_map.py:45] finish loading empty_ground.json
[INFO 2017-03-31 20:14:01,570 main.py:73] training
[INFO 2017-03-31 20:14:02,341 main.py:94] Episode 0	average cumulative reward: -4.74
[INFO 2017-03-31 20:14:02,341 main.py:99] Episode 0	saving model: 00000.pth
[INFO 2017-03-31 20:14:06,254 main.py:94] Episode 10	average cumulative reward: -6.41
[INFO 2017-03-31 20:14:10,812 main.py:94] Episode 20	average cumulative reward: -7.39
[INFO 2017-03-31 20:14:14,850 main.py:94] Episode 30	average cumulative reward: -6.41
[INFO 2017-03-31 20:14:18,238 main.py:94] Episode 40	average cumulative reward: -5.14
[INFO 2017-03-31 20:14:23,431 main.py:94] Episode 50	average cumulative reward: -6.66
[INFO 2017-03-31 20:14:26,973 main.py:94] Episode 60	average cumulative reward: -5.11
[INFO 2017-03-31 20:14:30,141 main.py:94] Episode 70	average cumulative reward: -4.43
[INFO 2017-03-31 20:14:36,136 main.py:94] Episode 80	average cumulative reward: -7.33
[INFO 2017-03-31 20:14:39,403 main.py:94] Episode 90	average cumulative reward: -4.42
[INFO 2017-03-31 20:14:44,597 main.py:94] Episode 100	average cumulative reward: -6.92
[INFO 2017-03-31 20:14:46,694 main.py:94] Episode 110	average cumulative reward: -2.88
[INFO 2017-03-31 20:14:52,459 main.py:94] Episode 120	average cumulative reward: -7.96
[INFO 2017-03-31 20:14:55,946 main.py:94] Episode 130	average cumulative reward: -5.26
[INFO 2017-03-31 20:15:01,197 main.py:94] Episode 140	average cumulative reward: -7.09
[INFO 2017-03-31 20:15:05,355 main.py:94] Episode 150	average cumulative reward: -5.55
[INFO 2017-03-31 20:15:08,725 main.py:94] Episode 160	average cumulative reward: -4.37
[INFO 2017-03-31 20:15:13,413 main.py:94] Episode 170	average cumulative reward: -6.32
[INFO 2017-03-31 20:15:17,058 main.py:94] Episode 180	average cumulative reward: -4.31
[INFO 2017-03-31 20:15:21,778 main.py:94] Episode 190	average cumulative reward: -6.03
[INFO 2017-03-31 20:15:26,528 main.py:94] Episode 200	average cumulative reward: -6.60
[INFO 2017-03-31 20:15:33,024 main.py:94] Episode 210	average cumulative reward: -7.01
[INFO 2017-03-31 20:15:37,098 main.py:94] Episode 220	average cumulative reward: -5.44
[INFO 2017-03-31 20:15:41,361 main.py:94] Episode 230	average cumulative reward: -4.41
[INFO 2017-03-31 20:15:44,076 main.py:94] Episode 240	average cumulative reward: -3.56
[INFO 2017-03-31 20:15:47,529 main.py:94] Episode 250	average cumulative reward: -4.80
[INFO 2017-03-31 20:15:51,998 main.py:94] Episode 260	average cumulative reward: -5.28
[INFO 2017-03-31 20:15:57,794 main.py:94] Episode 270	average cumulative reward: -8.13
[INFO 2017-03-31 20:16:03,491 main.py:94] Episode 280	average cumulative reward: -7.39
[INFO 2017-03-31 20:16:10,109 main.py:94] Episode 290	average cumulative reward: -8.50
[INFO 2017-03-31 20:16:16,289 main.py:94] Episode 300	average cumulative reward: -8.02
[INFO 2017-03-31 20:16:20,037 main.py:94] Episode 310	average cumulative reward: -4.15
[INFO 2017-03-31 20:16:25,245 main.py:94] Episode 320	average cumulative reward: -5.34
[INFO 2017-03-31 20:16:30,182 main.py:94] Episode 330	average cumulative reward: -5.59
[INFO 2017-03-31 20:16:36,511 main.py:94] Episode 340	average cumulative reward: -8.34
[INFO 2017-03-31 20:16:42,308 main.py:94] Episode 350	average cumulative reward: -9.16
[INFO 2017-03-31 20:16:49,030 main.py:94] Episode 360	average cumulative reward: -7.46
[INFO 2017-03-31 20:16:54,126 main.py:94] Episode 370	average cumulative reward: -6.78
[INFO 2017-03-31 20:17:01,323 main.py:94] Episode 380	average cumulative reward: -9.33
[INFO 2017-03-31 20:17:04,311 main.py:94] Episode 390	average cumulative reward: -3.23
[INFO 2017-03-31 20:17:08,956 main.py:94] Episode 400	average cumulative reward: -5.30
[INFO 2017-03-31 20:17:15,897 main.py:94] Episode 410	average cumulative reward: -8.22
[INFO 2017-03-31 20:17:22,199 main.py:94] Episode 420	average cumulative reward: -8.36
[INFO 2017-03-31 20:17:26,341 main.py:94] Episode 430	average cumulative reward: -4.51
[INFO 2017-03-31 20:17:31,108 main.py:94] Episode 440	average cumulative reward: -6.22
[INFO 2017-03-31 20:17:37,300 main.py:94] Episode 450	average cumulative reward: -9.00
[INFO 2017-03-31 20:17:43,384 main.py:94] Episode 460	average cumulative reward: -7.41
[INFO 2017-03-31 20:17:45,895 main.py:94] Episode 470	average cumulative reward: -2.70
[INFO 2017-03-31 20:17:50,569 main.py:94] Episode 480	average cumulative reward: -6.08
[INFO 2017-03-31 20:17:57,424 main.py:94] Episode 490	average cumulative reward: -6.76
[INFO 2017-03-31 20:18:02,358 main.py:94] Episode 500	average cumulative reward: -6.91
[INFO 2017-03-31 20:18:07,829 main.py:94] Episode 510	average cumulative reward: -6.70
[INFO 2017-03-31 20:18:11,730 main.py:94] Episode 520	average cumulative reward: -4.94
[INFO 2017-03-31 20:18:15,461 main.py:94] Episode 530	average cumulative reward: -4.87
[INFO 2017-03-31 20:18:21,327 main.py:94] Episode 540	average cumulative reward: -7.46
[INFO 2017-03-31 20:18:25,965 main.py:94] Episode 550	average cumulative reward: -6.80
[INFO 2017-03-31 20:18:29,440 main.py:94] Episode 560	average cumulative reward: -4.52
[INFO 2017-03-31 20:18:33,807 main.py:94] Episode 570	average cumulative reward: -4.94
[INFO 2017-03-31 20:18:39,353 main.py:94] Episode 580	average cumulative reward: -7.43
[INFO 2017-03-31 20:18:43,218 main.py:94] Episode 590	average cumulative reward: -5.14
[INFO 2017-03-31 20:18:49,069 main.py:94] Episode 600	average cumulative reward: -7.87
[INFO 2017-03-31 20:18:51,888 main.py:94] Episode 610	average cumulative reward: -4.08
[INFO 2017-03-31 20:18:55,710 main.py:94] Episode 620	average cumulative reward: -5.69
[INFO 2017-03-31 20:19:00,928 main.py:94] Episode 630	average cumulative reward: -7.34
[INFO 2017-03-31 20:19:05,972 main.py:94] Episode 640	average cumulative reward: -6.84
[INFO 2017-03-31 20:19:09,643 main.py:94] Episode 650	average cumulative reward: -4.16
[INFO 2017-03-31 20:19:14,848 main.py:94] Episode 660	average cumulative reward: -8.28
[INFO 2017-03-31 20:19:19,191 main.py:94] Episode 670	average cumulative reward: -6.79
[INFO 2017-03-31 20:19:22,946 main.py:94] Episode 680	average cumulative reward: -4.35
[INFO 2017-03-31 20:19:27,772 main.py:94] Episode 690	average cumulative reward: -6.65
[INFO 2017-03-31 20:19:31,776 main.py:94] Episode 700	average cumulative reward: -6.23
[INFO 2017-03-31 20:19:36,989 main.py:94] Episode 710	average cumulative reward: -5.72
[INFO 2017-03-31 20:19:42,120 main.py:94] Episode 720	average cumulative reward: -6.78
[INFO 2017-03-31 20:19:47,867 main.py:94] Episode 730	average cumulative reward: -6.67
[INFO 2017-03-31 20:19:51,312 main.py:94] Episode 740	average cumulative reward: -4.76
[INFO 2017-03-31 20:19:56,232 main.py:94] Episode 750	average cumulative reward: -5.22
[INFO 2017-03-31 20:19:59,216 main.py:94] Episode 760	average cumulative reward: -3.68
[INFO 2017-03-31 20:20:03,030 main.py:94] Episode 770	average cumulative reward: -5.80
[INFO 2017-03-31 20:20:08,019 main.py:94] Episode 780	average cumulative reward: -5.79
[INFO 2017-03-31 20:20:12,248 main.py:94] Episode 790	average cumulative reward: -5.20
[INFO 2017-03-31 20:20:16,711 main.py:94] Episode 800	average cumulative reward: -4.79
[INFO 2017-03-31 20:20:21,417 main.py:94] Episode 810	average cumulative reward: -4.89
[INFO 2017-03-31 20:20:27,003 main.py:94] Episode 820	average cumulative reward: -6.35
[INFO 2017-03-31 20:20:30,082 main.py:94] Episode 830	average cumulative reward: -2.81
[INFO 2017-03-31 20:20:34,207 main.py:94] Episode 840	average cumulative reward: -5.47
[INFO 2017-03-31 20:20:38,362 main.py:94] Episode 850	average cumulative reward: -4.43
[INFO 2017-03-31 20:20:42,075 main.py:94] Episode 860	average cumulative reward: -4.68
[INFO 2017-03-31 20:20:46,145 main.py:94] Episode 870	average cumulative reward: -4.47
[INFO 2017-03-31 20:20:49,838 main.py:94] Episode 880	average cumulative reward: -4.40
[INFO 2017-03-31 20:20:54,591 main.py:94] Episode 890	average cumulative reward: -5.38
[INFO 2017-03-31 20:21:01,069 main.py:94] Episode 900	average cumulative reward: -6.65
[INFO 2017-03-31 20:21:05,253 main.py:94] Episode 910	average cumulative reward: -5.08
[INFO 2017-03-31 20:21:10,511 main.py:94] Episode 920	average cumulative reward: -5.60
[INFO 2017-03-31 20:21:14,521 main.py:94] Episode 930	average cumulative reward: -4.84
[INFO 2017-03-31 20:21:18,277 main.py:94] Episode 940	average cumulative reward: -4.54
[INFO 2017-03-31 20:21:20,758 main.py:94] Episode 950	average cumulative reward: -4.21
[INFO 2017-03-31 20:21:25,207 main.py:94] Episode 960	average cumulative reward: -5.93
[INFO 2017-03-31 20:21:28,958 main.py:94] Episode 970	average cumulative reward: -5.36
[INFO 2017-03-31 20:21:32,743 main.py:94] Episode 980	average cumulative reward: -4.86
[INFO 2017-03-31 20:21:36,793 main.py:94] Episode 990	average cumulative reward: -5.55
[INFO 2017-03-31 20:21:41,680 main.py:94] Episode 1000	average cumulative reward: -4.47
[INFO 2017-03-31 20:21:41,681 main.py:99] Episode 1000	saving model: 01000.pth
[INFO 2017-03-31 20:21:47,434 main.py:94] Episode 1010	average cumulative reward: -6.77
[INFO 2017-03-31 20:21:52,248 main.py:94] Episode 1020	average cumulative reward: -6.27
[INFO 2017-03-31 20:21:58,502 main.py:94] Episode 1030	average cumulative reward: -6.46
[INFO 2017-03-31 20:22:03,266 main.py:94] Episode 1040	average cumulative reward: -4.80
[INFO 2017-03-31 20:22:07,605 main.py:94] Episode 1050	average cumulative reward: -5.33
[INFO 2017-03-31 20:22:12,407 main.py:94] Episode 1060	average cumulative reward: -4.71
[INFO 2017-03-31 20:22:19,074 main.py:94] Episode 1070	average cumulative reward: -6.15
[INFO 2017-03-31 20:22:23,760 main.py:94] Episode 1080	average cumulative reward: -5.68
[INFO 2017-03-31 20:22:29,820 main.py:94] Episode 1090	average cumulative reward: -7.29
[INFO 2017-03-31 20:22:35,389 main.py:94] Episode 1100	average cumulative reward: -7.45
[INFO 2017-03-31 20:22:39,365 main.py:94] Episode 1110	average cumulative reward: -6.08
[INFO 2017-03-31 20:22:44,424 main.py:94] Episode 1120	average cumulative reward: -8.02
[INFO 2017-03-31 20:22:48,880 main.py:94] Episode 1130	average cumulative reward: -5.08
[INFO 2017-03-31 20:22:53,623 main.py:94] Episode 1140	average cumulative reward: -6.20
[INFO 2017-03-31 20:22:59,727 main.py:94] Episode 1150	average cumulative reward: -8.86
[INFO 2017-03-31 20:23:06,707 main.py:94] Episode 1160	average cumulative reward: -9.49
[INFO 2017-03-31 20:23:10,302 main.py:94] Episode 1170	average cumulative reward: -4.71
[INFO 2017-03-31 20:23:13,226 main.py:94] Episode 1180	average cumulative reward: -3.43
[INFO 2017-03-31 20:23:19,285 main.py:94] Episode 1190	average cumulative reward: -6.54
[INFO 2017-03-31 20:23:24,140 main.py:94] Episode 1200	average cumulative reward: -6.50
[INFO 2017-03-31 20:23:29,627 main.py:94] Episode 1210	average cumulative reward: -8.41
[INFO 2017-03-31 20:23:36,055 main.py:94] Episode 1220	average cumulative reward: -10.63
[INFO 2017-03-31 20:23:41,504 main.py:94] Episode 1230	average cumulative reward: -7.56
[INFO 2017-03-31 20:23:46,557 main.py:94] Episode 1240	average cumulative reward: -6.98
[INFO 2017-03-31 20:23:51,629 main.py:94] Episode 1250	average cumulative reward: -6.26
[INFO 2017-03-31 20:23:56,701 main.py:94] Episode 1260	average cumulative reward: -6.27
[INFO 2017-03-31 20:24:01,629 main.py:94] Episode 1270	average cumulative reward: -6.31
[INFO 2017-03-31 20:24:06,834 main.py:94] Episode 1280	average cumulative reward: -6.11
[INFO 2017-03-31 20:24:12,288 main.py:94] Episode 1290	average cumulative reward: -8.83
[INFO 2017-03-31 20:24:18,611 main.py:94] Episode 1300	average cumulative reward: -10.23
[INFO 2017-03-31 20:24:22,711 main.py:94] Episode 1310	average cumulative reward: -5.72
[INFO 2017-03-31 20:24:27,496 main.py:94] Episode 1320	average cumulative reward: -7.67
[INFO 2017-03-31 20:24:32,280 main.py:94] Episode 1330	average cumulative reward: -7.66
[INFO 2017-03-31 20:24:38,310 main.py:94] Episode 1340	average cumulative reward: -7.66
[INFO 2017-03-31 20:24:44,016 main.py:94] Episode 1350	average cumulative reward: -8.95
[INFO 2017-03-31 20:24:48,838 main.py:94] Episode 1360	average cumulative reward: -6.34
[INFO 2017-03-31 20:24:55,215 main.py:94] Episode 1370	average cumulative reward: -8.57
[INFO 2017-03-31 20:24:59,703 main.py:94] Episode 1380	average cumulative reward: -7.11
[INFO 2017-03-31 20:25:04,653 main.py:94] Episode 1390	average cumulative reward: -6.90
[INFO 2017-03-31 20:25:10,489 main.py:94] Episode 1400	average cumulative reward: -8.22
[INFO 2017-03-31 20:25:15,871 main.py:94] Episode 1410	average cumulative reward: -7.44
[INFO 2017-03-31 20:25:20,625 main.py:94] Episode 1420	average cumulative reward: -6.44
[INFO 2017-03-31 20:25:25,386 main.py:94] Episode 1430	average cumulative reward: -6.44
[INFO 2017-03-31 20:25:29,764 main.py:94] Episode 1440	average cumulative reward: -5.47
[INFO 2017-03-31 20:25:35,479 main.py:94] Episode 1450	average cumulative reward: -8.24
[INFO 2017-03-31 20:25:40,432 main.py:94] Episode 1460	average cumulative reward: -6.59
[INFO 2017-03-31 20:25:45,683 main.py:94] Episode 1470	average cumulative reward: -7.49
[INFO 2017-03-31 20:25:52,507 main.py:94] Episode 1480	average cumulative reward: -10.01
[INFO 2017-03-31 20:25:57,091 main.py:94] Episode 1490	average cumulative reward: -5.67
[INFO 2017-03-31 20:26:04,181 main.py:94] Episode 1500	average cumulative reward: -9.15
[INFO 2017-03-31 20:26:12,045 main.py:94] Episode 1510	average cumulative reward: -11.30
[INFO 2017-03-31 20:26:17,274 main.py:94] Episode 1520	average cumulative reward: -7.76
[INFO 2017-03-31 20:26:22,117 main.py:94] Episode 1530	average cumulative reward: -5.78
[INFO 2017-03-31 20:26:26,794 main.py:94] Episode 1540	average cumulative reward: -7.53
[INFO 2017-03-31 20:26:31,672 main.py:94] Episode 1550	average cumulative reward: -6.21
[INFO 2017-03-31 20:26:35,713 main.py:94] Episode 1560	average cumulative reward: -5.49
[INFO 2017-03-31 20:26:40,051 main.py:94] Episode 1570	average cumulative reward: -5.95
[INFO 2017-03-31 20:26:45,598 main.py:94] Episode 1580	average cumulative reward: -7.23
[INFO 2017-03-31 20:26:53,136 main.py:94] Episode 1590	average cumulative reward: -9.43
[INFO 2017-03-31 20:26:58,613 main.py:94] Episode 1600	average cumulative reward: -6.96
[INFO 2017-03-31 20:27:01,147 main.py:94] Episode 1610	average cumulative reward: -2.69
[INFO 2017-03-31 20:27:04,477 main.py:94] Episode 1620	average cumulative reward: -3.97
[INFO 2017-03-31 20:27:09,019 main.py:94] Episode 1630	average cumulative reward: -4.69
[INFO 2017-03-31 20:27:13,768 main.py:94] Episode 1640	average cumulative reward: -6.48
[INFO 2017-03-31 20:27:16,456 main.py:94] Episode 1650	average cumulative reward: -3.00
[INFO 2017-03-31 20:27:19,932 main.py:94] Episode 1660	average cumulative reward: -4.34
[INFO 2017-03-31 20:27:24,416 main.py:94] Episode 1670	average cumulative reward: -5.98
[INFO 2017-03-31 20:27:28,065 main.py:94] Episode 1680	average cumulative reward: -6.56
[INFO 2017-03-31 20:27:31,979 main.py:94] Episode 1690	average cumulative reward: -5.83
[INFO 2017-03-31 20:27:38,025 main.py:94] Episode 1700	average cumulative reward: -7.76
[INFO 2017-03-31 20:27:40,712 main.py:94] Episode 1710	average cumulative reward: -2.65
[INFO 2017-03-31 20:27:45,217 main.py:94] Episode 1720	average cumulative reward: -6.83
[INFO 2017-03-31 20:27:50,422 main.py:94] Episode 1730	average cumulative reward: -6.70
[INFO 2017-03-31 20:27:55,968 main.py:94] Episode 1740	average cumulative reward: -7.32
[INFO 2017-03-31 20:28:00,666 main.py:94] Episode 1750	average cumulative reward: -4.70
[INFO 2017-03-31 20:28:04,887 main.py:94] Episode 1760	average cumulative reward: -4.50
[INFO 2017-03-31 20:28:08,257 main.py:94] Episode 1770	average cumulative reward: -5.20
[INFO 2017-03-31 20:28:13,773 main.py:94] Episode 1780	average cumulative reward: -7.56
[INFO 2017-03-31 20:28:18,169 main.py:94] Episode 1790	average cumulative reward: -5.41
[INFO 2017-03-31 20:28:24,751 main.py:94] Episode 1800	average cumulative reward: -7.05
[INFO 2017-03-31 20:28:27,468 main.py:94] Episode 1810	average cumulative reward: -3.36
[INFO 2017-03-31 20:28:31,794 main.py:94] Episode 1820	average cumulative reward: -6.00
[INFO 2017-03-31 20:28:35,907 main.py:94] Episode 1830	average cumulative reward: -3.90
[INFO 2017-03-31 20:28:40,302 main.py:94] Episode 1840	average cumulative reward: -6.98
[INFO 2017-03-31 20:28:44,624 main.py:94] Episode 1850	average cumulative reward: -4.69
[INFO 2017-03-31 20:28:47,212 main.py:94] Episode 1860	average cumulative reward: -2.54
[INFO 2017-03-31 20:28:50,892 main.py:94] Episode 1870	average cumulative reward: -4.93
[INFO 2017-03-31 20:28:54,512 main.py:94] Episode 1880	average cumulative reward: -5.00
[INFO 2017-03-31 20:28:59,730 main.py:94] Episode 1890	average cumulative reward: -5.99
[INFO 2017-03-31 20:29:05,252 main.py:94] Episode 1900	average cumulative reward: -8.19
[INFO 2017-03-31 20:29:10,089 main.py:94] Episode 1910	average cumulative reward: -5.94
[INFO 2017-03-31 20:29:14,283 main.py:94] Episode 1920	average cumulative reward: -4.92
[INFO 2017-03-31 20:29:18,711 main.py:94] Episode 1930	average cumulative reward: -5.41
[INFO 2017-03-31 20:29:23,622 main.py:94] Episode 1940	average cumulative reward: -4.82
[INFO 2017-03-31 20:29:29,197 main.py:94] Episode 1950	average cumulative reward: -5.45
[INFO 2017-03-31 20:29:34,408 main.py:94] Episode 1960	average cumulative reward: -5.43
[INFO 2017-03-31 20:29:38,229 main.py:94] Episode 1970	average cumulative reward: -3.99
[INFO 2017-03-31 20:29:45,244 main.py:94] Episode 1980	average cumulative reward: -6.44
[INFO 2017-03-31 20:29:49,926 main.py:94] Episode 1990	average cumulative reward: -4.52
[INFO 2017-03-31 20:29:56,532 main.py:94] Episode 2000	average cumulative reward: -5.63
[INFO 2017-03-31 20:29:56,534 main.py:99] Episode 2000	saving model: 02000.pth
[INFO 2017-03-31 20:30:02,274 main.py:94] Episode 2010	average cumulative reward: -6.06
[INFO 2017-03-31 20:30:05,961 main.py:94] Episode 2020	average cumulative reward: -4.22
[INFO 2017-03-31 20:30:09,172 main.py:94] Episode 2030	average cumulative reward: -3.20
[INFO 2017-03-31 20:30:14,440 main.py:94] Episode 2040	average cumulative reward: -6.76
[INFO 2017-03-31 20:30:20,915 main.py:94] Episode 2050	average cumulative reward: -6.97
[INFO 2017-03-31 20:30:25,506 main.py:94] Episode 2060	average cumulative reward: -5.19
[INFO 2017-03-31 20:30:29,340 main.py:94] Episode 2070	average cumulative reward: -4.75
[INFO 2017-03-31 20:30:35,618 main.py:94] Episode 2080	average cumulative reward: -7.26
[INFO 2017-03-31 20:30:38,922 main.py:94] Episode 2090	average cumulative reward: -4.39
[INFO 2017-03-31 20:30:42,693 main.py:94] Episode 2100	average cumulative reward: -3.92
[INFO 2017-03-31 20:30:46,336 main.py:94] Episode 2110	average cumulative reward: -4.89
[INFO 2017-03-31 20:30:50,931 main.py:94] Episode 2120	average cumulative reward: -6.77
[INFO 2017-03-31 20:30:54,050 main.py:94] Episode 2130	average cumulative reward: -4.71
[INFO 2017-03-31 20:30:58,871 main.py:94] Episode 2140	average cumulative reward: -6.24
[INFO 2017-03-31 20:31:02,783 main.py:94] Episode 2150	average cumulative reward: -5.21
[INFO 2017-03-31 20:31:06,883 main.py:94] Episode 2160	average cumulative reward: -4.31
[INFO 2017-03-31 20:31:11,723 main.py:94] Episode 2170	average cumulative reward: -7.37
[INFO 2017-03-31 20:31:17,600 main.py:94] Episode 2180	average cumulative reward: -8.29
[INFO 2017-03-31 20:31:20,748 main.py:94] Episode 2190	average cumulative reward: -3.90
[INFO 2017-03-31 20:31:25,054 main.py:94] Episode 2200	average cumulative reward: -4.87
[INFO 2017-03-31 20:31:29,769 main.py:94] Episode 2210	average cumulative reward: -6.56
[INFO 2017-03-31 20:31:32,953 main.py:94] Episode 2220	average cumulative reward: -4.14
[INFO 2017-03-31 20:31:36,059 main.py:94] Episode 2230	average cumulative reward: -3.57
[INFO 2017-03-31 20:31:40,611 main.py:94] Episode 2240	average cumulative reward: -5.67
[INFO 2017-03-31 20:31:44,543 main.py:94] Episode 2250	average cumulative reward: -5.40
[INFO 2017-03-31 20:31:48,545 main.py:94] Episode 2260	average cumulative reward: -4.08
[INFO 2017-03-31 20:31:52,535 main.py:94] Episode 2270	average cumulative reward: -5.75
[INFO 2017-03-31 20:31:56,542 main.py:94] Episode 2280	average cumulative reward: -5.48
[INFO 2017-03-31 20:32:01,372 main.py:94] Episode 2290	average cumulative reward: -5.88
[INFO 2017-03-31 20:32:07,428 main.py:94] Episode 2300	average cumulative reward: -7.40
[INFO 2017-03-31 20:32:12,073 main.py:94] Episode 2310	average cumulative reward: -5.80
[INFO 2017-03-31 20:32:16,283 main.py:94] Episode 2320	average cumulative reward: -4.78
[INFO 2017-03-31 20:32:22,684 main.py:94] Episode 2330	average cumulative reward: -7.71
[INFO 2017-03-31 20:32:26,542 main.py:94] Episode 2340	average cumulative reward: -4.84
[INFO 2017-03-31 20:32:31,804 main.py:94] Episode 2350	average cumulative reward: -5.67
[INFO 2017-03-31 20:32:35,973 main.py:94] Episode 2360	average cumulative reward: -5.62
[INFO 2017-03-31 20:32:41,177 main.py:94] Episode 2370	average cumulative reward: -6.18
[INFO 2017-03-31 20:32:46,494 main.py:94] Episode 2380	average cumulative reward: -5.69
[INFO 2017-03-31 20:32:52,547 main.py:94] Episode 2390	average cumulative reward: -8.45
[INFO 2017-03-31 20:32:56,408 main.py:94] Episode 2400	average cumulative reward: -5.72
[INFO 2017-03-31 20:33:01,546 main.py:94] Episode 2410	average cumulative reward: -6.27
[INFO 2017-03-31 20:33:05,062 main.py:94] Episode 2420	average cumulative reward: -5.25
[INFO 2017-03-31 20:33:11,717 main.py:94] Episode 2430	average cumulative reward: -7.60
[INFO 2017-03-31 20:33:14,578 main.py:94] Episode 2440	average cumulative reward: -3.71
[INFO 2017-03-31 20:33:19,561 main.py:94] Episode 2450	average cumulative reward: -5.78
[INFO 2017-03-31 20:33:22,960 main.py:94] Episode 2460	average cumulative reward: -5.42
[INFO 2017-03-31 20:33:27,771 main.py:94] Episode 2470	average cumulative reward: -5.64
[INFO 2017-03-31 20:33:31,847 main.py:94] Episode 2480	average cumulative reward: -5.10
[INFO 2017-03-31 20:33:36,497 main.py:94] Episode 2490	average cumulative reward: -6.66
[INFO 2017-03-31 20:33:39,595 main.py:94] Episode 2500	average cumulative reward: -3.31
[INFO 2017-03-31 20:33:43,454 main.py:94] Episode 2510	average cumulative reward: -4.46
[INFO 2017-03-31 20:33:45,381 main.py:94] Episode 2520	average cumulative reward: -2.78
[INFO 2017-03-31 20:33:49,948 main.py:94] Episode 2530	average cumulative reward: -5.91
[INFO 2017-03-31 20:33:53,892 main.py:94] Episode 2540	average cumulative reward: -4.88
[INFO 2017-03-31 20:33:58,861 main.py:94] Episode 2550	average cumulative reward: -7.16
[INFO 2017-03-31 20:34:01,863 main.py:94] Episode 2560	average cumulative reward: -3.91
[INFO 2017-03-31 20:34:05,580 main.py:94] Episode 2570	average cumulative reward: -5.75
[INFO 2017-03-31 20:34:10,819 main.py:94] Episode 2580	average cumulative reward: -6.61
[INFO 2017-03-31 20:34:15,691 main.py:94] Episode 2590	average cumulative reward: -7.50
[INFO 2017-03-31 20:34:18,362 main.py:94] Episode 2600	average cumulative reward: -3.14
[INFO 2017-03-31 20:34:23,189 main.py:94] Episode 2610	average cumulative reward: -5.99
[INFO 2017-03-31 20:34:27,252 main.py:94] Episode 2620	average cumulative reward: -5.74
[INFO 2017-03-31 20:34:31,944 main.py:94] Episode 2630	average cumulative reward: -6.47
[INFO 2017-03-31 20:34:34,551 main.py:94] Episode 2640	average cumulative reward: -4.22
[INFO 2017-03-31 20:34:38,136 main.py:94] Episode 2650	average cumulative reward: -4.46
[INFO 2017-03-31 20:34:41,706 main.py:94] Episode 2660	average cumulative reward: -5.16
[INFO 2017-03-31 20:34:44,817 main.py:94] Episode 2670	average cumulative reward: -3.88
[INFO 2017-03-31 20:34:49,752 main.py:94] Episode 2680	average cumulative reward: -5.79
[INFO 2017-03-31 20:34:55,536 main.py:94] Episode 2690	average cumulative reward: -7.72
[INFO 2017-03-31 20:35:00,144 main.py:94] Episode 2700	average cumulative reward: -6.65
[INFO 2017-03-31 20:35:02,180 main.py:94] Episode 2710	average cumulative reward: -3.68
[INFO 2017-03-31 20:35:05,373 main.py:94] Episode 2720	average cumulative reward: -3.58
[INFO 2017-03-31 20:35:09,362 main.py:94] Episode 2730	average cumulative reward: -5.46
[INFO 2017-03-31 20:35:13,896 main.py:94] Episode 2740	average cumulative reward: -5.56
[INFO 2017-03-31 20:35:19,205 main.py:94] Episode 2750	average cumulative reward: -7.05
[INFO 2017-03-31 20:35:24,021 main.py:94] Episode 2760	average cumulative reward: -6.58
[INFO 2017-03-31 20:35:28,409 main.py:94] Episode 2770	average cumulative reward: -4.86
[INFO 2017-03-31 20:35:33,955 main.py:94] Episode 2780	average cumulative reward: -8.09
[INFO 2017-03-31 20:35:38,665 main.py:94] Episode 2790	average cumulative reward: -6.39
[INFO 2017-03-31 20:35:42,880 main.py:94] Episode 2800	average cumulative reward: -5.23
[INFO 2017-03-31 20:35:46,173 main.py:94] Episode 2810	average cumulative reward: -4.97
[INFO 2017-03-31 20:35:49,648 main.py:94] Episode 2820	average cumulative reward: -5.86
[INFO 2017-03-31 20:35:53,165 main.py:94] Episode 2830	average cumulative reward: -4.73
[INFO 2017-03-31 20:35:58,081 main.py:94] Episode 2840	average cumulative reward: -5.91
[INFO 2017-03-31 20:36:01,156 main.py:94] Episode 2850	average cumulative reward: -5.10
[INFO 2017-03-31 20:36:05,641 main.py:94] Episode 2860	average cumulative reward: -7.21
[INFO 2017-03-31 20:36:10,017 main.py:94] Episode 2870	average cumulative reward: -6.68
[INFO 2017-03-31 20:36:15,022 main.py:94] Episode 2880	average cumulative reward: -8.06
[INFO 2017-03-31 20:36:17,218 main.py:94] Episode 2890	average cumulative reward: -2.67
[INFO 2017-03-31 20:36:21,838 main.py:94] Episode 2900	average cumulative reward: -6.60
[INFO 2017-03-31 20:36:25,188 main.py:94] Episode 2910	average cumulative reward: -3.87
[INFO 2017-03-31 20:36:28,170 main.py:94] Episode 2920	average cumulative reward: -3.85
[INFO 2017-03-31 20:36:33,418 main.py:94] Episode 2930	average cumulative reward: -6.56
[INFO 2017-03-31 20:36:37,722 main.py:94] Episode 2940	average cumulative reward: -4.64
[INFO 2017-03-31 20:36:42,718 main.py:94] Episode 2950	average cumulative reward: -8.43
[INFO 2017-03-31 20:36:45,984 main.py:94] Episode 2960	average cumulative reward: -3.79
[INFO 2017-03-31 20:36:49,297 main.py:94] Episode 2970	average cumulative reward: -3.60
[INFO 2017-03-31 20:36:52,301 main.py:94] Episode 2980	average cumulative reward: -3.72
[INFO 2017-03-31 20:36:57,119 main.py:94] Episode 2990	average cumulative reward: -5.83
[INFO 2017-03-31 20:37:00,509 main.py:94] Episode 3000	average cumulative reward: -4.38
[INFO 2017-03-31 20:37:00,509 main.py:99] Episode 3000	saving model: 03000.pth
[INFO 2017-03-31 20:37:06,108 main.py:94] Episode 3010	average cumulative reward: -7.37
[INFO 2017-03-31 20:37:10,148 main.py:94] Episode 3020	average cumulative reward: -4.79
[INFO 2017-03-31 20:37:16,401 main.py:94] Episode 3030	average cumulative reward: -8.22
[INFO 2017-03-31 20:37:21,083 main.py:94] Episode 3040	average cumulative reward: -5.96
[INFO 2017-03-31 20:37:24,957 main.py:94] Episode 3050	average cumulative reward: -4.66
[INFO 2017-03-31 20:37:32,186 main.py:94] Episode 3060	average cumulative reward: -9.01
[INFO 2017-03-31 20:37:37,306 main.py:94] Episode 3070	average cumulative reward: -5.17
[INFO 2017-03-31 20:37:41,296 main.py:94] Episode 3080	average cumulative reward: -4.38
[INFO 2017-03-31 20:37:45,951 main.py:94] Episode 3090	average cumulative reward: -5.60
[INFO 2017-03-31 20:37:50,981 main.py:94] Episode 3100	average cumulative reward: -4.99
[INFO 2017-03-31 20:37:54,575 main.py:94] Episode 3110	average cumulative reward: -4.68
[INFO 2017-03-31 20:37:57,114 main.py:94] Episode 3120	average cumulative reward: -3.20
[INFO 2017-03-31 20:38:02,458 main.py:94] Episode 3130	average cumulative reward: -8.07
[INFO 2017-03-31 20:38:07,428 main.py:94] Episode 3140	average cumulative reward: -6.20
[INFO 2017-03-31 20:38:11,769 main.py:94] Episode 3150	average cumulative reward: -6.69
[INFO 2017-03-31 20:38:17,495 main.py:94] Episode 3160	average cumulative reward: -7.21
[INFO 2017-03-31 20:38:21,884 main.py:94] Episode 3170	average cumulative reward: -6.07
[INFO 2017-03-31 20:38:25,744 main.py:94] Episode 3180	average cumulative reward: -5.00
[INFO 2017-03-31 20:38:31,532 main.py:94] Episode 3190	average cumulative reward: -6.54
[INFO 2017-03-31 20:38:35,759 main.py:94] Episode 3200	average cumulative reward: -4.06
[INFO 2017-03-31 20:38:41,150 main.py:94] Episode 3210	average cumulative reward: -6.07
[INFO 2017-03-31 20:38:45,720 main.py:94] Episode 3220	average cumulative reward: -6.22
[INFO 2017-03-31 20:38:48,992 main.py:94] Episode 3230	average cumulative reward: -3.44
[INFO 2017-03-31 20:38:53,599 main.py:94] Episode 3240	average cumulative reward: -5.04
[INFO 2017-03-31 20:38:58,387 main.py:94] Episode 3250	average cumulative reward: -6.11
[INFO 2017-03-31 20:39:02,441 main.py:94] Episode 3260	average cumulative reward: -6.65
[INFO 2017-03-31 20:39:05,485 main.py:94] Episode 3270	average cumulative reward: -2.69
[INFO 2017-03-31 20:39:09,121 main.py:94] Episode 3280	average cumulative reward: -4.65
[INFO 2017-03-31 20:39:13,026 main.py:94] Episode 3290	average cumulative reward: -4.74
[INFO 2017-03-31 20:39:17,127 main.py:94] Episode 3300	average cumulative reward: -4.68
[INFO 2017-03-31 20:39:21,102 main.py:94] Episode 3310	average cumulative reward: -5.57
[INFO 2017-03-31 20:39:25,314 main.py:94] Episode 3320	average cumulative reward: -5.89
[INFO 2017-03-31 20:39:29,644 main.py:94] Episode 3330	average cumulative reward: -5.94
[INFO 2017-03-31 20:39:33,072 main.py:94] Episode 3340	average cumulative reward: -3.47
[INFO 2017-03-31 20:39:37,056 main.py:94] Episode 3350	average cumulative reward: -5.85
[INFO 2017-03-31 20:39:41,518 main.py:94] Episode 3360	average cumulative reward: -5.35
[INFO 2017-03-31 20:39:44,534 main.py:94] Episode 3370	average cumulative reward: -3.68
[INFO 2017-03-31 20:39:48,721 main.py:94] Episode 3380	average cumulative reward: -6.42
[INFO 2017-03-31 20:39:53,228 main.py:94] Episode 3390	average cumulative reward: -6.91
[INFO 2017-03-31 20:39:56,876 main.py:94] Episode 3400	average cumulative reward: -3.77
[INFO 2017-03-31 20:39:58,964 main.py:94] Episode 3410	average cumulative reward: -2.98
[INFO 2017-03-31 20:40:01,834 main.py:94] Episode 3420	average cumulative reward: -4.17
[INFO 2017-03-31 20:40:05,683 main.py:94] Episode 3430	average cumulative reward: -4.54
[INFO 2017-03-31 20:40:09,763 main.py:94] Episode 3440	average cumulative reward: -4.99
[INFO 2017-03-31 20:40:13,307 main.py:94] Episode 3450	average cumulative reward: -4.53
[INFO 2017-03-31 20:40:17,820 main.py:94] Episode 3460	average cumulative reward: -6.75
[INFO 2017-03-31 20:40:21,383 main.py:94] Episode 3470	average cumulative reward: -4.18
[INFO 2017-03-31 20:40:24,466 main.py:94] Episode 3480	average cumulative reward: -3.22
[INFO 2017-03-31 20:40:28,951 main.py:94] Episode 3490	average cumulative reward: -6.88
[INFO 2017-03-31 20:40:33,477 main.py:94] Episode 3500	average cumulative reward: -5.92
[INFO 2017-03-31 20:40:36,641 main.py:94] Episode 3510	average cumulative reward: -3.89
[INFO 2017-03-31 20:40:39,148 main.py:94] Episode 3520	average cumulative reward: -4.12
[INFO 2017-03-31 20:40:41,867 main.py:94] Episode 3530	average cumulative reward: -3.15
[INFO 2017-03-31 20:40:45,480 main.py:94] Episode 3540	average cumulative reward: -4.35
[INFO 2017-03-31 20:40:47,830 main.py:94] Episode 3550	average cumulative reward: -3.13
[INFO 2017-03-31 20:40:50,818 main.py:94] Episode 3560	average cumulative reward: -3.89
[INFO 2017-03-31 20:40:53,885 main.py:94] Episode 3570	average cumulative reward: -4.67
[INFO 2017-03-31 20:40:59,939 main.py:94] Episode 3580	average cumulative reward: -7.12
[INFO 2017-03-31 20:41:04,172 main.py:94] Episode 3590	average cumulative reward: -6.09
[INFO 2017-03-31 20:41:08,808 main.py:94] Episode 3600	average cumulative reward: -5.27
[INFO 2017-03-31 20:41:13,028 main.py:94] Episode 3610	average cumulative reward: -6.28
[INFO 2017-03-31 20:41:17,880 main.py:94] Episode 3620	average cumulative reward: -9.20
[INFO 2017-03-31 20:41:21,936 main.py:94] Episode 3630	average cumulative reward: -4.17
[INFO 2017-03-31 20:41:26,695 main.py:94] Episode 3640	average cumulative reward: -8.53
[INFO 2017-03-31 20:41:30,811 main.py:94] Episode 3650	average cumulative reward: -5.37
[INFO 2017-03-31 20:41:36,226 main.py:94] Episode 3660	average cumulative reward: -6.49
[INFO 2017-03-31 20:41:39,327 main.py:94] Episode 3670	average cumulative reward: -4.05
[INFO 2017-03-31 20:41:42,583 main.py:94] Episode 3680	average cumulative reward: -4.89
[INFO 2017-03-31 20:41:45,852 main.py:94] Episode 3690	average cumulative reward: -4.41
[INFO 2017-03-31 20:41:49,897 main.py:94] Episode 3700	average cumulative reward: -5.04
[INFO 2017-03-31 20:41:53,898 main.py:94] Episode 3710	average cumulative reward: -5.12
[INFO 2017-03-31 20:41:57,682 main.py:94] Episode 3720	average cumulative reward: -3.74
[INFO 2017-03-31 20:42:00,247 main.py:94] Episode 3730	average cumulative reward: -4.35
[INFO 2017-03-31 20:42:03,957 main.py:94] Episode 3740	average cumulative reward: -4.77
[INFO 2017-03-31 20:42:07,263 main.py:94] Episode 3750	average cumulative reward: -4.95
[INFO 2017-03-31 20:42:10,981 main.py:94] Episode 3760	average cumulative reward: -5.62
[INFO 2017-03-31 20:42:15,114 main.py:94] Episode 3770	average cumulative reward: -6.40
[INFO 2017-03-31 20:42:17,001 main.py:94] Episode 3780	average cumulative reward: -1.40
[INFO 2017-03-31 20:42:18,099 main.py:94] Episode 3790	average cumulative reward: -2.80
[INFO 2017-03-31 20:42:21,469 main.py:94] Episode 3800	average cumulative reward: -4.65
[INFO 2017-03-31 20:42:24,051 main.py:94] Episode 3810	average cumulative reward: -4.10
[INFO 2017-03-31 20:42:27,327 main.py:94] Episode 3820	average cumulative reward: -4.16
[INFO 2017-03-31 20:42:31,224 main.py:94] Episode 3830	average cumulative reward: -4.59
[INFO 2017-03-31 20:42:36,106 main.py:94] Episode 3840	average cumulative reward: -5.78
[INFO 2017-03-31 20:42:41,967 main.py:94] Episode 3850	average cumulative reward: -7.06
[INFO 2017-03-31 20:42:45,482 main.py:94] Episode 3860	average cumulative reward: -3.88
[INFO 2017-03-31 20:42:48,764 main.py:94] Episode 3870	average cumulative reward: -3.17
[INFO 2017-03-31 20:42:51,991 main.py:94] Episode 3880	average cumulative reward: -3.86
[INFO 2017-03-31 20:42:56,194 main.py:94] Episode 3890	average cumulative reward: -4.60
[INFO 2017-03-31 20:42:58,596 main.py:94] Episode 3900	average cumulative reward: -3.79
[INFO 2017-03-31 20:43:02,970 main.py:94] Episode 3910	average cumulative reward: -6.03
[INFO 2017-03-31 20:43:05,662 main.py:94] Episode 3920	average cumulative reward: -4.03
[INFO 2017-03-31 20:43:11,882 main.py:94] Episode 3930	average cumulative reward: -6.74
[INFO 2017-03-31 20:43:14,317 main.py:94] Episode 3940	average cumulative reward: -2.77
[INFO 2017-03-31 20:43:18,294 main.py:94] Episode 3950	average cumulative reward: -4.33
[INFO 2017-03-31 20:43:21,758 main.py:94] Episode 3960	average cumulative reward: -4.48
[INFO 2017-03-31 20:43:24,832 main.py:94] Episode 3970	average cumulative reward: -3.64
[INFO 2017-03-31 20:43:29,198 main.py:94] Episode 3980	average cumulative reward: -5.09
[INFO 2017-03-31 20:43:32,273 main.py:94] Episode 3990	average cumulative reward: -5.08
[INFO 2017-03-31 20:43:36,040 main.py:94] Episode 4000	average cumulative reward: -5.44
[INFO 2017-03-31 20:43:36,040 main.py:99] Episode 4000	saving model: 04000.pth
[INFO 2017-03-31 20:43:38,533 main.py:94] Episode 4010	average cumulative reward: -2.29
[INFO 2017-03-31 20:43:40,770 main.py:94] Episode 4020	average cumulative reward: -4.77
[INFO 2017-03-31 20:43:44,944 main.py:94] Episode 4030	average cumulative reward: -5.64
[INFO 2017-03-31 20:43:47,415 main.py:94] Episode 4040	average cumulative reward: -3.88
[INFO 2017-03-31 20:43:50,626 main.py:94] Episode 4050	average cumulative reward: -5.76
[INFO 2017-03-31 20:43:54,280 main.py:94] Episode 4060	average cumulative reward: -5.71
[INFO 2017-03-31 20:43:57,351 main.py:94] Episode 4070	average cumulative reward: -4.59
[INFO 2017-03-31 20:43:59,792 main.py:94] Episode 4080	average cumulative reward: -4.04
[INFO 2017-03-31 20:44:03,213 main.py:94] Episode 4090	average cumulative reward: -6.41
[INFO 2017-03-31 20:44:07,841 main.py:94] Episode 4100	average cumulative reward: -6.25
[INFO 2017-03-31 20:44:10,594 main.py:94] Episode 4110	average cumulative reward: -3.80
[INFO 2017-03-31 20:44:13,486 main.py:94] Episode 4120	average cumulative reward: -3.25
[INFO 2017-03-31 20:44:16,687 main.py:94] Episode 4130	average cumulative reward: -4.94
[INFO 2017-03-31 20:44:21,502 main.py:94] Episode 4140	average cumulative reward: -6.29
[INFO 2017-03-31 20:44:24,168 main.py:94] Episode 4150	average cumulative reward: -4.01
[INFO 2017-03-31 20:44:28,284 main.py:94] Episode 4160	average cumulative reward: -6.69
[INFO 2017-03-31 20:44:31,870 main.py:94] Episode 4170	average cumulative reward: -6.27
[INFO 2017-03-31 20:44:34,095 main.py:94] Episode 4180	average cumulative reward: -5.26
[INFO 2017-03-31 20:44:38,554 main.py:94] Episode 4190	average cumulative reward: -6.20
[INFO 2017-03-31 20:44:41,443 main.py:94] Episode 4200	average cumulative reward: -4.89
[INFO 2017-03-31 20:44:46,161 main.py:94] Episode 4210	average cumulative reward: -7.13
[INFO 2017-03-31 20:44:50,464 main.py:94] Episode 4220	average cumulative reward: -6.12
[INFO 2017-03-31 20:44:53,197 main.py:94] Episode 4230	average cumulative reward: -2.46
[INFO 2017-03-31 20:44:57,806 main.py:94] Episode 4240	average cumulative reward: -7.07
[INFO 2017-03-31 20:45:00,633 main.py:94] Episode 4250	average cumulative reward: -2.63
[INFO 2017-03-31 20:45:03,370 main.py:94] Episode 4260	average cumulative reward: -3.51
[INFO 2017-03-31 20:45:06,671 main.py:94] Episode 4270	average cumulative reward: -4.70
[INFO 2017-03-31 20:45:10,418 main.py:94] Episode 4280	average cumulative reward: -4.86
[INFO 2017-03-31 20:45:14,512 main.py:94] Episode 4290	average cumulative reward: -5.92
[INFO 2017-03-31 20:45:17,536 main.py:94] Episode 4300	average cumulative reward: -5.09
[INFO 2017-03-31 20:45:20,629 main.py:94] Episode 4310	average cumulative reward: -4.79
[INFO 2017-03-31 20:45:23,386 main.py:94] Episode 4320	average cumulative reward: -3.04
[INFO 2017-03-31 20:45:27,609 main.py:94] Episode 4330	average cumulative reward: -5.35
[INFO 2017-03-31 20:45:29,988 main.py:94] Episode 4340	average cumulative reward: -4.08
[INFO 2017-03-31 20:45:32,369 main.py:94] Episode 4350	average cumulative reward: -4.12
[INFO 2017-03-31 20:45:35,201 main.py:94] Episode 4360	average cumulative reward: -2.93
[INFO 2017-03-31 20:45:37,096 main.py:94] Episode 4370	average cumulative reward: -3.11
[INFO 2017-03-31 20:45:39,709 main.py:94] Episode 4380	average cumulative reward: -3.60
[INFO 2017-03-31 20:45:42,470 main.py:94] Episode 4390	average cumulative reward: -4.02
[INFO 2017-03-31 20:45:44,260 main.py:94] Episode 4400	average cumulative reward: -2.59
[INFO 2017-03-31 20:45:47,622 main.py:94] Episode 4410	average cumulative reward: -3.82
[INFO 2017-03-31 20:45:51,282 main.py:94] Episode 4420	average cumulative reward: -5.32
[INFO 2017-03-31 20:45:55,246 main.py:94] Episode 4430	average cumulative reward: -7.04
[INFO 2017-03-31 20:45:56,989 main.py:94] Episode 4440	average cumulative reward: -2.71
[INFO 2017-03-31 20:45:59,594 main.py:94] Episode 4450	average cumulative reward: -3.98
[INFO 2017-03-31 20:46:02,196 main.py:94] Episode 4460	average cumulative reward: -3.96
[INFO 2017-03-31 20:46:04,198 main.py:94] Episode 4470	average cumulative reward: -3.27
[INFO 2017-03-31 20:46:07,001 main.py:94] Episode 4480	average cumulative reward: -3.08
[INFO 2017-03-31 20:46:09,500 main.py:94] Episode 4490	average cumulative reward: -3.97
[INFO 2017-03-31 20:46:13,276 main.py:94] Episode 4500	average cumulative reward: -4.40
[INFO 2017-03-31 20:46:17,392 main.py:94] Episode 4510	average cumulative reward: -5.25
[INFO 2017-03-31 20:46:19,994 main.py:94] Episode 4520	average cumulative reward: -2.72
[INFO 2017-03-31 20:46:22,954 main.py:94] Episode 4530	average cumulative reward: -4.31
[INFO 2017-03-31 20:46:24,843 main.py:94] Episode 4540	average cumulative reward: -2.65
[INFO 2017-03-31 20:46:27,703 main.py:94] Episode 4550	average cumulative reward: -4.44
[INFO 2017-03-31 20:46:31,330 main.py:94] Episode 4560	average cumulative reward: -3.61
[INFO 2017-03-31 20:46:35,211 main.py:94] Episode 4570	average cumulative reward: -6.09
[INFO 2017-03-31 20:46:38,403 main.py:94] Episode 4580	average cumulative reward: -3.90
[INFO 2017-03-31 20:46:41,929 main.py:94] Episode 4590	average cumulative reward: -3.96
[INFO 2017-03-31 20:46:44,038 main.py:94] Episode 4600	average cumulative reward: -3.73
[INFO 2017-03-31 20:46:48,063 main.py:94] Episode 4610	average cumulative reward: -6.32
[INFO 2017-03-31 20:46:51,876 main.py:94] Episode 4620	average cumulative reward: -5.14
[INFO 2017-03-31 20:46:54,078 main.py:94] Episode 4630	average cumulative reward: -2.87
[INFO 2017-03-31 20:46:57,668 main.py:94] Episode 4640	average cumulative reward: -4.58
[INFO 2017-03-31 20:46:58,916 main.py:94] Episode 4650	average cumulative reward: -2.22
[INFO 2017-03-31 20:47:02,311 main.py:94] Episode 4660	average cumulative reward: -5.65
[INFO 2017-03-31 20:47:04,408 main.py:94] Episode 4670	average cumulative reward: -2.87
[INFO 2017-03-31 20:47:06,368 main.py:94] Episode 4680	average cumulative reward: -3.29
[INFO 2017-03-31 20:47:09,646 main.py:94] Episode 4690	average cumulative reward: -5.85
[INFO 2017-03-31 20:47:13,069 main.py:94] Episode 4700	average cumulative reward: -6.18
[INFO 2017-03-31 20:47:15,415 main.py:94] Episode 4710	average cumulative reward: -3.27
[INFO 2017-03-31 20:47:17,603 main.py:94] Episode 4720	average cumulative reward: -2.47
[INFO 2017-03-31 20:47:20,532 main.py:94] Episode 4730	average cumulative reward: -4.37
[INFO 2017-03-31 20:47:23,726 main.py:94] Episode 4740	average cumulative reward: -3.71
[INFO 2017-03-31 20:47:25,995 main.py:94] Episode 4750	average cumulative reward: -3.92
[INFO 2017-03-31 20:47:29,625 main.py:94] Episode 4760	average cumulative reward: -5.67
[INFO 2017-03-31 20:47:32,253 main.py:94] Episode 4770	average cumulative reward: -3.88
[INFO 2017-03-31 20:47:33,448 main.py:94] Episode 4780	average cumulative reward: -2.03
[INFO 2017-03-31 20:47:37,190 main.py:94] Episode 4790	average cumulative reward: -5.35
[INFO 2017-03-31 20:47:38,698 main.py:94] Episode 4800	average cumulative reward: -2.71
[INFO 2017-03-31 20:47:40,110 main.py:94] Episode 4810	average cumulative reward: -2.25
[INFO 2017-03-31 20:47:41,569 main.py:94] Episode 4820	average cumulative reward: -2.30
[INFO 2017-03-31 20:47:43,557 main.py:94] Episode 4830	average cumulative reward: -3.35
[INFO 2017-03-31 20:47:45,296 main.py:94] Episode 4840	average cumulative reward: -2.68
[INFO 2017-03-31 20:47:49,009 main.py:94] Episode 4850	average cumulative reward: -5.96
[INFO 2017-03-31 20:47:52,665 main.py:94] Episode 4860	average cumulative reward: -5.99
[INFO 2017-03-31 20:47:54,402 main.py:94] Episode 4870	average cumulative reward: -3.24
[INFO 2017-03-31 20:47:56,996 main.py:94] Episode 4880	average cumulative reward: -3.58
[INFO 2017-03-31 20:47:59,352 main.py:94] Episode 4890	average cumulative reward: -3.46
[INFO 2017-03-31 20:48:02,653 main.py:94] Episode 4900	average cumulative reward: -5.43
[INFO 2017-03-31 20:48:04,873 main.py:94] Episode 4910	average cumulative reward: -3.15
[INFO 2017-03-31 20:48:08,209 main.py:94] Episode 4920	average cumulative reward: -4.95
[INFO 2017-03-31 20:48:09,186 main.py:94] Episode 4930	average cumulative reward: -1.76
[INFO 2017-03-31 20:48:10,714 main.py:94] Episode 4940	average cumulative reward: -1.43
[INFO 2017-03-31 20:48:11,682 main.py:94] Episode 4950	average cumulative reward: -1.32
[INFO 2017-03-31 20:48:13,352 main.py:94] Episode 4960	average cumulative reward: -2.71
[INFO 2017-03-31 20:48:15,548 main.py:94] Episode 4970	average cumulative reward: -3.01
[INFO 2017-03-31 20:48:18,297 main.py:94] Episode 4980	average cumulative reward: -4.01
[INFO 2017-03-31 20:48:19,973 main.py:94] Episode 4990	average cumulative reward: -2.07
[INFO 2017-03-31 20:48:20,726 main.py:94] Episode 5000	average cumulative reward: -1.30
[INFO 2017-03-31 20:48:20,726 main.py:99] Episode 5000	saving model: 05000.pth
[INFO 2017-03-31 20:48:21,629 main.py:94] Episode 5010	average cumulative reward: -1.67
[INFO 2017-03-31 20:48:23,806 main.py:94] Episode 5020	average cumulative reward: -3.02
[INFO 2017-03-31 20:48:25,128 main.py:94] Episode 5030	average cumulative reward: -2.68
[INFO 2017-03-31 20:48:28,470 main.py:94] Episode 5040	average cumulative reward: -5.16
[INFO 2017-03-31 20:48:30,885 main.py:94] Episode 5050	average cumulative reward: -2.56
[INFO 2017-03-31 20:48:33,122 main.py:94] Episode 5060	average cumulative reward: -3.86
[INFO 2017-03-31 20:48:34,616 main.py:94] Episode 5070	average cumulative reward: -1.55
[INFO 2017-03-31 20:48:35,924 main.py:94] Episode 5080	average cumulative reward: -1.79
[INFO 2017-03-31 20:48:37,739 main.py:94] Episode 5090	average cumulative reward: -3.19
[INFO 2017-03-31 20:48:40,185 main.py:94] Episode 5100	average cumulative reward: -4.97
[INFO 2017-03-31 20:48:41,856 main.py:94] Episode 5110	average cumulative reward: -2.94
[INFO 2017-03-31 20:48:43,708 main.py:94] Episode 5120	average cumulative reward: -1.95
[INFO 2017-03-31 20:48:44,853 main.py:94] Episode 5130	average cumulative reward: -1.61
[INFO 2017-03-31 20:48:47,986 main.py:94] Episode 5140	average cumulative reward: -5.21
[INFO 2017-03-31 20:48:49,501 main.py:94] Episode 5150	average cumulative reward: -1.56
[INFO 2017-03-31 20:48:52,658 main.py:94] Episode 5160	average cumulative reward: -4.97
[INFO 2017-03-31 20:48:54,213 main.py:94] Episode 5170	average cumulative reward: -2.04
[INFO 2017-03-31 20:48:55,940 main.py:94] Episode 5180	average cumulative reward: -2.66
[INFO 2017-03-31 20:48:58,736 main.py:94] Episode 5190	average cumulative reward: -2.69
[INFO 2017-03-31 20:48:59,525 main.py:94] Episode 5200	average cumulative reward: -1.34
[INFO 2017-03-31 20:49:02,968 main.py:94] Episode 5210	average cumulative reward: -4.37
[INFO 2017-03-31 20:49:05,510 main.py:94] Episode 5220	average cumulative reward: -3.66
[INFO 2017-03-31 20:49:07,702 main.py:94] Episode 5230	average cumulative reward: -2.58
[INFO 2017-03-31 20:49:09,603 main.py:94] Episode 5240	average cumulative reward: -3.14
[INFO 2017-03-31 20:49:12,299 main.py:94] Episode 5250	average cumulative reward: -3.18
[INFO 2017-03-31 20:49:14,876 main.py:94] Episode 5260	average cumulative reward: -3.62
[INFO 2017-03-31 20:49:17,151 main.py:94] Episode 5270	average cumulative reward: -3.82
[INFO 2017-03-31 20:49:19,212 main.py:94] Episode 5280	average cumulative reward: -4.19
[INFO 2017-03-31 20:49:20,518 main.py:94] Episode 5290	average cumulative reward: -1.92
[INFO 2017-03-31 20:49:22,014 main.py:94] Episode 5300	average cumulative reward: -1.81
[INFO 2017-03-31 20:49:22,807 main.py:94] Episode 5310	average cumulative reward: -2.01
[INFO 2017-03-31 20:49:24,925 main.py:94] Episode 5320	average cumulative reward: -2.32
[INFO 2017-03-31 20:49:26,068 main.py:94] Episode 5330	average cumulative reward: -1.29
[INFO 2017-03-31 20:49:26,946 main.py:94] Episode 5340	average cumulative reward: -1.42
[INFO 2017-03-31 20:49:28,396 main.py:94] Episode 5350	average cumulative reward: -1.35
[INFO 2017-03-31 20:49:29,705 main.py:94] Episode 5360	average cumulative reward: -0.39
[INFO 2017-03-31 20:49:31,058 main.py:94] Episode 5370	average cumulative reward: -1.79
[INFO 2017-03-31 20:49:32,173 main.py:94] Episode 5380	average cumulative reward: -1.15
[INFO 2017-03-31 20:49:33,634 main.py:94] Episode 5390	average cumulative reward: -1.32
[INFO 2017-03-31 20:49:34,351 main.py:94] Episode 5400	average cumulative reward: -1.39
[INFO 2017-03-31 20:49:36,152 main.py:94] Episode 5410	average cumulative reward: -2.71
[INFO 2017-03-31 20:49:38,113 main.py:94] Episode 5420	average cumulative reward: -2.11
[INFO 2017-03-31 20:49:39,880 main.py:94] Episode 5430	average cumulative reward: -2.91
[INFO 2017-03-31 20:49:42,766 main.py:94] Episode 5440	average cumulative reward: -3.87
[INFO 2017-03-31 20:49:43,922 main.py:94] Episode 5450	average cumulative reward: -1.39
[INFO 2017-03-31 20:49:45,521 main.py:94] Episode 5460	average cumulative reward: -1.69
[INFO 2017-03-31 20:49:46,318 main.py:94] Episode 5470	average cumulative reward: -1.70
[INFO 2017-03-31 20:49:47,941 main.py:94] Episode 5480	average cumulative reward: -3.52
[INFO 2017-03-31 20:49:49,538 main.py:94] Episode 5490	average cumulative reward: -1.79
[INFO 2017-03-31 20:49:50,988 main.py:94] Episode 5500	average cumulative reward: -2.98
[INFO 2017-03-31 20:49:53,218 main.py:94] Episode 5510	average cumulative reward: -3.58
[INFO 2017-03-31 20:49:54,198 main.py:94] Episode 5520	average cumulative reward: -1.61
[INFO 2017-03-31 20:49:56,010 main.py:94] Episode 5530	average cumulative reward: -2.13
[INFO 2017-03-31 20:49:58,258 main.py:94] Episode 5540	average cumulative reward: -3.18
[INFO 2017-03-31 20:49:59,858 main.py:94] Episode 5550	average cumulative reward: -4.14
[INFO 2017-03-31 20:50:01,548 main.py:94] Episode 5560	average cumulative reward: -1.94
[INFO 2017-03-31 20:50:02,477 main.py:94] Episode 5570	average cumulative reward: -1.55
[INFO 2017-03-31 20:50:04,276 main.py:94] Episode 5580	average cumulative reward: -2.71
[INFO 2017-03-31 20:50:06,081 main.py:94] Episode 5590	average cumulative reward: -2.53
[INFO 2017-03-31 20:50:07,114 main.py:94] Episode 5600	average cumulative reward: -1.41
[INFO 2017-03-31 20:50:08,282 main.py:94] Episode 5610	average cumulative reward: -1.17
[INFO 2017-03-31 20:50:09,787 main.py:94] Episode 5620	average cumulative reward: -1.84
[INFO 2017-03-31 20:50:11,287 main.py:94] Episode 5630	average cumulative reward: -2.95
[INFO 2017-03-31 20:50:12,525 main.py:94] Episode 5640	average cumulative reward: -1.36
[INFO 2017-03-31 20:50:13,818 main.py:94] Episode 5650	average cumulative reward: -1.02
[INFO 2017-03-31 20:50:14,932 main.py:94] Episode 5660	average cumulative reward: -2.28
[INFO 2017-03-31 20:50:16,107 main.py:94] Episode 5670	average cumulative reward: -1.15
[INFO 2017-03-31 20:50:17,506 main.py:94] Episode 5680	average cumulative reward: -1.60
[INFO 2017-03-31 20:50:18,129 main.py:94] Episode 5690	average cumulative reward: -1.96
[INFO 2017-03-31 20:50:18,804 main.py:94] Episode 5700	average cumulative reward: -1.04
[INFO 2017-03-31 20:50:19,791 main.py:94] Episode 5710	average cumulative reward: -0.76
[INFO 2017-03-31 20:50:20,482 main.py:94] Episode 5720	average cumulative reward: -0.16
[INFO 2017-03-31 20:50:22,712 main.py:94] Episode 5730	average cumulative reward: -3.37
[INFO 2017-03-31 20:50:25,785 main.py:94] Episode 5740	average cumulative reward: -4.86
[INFO 2017-03-31 20:50:26,548 main.py:94] Episode 5750	average cumulative reward: -1.13
[INFO 2017-03-31 20:50:29,527 main.py:94] Episode 5760	average cumulative reward: -3.42
[INFO 2017-03-31 20:50:30,105 main.py:94] Episode 5770	average cumulative reward: -1.52
[INFO 2017-03-31 20:50:31,856 main.py:94] Episode 5780	average cumulative reward: -4.02
[INFO 2017-03-31 20:50:33,378 main.py:94] Episode 5790	average cumulative reward: -1.71
[INFO 2017-03-31 20:50:33,864 main.py:94] Episode 5800	average cumulative reward: -0.51
[INFO 2017-03-31 20:50:35,993 main.py:94] Episode 5810	average cumulative reward: -4.65
[INFO 2017-03-31 20:50:37,475 main.py:94] Episode 5820	average cumulative reward: -1.70
[INFO 2017-03-31 20:50:38,605 main.py:94] Episode 5830	average cumulative reward: -2.26
[INFO 2017-03-31 20:50:40,621 main.py:94] Episode 5840	average cumulative reward: -2.45
[INFO 2017-03-31 20:50:41,439 main.py:94] Episode 5850	average cumulative reward: -0.50
[INFO 2017-03-31 20:50:42,256 main.py:94] Episode 5860	average cumulative reward: -2.38
[INFO 2017-03-31 20:50:42,634 main.py:94] Episode 5870	average cumulative reward: 0.21
[INFO 2017-03-31 20:50:44,269 main.py:94] Episode 5880	average cumulative reward: -2.07
[INFO 2017-03-31 20:50:45,482 main.py:94] Episode 5890	average cumulative reward: -1.93
[INFO 2017-03-31 20:50:46,157 main.py:94] Episode 5900	average cumulative reward: -1.38
[INFO 2017-03-31 20:50:47,137 main.py:94] Episode 5910	average cumulative reward: -1.83
[INFO 2017-03-31 20:50:48,709 main.py:94] Episode 5920	average cumulative reward: -3.12
[INFO 2017-03-31 20:50:50,178 main.py:94] Episode 5930	average cumulative reward: -2.39
[INFO 2017-03-31 20:50:51,937 main.py:94] Episode 5940	average cumulative reward: -2.72
[INFO 2017-03-31 20:50:53,202 main.py:94] Episode 5950	average cumulative reward: -0.81
[INFO 2017-03-31 20:50:53,792 main.py:94] Episode 5960	average cumulative reward: -0.82
[INFO 2017-03-31 20:50:54,403 main.py:94] Episode 5970	average cumulative reward: -0.43
[INFO 2017-03-31 20:50:55,648 main.py:94] Episode 5980	average cumulative reward: -1.46
[INFO 2017-03-31 20:50:56,273 main.py:94] Episode 5990	average cumulative reward: -0.27
[INFO 2017-03-31 20:50:57,471 main.py:94] Episode 6000	average cumulative reward: -1.98
[INFO 2017-03-31 20:50:57,472 main.py:99] Episode 6000	saving model: 06000.pth
[INFO 2017-03-31 20:50:58,426 main.py:94] Episode 6010	average cumulative reward: -3.50
[INFO 2017-03-31 20:51:01,126 main.py:94] Episode 6020	average cumulative reward: -4.09
[INFO 2017-03-31 20:51:01,491 main.py:94] Episode 6030	average cumulative reward: 0.02
[INFO 2017-03-31 20:51:02,397 main.py:94] Episode 6040	average cumulative reward: -1.24
[INFO 2017-03-31 20:51:03,393 main.py:94] Episode 6050	average cumulative reward: -1.55
[INFO 2017-03-31 20:51:03,987 main.py:94] Episode 6060	average cumulative reward: -0.03
[INFO 2017-03-31 20:51:05,003 main.py:94] Episode 6070	average cumulative reward: -0.93
[INFO 2017-03-31 20:51:05,371 main.py:94] Episode 6080	average cumulative reward: -0.24
[INFO 2017-03-31 20:51:06,019 main.py:94] Episode 6090	average cumulative reward: -1.59
[INFO 2017-03-31 20:51:06,842 main.py:94] Episode 6100	average cumulative reward: -0.85
[INFO 2017-03-31 20:51:08,445 main.py:94] Episode 6110	average cumulative reward: -3.18
[INFO 2017-03-31 20:51:09,330 main.py:94] Episode 6120	average cumulative reward: -0.38
[INFO 2017-03-31 20:51:09,670 main.py:94] Episode 6130	average cumulative reward: -0.07
[INFO 2017-03-31 20:51:11,323 main.py:94] Episode 6140	average cumulative reward: -3.02
[INFO 2017-03-31 20:51:13,397 main.py:94] Episode 6150	average cumulative reward: -2.30
[INFO 2017-03-31 20:51:14,104 main.py:94] Episode 6160	average cumulative reward: -1.30
[INFO 2017-03-31 20:51:15,085 main.py:94] Episode 6170	average cumulative reward: -2.01
[INFO 2017-03-31 20:51:15,870 main.py:94] Episode 6180	average cumulative reward: -1.42
[INFO 2017-03-31 20:51:17,226 main.py:94] Episode 6190	average cumulative reward: -1.73
[INFO 2017-03-31 20:51:17,877 main.py:94] Episode 6200	average cumulative reward: -0.88
[INFO 2017-03-31 20:51:19,292 main.py:94] Episode 6210	average cumulative reward: -2.32
[INFO 2017-03-31 20:51:20,282 main.py:94] Episode 6220	average cumulative reward: -1.26
[INFO 2017-03-31 20:51:21,331 main.py:94] Episode 6230	average cumulative reward: -0.61
[INFO 2017-03-31 20:51:21,703 main.py:94] Episode 6240	average cumulative reward: -0.06
[INFO 2017-03-31 20:51:23,162 main.py:94] Episode 6250	average cumulative reward: -3.44
[INFO 2017-03-31 20:51:23,645 main.py:94] Episode 6260	average cumulative reward: -0.08
[INFO 2017-03-31 20:51:24,485 main.py:94] Episode 6270	average cumulative reward: -0.83
[INFO 2017-03-31 20:51:26,008 main.py:94] Episode 6280	average cumulative reward: -2.40
[INFO 2017-03-31 20:51:27,357 main.py:94] Episode 6290	average cumulative reward: -4.41
[INFO 2017-03-31 20:51:28,063 main.py:94] Episode 6300	average cumulative reward: -1.25
[INFO 2017-03-31 20:51:29,352 main.py:94] Episode 6310	average cumulative reward: -1.31
[INFO 2017-03-31 20:51:30,352 main.py:94] Episode 6320	average cumulative reward: -4.55
[INFO 2017-03-31 20:51:31,472 main.py:94] Episode 6330	average cumulative reward: -0.50
[INFO 2017-03-31 20:51:32,955 main.py:94] Episode 6340	average cumulative reward: -0.91
[INFO 2017-03-31 20:51:33,431 main.py:94] Episode 6350	average cumulative reward: -0.74
[INFO 2017-03-31 20:51:33,950 main.py:94] Episode 6360	average cumulative reward: -0.70
[INFO 2017-03-31 20:51:35,610 main.py:94] Episode 6370	average cumulative reward: -1.16
[INFO 2017-03-31 20:51:36,815 main.py:94] Episode 6380	average cumulative reward: -0.74
[INFO 2017-03-31 20:51:37,236 main.py:94] Episode 6390	average cumulative reward: -0.20
[INFO 2017-03-31 20:51:37,868 main.py:94] Episode 6400	average cumulative reward: -0.96
[INFO 2017-03-31 20:51:38,721 main.py:94] Episode 6410	average cumulative reward: -0.40
[INFO 2017-03-31 20:51:40,662 main.py:94] Episode 6420	average cumulative reward: -3.20
[INFO 2017-03-31 20:51:41,279 main.py:94] Episode 6430	average cumulative reward: -0.76
[INFO 2017-03-31 20:51:42,552 main.py:94] Episode 6440	average cumulative reward: -1.82
[INFO 2017-03-31 20:51:43,155 main.py:94] Episode 6450	average cumulative reward: -0.54
[INFO 2017-03-31 20:51:43,653 main.py:94] Episode 6460	average cumulative reward: 0.32
[INFO 2017-03-31 20:51:44,632 main.py:94] Episode 6470	average cumulative reward: -0.20
[INFO 2017-03-31 20:51:45,025 main.py:94] Episode 6480	average cumulative reward: -0.26
[INFO 2017-03-31 20:51:45,757 main.py:94] Episode 6490	average cumulative reward: -1.16
[INFO 2017-03-31 20:51:46,772 main.py:94] Episode 6500	average cumulative reward: -1.58
[INFO 2017-03-31 20:51:47,552 main.py:94] Episode 6510	average cumulative reward: -0.23
[INFO 2017-03-31 20:51:48,754 main.py:94] Episode 6520	average cumulative reward: -1.18
[INFO 2017-03-31 20:51:49,153 main.py:94] Episode 6530	average cumulative reward: -0.31
[INFO 2017-03-31 20:51:50,241 main.py:94] Episode 6540	average cumulative reward: -3.16
[INFO 2017-03-31 20:51:52,130 main.py:94] Episode 6550	average cumulative reward: -1.81
[INFO 2017-03-31 20:51:53,149 main.py:94] Episode 6560	average cumulative reward: -2.42
[INFO 2017-03-31 20:51:53,507 main.py:94] Episode 6570	average cumulative reward: -0.07
[INFO 2017-03-31 20:51:53,925 main.py:94] Episode 6580	average cumulative reward: -0.20
[INFO 2017-03-31 20:51:54,772 main.py:94] Episode 6590	average cumulative reward: -1.33
[INFO 2017-03-31 20:51:55,453 main.py:94] Episode 6600	average cumulative reward: -0.44
[INFO 2017-03-31 20:51:56,113 main.py:94] Episode 6610	average cumulative reward: -0.42
[INFO 2017-03-31 20:51:57,179 main.py:94] Episode 6620	average cumulative reward: -0.44
[INFO 2017-03-31 20:51:57,504 main.py:94] Episode 6630	average cumulative reward: -0.40
[INFO 2017-03-31 20:51:58,825 main.py:94] Episode 6640	average cumulative reward: -4.53
[INFO 2017-03-31 20:52:00,332 main.py:94] Episode 6650	average cumulative reward: -1.83
[INFO 2017-03-31 20:52:01,441 main.py:94] Episode 6660	average cumulative reward: -0.77
[INFO 2017-03-31 20:52:02,098 main.py:94] Episode 6670	average cumulative reward: -0.84
[INFO 2017-03-31 20:52:02,712 main.py:94] Episode 6680	average cumulative reward: -0.49
[INFO 2017-03-31 20:52:03,332 main.py:94] Episode 6690	average cumulative reward: 0.02
[INFO 2017-03-31 20:52:05,018 main.py:94] Episode 6700	average cumulative reward: -1.42
[INFO 2017-03-31 20:52:05,675 main.py:94] Episode 6710	average cumulative reward: -2.18
[INFO 2017-03-31 20:52:06,284 main.py:94] Episode 6720	average cumulative reward: -0.87
[INFO 2017-03-31 20:52:07,047 main.py:94] Episode 6730	average cumulative reward: -1.32
[INFO 2017-03-31 20:52:07,763 main.py:94] Episode 6740	average cumulative reward: -0.20
[INFO 2017-03-31 20:52:08,164 main.py:94] Episode 6750	average cumulative reward: 0.48
[INFO 2017-03-31 20:52:09,131 main.py:94] Episode 6760	average cumulative reward: -0.13
[INFO 2017-03-31 20:52:10,071 main.py:94] Episode 6770	average cumulative reward: -3.92
[INFO 2017-03-31 20:52:10,853 main.py:94] Episode 6780	average cumulative reward: -3.42
[INFO 2017-03-31 20:52:11,385 main.py:94] Episode 6790	average cumulative reward: -0.13
[INFO 2017-03-31 20:52:13,017 main.py:94] Episode 6800	average cumulative reward: -5.33
[INFO 2017-03-31 20:52:14,331 main.py:94] Episode 6810	average cumulative reward: -1.08
[INFO 2017-03-31 20:52:14,941 main.py:94] Episode 6820	average cumulative reward: -1.29
[INFO 2017-03-31 20:52:15,716 main.py:94] Episode 6830	average cumulative reward: -1.21
[INFO 2017-03-31 20:52:16,549 main.py:94] Episode 6840	average cumulative reward: -1.48
[INFO 2017-03-31 20:52:17,562 main.py:94] Episode 6850	average cumulative reward: -0.17
[INFO 2017-03-31 20:52:17,942 main.py:94] Episode 6860	average cumulative reward: 0.23
[INFO 2017-03-31 20:52:18,414 main.py:94] Episode 6870	average cumulative reward: -1.03
[INFO 2017-03-31 20:52:19,778 main.py:94] Episode 6880	average cumulative reward: -1.50
[INFO 2017-03-31 20:52:20,346 main.py:94] Episode 6890	average cumulative reward: -0.58
[INFO 2017-03-31 20:52:21,488 main.py:94] Episode 6900	average cumulative reward: -1.62
[INFO 2017-03-31 20:52:22,385 main.py:94] Episode 6910	average cumulative reward: -2.28
[INFO 2017-03-31 20:52:22,630 main.py:94] Episode 6920	average cumulative reward: 0.61
[INFO 2017-03-31 20:52:23,162 main.py:94] Episode 6930	average cumulative reward: -0.03
[INFO 2017-03-31 20:52:23,682 main.py:94] Episode 6940	average cumulative reward: 0.03
[INFO 2017-03-31 20:52:24,803 main.py:94] Episode 6950	average cumulative reward: -2.76
[INFO 2017-03-31 20:52:26,089 main.py:94] Episode 6960	average cumulative reward: -1.48
[INFO 2017-03-31 20:52:26,648 main.py:94] Episode 6970	average cumulative reward: -0.85
[INFO 2017-03-31 20:52:28,329 main.py:94] Episode 6980	average cumulative reward: -3.07
[INFO 2017-03-31 20:52:29,275 main.py:94] Episode 6990	average cumulative reward: -0.73
[INFO 2017-03-31 20:52:29,726 main.py:94] Episode 7000	average cumulative reward: -0.36
[INFO 2017-03-31 20:52:29,726 main.py:99] Episode 7000	saving model: 07000.pth
[INFO 2017-03-31 20:52:29,971 main.py:94] Episode 7010	average cumulative reward: 0.28
[INFO 2017-03-31 20:52:30,557 main.py:94] Episode 7020	average cumulative reward: -1.34
[INFO 2017-03-31 20:52:31,317 main.py:94] Episode 7030	average cumulative reward: -1.70
[INFO 2017-03-31 20:52:32,556 main.py:94] Episode 7040	average cumulative reward: -3.14
[INFO 2017-03-31 20:52:33,427 main.py:94] Episode 7050	average cumulative reward: -0.20
[INFO 2017-03-31 20:52:33,717 main.py:94] Episode 7060	average cumulative reward: -0.29
[INFO 2017-03-31 20:52:34,929 main.py:94] Episode 7070	average cumulative reward: -4.73
[INFO 2017-03-31 20:52:36,130 main.py:94] Episode 7080	average cumulative reward: -2.23
[INFO 2017-03-31 20:52:37,134 main.py:94] Episode 7090	average cumulative reward: -0.92
[INFO 2017-03-31 20:52:37,424 main.py:94] Episode 7100	average cumulative reward: 0.35
[INFO 2017-03-31 20:52:37,761 main.py:94] Episode 7110	average cumulative reward: -0.23
[INFO 2017-03-31 20:52:38,434 main.py:94] Episode 7120	average cumulative reward: -1.92
[INFO 2017-03-31 20:52:39,120 main.py:94] Episode 7130	average cumulative reward: -0.28
[INFO 2017-03-31 20:52:40,025 main.py:94] Episode 7140	average cumulative reward: -0.27
[INFO 2017-03-31 20:52:41,322 main.py:94] Episode 7150	average cumulative reward: -3.21
[INFO 2017-03-31 20:52:41,612 main.py:94] Episode 7160	average cumulative reward: -0.33
[INFO 2017-03-31 20:52:42,283 main.py:94] Episode 7170	average cumulative reward: -2.57
[INFO 2017-03-31 20:52:42,940 main.py:94] Episode 7180	average cumulative reward: -0.41
[INFO 2017-03-31 20:52:43,559 main.py:94] Episode 7190	average cumulative reward: -0.42
[INFO 2017-03-31 20:52:44,410 main.py:94] Episode 7200	average cumulative reward: -1.85
[INFO 2017-03-31 20:52:45,388 main.py:94] Episode 7210	average cumulative reward: -1.24
[INFO 2017-03-31 20:52:45,692 main.py:94] Episode 7220	average cumulative reward: -0.22
[INFO 2017-03-31 20:52:46,053 main.py:94] Episode 7230	average cumulative reward: -0.25
[INFO 2017-03-31 20:52:46,454 main.py:94] Episode 7240	average cumulative reward: -0.07
[INFO 2017-03-31 20:52:47,159 main.py:94] Episode 7250	average cumulative reward: -0.74
[INFO 2017-03-31 20:52:47,859 main.py:94] Episode 7260	average cumulative reward: -0.20
[INFO 2017-03-31 20:52:48,810 main.py:94] Episode 7270	average cumulative reward: -1.10
[INFO 2017-03-31 20:52:49,479 main.py:94] Episode 7280	average cumulative reward: -3.12
[INFO 2017-03-31 20:52:49,836 main.py:94] Episode 7290	average cumulative reward: -0.41
[INFO 2017-03-31 20:52:50,216 main.py:94] Episode 7300	average cumulative reward: -0.10
[INFO 2017-03-31 20:52:51,644 main.py:94] Episode 7310	average cumulative reward: -4.94
[INFO 2017-03-31 20:52:52,634 main.py:94] Episode 7320	average cumulative reward: -0.94
[INFO 2017-03-31 20:52:52,909 main.py:94] Episode 7330	average cumulative reward: 0.46
[INFO 2017-03-31 20:52:53,412 main.py:94] Episode 7340	average cumulative reward: -1.81
[INFO 2017-03-31 20:52:53,746 main.py:94] Episode 7350	average cumulative reward: 0.07
[INFO 2017-03-31 20:52:54,327 main.py:94] Episode 7360	average cumulative reward: -0.32
[INFO 2017-03-31 20:52:55,293 main.py:94] Episode 7370	average cumulative reward: -1.18
[INFO 2017-03-31 20:52:55,818 main.py:94] Episode 7380	average cumulative reward: 0.02
[INFO 2017-03-31 20:52:56,721 main.py:94] Episode 7390	average cumulative reward: -0.53
[INFO 2017-03-31 20:52:57,383 main.py:94] Episode 7400	average cumulative reward: -0.55
[INFO 2017-03-31 20:52:58,152 main.py:94] Episode 7410	average cumulative reward: -0.97
[INFO 2017-03-31 20:52:59,214 main.py:94] Episode 7420	average cumulative reward: -2.30
[INFO 2017-03-31 20:53:00,523 main.py:94] Episode 7430	average cumulative reward: -3.86
[INFO 2017-03-31 20:53:01,300 main.py:94] Episode 7440	average cumulative reward: -1.52
[INFO 2017-03-31 20:53:01,727 main.py:94] Episode 7450	average cumulative reward: -0.26
[INFO 2017-03-31 20:53:02,542 main.py:94] Episode 7460	average cumulative reward: -0.47
[INFO 2017-03-31 20:53:02,993 main.py:94] Episode 7470	average cumulative reward: -0.01
[INFO 2017-03-31 20:53:03,440 main.py:94] Episode 7480	average cumulative reward: 0.03
[INFO 2017-03-31 20:53:04,296 main.py:94] Episode 7490	average cumulative reward: -0.21
[INFO 2017-03-31 20:53:05,163 main.py:94] Episode 7500	average cumulative reward: -2.83
[INFO 2017-03-31 20:53:05,419 main.py:94] Episode 7510	average cumulative reward: 0.48
[INFO 2017-03-31 20:53:05,891 main.py:94] Episode 7520	average cumulative reward: 0.31
[INFO 2017-03-31 20:53:06,700 main.py:94] Episode 7530	average cumulative reward: -0.50
[INFO 2017-03-31 20:53:08,408 main.py:94] Episode 7540	average cumulative reward: -4.74
[INFO 2017-03-31 20:53:08,777 main.py:94] Episode 7550	average cumulative reward: -0.77
[INFO 2017-03-31 20:53:09,251 main.py:94] Episode 7560	average cumulative reward: -0.82
[INFO 2017-03-31 20:53:10,207 main.py:94] Episode 7570	average cumulative reward: -1.80
[INFO 2017-03-31 20:53:10,629 main.py:94] Episode 7580	average cumulative reward: 0.36
[INFO 2017-03-31 20:53:11,257 main.py:94] Episode 7590	average cumulative reward: -0.80
[INFO 2017-03-31 20:53:12,528 main.py:94] Episode 7600	average cumulative reward: -3.46
[INFO 2017-03-31 20:53:12,973 main.py:94] Episode 7610	average cumulative reward: -0.38
[INFO 2017-03-31 20:53:13,454 main.py:94] Episode 7620	average cumulative reward: -1.51
[INFO 2017-03-31 20:53:13,925 main.py:94] Episode 7630	average cumulative reward: 0.06
[INFO 2017-03-31 20:53:14,314 main.py:94] Episode 7640	average cumulative reward: 0.27
[INFO 2017-03-31 20:53:16,003 main.py:94] Episode 7650	average cumulative reward: -3.74
[INFO 2017-03-31 20:53:16,325 main.py:94] Episode 7660	average cumulative reward: 0.16
[INFO 2017-03-31 20:53:17,373 main.py:94] Episode 7670	average cumulative reward: -2.57
[INFO 2017-03-31 20:53:17,808 main.py:94] Episode 7680	average cumulative reward: 0.15
[INFO 2017-03-31 20:53:18,945 main.py:94] Episode 7690	average cumulative reward: -1.95
[INFO 2017-03-31 20:53:19,993 main.py:94] Episode 7700	average cumulative reward: -0.28
[INFO 2017-03-31 20:53:20,824 main.py:94] Episode 7710	average cumulative reward: -3.41
[INFO 2017-03-31 20:53:21,292 main.py:94] Episode 7720	average cumulative reward: -0.89
[INFO 2017-03-31 20:53:22,053 main.py:94] Episode 7730	average cumulative reward: -0.80
[INFO 2017-03-31 20:53:22,691 main.py:94] Episode 7740	average cumulative reward: -0.58
[INFO 2017-03-31 20:53:23,820 main.py:94] Episode 7750	average cumulative reward: -1.24
[INFO 2017-03-31 20:53:24,064 main.py:94] Episode 7760	average cumulative reward: 0.30
[INFO 2017-03-31 20:53:24,878 main.py:94] Episode 7770	average cumulative reward: -3.72
[INFO 2017-03-31 20:53:25,292 main.py:94] Episode 7780	average cumulative reward: -0.52
[INFO 2017-03-31 20:53:25,927 main.py:94] Episode 7790	average cumulative reward: -0.52
[INFO 2017-03-31 20:53:26,337 main.py:94] Episode 7800	average cumulative reward: 0.44
[INFO 2017-03-31 20:53:26,978 main.py:94] Episode 7810	average cumulative reward: -0.23
[INFO 2017-03-31 20:53:28,237 main.py:94] Episode 7820	average cumulative reward: -3.59
[INFO 2017-03-31 20:53:28,563 main.py:94] Episode 7830	average cumulative reward: -0.50
[INFO 2017-03-31 20:53:28,793 main.py:94] Episode 7840	average cumulative reward: 0.31
[INFO 2017-03-31 20:53:29,382 main.py:94] Episode 7850	average cumulative reward: -1.75
[INFO 2017-03-31 20:53:30,114 main.py:94] Episode 7860	average cumulative reward: -0.89
[INFO 2017-03-31 20:53:31,097 main.py:94] Episode 7870	average cumulative reward: -3.00
[INFO 2017-03-31 20:53:31,885 main.py:94] Episode 7880	average cumulative reward: 0.10
[INFO 2017-03-31 20:53:32,313 main.py:94] Episode 7890	average cumulative reward: -0.80
[INFO 2017-03-31 20:53:32,637 main.py:94] Episode 7900	average cumulative reward: -0.04
[INFO 2017-03-31 20:53:33,009 main.py:94] Episode 7910	average cumulative reward: -0.37
[INFO 2017-03-31 20:53:33,370 main.py:94] Episode 7920	average cumulative reward: -0.00
[INFO 2017-03-31 20:53:33,989 main.py:94] Episode 7930	average cumulative reward: -0.34
[INFO 2017-03-31 20:53:34,425 main.py:94] Episode 7940	average cumulative reward: 0.28
[INFO 2017-03-31 20:53:34,858 main.py:94] Episode 7950	average cumulative reward: -0.02
[INFO 2017-03-31 20:53:35,195 main.py:94] Episode 7960	average cumulative reward: 0.51
[INFO 2017-03-31 20:53:35,965 main.py:94] Episode 7970	average cumulative reward: -0.30
[INFO 2017-03-31 20:53:36,808 main.py:94] Episode 7980	average cumulative reward: -2.50
[INFO 2017-03-31 20:53:37,135 main.py:94] Episode 7990	average cumulative reward: 0.32
[INFO 2017-03-31 20:53:37,650 main.py:94] Episode 8000	average cumulative reward: -0.11
[INFO 2017-03-31 20:53:37,650 main.py:99] Episode 8000	saving model: 08000.pth
[INFO 2017-03-31 20:53:38,113 main.py:94] Episode 8010	average cumulative reward: 0.16
[INFO 2017-03-31 20:53:38,641 main.py:94] Episode 8020	average cumulative reward: -0.20
[INFO 2017-03-31 20:53:40,341 main.py:94] Episode 8030	average cumulative reward: -5.29
[INFO 2017-03-31 20:53:40,656 main.py:94] Episode 8040	average cumulative reward: -0.13
[INFO 2017-03-31 20:53:42,042 main.py:94] Episode 8050	average cumulative reward: -2.93
[INFO 2017-03-31 20:53:42,575 main.py:94] Episode 8060	average cumulative reward: -0.39
[INFO 2017-03-31 20:53:43,062 main.py:94] Episode 8070	average cumulative reward: -0.09
[INFO 2017-03-31 20:53:44,324 main.py:94] Episode 8080	average cumulative reward: -2.71
[INFO 2017-03-31 20:53:46,343 main.py:94] Episode 8090	average cumulative reward: -7.09
[INFO 2017-03-31 20:53:46,767 main.py:94] Episode 8100	average cumulative reward: 0.21
[INFO 2017-03-31 20:53:47,352 main.py:94] Episode 8110	average cumulative reward: 0.09
[INFO 2017-03-31 20:53:48,396 main.py:94] Episode 8120	average cumulative reward: -3.12
[INFO 2017-03-31 20:53:48,861 main.py:94] Episode 8130	average cumulative reward: -0.49
[INFO 2017-03-31 20:53:50,304 main.py:94] Episode 8140	average cumulative reward: -4.18
[INFO 2017-03-31 20:53:51,238 main.py:94] Episode 8150	average cumulative reward: -0.86
[INFO 2017-03-31 20:53:51,942 main.py:94] Episode 8160	average cumulative reward: 0.09
[INFO 2017-03-31 20:53:52,350 main.py:94] Episode 8170	average cumulative reward: -0.91
[INFO 2017-03-31 20:53:52,620 main.py:94] Episode 8180	average cumulative reward: 0.48
[INFO 2017-03-31 20:53:53,152 main.py:94] Episode 8190	average cumulative reward: -1.70
[INFO 2017-03-31 20:53:53,803 main.py:94] Episode 8200	average cumulative reward: -0.36
[INFO 2017-03-31 20:53:54,234 main.py:94] Episode 8210	average cumulative reward: 0.02
[INFO 2017-03-31 20:53:54,688 main.py:94] Episode 8220	average cumulative reward: 0.23
[INFO 2017-03-31 20:53:55,071 main.py:94] Episode 8230	average cumulative reward: 0.28
[INFO 2017-03-31 20:53:55,824 main.py:94] Episode 8240	average cumulative reward: 0.09
[INFO 2017-03-31 20:53:56,073 main.py:94] Episode 8250	average cumulative reward: 0.21
[INFO 2017-03-31 20:53:56,341 main.py:94] Episode 8260	average cumulative reward: -0.04
[INFO 2017-03-31 20:53:56,824 main.py:94] Episode 8270	average cumulative reward: -0.51
[INFO 2017-03-31 20:53:57,144 main.py:94] Episode 8280	average cumulative reward: 0.04
[INFO 2017-03-31 20:53:58,322 main.py:94] Episode 8290	average cumulative reward: -0.56
[INFO 2017-03-31 20:53:58,861 main.py:94] Episode 8300	average cumulative reward: -0.51
[INFO 2017-03-31 20:53:59,631 main.py:94] Episode 8310	average cumulative reward: -0.98
[INFO 2017-03-31 20:53:59,941 main.py:94] Episode 8320	average cumulative reward: 0.23
[INFO 2017-03-31 20:54:00,914 main.py:94] Episode 8330	average cumulative reward: -3.07
[INFO 2017-03-31 20:54:01,950 main.py:94] Episode 8340	average cumulative reward: -1.25
[INFO 2017-03-31 20:54:02,700 main.py:94] Episode 8350	average cumulative reward: -1.20
[INFO 2017-03-31 20:54:03,496 main.py:94] Episode 8360	average cumulative reward: -0.45
[INFO 2017-03-31 20:54:03,801 main.py:94] Episode 8370	average cumulative reward: -0.19
[INFO 2017-03-31 20:54:04,286 main.py:94] Episode 8380	average cumulative reward: -2.22
[INFO 2017-03-31 20:54:05,526 main.py:94] Episode 8390	average cumulative reward: -3.35
[INFO 2017-03-31 20:54:06,098 main.py:94] Episode 8400	average cumulative reward: -0.96
[INFO 2017-03-31 20:54:06,814 main.py:94] Episode 8410	average cumulative reward: -0.67
[INFO 2017-03-31 20:54:07,634 main.py:94] Episode 8420	average cumulative reward: -1.42
[INFO 2017-03-31 20:54:07,777 main.py:94] Episode 8430	average cumulative reward: 0.60
[INFO 2017-03-31 20:54:07,981 main.py:94] Episode 8440	average cumulative reward: 0.14
[INFO 2017-03-31 20:54:08,634 main.py:94] Episode 8450	average cumulative reward: -2.62
[INFO 2017-03-31 20:54:08,978 main.py:94] Episode 8460	average cumulative reward: 0.01
[INFO 2017-03-31 20:54:09,423 main.py:94] Episode 8470	average cumulative reward: 0.18
[INFO 2017-03-31 20:54:10,096 main.py:94] Episode 8480	average cumulative reward: -1.05
[INFO 2017-03-31 20:54:10,613 main.py:94] Episode 8490	average cumulative reward: 0.02
[INFO 2017-03-31 20:54:11,459 main.py:94] Episode 8500	average cumulative reward: -0.32
[INFO 2017-03-31 20:54:11,827 main.py:94] Episode 8510	average cumulative reward: -0.37
[INFO 2017-03-31 20:54:12,355 main.py:94] Episode 8520	average cumulative reward: -1.79
[INFO 2017-03-31 20:54:12,818 main.py:94] Episode 8530	average cumulative reward: -0.87
[INFO 2017-03-31 20:54:13,080 main.py:94] Episode 8540	average cumulative reward: 0.35
[INFO 2017-03-31 20:54:13,561 main.py:94] Episode 8550	average cumulative reward: -0.14
[INFO 2017-03-31 20:54:16,400 main.py:94] Episode 8560	average cumulative reward: -10.61
[INFO 2017-03-31 20:54:16,726 main.py:94] Episode 8570	average cumulative reward: 0.03
[INFO 2017-03-31 20:54:17,030 main.py:94] Episode 8580	average cumulative reward: -0.03
[INFO 2017-03-31 20:54:17,566 main.py:94] Episode 8590	average cumulative reward: 0.00
[INFO 2017-03-31 20:54:18,491 main.py:94] Episode 8600	average cumulative reward: -2.44
[INFO 2017-03-31 20:54:19,848 main.py:94] Episode 8610	average cumulative reward: -4.27
[INFO 2017-03-31 20:54:20,092 main.py:94] Episode 8620	average cumulative reward: -0.20
[INFO 2017-03-31 20:54:20,426 main.py:94] Episode 8630	average cumulative reward: -0.02
[INFO 2017-03-31 20:54:21,650 main.py:94] Episode 8640	average cumulative reward: -3.74
[INFO 2017-03-31 20:54:22,718 main.py:94] Episode 8650	average cumulative reward: -1.55
[INFO 2017-03-31 20:54:23,953 main.py:94] Episode 8660	average cumulative reward: -1.67
[INFO 2017-03-31 20:54:24,276 main.py:94] Episode 8670	average cumulative reward: 0.05
[INFO 2017-03-31 20:54:24,661 main.py:94] Episode 8680	average cumulative reward: -0.03
[INFO 2017-03-31 20:54:25,808 main.py:94] Episode 8690	average cumulative reward: -0.41
[INFO 2017-03-31 20:54:26,262 main.py:94] Episode 8700	average cumulative reward: 0.28
[INFO 2017-03-31 20:54:26,833 main.py:94] Episode 8710	average cumulative reward: -0.17
[INFO 2017-03-31 20:54:27,554 main.py:94] Episode 8720	average cumulative reward: 0.20
[INFO 2017-03-31 20:54:27,767 main.py:94] Episode 8730	average cumulative reward: -0.09
[INFO 2017-03-31 20:54:28,419 main.py:94] Episode 8740	average cumulative reward: -2.43
[INFO 2017-03-31 20:54:30,174 main.py:94] Episode 8750	average cumulative reward: -5.85
[INFO 2017-03-31 20:54:30,682 main.py:94] Episode 8760	average cumulative reward: 0.08
[INFO 2017-03-31 20:54:31,586 main.py:94] Episode 8770	average cumulative reward: -1.35
[INFO 2017-03-31 20:54:31,811 main.py:94] Episode 8780	average cumulative reward: 0.29
[INFO 2017-03-31 20:54:32,071 main.py:94] Episode 8790	average cumulative reward: 0.15
[INFO 2017-03-31 20:54:33,185 main.py:94] Episode 8800	average cumulative reward: -2.74
[INFO 2017-03-31 20:54:34,011 main.py:94] Episode 8810	average cumulative reward: -2.01
[INFO 2017-03-31 20:54:35,883 main.py:94] Episode 8820	average cumulative reward: -3.76
[INFO 2017-03-31 20:54:36,294 main.py:94] Episode 8830	average cumulative reward: -0.62
[INFO 2017-03-31 20:54:36,656 main.py:94] Episode 8840	average cumulative reward: 0.09
[INFO 2017-03-31 20:54:37,307 main.py:94] Episode 8850	average cumulative reward: 0.08
[INFO 2017-03-31 20:54:38,338 main.py:94] Episode 8860	average cumulative reward: -2.32
[INFO 2017-03-31 20:54:39,673 main.py:94] Episode 8870	average cumulative reward: -4.82
[INFO 2017-03-31 20:54:40,073 main.py:94] Episode 8880	average cumulative reward: -0.47
[INFO 2017-03-31 20:54:40,557 main.py:94] Episode 8890	average cumulative reward: -0.58
[INFO 2017-03-31 20:54:41,592 main.py:94] Episode 8900	average cumulative reward: -2.72
[INFO 2017-03-31 20:54:42,201 main.py:94] Episode 8910	average cumulative reward: -0.46
[INFO 2017-03-31 20:54:43,869 main.py:94] Episode 8920	average cumulative reward: -6.14
[INFO 2017-03-31 20:54:45,062 main.py:94] Episode 8930	average cumulative reward: -2.19
[INFO 2017-03-31 20:54:46,526 main.py:94] Episode 8940	average cumulative reward: -1.74
[INFO 2017-03-31 20:54:47,344 main.py:94] Episode 8950	average cumulative reward: -0.35
[INFO 2017-03-31 20:54:47,713 main.py:94] Episode 8960	average cumulative reward: -0.08
[INFO 2017-03-31 20:54:48,117 main.py:94] Episode 8970	average cumulative reward: -0.21
[INFO 2017-03-31 20:54:48,406 main.py:94] Episode 8980	average cumulative reward: 0.15
[INFO 2017-03-31 20:54:48,959 main.py:94] Episode 8990	average cumulative reward: 0.06
[INFO 2017-03-31 20:54:49,437 main.py:94] Episode 9000	average cumulative reward: -0.01
[INFO 2017-03-31 20:54:49,437 main.py:99] Episode 9000	saving model: 09000.pth
[INFO 2017-03-31 20:54:50,740 main.py:94] Episode 9010	average cumulative reward: -3.23
[INFO 2017-03-31 20:54:51,239 main.py:94] Episode 9020	average cumulative reward: 0.13
[INFO 2017-03-31 20:54:51,506 main.py:94] Episode 9030	average cumulative reward: -0.19
[INFO 2017-03-31 20:54:51,673 main.py:94] Episode 9040	average cumulative reward: 0.46
[INFO 2017-03-31 20:54:52,038 main.py:94] Episode 9050	average cumulative reward: 0.02
[INFO 2017-03-31 20:54:52,535 main.py:94] Episode 9060	average cumulative reward: -1.03
[INFO 2017-03-31 20:54:53,831 main.py:94] Episode 9070	average cumulative reward: -3.58
[INFO 2017-03-31 20:54:54,251 main.py:94] Episode 9080	average cumulative reward: -0.21
[INFO 2017-03-31 20:54:54,947 main.py:94] Episode 9090	average cumulative reward: 0.21
[INFO 2017-03-31 20:54:55,253 main.py:94] Episode 9100	average cumulative reward: 0.00
[INFO 2017-03-31 20:54:55,467 main.py:94] Episode 9110	average cumulative reward: 0.46
[INFO 2017-03-31 20:54:55,751 main.py:94] Episode 9120	average cumulative reward: 0.12
[INFO 2017-03-31 20:54:56,111 main.py:94] Episode 9130	average cumulative reward: 0.19
[INFO 2017-03-31 20:54:56,608 main.py:94] Episode 9140	average cumulative reward: -0.10
[INFO 2017-03-31 20:54:57,118 main.py:94] Episode 9150	average cumulative reward: -0.23
[INFO 2017-03-31 20:54:57,674 main.py:94] Episode 9160	average cumulative reward: -0.31
[INFO 2017-03-31 20:54:58,136 main.py:94] Episode 9170	average cumulative reward: 0.12
[INFO 2017-03-31 20:54:58,806 main.py:94] Episode 9180	average cumulative reward: -0.18
[INFO 2017-03-31 20:54:59,827 main.py:94] Episode 9190	average cumulative reward: -4.82
[INFO 2017-03-31 20:55:00,423 main.py:94] Episode 9200	average cumulative reward: -1.31
[INFO 2017-03-31 20:55:00,846 main.py:94] Episode 9210	average cumulative reward: 0.31
[INFO 2017-03-31 20:55:02,571 main.py:94] Episode 9220	average cumulative reward: -3.79
[INFO 2017-03-31 20:55:03,205 main.py:94] Episode 9230	average cumulative reward: -2.18
[INFO 2017-03-31 20:55:03,790 main.py:94] Episode 9240	average cumulative reward: -2.45
[INFO 2017-03-31 20:55:04,018 main.py:94] Episode 9250	average cumulative reward: 0.50
[INFO 2017-03-31 20:55:04,640 main.py:94] Episode 9260	average cumulative reward: -1.01
[INFO 2017-03-31 20:55:05,799 main.py:94] Episode 9270	average cumulative reward: -3.35
[INFO 2017-03-31 20:55:06,452 main.py:94] Episode 9280	average cumulative reward: 0.28
[INFO 2017-03-31 20:55:07,143 main.py:94] Episode 9290	average cumulative reward: -2.08
[INFO 2017-03-31 20:55:07,387 main.py:94] Episode 9300	average cumulative reward: 0.38
[INFO 2017-03-31 20:55:07,729 main.py:94] Episode 9310	average cumulative reward: -0.08
[INFO 2017-03-31 20:55:07,966 main.py:94] Episode 9320	average cumulative reward: 0.47
[INFO 2017-03-31 20:55:08,631 main.py:94] Episode 9330	average cumulative reward: -1.03
[INFO 2017-03-31 20:55:09,411 main.py:94] Episode 9340	average cumulative reward: -1.76
[INFO 2017-03-31 20:55:09,911 main.py:94] Episode 9350	average cumulative reward: 0.19
[INFO 2017-03-31 20:55:10,717 main.py:94] Episode 9360	average cumulative reward: -0.08
[INFO 2017-03-31 20:55:11,060 main.py:94] Episode 9370	average cumulative reward: -0.02
[INFO 2017-03-31 20:55:11,299 main.py:94] Episode 9380	average cumulative reward: 0.25
[INFO 2017-03-31 20:55:11,735 main.py:94] Episode 9390	average cumulative reward: -0.76
[INFO 2017-03-31 20:55:12,969 main.py:94] Episode 9400	average cumulative reward: -2.80
[INFO 2017-03-31 20:55:13,448 main.py:94] Episode 9410	average cumulative reward: 0.15
[INFO 2017-03-31 20:55:14,865 main.py:94] Episode 9420	average cumulative reward: -4.40
[INFO 2017-03-31 20:55:15,113 main.py:94] Episode 9430	average cumulative reward: 0.23
[INFO 2017-03-31 20:55:15,863 main.py:94] Episode 9440	average cumulative reward: -2.40
[INFO 2017-03-31 20:55:16,305 main.py:94] Episode 9450	average cumulative reward: -1.06
[INFO 2017-03-31 20:55:16,766 main.py:94] Episode 9460	average cumulative reward: 0.32
[INFO 2017-03-31 20:55:17,167 main.py:94] Episode 9470	average cumulative reward: 0.26
[INFO 2017-03-31 20:55:17,624 main.py:94] Episode 9480	average cumulative reward: -0.07
[INFO 2017-03-31 20:55:18,057 main.py:94] Episode 9490	average cumulative reward: -0.23
[INFO 2017-03-31 20:55:19,005 main.py:94] Episode 9500	average cumulative reward: -1.45
[INFO 2017-03-31 20:55:19,261 main.py:94] Episode 9510	average cumulative reward: 0.34
[INFO 2017-03-31 20:55:19,774 main.py:94] Episode 9520	average cumulative reward: -1.71
[INFO 2017-03-31 20:55:20,603 main.py:94] Episode 9530	average cumulative reward: -2.34
[INFO 2017-03-31 20:55:21,736 main.py:94] Episode 9540	average cumulative reward: -3.49
[INFO 2017-03-31 20:55:22,566 main.py:94] Episode 9550	average cumulative reward: -0.04
[INFO 2017-03-31 20:55:22,917 main.py:94] Episode 9560	average cumulative reward: -0.14
[INFO 2017-03-31 20:55:23,252 main.py:94] Episode 9570	average cumulative reward: -0.60
[INFO 2017-03-31 20:55:23,784 main.py:94] Episode 9580	average cumulative reward: -1.88
[INFO 2017-03-31 20:55:25,123 main.py:94] Episode 9590	average cumulative reward: -3.54
[INFO 2017-03-31 20:55:25,768 main.py:94] Episode 9600	average cumulative reward: -0.17
[INFO 2017-03-31 20:55:26,885 main.py:94] Episode 9610	average cumulative reward: -4.01
[INFO 2017-03-31 20:55:27,415 main.py:94] Episode 9620	average cumulative reward: -1.66
[INFO 2017-03-31 20:55:28,487 main.py:94] Episode 9630	average cumulative reward: -3.56
[INFO 2017-03-31 20:55:29,062 main.py:94] Episode 9640	average cumulative reward: -0.30
[INFO 2017-03-31 20:55:30,210 main.py:94] Episode 9650	average cumulative reward: -1.76
[INFO 2017-03-31 20:55:30,675 main.py:94] Episode 9660	average cumulative reward: -0.69
[INFO 2017-03-31 20:55:31,040 main.py:94] Episode 9670	average cumulative reward: -0.89
[INFO 2017-03-31 20:55:31,324 main.py:94] Episode 9680	average cumulative reward: 0.35
[INFO 2017-03-31 20:55:31,608 main.py:94] Episode 9690	average cumulative reward: 0.16
[INFO 2017-03-31 20:55:32,217 main.py:94] Episode 9700	average cumulative reward: -0.89
[INFO 2017-03-31 20:55:32,644 main.py:94] Episode 9710	average cumulative reward: 0.09
[INFO 2017-03-31 20:55:33,027 main.py:94] Episode 9720	average cumulative reward: 0.41
[INFO 2017-03-31 20:55:33,376 main.py:94] Episode 9730	average cumulative reward: 0.36
[INFO 2017-03-31 20:55:34,237 main.py:94] Episode 9740	average cumulative reward: -0.76
[INFO 2017-03-31 20:55:34,706 main.py:94] Episode 9750	average cumulative reward: -1.34
[INFO 2017-03-31 20:55:34,890 main.py:94] Episode 9760	average cumulative reward: 0.19
[INFO 2017-03-31 20:55:35,350 main.py:94] Episode 9770	average cumulative reward: -1.01
[INFO 2017-03-31 20:55:36,474 main.py:94] Episode 9780	average cumulative reward: -4.61
[INFO 2017-03-31 20:55:36,964 main.py:94] Episode 9790	average cumulative reward: -0.25
[INFO 2017-03-31 20:55:38,331 main.py:94] Episode 9800	average cumulative reward: -2.97
[INFO 2017-03-31 20:55:38,583 main.py:94] Episode 9810	average cumulative reward: 0.02
[INFO 2017-03-31 20:55:38,927 main.py:94] Episode 9820	average cumulative reward: -0.72
[INFO 2017-03-31 20:55:39,204 main.py:94] Episode 9830	average cumulative reward: 0.29
[INFO 2017-03-31 20:55:39,482 main.py:94] Episode 9840	average cumulative reward: 0.19
[INFO 2017-03-31 20:55:39,844 main.py:94] Episode 9850	average cumulative reward: -0.06
[INFO 2017-03-31 20:55:40,427 main.py:94] Episode 9860	average cumulative reward: -0.41
[INFO 2017-03-31 20:55:40,823 main.py:94] Episode 9870	average cumulative reward: 0.31
[INFO 2017-03-31 20:55:41,234 main.py:94] Episode 9880	average cumulative reward: 0.00
[INFO 2017-03-31 20:55:42,572 main.py:94] Episode 9890	average cumulative reward: -1.53
[INFO 2017-03-31 20:55:43,844 main.py:94] Episode 9900	average cumulative reward: -2.78
[INFO 2017-03-31 20:55:44,624 main.py:94] Episode 9910	average cumulative reward: -0.61
[INFO 2017-03-31 20:55:45,223 main.py:94] Episode 9920	average cumulative reward: -0.19
[INFO 2017-03-31 20:55:46,003 main.py:94] Episode 9930	average cumulative reward: -0.13
[INFO 2017-03-31 20:55:46,490 main.py:94] Episode 9940	average cumulative reward: -0.93
[INFO 2017-03-31 20:55:46,709 main.py:94] Episode 9950	average cumulative reward: 0.27
[INFO 2017-03-31 20:55:46,958 main.py:94] Episode 9960	average cumulative reward: 0.49
[INFO 2017-03-31 20:55:47,228 main.py:94] Episode 9970	average cumulative reward: 0.32
[INFO 2017-03-31 20:55:47,818 main.py:94] Episode 9980	average cumulative reward: -1.33
[INFO 2017-03-31 20:55:48,278 main.py:94] Episode 9990	average cumulative reward: 0.21
