[INFO 2017-03-30 11:15:20,150 main.py:39] Namespace(batch_size=64, discount_factor=0.99, ego_centric=False, gamma=0.99, gpu_id=1, image_block_size=64, init_model='', keep_command=False, learn_start=0, learning_rate=0.001, log_dir='./log', log_interval=10, map_config='empty_ground.json', max_episode_length=100, method='reinforce', num_games=10000, opt_method='adam', pause_screen=False, render=False, replay_memory_size=100000, save_dir='./models', save_interval=1000, seed=432, show_frame=False, single_word=False, teacher_type='NAVI_GOAL', test=False, train=True, use_gpu=False, visible_radius_unit=1)
[INFO 2017-03-30 11:15:20,150 xworld_utils.py:18] loading item list
[INFO 2017-03-30 11:15:20,151 xworld_utils.py:26] finish loading item list
[INFO 2017-03-30 11:15:20,151 xworld_utils.py:31] loading item images
[INFO 2017-03-30 11:15:20,230 xworld_utils.py:42] finish loading item images
[INFO 2017-03-30 11:15:20,230 xworld_map.py:30] loading empty_ground.json
[INFO 2017-03-30 11:15:20,231 xworld_map.py:45] finish loading empty_ground.json
[INFO 2017-03-30 11:15:20,237 main.py:65] training
[INFO 2017-03-30 11:15:20,391 main.py:86] Episode 0	average cumulative reward: -2.10
[INFO 2017-03-30 11:15:20,392 main.py:91] Episode 0	saving model: 00000.pth
[INFO 2017-03-30 11:15:24,227 main.py:86] Episode 10	average cumulative reward: -8.41
[INFO 2017-03-30 11:15:25,988 main.py:86] Episode 20	average cumulative reward: -3.37
[INFO 2017-03-30 11:15:29,108 main.py:86] Episode 30	average cumulative reward: -5.72
[INFO 2017-03-30 11:15:31,916 main.py:86] Episode 40	average cumulative reward: -4.86
[INFO 2017-03-30 11:15:35,806 main.py:86] Episode 50	average cumulative reward: -6.89
[INFO 2017-03-30 11:15:38,167 main.py:86] Episode 60	average cumulative reward: -4.29
[INFO 2017-03-30 11:15:39,814 main.py:86] Episode 70	average cumulative reward: -2.36
[INFO 2017-03-30 11:15:41,849 main.py:86] Episode 80	average cumulative reward: -4.02
[INFO 2017-03-30 11:15:44,337 main.py:86] Episode 90	average cumulative reward: -4.31
[INFO 2017-03-30 11:15:46,857 main.py:86] Episode 100	average cumulative reward: -4.15
[INFO 2017-03-30 11:15:49,557 main.py:86] Episode 110	average cumulative reward: -4.43
[INFO 2017-03-30 11:15:52,216 main.py:86] Episode 120	average cumulative reward: -3.53
[INFO 2017-03-30 11:15:55,409 main.py:86] Episode 130	average cumulative reward: -4.47
[INFO 2017-03-30 11:15:59,531 main.py:86] Episode 140	average cumulative reward: -4.46
[INFO 2017-03-30 11:16:00,761 main.py:86] Episode 150	average cumulative reward: -2.05
[INFO 2017-03-30 11:16:02,556 main.py:86] Episode 160	average cumulative reward: -3.55
[INFO 2017-03-30 11:16:06,346 main.py:86] Episode 170	average cumulative reward: -6.30
[INFO 2017-03-30 11:16:07,734 main.py:86] Episode 180	average cumulative reward: -2.72
[INFO 2017-03-30 11:16:10,816 main.py:86] Episode 190	average cumulative reward: -4.59
[INFO 2017-03-30 11:16:13,207 main.py:86] Episode 200	average cumulative reward: -4.86
[INFO 2017-03-30 11:16:14,733 main.py:86] Episode 210	average cumulative reward: -3.28
[INFO 2017-03-30 11:16:16,756 main.py:86] Episode 220	average cumulative reward: -3.78
[INFO 2017-03-30 11:16:19,001 main.py:86] Episode 230	average cumulative reward: -3.65
[INFO 2017-03-30 11:16:21,599 main.py:86] Episode 240	average cumulative reward: -4.02
[INFO 2017-03-30 11:16:22,862 main.py:86] Episode 250	average cumulative reward: -2.61
[INFO 2017-03-30 11:16:25,799 main.py:86] Episode 260	average cumulative reward: -5.00
[INFO 2017-03-30 11:16:28,583 main.py:86] Episode 270	average cumulative reward: -4.17
[INFO 2017-03-30 11:16:30,189 main.py:86] Episode 280	average cumulative reward: -1.65
[INFO 2017-03-30 11:16:32,561 main.py:86] Episode 290	average cumulative reward: -3.19
[INFO 2017-03-30 11:16:35,650 main.py:86] Episode 300	average cumulative reward: -5.50
[INFO 2017-03-30 11:16:38,071 main.py:86] Episode 310	average cumulative reward: -5.15
[INFO 2017-03-30 11:16:40,258 main.py:86] Episode 320	average cumulative reward: -4.64
[INFO 2017-03-30 11:16:43,289 main.py:86] Episode 330	average cumulative reward: -5.47
[INFO 2017-03-30 11:16:45,498 main.py:86] Episode 340	average cumulative reward: -4.26
[INFO 2017-03-30 11:16:48,579 main.py:86] Episode 350	average cumulative reward: -5.60
[INFO 2017-03-30 11:16:50,425 main.py:86] Episode 360	average cumulative reward: -3.52
[INFO 2017-03-30 11:16:51,919 main.py:86] Episode 370	average cumulative reward: -2.65
[INFO 2017-03-30 11:16:53,724 main.py:86] Episode 380	average cumulative reward: -2.60
[INFO 2017-03-30 11:16:54,609 main.py:86] Episode 390	average cumulative reward: -1.50
[INFO 2017-03-30 11:16:56,347 main.py:86] Episode 400	average cumulative reward: -3.43
[INFO 2017-03-30 11:16:58,279 main.py:86] Episode 410	average cumulative reward: -3.50
[INFO 2017-03-30 11:16:59,703 main.py:86] Episode 420	average cumulative reward: -2.52
[INFO 2017-03-30 11:17:01,135 main.py:86] Episode 430	average cumulative reward: -2.09
[INFO 2017-03-30 11:17:03,197 main.py:86] Episode 440	average cumulative reward: -3.49
[INFO 2017-03-30 11:17:03,993 main.py:86] Episode 450	average cumulative reward: -0.56
[INFO 2017-03-30 11:17:05,900 main.py:86] Episode 460	average cumulative reward: -2.06
[INFO 2017-03-30 11:17:07,498 main.py:86] Episode 470	average cumulative reward: -1.95
[INFO 2017-03-30 11:17:08,870 main.py:86] Episode 480	average cumulative reward: -1.99
[INFO 2017-03-30 11:17:09,720 main.py:86] Episode 490	average cumulative reward: -0.84
[INFO 2017-03-30 11:17:10,682 main.py:86] Episode 500	average cumulative reward: -1.09
[INFO 2017-03-30 11:17:11,207 main.py:86] Episode 510	average cumulative reward: -0.54
[INFO 2017-03-30 11:17:11,604 main.py:86] Episode 520	average cumulative reward: -0.49
[INFO 2017-03-30 11:17:12,026 main.py:86] Episode 530	average cumulative reward: -0.60
[INFO 2017-03-30 11:17:12,641 main.py:86] Episode 540	average cumulative reward: -0.05
[INFO 2017-03-30 11:17:13,215 main.py:86] Episode 550	average cumulative reward: -0.82
[INFO 2017-03-30 11:17:13,503 main.py:86] Episode 560	average cumulative reward: 0.53
[INFO 2017-03-30 11:17:13,939 main.py:86] Episode 570	average cumulative reward: 0.13
[INFO 2017-03-30 11:17:14,291 main.py:86] Episode 580	average cumulative reward: 0.13
[INFO 2017-03-30 11:17:14,472 main.py:86] Episode 590	average cumulative reward: 0.59
[INFO 2017-03-30 11:17:15,104 main.py:86] Episode 600	average cumulative reward: -0.51
[INFO 2017-03-30 11:17:15,379 main.py:86] Episode 610	average cumulative reward: 0.62
[INFO 2017-03-30 11:17:16,430 main.py:86] Episode 620	average cumulative reward: -1.65
[INFO 2017-03-30 11:17:16,829 main.py:86] Episode 630	average cumulative reward: -0.13
[INFO 2017-03-30 11:17:17,658 main.py:86] Episode 640	average cumulative reward: -2.12
[INFO 2017-03-30 11:17:18,154 main.py:86] Episode 650	average cumulative reward: -1.60
[INFO 2017-03-30 11:17:18,356 main.py:86] Episode 660	average cumulative reward: 0.45
[INFO 2017-03-30 11:17:18,580 main.py:86] Episode 670	average cumulative reward: 0.45
[INFO 2017-03-30 11:17:18,868 main.py:86] Episode 680	average cumulative reward: 0.28
[INFO 2017-03-30 11:17:19,159 main.py:86] Episode 690	average cumulative reward: 0.35
[INFO 2017-03-30 11:17:19,565 main.py:86] Episode 700	average cumulative reward: -0.01
[INFO 2017-03-30 11:17:20,136 main.py:86] Episode 710	average cumulative reward: 0.14
[INFO 2017-03-30 11:17:21,085 main.py:86] Episode 720	average cumulative reward: -2.84
[INFO 2017-03-30 11:17:21,331 main.py:86] Episode 730	average cumulative reward: -0.07
[INFO 2017-03-30 11:17:21,536 main.py:86] Episode 740	average cumulative reward: 0.40
[INFO 2017-03-30 11:17:22,166 main.py:86] Episode 750	average cumulative reward: -1.80
[INFO 2017-03-30 11:17:22,627 main.py:86] Episode 760	average cumulative reward: -0.59
[INFO 2017-03-30 11:17:23,012 main.py:86] Episode 770	average cumulative reward: 0.01
[INFO 2017-03-30 11:17:23,307 main.py:86] Episode 780	average cumulative reward: 0.52
[INFO 2017-03-30 11:17:23,639 main.py:86] Episode 790	average cumulative reward: -0.14
[INFO 2017-03-30 11:17:23,812 main.py:86] Episode 800	average cumulative reward: 0.75
[INFO 2017-03-30 11:17:24,394 main.py:86] Episode 810	average cumulative reward: -1.90
[INFO 2017-03-30 11:17:24,882 main.py:86] Episode 820	average cumulative reward: -0.38
[INFO 2017-03-30 11:17:25,537 main.py:86] Episode 830	average cumulative reward: -3.24
[INFO 2017-03-30 11:17:25,827 main.py:86] Episode 840	average cumulative reward: 0.19
[INFO 2017-03-30 11:17:26,132 main.py:86] Episode 850	average cumulative reward: 0.03
[INFO 2017-03-30 11:17:26,935 main.py:86] Episode 860	average cumulative reward: -2.78
[INFO 2017-03-30 11:17:27,968 main.py:86] Episode 870	average cumulative reward: -2.18
[INFO 2017-03-30 11:17:28,870 main.py:86] Episode 880	average cumulative reward: -1.49
[INFO 2017-03-30 11:17:29,859 main.py:86] Episode 890	average cumulative reward: 0.06
[INFO 2017-03-30 11:17:30,712 main.py:86] Episode 900	average cumulative reward: -0.64
[INFO 2017-03-30 11:17:30,956 main.py:86] Episode 910	average cumulative reward: 0.33
[INFO 2017-03-30 11:17:31,563 main.py:86] Episode 920	average cumulative reward: -3.00
[INFO 2017-03-30 11:17:31,908 main.py:86] Episode 930	average cumulative reward: 0.39
[INFO 2017-03-30 11:17:32,428 main.py:86] Episode 940	average cumulative reward: -0.38
[INFO 2017-03-30 11:17:32,748 main.py:86] Episode 950	average cumulative reward: -0.37
[INFO 2017-03-30 11:17:33,205 main.py:86] Episode 960	average cumulative reward: 0.15
[INFO 2017-03-30 11:17:33,396 main.py:86] Episode 970	average cumulative reward: 0.46
[INFO 2017-03-30 11:17:33,650 main.py:86] Episode 980	average cumulative reward: 0.59
[INFO 2017-03-30 11:17:33,943 main.py:86] Episode 990	average cumulative reward: 0.51
[INFO 2017-03-30 11:17:34,325 main.py:86] Episode 1000	average cumulative reward: 0.22
[INFO 2017-03-30 11:17:34,327 main.py:91] Episode 1000	saving model: 01000.pth
[INFO 2017-03-30 11:17:35,341 main.py:86] Episode 1010	average cumulative reward: -3.20
[INFO 2017-03-30 11:17:35,673 main.py:86] Episode 1020	average cumulative reward: 0.27
[INFO 2017-03-30 11:17:35,893 main.py:86] Episode 1030	average cumulative reward: 0.58
[INFO 2017-03-30 11:17:36,563 main.py:86] Episode 1040	average cumulative reward: -0.86
[INFO 2017-03-30 11:17:37,149 main.py:86] Episode 1050	average cumulative reward: 0.36
[INFO 2017-03-30 11:17:37,511 main.py:86] Episode 1060	average cumulative reward: 0.48
[INFO 2017-03-30 11:17:37,731 main.py:86] Episode 1070	average cumulative reward: 0.46
[INFO 2017-03-30 11:17:38,047 main.py:86] Episode 1080	average cumulative reward: 0.37
[INFO 2017-03-30 11:17:38,680 main.py:86] Episode 1090	average cumulative reward: -1.09
[INFO 2017-03-30 11:17:39,015 main.py:86] Episode 1100	average cumulative reward: 0.22
[INFO 2017-03-30 11:17:39,417 main.py:86] Episode 1110	average cumulative reward: -0.12
[INFO 2017-03-30 11:17:40,496 main.py:86] Episode 1120	average cumulative reward: -4.10
[INFO 2017-03-30 11:17:40,711 main.py:86] Episode 1130	average cumulative reward: 0.48
[INFO 2017-03-30 11:17:41,048 main.py:86] Episode 1140	average cumulative reward: 0.29
[INFO 2017-03-30 11:17:42,058 main.py:86] Episode 1150	average cumulative reward: -3.56
[INFO 2017-03-30 11:17:42,382 main.py:86] Episode 1160	average cumulative reward: 0.33
[INFO 2017-03-30 11:17:42,818 main.py:86] Episode 1170	average cumulative reward: 0.29
[INFO 2017-03-30 11:17:43,231 main.py:86] Episode 1180	average cumulative reward: -0.01
[INFO 2017-03-30 11:17:43,611 main.py:86] Episode 1190	average cumulative reward: 0.51
[INFO 2017-03-30 11:17:43,962 main.py:86] Episode 1200	average cumulative reward: -0.24
[INFO 2017-03-30 11:17:44,134 main.py:86] Episode 1210	average cumulative reward: 0.66
[INFO 2017-03-30 11:17:44,365 main.py:86] Episode 1220	average cumulative reward: 0.49
[INFO 2017-03-30 11:17:44,929 main.py:86] Episode 1230	average cumulative reward: -1.83
[INFO 2017-03-30 11:17:45,495 main.py:86] Episode 1240	average cumulative reward: -0.28
[INFO 2017-03-30 11:17:45,785 main.py:86] Episode 1250	average cumulative reward: 0.60
[INFO 2017-03-30 11:17:46,101 main.py:86] Episode 1260	average cumulative reward: 0.41
[INFO 2017-03-30 11:17:46,758 main.py:86] Episode 1270	average cumulative reward: -2.67
[INFO 2017-03-30 11:17:47,406 main.py:86] Episode 1280	average cumulative reward: -0.71
[INFO 2017-03-30 11:17:47,614 main.py:86] Episode 1290	average cumulative reward: 0.52
[INFO 2017-03-30 11:17:47,801 main.py:86] Episode 1300	average cumulative reward: 0.50
[INFO 2017-03-30 11:17:48,231 main.py:86] Episode 1310	average cumulative reward: -1.58
[INFO 2017-03-30 11:17:48,471 main.py:86] Episode 1320	average cumulative reward: 0.53
[INFO 2017-03-30 11:17:48,636 main.py:86] Episode 1330	average cumulative reward: 0.52
[INFO 2017-03-30 11:17:49,539 main.py:86] Episode 1340	average cumulative reward: -2.73
[INFO 2017-03-30 11:17:49,827 main.py:86] Episode 1350	average cumulative reward: 0.64
[INFO 2017-03-30 11:17:50,121 main.py:86] Episode 1360	average cumulative reward: 0.28
[INFO 2017-03-30 11:17:50,384 main.py:86] Episode 1370	average cumulative reward: 0.10
[INFO 2017-03-30 11:17:50,732 main.py:86] Episode 1380	average cumulative reward: -0.27
[INFO 2017-03-30 11:17:51,120 main.py:86] Episode 1390	average cumulative reward: 0.47
[INFO 2017-03-30 11:17:51,760 main.py:86] Episode 1400	average cumulative reward: 0.63
[INFO 2017-03-30 11:17:52,070 main.py:86] Episode 1410	average cumulative reward: 0.39
[INFO 2017-03-30 11:17:52,316 main.py:86] Episode 1420	average cumulative reward: 0.46
[INFO 2017-03-30 11:17:53,151 main.py:86] Episode 1430	average cumulative reward: -3.05
[INFO 2017-03-30 11:17:53,694 main.py:86] Episode 1440	average cumulative reward: 0.16
[INFO 2017-03-30 11:17:54,121 main.py:86] Episode 1450	average cumulative reward: 0.31
[INFO 2017-03-30 11:17:54,307 main.py:86] Episode 1460	average cumulative reward: 0.56
[INFO 2017-03-30 11:17:54,581 main.py:86] Episode 1470	average cumulative reward: 0.72
[INFO 2017-03-30 11:17:54,761 main.py:86] Episode 1480	average cumulative reward: 0.74
[INFO 2017-03-30 11:17:54,941 main.py:86] Episode 1490	average cumulative reward: 0.64
[INFO 2017-03-30 11:17:55,329 main.py:86] Episode 1500	average cumulative reward: -0.09
[INFO 2017-03-30 11:17:55,627 main.py:86] Episode 1510	average cumulative reward: -0.01
[INFO 2017-03-30 11:17:55,909 main.py:86] Episode 1520	average cumulative reward: 0.10
[INFO 2017-03-30 11:17:56,436 main.py:86] Episode 1530	average cumulative reward: -1.68
[INFO 2017-03-30 11:17:56,699 main.py:86] Episode 1540	average cumulative reward: 0.23
[INFO 2017-03-30 11:17:57,379 main.py:86] Episode 1550	average cumulative reward: -1.80
[INFO 2017-03-30 11:17:57,635 main.py:86] Episode 1560	average cumulative reward: 0.77
[INFO 2017-03-30 11:17:57,944 main.py:86] Episode 1570	average cumulative reward: -0.06
[INFO 2017-03-30 11:17:58,158 main.py:86] Episode 1580	average cumulative reward: 0.33
[INFO 2017-03-30 11:17:58,335 main.py:86] Episode 1590	average cumulative reward: 0.59
[INFO 2017-03-30 11:17:58,552 main.py:86] Episode 1600	average cumulative reward: 0.69
[INFO 2017-03-30 11:17:58,782 main.py:86] Episode 1610	average cumulative reward: 0.54
[INFO 2017-03-30 11:17:59,098 main.py:86] Episode 1620	average cumulative reward: -0.23
[INFO 2017-03-30 11:17:59,252 main.py:86] Episode 1630	average cumulative reward: 0.72
[INFO 2017-03-30 11:17:59,491 main.py:86] Episode 1640	average cumulative reward: 0.24
[INFO 2017-03-30 11:17:59,705 main.py:86] Episode 1650	average cumulative reward: 0.56
[INFO 2017-03-30 11:17:59,856 main.py:86] Episode 1660	average cumulative reward: 0.70
[INFO 2017-03-30 11:18:00,665 main.py:86] Episode 1670	average cumulative reward: -3.35
[INFO 2017-03-30 11:18:00,858 main.py:86] Episode 1680	average cumulative reward: 0.65
[INFO 2017-03-30 11:18:01,115 main.py:86] Episode 1690	average cumulative reward: 0.66
[INFO 2017-03-30 11:18:01,410 main.py:86] Episode 1700	average cumulative reward: -0.02
[INFO 2017-03-30 11:18:01,696 main.py:86] Episode 1710	average cumulative reward: -0.11
[INFO 2017-03-30 11:18:02,330 main.py:86] Episode 1720	average cumulative reward: -2.51
[INFO 2017-03-30 11:18:02,625 main.py:86] Episode 1730	average cumulative reward: 0.12
[INFO 2017-03-30 11:18:03,011 main.py:86] Episode 1740	average cumulative reward: 0.50
[INFO 2017-03-30 11:18:03,213 main.py:86] Episode 1750	average cumulative reward: 0.60
[INFO 2017-03-30 11:18:03,389 main.py:86] Episode 1760	average cumulative reward: 0.59
[INFO 2017-03-30 11:18:03,674 main.py:86] Episode 1770	average cumulative reward: 0.05
[INFO 2017-03-30 11:18:04,165 main.py:86] Episode 1780	average cumulative reward: -1.77
[INFO 2017-03-30 11:18:04,333 main.py:86] Episode 1790	average cumulative reward: 0.67
[INFO 2017-03-30 11:18:04,477 main.py:86] Episode 1800	average cumulative reward: 0.71
[INFO 2017-03-30 11:18:04,744 main.py:86] Episode 1810	average cumulative reward: -0.08
[INFO 2017-03-30 11:18:05,524 main.py:86] Episode 1820	average cumulative reward: -3.30
[INFO 2017-03-30 11:18:05,700 main.py:86] Episode 1830	average cumulative reward: 0.64
[INFO 2017-03-30 11:18:06,019 main.py:86] Episode 1840	average cumulative reward: 0.09
[INFO 2017-03-30 11:18:06,873 main.py:86] Episode 1850	average cumulative reward: -3.37
[INFO 2017-03-30 11:18:07,574 main.py:86] Episode 1860	average cumulative reward: -3.03
[INFO 2017-03-30 11:18:07,783 main.py:86] Episode 1870	average cumulative reward: 0.34
[INFO 2017-03-30 11:18:08,000 main.py:86] Episode 1880	average cumulative reward: 0.49
[INFO 2017-03-30 11:18:08,775 main.py:86] Episode 1890	average cumulative reward: -2.78
[INFO 2017-03-30 11:18:09,613 main.py:86] Episode 1900	average cumulative reward: -3.18
[INFO 2017-03-30 11:18:09,893 main.py:86] Episode 1910	average cumulative reward: 0.51
[INFO 2017-03-30 11:18:10,087 main.py:86] Episode 1920	average cumulative reward: 0.71
[INFO 2017-03-30 11:18:10,254 main.py:86] Episode 1930	average cumulative reward: 0.54
[INFO 2017-03-30 11:18:10,451 main.py:86] Episode 1940	average cumulative reward: 0.55
[INFO 2017-03-30 11:18:11,169 main.py:86] Episode 1950	average cumulative reward: -4.20
[INFO 2017-03-30 11:18:11,851 main.py:86] Episode 1960	average cumulative reward: -2.49
[INFO 2017-03-30 11:18:12,323 main.py:86] Episode 1970	average cumulative reward: 0.31
[INFO 2017-03-30 11:18:12,914 main.py:86] Episode 1980	average cumulative reward: 0.32
[INFO 2017-03-30 11:18:14,403 main.py:86] Episode 1990	average cumulative reward: -2.73
[INFO 2017-03-30 11:18:14,609 main.py:86] Episode 2000	average cumulative reward: 0.59
[INFO 2017-03-30 11:18:14,609 main.py:91] Episode 2000	saving model: 02000.pth
[INFO 2017-03-30 11:18:14,826 main.py:86] Episode 2010	average cumulative reward: 0.14
[INFO 2017-03-30 11:18:15,007 main.py:86] Episode 2020	average cumulative reward: 0.61
[INFO 2017-03-30 11:18:15,192 main.py:86] Episode 2030	average cumulative reward: 0.60
[INFO 2017-03-30 11:18:16,477 main.py:86] Episode 2040	average cumulative reward: -2.81
[INFO 2017-03-30 11:18:17,310 main.py:86] Episode 2050	average cumulative reward: -1.54
[INFO 2017-03-30 11:18:17,532 main.py:86] Episode 2060	average cumulative reward: 0.42
[INFO 2017-03-30 11:18:17,762 main.py:86] Episode 2070	average cumulative reward: 0.44
[INFO 2017-03-30 11:18:18,077 main.py:86] Episode 2080	average cumulative reward: -0.32
[INFO 2017-03-30 11:18:18,268 main.py:86] Episode 2090	average cumulative reward: 0.57
[INFO 2017-03-30 11:18:18,443 main.py:86] Episode 2100	average cumulative reward: 0.45
[INFO 2017-03-30 11:18:18,777 main.py:86] Episode 2110	average cumulative reward: -0.47
[INFO 2017-03-30 11:18:19,024 main.py:86] Episode 2120	average cumulative reward: -0.07
[INFO 2017-03-30 11:18:19,326 main.py:86] Episode 2130	average cumulative reward: 0.69
[INFO 2017-03-30 11:18:19,583 main.py:86] Episode 2140	average cumulative reward: 0.76
[INFO 2017-03-30 11:18:20,353 main.py:86] Episode 2150	average cumulative reward: -2.73
[INFO 2017-03-30 11:18:20,585 main.py:86] Episode 2160	average cumulative reward: 0.34
[INFO 2017-03-30 11:18:20,895 main.py:86] Episode 2170	average cumulative reward: 0.41
[INFO 2017-03-30 11:18:21,118 main.py:86] Episode 2180	average cumulative reward: 0.51
[INFO 2017-03-30 11:18:21,481 main.py:86] Episode 2190	average cumulative reward: 0.07
[INFO 2017-03-30 11:18:21,717 main.py:86] Episode 2200	average cumulative reward: 0.58
[INFO 2017-03-30 11:18:21,956 main.py:86] Episode 2210	average cumulative reward: 0.52
[INFO 2017-03-30 11:18:22,099 main.py:86] Episode 2220	average cumulative reward: 0.72
[INFO 2017-03-30 11:18:22,256 main.py:86] Episode 2230	average cumulative reward: 0.64
[INFO 2017-03-30 11:18:22,427 main.py:86] Episode 2240	average cumulative reward: 0.52
[INFO 2017-03-30 11:18:22,814 main.py:86] Episode 2250	average cumulative reward: 0.09
[INFO 2017-03-30 11:18:23,143 main.py:86] Episode 2260	average cumulative reward: 0.70
[INFO 2017-03-30 11:18:23,392 main.py:86] Episode 2270	average cumulative reward: 0.03
[INFO 2017-03-30 11:18:23,561 main.py:86] Episode 2280	average cumulative reward: 0.58
[INFO 2017-03-30 11:18:23,775 main.py:86] Episode 2290	average cumulative reward: 0.59
[INFO 2017-03-30 11:18:24,308 main.py:86] Episode 2300	average cumulative reward: -1.37
[INFO 2017-03-30 11:18:24,520 main.py:86] Episode 2310	average cumulative reward: 0.59
[INFO 2017-03-30 11:18:25,508 main.py:86] Episode 2320	average cumulative reward: -3.83
[INFO 2017-03-30 11:18:25,750 main.py:86] Episode 2330	average cumulative reward: 0.28
[INFO 2017-03-30 11:18:26,090 main.py:86] Episode 2340	average cumulative reward: -0.44
[INFO 2017-03-30 11:18:26,339 main.py:86] Episode 2350	average cumulative reward: 0.53
[INFO 2017-03-30 11:18:26,812 main.py:86] Episode 2360	average cumulative reward: -0.35
[INFO 2017-03-30 11:18:27,921 main.py:86] Episode 2370	average cumulative reward: -4.62
[INFO 2017-03-30 11:18:28,350 main.py:86] Episode 2380	average cumulative reward: -1.19
[INFO 2017-03-30 11:18:28,512 main.py:86] Episode 2390	average cumulative reward: 0.73
[INFO 2017-03-30 11:18:28,838 main.py:86] Episode 2400	average cumulative reward: -0.96
[INFO 2017-03-30 11:18:29,044 main.py:86] Episode 2410	average cumulative reward: 0.47
[INFO 2017-03-30 11:18:29,260 main.py:86] Episode 2420	average cumulative reward: 0.15
[INFO 2017-03-30 11:18:29,681 main.py:86] Episode 2430	average cumulative reward: -1.35
[INFO 2017-03-30 11:18:30,789 main.py:86] Episode 2440	average cumulative reward: -3.29
[INFO 2017-03-30 11:18:31,290 main.py:86] Episode 2450	average cumulative reward: -0.57
[INFO 2017-03-30 11:18:31,526 main.py:86] Episode 2460	average cumulative reward: 0.74
[INFO 2017-03-30 11:18:31,686 main.py:86] Episode 2470	average cumulative reward: 0.64
[INFO 2017-03-30 11:18:31,907 main.py:86] Episode 2480	average cumulative reward: 0.57
[INFO 2017-03-30 11:18:32,204 main.py:86] Episode 2490	average cumulative reward: 0.38
[INFO 2017-03-30 11:18:32,942 main.py:86] Episode 2500	average cumulative reward: -3.28
[INFO 2017-03-30 11:18:33,137 main.py:86] Episode 2510	average cumulative reward: 0.42
[INFO 2017-03-30 11:18:33,336 main.py:86] Episode 2520	average cumulative reward: 0.60
[INFO 2017-03-30 11:18:33,515 main.py:86] Episode 2530	average cumulative reward: 0.59
[INFO 2017-03-30 11:18:33,820 main.py:86] Episode 2540	average cumulative reward: -0.01
[INFO 2017-03-30 11:18:34,064 main.py:86] Episode 2550	average cumulative reward: 0.52
[INFO 2017-03-30 11:18:34,785 main.py:86] Episode 2560	average cumulative reward: -2.90
[INFO 2017-03-30 11:18:34,996 main.py:86] Episode 2570	average cumulative reward: 0.71
[INFO 2017-03-30 11:18:35,182 main.py:86] Episode 2580	average cumulative reward: 0.72
[INFO 2017-03-30 11:18:35,389 main.py:86] Episode 2590	average cumulative reward: 0.47
[INFO 2017-03-30 11:18:35,676 main.py:86] Episode 2600	average cumulative reward: 0.27
[INFO 2017-03-30 11:18:36,639 main.py:86] Episode 2610	average cumulative reward: -0.42
[INFO 2017-03-30 11:18:36,785 main.py:86] Episode 2620	average cumulative reward: 0.76
[INFO 2017-03-30 11:18:37,027 main.py:86] Episode 2630	average cumulative reward: 0.03
[INFO 2017-03-30 11:18:37,322 main.py:86] Episode 2640	average cumulative reward: 0.13
[INFO 2017-03-30 11:18:37,614 main.py:86] Episode 2650	average cumulative reward: 0.77
[INFO 2017-03-30 11:18:38,006 main.py:86] Episode 2660	average cumulative reward: 0.76
[INFO 2017-03-30 11:18:38,292 main.py:86] Episode 2670	average cumulative reward: 0.64
[INFO 2017-03-30 11:18:38,481 main.py:86] Episode 2680	average cumulative reward: 0.75
[INFO 2017-03-30 11:18:39,012 main.py:86] Episode 2690	average cumulative reward: -1.83
[INFO 2017-03-30 11:18:39,178 main.py:86] Episode 2700	average cumulative reward: 0.73
[INFO 2017-03-30 11:18:39,335 main.py:86] Episode 2710	average cumulative reward: 0.74
[INFO 2017-03-30 11:18:40,260 main.py:86] Episode 2720	average cumulative reward: -4.10
[INFO 2017-03-30 11:18:40,457 main.py:86] Episode 2730	average cumulative reward: 0.17
[INFO 2017-03-30 11:18:41,213 main.py:86] Episode 2740	average cumulative reward: -3.27
[INFO 2017-03-30 11:18:41,432 main.py:86] Episode 2750	average cumulative reward: 0.77
[INFO 2017-03-30 11:18:41,876 main.py:86] Episode 2760	average cumulative reward: 0.66
[INFO 2017-03-30 11:18:42,358 main.py:86] Episode 2770	average cumulative reward: -0.09
[INFO 2017-03-30 11:18:42,717 main.py:86] Episode 2780	average cumulative reward: 0.09
[INFO 2017-03-30 11:18:43,026 main.py:86] Episode 2790	average cumulative reward: 0.52
[INFO 2017-03-30 11:18:43,464 main.py:86] Episode 2800	average cumulative reward: 0.37
[INFO 2017-03-30 11:18:44,315 main.py:86] Episode 2810	average cumulative reward: 0.61
[INFO 2017-03-30 11:18:45,085 main.py:86] Episode 2820	average cumulative reward: -1.12
[INFO 2017-03-30 11:18:45,356 main.py:86] Episode 2830	average cumulative reward: 0.23
[INFO 2017-03-30 11:18:45,734 main.py:86] Episode 2840	average cumulative reward: 0.27
[INFO 2017-03-30 11:18:45,980 main.py:86] Episode 2850	average cumulative reward: 0.59
[INFO 2017-03-30 11:18:46,198 main.py:86] Episode 2860	average cumulative reward: 0.47
[INFO 2017-03-30 11:18:47,223 main.py:86] Episode 2870	average cumulative reward: -3.28
[INFO 2017-03-30 11:18:47,434 main.py:86] Episode 2880	average cumulative reward: 0.74
[INFO 2017-03-30 11:18:47,667 main.py:86] Episode 2890	average cumulative reward: 0.62
[INFO 2017-03-30 11:18:47,919 main.py:86] Episode 2900	average cumulative reward: 0.49
[INFO 2017-03-30 11:18:48,607 main.py:86] Episode 2910	average cumulative reward: -2.35
[INFO 2017-03-30 11:18:48,951 main.py:86] Episode 2920	average cumulative reward: 0.40
[INFO 2017-03-30 11:18:49,307 main.py:86] Episode 2930	average cumulative reward: 0.60
[INFO 2017-03-30 11:18:49,683 main.py:86] Episode 2940	average cumulative reward: 0.61
[INFO 2017-03-30 11:18:50,003 main.py:86] Episode 2950	average cumulative reward: -0.34
[INFO 2017-03-30 11:18:50,206 main.py:86] Episode 2960	average cumulative reward: 0.72
[INFO 2017-03-30 11:18:50,409 main.py:86] Episode 2970	average cumulative reward: 0.57
[INFO 2017-03-30 11:18:50,608 main.py:86] Episode 2980	average cumulative reward: 0.56
[INFO 2017-03-30 11:18:50,794 main.py:86] Episode 2990	average cumulative reward: 0.19
[INFO 2017-03-30 11:18:51,301 main.py:86] Episode 3000	average cumulative reward: -1.46
[INFO 2017-03-30 11:18:51,302 main.py:91] Episode 3000	saving model: 03000.pth
[INFO 2017-03-30 11:18:51,510 main.py:86] Episode 3010	average cumulative reward: 0.44
[INFO 2017-03-30 11:18:51,670 main.py:86] Episode 3020	average cumulative reward: 0.63
[INFO 2017-03-30 11:18:51,963 main.py:86] Episode 3030	average cumulative reward: 0.32
[INFO 2017-03-30 11:18:52,185 main.py:86] Episode 3040	average cumulative reward: 0.53
[INFO 2017-03-30 11:18:53,010 main.py:86] Episode 3050	average cumulative reward: -2.60
[INFO 2017-03-30 11:18:53,208 main.py:86] Episode 3060	average cumulative reward: 0.56
[INFO 2017-03-30 11:18:53,464 main.py:86] Episode 3070	average cumulative reward: 0.40
[INFO 2017-03-30 11:18:54,129 main.py:86] Episode 3080	average cumulative reward: -1.90
[INFO 2017-03-30 11:18:54,325 main.py:86] Episode 3090	average cumulative reward: 0.64
[INFO 2017-03-30 11:18:54,558 main.py:86] Episode 3100	average cumulative reward: 0.40
[INFO 2017-03-30 11:18:54,834 main.py:86] Episode 3110	average cumulative reward: -0.42
[INFO 2017-03-30 11:18:55,084 main.py:86] Episode 3120	average cumulative reward: 0.02
[INFO 2017-03-30 11:18:55,257 main.py:86] Episode 3130	average cumulative reward: 0.56
[INFO 2017-03-30 11:18:55,485 main.py:86] Episode 3140	average cumulative reward: 0.46
[INFO 2017-03-30 11:18:55,663 main.py:86] Episode 3150	average cumulative reward: 0.72
[INFO 2017-03-30 11:18:55,858 main.py:86] Episode 3160	average cumulative reward: 0.49
[INFO 2017-03-30 11:18:56,291 main.py:86] Episode 3170	average cumulative reward: 0.17
[INFO 2017-03-30 11:18:56,747 main.py:86] Episode 3180	average cumulative reward: 0.63
[INFO 2017-03-30 11:18:57,033 main.py:86] Episode 3190	average cumulative reward: 0.30
[INFO 2017-03-30 11:18:57,195 main.py:86] Episode 3200	average cumulative reward: 0.58
[INFO 2017-03-30 11:18:57,422 main.py:86] Episode 3210	average cumulative reward: -0.06
[INFO 2017-03-30 11:18:57,725 main.py:86] Episode 3220	average cumulative reward: -0.43
[INFO 2017-03-30 11:18:58,455 main.py:86] Episode 3230	average cumulative reward: -3.16
[INFO 2017-03-30 11:18:58,609 main.py:86] Episode 3240	average cumulative reward: 0.74
[INFO 2017-03-30 11:18:58,863 main.py:86] Episode 3250	average cumulative reward: -0.14
[INFO 2017-03-30 11:18:59,054 main.py:86] Episode 3260	average cumulative reward: 0.72
[INFO 2017-03-30 11:18:59,406 main.py:86] Episode 3270	average cumulative reward: -0.40
[INFO 2017-03-30 11:18:59,645 main.py:86] Episode 3280	average cumulative reward: 0.50
[INFO 2017-03-30 11:18:59,938 main.py:86] Episode 3290	average cumulative reward: 0.53
[INFO 2017-03-30 11:19:00,342 main.py:86] Episode 3300	average cumulative reward: 0.38
[INFO 2017-03-30 11:19:00,820 main.py:86] Episode 3310	average cumulative reward: 0.29
[INFO 2017-03-30 11:19:01,084 main.py:86] Episode 3320	average cumulative reward: 0.62
[INFO 2017-03-30 11:19:01,295 main.py:86] Episode 3330	average cumulative reward: 0.70
[INFO 2017-03-30 11:19:01,484 main.py:86] Episode 3340	average cumulative reward: 0.79
[INFO 2017-03-30 11:19:01,823 main.py:86] Episode 3350	average cumulative reward: 0.62
[INFO 2017-03-30 11:19:02,076 main.py:86] Episode 3360	average cumulative reward: 0.76
[INFO 2017-03-30 11:19:02,795 main.py:86] Episode 3370	average cumulative reward: -3.38
[INFO 2017-03-30 11:19:02,983 main.py:86] Episode 3380	average cumulative reward: 0.72
[INFO 2017-03-30 11:19:03,179 main.py:86] Episode 3390	average cumulative reward: 0.68
[INFO 2017-03-30 11:19:03,384 main.py:86] Episode 3400	average cumulative reward: 0.34
[INFO 2017-03-30 11:19:03,557 main.py:86] Episode 3410	average cumulative reward: 0.62
[INFO 2017-03-30 11:19:03,794 main.py:86] Episode 3420	average cumulative reward: 0.26
[INFO 2017-03-30 11:19:03,976 main.py:86] Episode 3430	average cumulative reward: 0.64
[INFO 2017-03-30 11:19:04,218 main.py:86] Episode 3440	average cumulative reward: 0.60
[INFO 2017-03-30 11:19:04,405 main.py:86] Episode 3450	average cumulative reward: 0.74
[INFO 2017-03-30 11:19:04,683 main.py:86] Episode 3460	average cumulative reward: -0.02
[INFO 2017-03-30 11:19:04,853 main.py:86] Episode 3470	average cumulative reward: 0.52
[INFO 2017-03-30 11:19:05,135 main.py:86] Episode 3480	average cumulative reward: 0.31
[INFO 2017-03-30 11:19:05,319 main.py:86] Episode 3490	average cumulative reward: 0.74
[INFO 2017-03-30 11:19:05,702 main.py:86] Episode 3500	average cumulative reward: 0.50
[INFO 2017-03-30 11:19:05,866 main.py:86] Episode 3510	average cumulative reward: 0.76
[INFO 2017-03-30 11:19:06,182 main.py:86] Episode 3520	average cumulative reward: 0.37
[INFO 2017-03-30 11:19:06,348 main.py:86] Episode 3530	average cumulative reward: 0.73
[INFO 2017-03-30 11:19:06,512 main.py:86] Episode 3540	average cumulative reward: 0.79
[INFO 2017-03-30 11:19:06,696 main.py:86] Episode 3550	average cumulative reward: 0.19
[INFO 2017-03-30 11:19:07,232 main.py:86] Episode 3560	average cumulative reward: -2.30
[INFO 2017-03-30 11:19:07,389 main.py:86] Episode 3570	average cumulative reward: 0.74
[INFO 2017-03-30 11:19:07,545 main.py:86] Episode 3580	average cumulative reward: 0.69
[INFO 2017-03-30 11:19:07,676 main.py:86] Episode 3590	average cumulative reward: 0.80
[INFO 2017-03-30 11:19:07,974 main.py:86] Episode 3600	average cumulative reward: 0.64
[INFO 2017-03-30 11:19:08,273 main.py:86] Episode 3610	average cumulative reward: 0.32
[INFO 2017-03-30 11:19:09,078 main.py:86] Episode 3620	average cumulative reward: -3.53
[INFO 2017-03-30 11:19:09,402 main.py:86] Episode 3630	average cumulative reward: 0.62
[INFO 2017-03-30 11:19:09,621 main.py:86] Episode 3640	average cumulative reward: 0.24
[INFO 2017-03-30 11:19:09,851 main.py:86] Episode 3650	average cumulative reward: 0.20
[INFO 2017-03-30 11:19:10,160 main.py:86] Episode 3660	average cumulative reward: -0.28
[INFO 2017-03-30 11:19:11,185 main.py:86] Episode 3670	average cumulative reward: -3.64
[INFO 2017-03-30 11:19:11,484 main.py:86] Episode 3680	average cumulative reward: 0.67
[INFO 2017-03-30 11:19:11,674 main.py:86] Episode 3690	average cumulative reward: 0.72
[INFO 2017-03-30 11:19:11,906 main.py:86] Episode 3700	average cumulative reward: 0.52
[INFO 2017-03-30 11:19:12,061 main.py:86] Episode 3710	average cumulative reward: 0.76
[INFO 2017-03-30 11:19:12,831 main.py:86] Episode 3720	average cumulative reward: -3.48
[INFO 2017-03-30 11:19:13,797 main.py:86] Episode 3730	average cumulative reward: -1.72
[INFO 2017-03-30 11:19:14,226 main.py:86] Episode 3740	average cumulative reward: -0.39
[INFO 2017-03-30 11:19:14,362 main.py:86] Episode 3750	average cumulative reward: 0.78
[INFO 2017-03-30 11:19:15,045 main.py:86] Episode 3760	average cumulative reward: -2.00
[INFO 2017-03-30 11:19:15,361 main.py:86] Episode 3770	average cumulative reward: 0.44
[INFO 2017-03-30 11:19:15,695 main.py:86] Episode 3780	average cumulative reward: -0.16
[INFO 2017-03-30 11:19:15,933 main.py:86] Episode 3790	average cumulative reward: 0.27
[INFO 2017-03-30 11:19:16,053 main.py:86] Episode 3800	average cumulative reward: 0.86
[INFO 2017-03-30 11:19:16,213 main.py:86] Episode 3810	average cumulative reward: 0.65
[INFO 2017-03-30 11:19:17,011 main.py:86] Episode 3820	average cumulative reward: -3.32
[INFO 2017-03-30 11:19:17,150 main.py:86] Episode 3830	average cumulative reward: 0.77
[INFO 2017-03-30 11:19:17,363 main.py:86] Episode 3840	average cumulative reward: 0.23
[INFO 2017-03-30 11:19:17,527 main.py:86] Episode 3850	average cumulative reward: 0.42
[INFO 2017-03-30 11:19:18,074 main.py:86] Episode 3860	average cumulative reward: -1.93
[INFO 2017-03-30 11:19:18,235 main.py:86] Episode 3870	average cumulative reward: 0.53
[INFO 2017-03-30 11:19:18,458 main.py:86] Episode 3880	average cumulative reward: 0.73
[INFO 2017-03-30 11:19:18,717 main.py:86] Episode 3890	average cumulative reward: 0.13
[INFO 2017-03-30 11:19:18,875 main.py:86] Episode 3900	average cumulative reward: 0.74
[INFO 2017-03-30 11:19:19,087 main.py:86] Episode 3910	average cumulative reward: 0.51
[INFO 2017-03-30 11:19:19,270 main.py:86] Episode 3920	average cumulative reward: 0.75
[INFO 2017-03-30 11:19:19,832 main.py:86] Episode 3930	average cumulative reward: -2.60
[INFO 2017-03-30 11:19:20,081 main.py:86] Episode 3940	average cumulative reward: 0.15
[INFO 2017-03-30 11:19:20,294 main.py:86] Episode 3950	average cumulative reward: 0.56
[INFO 2017-03-30 11:19:20,534 main.py:86] Episode 3960	average cumulative reward: 0.63
[INFO 2017-03-30 11:19:20,794 main.py:86] Episode 3970	average cumulative reward: 0.44
[INFO 2017-03-30 11:19:21,157 main.py:86] Episode 3980	average cumulative reward: -0.30
[INFO 2017-03-30 11:19:21,431 main.py:86] Episode 3990	average cumulative reward: 0.39
[INFO 2017-03-30 11:19:21,834 main.py:86] Episode 4000	average cumulative reward: -0.13
[INFO 2017-03-30 11:19:21,834 main.py:91] Episode 4000	saving model: 04000.pth
[INFO 2017-03-30 11:19:22,142 main.py:86] Episode 4010	average cumulative reward: 0.11
[INFO 2017-03-30 11:19:22,360 main.py:86] Episode 4020	average cumulative reward: 0.12
[INFO 2017-03-30 11:19:23,394 main.py:86] Episode 4030	average cumulative reward: -3.69
[INFO 2017-03-30 11:19:23,618 main.py:86] Episode 4040	average cumulative reward: 0.67
[INFO 2017-03-30 11:19:23,997 main.py:86] Episode 4050	average cumulative reward: -0.84
[INFO 2017-03-30 11:19:24,203 main.py:86] Episode 4060	average cumulative reward: 0.49
[INFO 2017-03-30 11:19:24,445 main.py:86] Episode 4070	average cumulative reward: 0.14
[INFO 2017-03-30 11:19:25,204 main.py:86] Episode 4080	average cumulative reward: -3.24
[INFO 2017-03-30 11:19:25,425 main.py:86] Episode 4090	average cumulative reward: 0.21
[INFO 2017-03-30 11:19:25,674 main.py:86] Episode 4100	average cumulative reward: 0.58
[INFO 2017-03-30 11:19:26,670 main.py:86] Episode 4110	average cumulative reward: -3.08
[INFO 2017-03-30 11:19:26,796 main.py:86] Episode 4120	average cumulative reward: 0.59
[INFO 2017-03-30 11:19:27,168 main.py:86] Episode 4130	average cumulative reward: 0.47
[INFO 2017-03-30 11:19:27,508 main.py:86] Episode 4140	average cumulative reward: 0.59
[INFO 2017-03-30 11:19:28,465 main.py:86] Episode 4150	average cumulative reward: -3.53
[INFO 2017-03-30 11:19:28,632 main.py:86] Episode 4160	average cumulative reward: 0.72
[INFO 2017-03-30 11:19:28,782 main.py:86] Episode 4170	average cumulative reward: 0.75
[INFO 2017-03-30 11:19:29,029 main.py:86] Episode 4180	average cumulative reward: 0.21
[INFO 2017-03-30 11:19:29,167 main.py:86] Episode 4190	average cumulative reward: 0.77
[INFO 2017-03-30 11:19:29,416 main.py:86] Episode 4200	average cumulative reward: 0.35
[INFO 2017-03-30 11:19:29,688 main.py:86] Episode 4210	average cumulative reward: -0.28
[INFO 2017-03-30 11:19:29,934 main.py:86] Episode 4220	average cumulative reward: 0.01
[INFO 2017-03-30 11:19:30,110 main.py:86] Episode 4230	average cumulative reward: 0.63
[INFO 2017-03-30 11:19:30,788 main.py:86] Episode 4240	average cumulative reward: -1.97
[INFO 2017-03-30 11:19:31,880 main.py:86] Episode 4250	average cumulative reward: -2.48
[INFO 2017-03-30 11:19:32,071 main.py:86] Episode 4260	average cumulative reward: 0.74
[INFO 2017-03-30 11:19:32,251 main.py:86] Episode 4270	average cumulative reward: 0.63
[INFO 2017-03-30 11:19:32,527 main.py:86] Episode 4280	average cumulative reward: -0.19
[INFO 2017-03-30 11:19:32,870 main.py:86] Episode 4290	average cumulative reward: -0.46
[INFO 2017-03-30 11:19:33,497 main.py:86] Episode 4300	average cumulative reward: -1.77
[INFO 2017-03-30 11:19:34,635 main.py:86] Episode 4310	average cumulative reward: -2.01
[INFO 2017-03-30 11:19:34,861 main.py:86] Episode 4320	average cumulative reward: 0.63
[INFO 2017-03-30 11:19:35,121 main.py:86] Episode 4330	average cumulative reward: 0.23
[INFO 2017-03-30 11:19:35,477 main.py:86] Episode 4340	average cumulative reward: -0.06
[INFO 2017-03-30 11:19:35,694 main.py:86] Episode 4350	average cumulative reward: 0.37
[INFO 2017-03-30 11:19:36,055 main.py:86] Episode 4360	average cumulative reward: -0.07
[INFO 2017-03-30 11:19:36,302 main.py:86] Episode 4370	average cumulative reward: 0.18
[INFO 2017-03-30 11:19:36,553 main.py:86] Episode 4380	average cumulative reward: 0.41
[INFO 2017-03-30 11:19:37,139 main.py:86] Episode 4390	average cumulative reward: -1.97
[INFO 2017-03-30 11:19:37,425 main.py:86] Episode 4400	average cumulative reward: 0.09
[INFO 2017-03-30 11:19:37,621 main.py:86] Episode 4410	average cumulative reward: 0.70
[INFO 2017-03-30 11:19:37,793 main.py:86] Episode 4420	average cumulative reward: 0.53
[INFO 2017-03-30 11:19:38,011 main.py:86] Episode 4430	average cumulative reward: 0.65
[INFO 2017-03-30 11:19:38,267 main.py:86] Episode 4440	average cumulative reward: 0.06
[INFO 2017-03-30 11:19:38,422 main.py:86] Episode 4450	average cumulative reward: 0.74
[INFO 2017-03-30 11:19:38,658 main.py:86] Episode 4460	average cumulative reward: 0.43
[INFO 2017-03-30 11:19:38,851 main.py:86] Episode 4470	average cumulative reward: 0.49
[INFO 2017-03-30 11:19:39,047 main.py:86] Episode 4480	average cumulative reward: 0.70
[INFO 2017-03-30 11:19:39,250 main.py:86] Episode 4490	average cumulative reward: 0.47
[INFO 2017-03-30 11:19:39,459 main.py:86] Episode 4500	average cumulative reward: 0.32
[INFO 2017-03-30 11:19:40,718 main.py:86] Episode 4510	average cumulative reward: -7.08
[INFO 2017-03-30 11:19:41,484 main.py:86] Episode 4520	average cumulative reward: -2.41
[INFO 2017-03-30 11:19:41,989 main.py:86] Episode 4530	average cumulative reward: 0.40
[INFO 2017-03-30 11:19:42,172 main.py:86] Episode 4540	average cumulative reward: 0.73
[INFO 2017-03-30 11:19:42,368 main.py:86] Episode 4550	average cumulative reward: 0.41
[INFO 2017-03-30 11:19:43,543 main.py:86] Episode 4560	average cumulative reward: -3.17
[INFO 2017-03-30 11:19:44,062 main.py:86] Episode 4570	average cumulative reward: 0.74
[INFO 2017-03-30 11:19:44,455 main.py:86] Episode 4580	average cumulative reward: 0.56
[INFO 2017-03-30 11:19:44,670 main.py:86] Episode 4590	average cumulative reward: 0.29
[INFO 2017-03-30 11:19:44,865 main.py:86] Episode 4600	average cumulative reward: 0.52
[INFO 2017-03-30 11:19:45,095 main.py:86] Episode 4610	average cumulative reward: 0.68
[INFO 2017-03-30 11:19:45,455 main.py:86] Episode 4620	average cumulative reward: 0.60
[INFO 2017-03-30 11:19:45,875 main.py:86] Episode 4630	average cumulative reward: 0.04
[INFO 2017-03-30 11:19:46,078 main.py:86] Episode 4640	average cumulative reward: 0.45
[INFO 2017-03-30 11:19:46,310 main.py:86] Episode 4650	average cumulative reward: 0.42
[INFO 2017-03-30 11:19:46,516 main.py:86] Episode 4660	average cumulative reward: 0.35
[INFO 2017-03-30 11:19:46,702 main.py:86] Episode 4670	average cumulative reward: 0.58
[INFO 2017-03-30 11:19:46,921 main.py:86] Episode 4680	average cumulative reward: 0.57
[INFO 2017-03-30 11:19:47,640 main.py:86] Episode 4690	average cumulative reward: -3.02
[INFO 2017-03-30 11:19:48,046 main.py:86] Episode 4700	average cumulative reward: -1.00
[INFO 2017-03-30 11:19:48,230 main.py:86] Episode 4710	average cumulative reward: 0.26
[INFO 2017-03-30 11:19:49,389 main.py:86] Episode 4720	average cumulative reward: -3.47
[INFO 2017-03-30 11:19:49,554 main.py:86] Episode 4730	average cumulative reward: 0.72
[INFO 2017-03-30 11:19:49,811 main.py:86] Episode 4740	average cumulative reward: 0.06
[INFO 2017-03-30 11:19:51,534 main.py:86] Episode 4750	average cumulative reward: -3.37
[INFO 2017-03-30 11:19:51,685 main.py:86] Episode 4760	average cumulative reward: 0.65
[INFO 2017-03-30 11:19:51,991 main.py:86] Episode 4770	average cumulative reward: -0.34
[INFO 2017-03-30 11:19:52,811 main.py:86] Episode 4780	average cumulative reward: -2.13
[INFO 2017-03-30 11:19:53,221 main.py:86] Episode 4790	average cumulative reward: 0.17
[INFO 2017-03-30 11:19:54,392 main.py:86] Episode 4800	average cumulative reward: -0.21
[INFO 2017-03-30 11:19:54,587 main.py:86] Episode 4810	average cumulative reward: 0.72
[INFO 2017-03-30 11:19:54,833 main.py:86] Episode 4820	average cumulative reward: 0.10
[INFO 2017-03-30 11:19:55,096 main.py:86] Episode 4830	average cumulative reward: 0.57
[INFO 2017-03-30 11:19:55,365 main.py:86] Episode 4840	average cumulative reward: -0.29
[INFO 2017-03-30 11:19:55,916 main.py:86] Episode 4850	average cumulative reward: -2.44
[INFO 2017-03-30 11:19:56,095 main.py:86] Episode 4860	average cumulative reward: 0.55
[INFO 2017-03-30 11:19:56,388 main.py:86] Episode 4870	average cumulative reward: 0.57
[INFO 2017-03-30 11:19:56,804 main.py:86] Episode 4880	average cumulative reward: -0.14
[INFO 2017-03-30 11:19:57,058 main.py:86] Episode 4890	average cumulative reward: 0.66
[INFO 2017-03-30 11:19:57,225 main.py:86] Episode 4900	average cumulative reward: 0.62
[INFO 2017-03-30 11:19:57,766 main.py:86] Episode 4910	average cumulative reward: -0.57
[INFO 2017-03-30 11:19:58,050 main.py:86] Episode 4920	average cumulative reward: 0.57
[INFO 2017-03-30 11:19:58,330 main.py:86] Episode 4930	average cumulative reward: 0.65
[INFO 2017-03-30 11:19:58,496 main.py:86] Episode 4940	average cumulative reward: 0.72
[INFO 2017-03-30 11:19:58,667 main.py:86] Episode 4950	average cumulative reward: 0.37
[INFO 2017-03-30 11:19:58,954 main.py:86] Episode 4960	average cumulative reward: -0.59
[INFO 2017-03-30 11:19:59,099 main.py:86] Episode 4970	average cumulative reward: 0.66
[INFO 2017-03-30 11:19:59,347 main.py:86] Episode 4980	average cumulative reward: 0.69
[INFO 2017-03-30 11:19:59,500 main.py:86] Episode 4990	average cumulative reward: 0.67
[INFO 2017-03-30 11:19:59,666 main.py:86] Episode 5000	average cumulative reward: 0.82
[INFO 2017-03-30 11:19:59,667 main.py:91] Episode 5000	saving model: 05000.pth
[INFO 2017-03-30 11:19:59,875 main.py:86] Episode 5010	average cumulative reward: 0.71
[INFO 2017-03-30 11:20:00,197 main.py:86] Episode 5020	average cumulative reward: 0.75
[INFO 2017-03-30 11:20:00,521 main.py:86] Episode 5030	average cumulative reward: 0.76
[INFO 2017-03-30 11:20:00,762 main.py:86] Episode 5040	average cumulative reward: 0.67
[INFO 2017-03-30 11:20:01,498 main.py:86] Episode 5050	average cumulative reward: -1.05
[INFO 2017-03-30 11:20:01,666 main.py:86] Episode 5060	average cumulative reward: 0.68
[INFO 2017-03-30 11:20:01,880 main.py:86] Episode 5070	average cumulative reward: 0.49
[INFO 2017-03-30 11:20:02,097 main.py:86] Episode 5080	average cumulative reward: 0.03
[INFO 2017-03-30 11:20:02,560 main.py:86] Episode 5090	average cumulative reward: -0.60
[INFO 2017-03-30 11:20:02,826 main.py:86] Episode 5100	average cumulative reward: 0.68
[INFO 2017-03-30 11:20:03,423 main.py:86] Episode 5110	average cumulative reward: -1.94
[INFO 2017-03-30 11:20:04,874 main.py:86] Episode 5120	average cumulative reward: -3.43
[INFO 2017-03-30 11:20:05,142 main.py:86] Episode 5130	average cumulative reward: -0.17
[INFO 2017-03-30 11:20:05,300 main.py:86] Episode 5140	average cumulative reward: 0.71
[INFO 2017-03-30 11:20:05,497 main.py:86] Episode 5150	average cumulative reward: 0.22
[INFO 2017-03-30 11:20:06,560 main.py:86] Episode 5160	average cumulative reward: 0.22
[INFO 2017-03-30 11:20:06,720 main.py:86] Episode 5170	average cumulative reward: 0.66
[INFO 2017-03-30 11:20:07,730 main.py:86] Episode 5180	average cumulative reward: -3.53
[INFO 2017-03-30 11:20:08,107 main.py:86] Episode 5190	average cumulative reward: 0.67
[INFO 2017-03-30 11:20:08,421 main.py:86] Episode 5200	average cumulative reward: -0.32
[INFO 2017-03-30 11:20:08,675 main.py:86] Episode 5210	average cumulative reward: 0.45
[INFO 2017-03-30 11:20:08,867 main.py:86] Episode 5220	average cumulative reward: 0.67
[INFO 2017-03-30 11:20:09,747 main.py:86] Episode 5230	average cumulative reward: -1.21
[INFO 2017-03-30 11:20:10,224 main.py:86] Episode 5240	average cumulative reward: 0.49
[INFO 2017-03-30 11:20:10,565 main.py:86] Episode 5250	average cumulative reward: 0.65
[INFO 2017-03-30 11:20:10,951 main.py:86] Episode 5260	average cumulative reward: 0.55
[INFO 2017-03-30 11:20:11,116 main.py:86] Episode 5270	average cumulative reward: 0.75
[INFO 2017-03-30 11:20:11,461 main.py:86] Episode 5280	average cumulative reward: -0.04
[INFO 2017-03-30 11:20:11,639 main.py:86] Episode 5290	average cumulative reward: 0.72
[INFO 2017-03-30 11:20:11,842 main.py:86] Episode 5300	average cumulative reward: 0.32
[INFO 2017-03-30 11:20:12,007 main.py:86] Episode 5310	average cumulative reward: 0.66
[INFO 2017-03-30 11:20:12,195 main.py:86] Episode 5320	average cumulative reward: 0.77
[INFO 2017-03-30 11:20:12,469 main.py:86] Episode 5330	average cumulative reward: 0.45
[INFO 2017-03-30 11:20:14,339 main.py:86] Episode 5340	average cumulative reward: -3.78
[INFO 2017-03-30 11:20:15,819 main.py:86] Episode 5350	average cumulative reward: -3.57
[INFO 2017-03-30 11:20:16,655 main.py:86] Episode 5360	average cumulative reward: -1.83
[INFO 2017-03-30 11:20:16,826 main.py:86] Episode 5370	average cumulative reward: 0.65
[INFO 2017-03-30 11:20:17,562 main.py:86] Episode 5380	average cumulative reward: 0.69
[INFO 2017-03-30 11:20:18,154 main.py:86] Episode 5390	average cumulative reward: 0.28
[INFO 2017-03-30 11:20:18,691 main.py:86] Episode 5400	average cumulative reward: -1.82
[INFO 2017-03-30 11:20:18,980 main.py:86] Episode 5410	average cumulative reward: 0.74
[INFO 2017-03-30 11:20:19,274 main.py:86] Episode 5420	average cumulative reward: 0.63
[INFO 2017-03-30 11:20:19,551 main.py:86] Episode 5430	average cumulative reward: 0.64
[INFO 2017-03-30 11:20:19,722 main.py:86] Episode 5440	average cumulative reward: 0.75
[INFO 2017-03-30 11:20:19,878 main.py:86] Episode 5450	average cumulative reward: 0.54
[INFO 2017-03-30 11:20:20,266 main.py:86] Episode 5460	average cumulative reward: -0.81
[INFO 2017-03-30 11:20:20,462 main.py:86] Episode 5470	average cumulative reward: 0.58
[INFO 2017-03-30 11:20:20,817 main.py:86] Episode 5480	average cumulative reward: -0.31
[INFO 2017-03-30 11:20:20,945 main.py:86] Episode 5490	average cumulative reward: 0.79
[INFO 2017-03-30 11:20:21,162 main.py:86] Episode 5500	average cumulative reward: -0.03
[INFO 2017-03-30 11:20:21,396 main.py:86] Episode 5510	average cumulative reward: 0.44
[INFO 2017-03-30 11:20:21,592 main.py:86] Episode 5520	average cumulative reward: 0.41
[INFO 2017-03-30 11:20:21,793 main.py:86] Episode 5530	average cumulative reward: 0.56
[INFO 2017-03-30 11:20:22,011 main.py:86] Episode 5540	average cumulative reward: 0.31
[INFO 2017-03-30 11:20:22,215 main.py:86] Episode 5550	average cumulative reward: 0.62
[INFO 2017-03-30 11:20:22,405 main.py:86] Episode 5560	average cumulative reward: 0.64
[INFO 2017-03-30 11:20:22,563 main.py:86] Episode 5570	average cumulative reward: 0.74
[INFO 2017-03-30 11:20:23,118 main.py:86] Episode 5580	average cumulative reward: -1.12
[INFO 2017-03-30 11:20:23,377 main.py:86] Episode 5590	average cumulative reward: 0.56
[INFO 2017-03-30 11:20:23,655 main.py:86] Episode 5600	average cumulative reward: 0.79
[INFO 2017-03-30 11:20:24,075 main.py:86] Episode 5610	average cumulative reward: -0.07
[INFO 2017-03-30 11:20:24,289 main.py:86] Episode 5620	average cumulative reward: 0.16
[INFO 2017-03-30 11:20:24,487 main.py:86] Episode 5630	average cumulative reward: 0.62
[INFO 2017-03-30 11:20:24,662 main.py:86] Episode 5640	average cumulative reward: 0.59
[INFO 2017-03-30 11:20:24,811 main.py:86] Episode 5650	average cumulative reward: 0.75
[INFO 2017-03-30 11:20:24,939 main.py:86] Episode 5660	average cumulative reward: 0.74
[INFO 2017-03-30 11:20:25,094 main.py:86] Episode 5670	average cumulative reward: 0.64
[INFO 2017-03-30 11:20:25,248 main.py:86] Episode 5680	average cumulative reward: 0.54
[INFO 2017-03-30 11:20:25,487 main.py:86] Episode 5690	average cumulative reward: -0.10
[INFO 2017-03-30 11:20:25,703 main.py:86] Episode 5700	average cumulative reward: 0.45
[INFO 2017-03-30 11:20:26,634 main.py:86] Episode 5710	average cumulative reward: -3.15
[INFO 2017-03-30 11:20:26,892 main.py:86] Episode 5720	average cumulative reward: 0.50
[INFO 2017-03-30 11:20:27,140 main.py:86] Episode 5730	average cumulative reward: 0.56
[INFO 2017-03-30 11:20:27,355 main.py:86] Episode 5740	average cumulative reward: 0.54
[INFO 2017-03-30 11:20:27,548 main.py:86] Episode 5750	average cumulative reward: 0.36
[INFO 2017-03-30 11:20:27,835 main.py:86] Episode 5760	average cumulative reward: -0.22
[INFO 2017-03-30 11:20:28,620 main.py:86] Episode 5770	average cumulative reward: -2.61
[INFO 2017-03-30 11:20:28,784 main.py:86] Episode 5780	average cumulative reward: 0.63
[INFO 2017-03-30 11:20:29,005 main.py:86] Episode 5790	average cumulative reward: 0.53
[INFO 2017-03-30 11:20:29,166 main.py:86] Episode 5800	average cumulative reward: 0.68
[INFO 2017-03-30 11:20:29,357 main.py:86] Episode 5810	average cumulative reward: 0.50
[INFO 2017-03-30 11:20:29,576 main.py:86] Episode 5820	average cumulative reward: 0.52
[INFO 2017-03-30 11:20:29,842 main.py:86] Episode 5830	average cumulative reward: 0.24
[INFO 2017-03-30 11:20:30,072 main.py:86] Episode 5840	average cumulative reward: 0.78
[INFO 2017-03-30 11:20:30,614 main.py:86] Episode 5850	average cumulative reward: -1.01
[INFO 2017-03-30 11:20:31,323 main.py:86] Episode 5860	average cumulative reward: -2.93
[INFO 2017-03-30 11:20:31,476 main.py:86] Episode 5870	average cumulative reward: 0.76
[INFO 2017-03-30 11:20:31,734 main.py:86] Episode 5880	average cumulative reward: -0.21
[INFO 2017-03-30 11:20:31,904 main.py:86] Episode 5890	average cumulative reward: 0.66
[INFO 2017-03-30 11:20:32,199 main.py:86] Episode 5900	average cumulative reward: -0.31
[INFO 2017-03-30 11:20:32,388 main.py:86] Episode 5910	average cumulative reward: 0.47
[INFO 2017-03-30 11:20:32,570 main.py:86] Episode 5920	average cumulative reward: 0.73
[INFO 2017-03-30 11:20:32,758 main.py:86] Episode 5930	average cumulative reward: 0.28
[INFO 2017-03-30 11:20:32,985 main.py:86] Episode 5940	average cumulative reward: 0.02
[INFO 2017-03-30 11:20:33,211 main.py:86] Episode 5950	average cumulative reward: 0.51
[INFO 2017-03-30 11:20:33,570 main.py:86] Episode 5960	average cumulative reward: 0.41
[INFO 2017-03-30 11:20:33,962 main.py:86] Episode 5970	average cumulative reward: 0.42
[INFO 2017-03-30 11:20:34,322 main.py:86] Episode 5980	average cumulative reward: 0.01
[INFO 2017-03-30 11:20:34,704 main.py:86] Episode 5990	average cumulative reward: 0.32
[INFO 2017-03-30 11:20:34,999 main.py:86] Episode 6000	average cumulative reward: 0.62
[INFO 2017-03-30 11:20:34,999 main.py:91] Episode 6000	saving model: 06000.pth
[INFO 2017-03-30 11:20:36,218 main.py:86] Episode 6010	average cumulative reward: -4.53
[INFO 2017-03-30 11:20:36,362 main.py:86] Episode 6020	average cumulative reward: 0.51
[INFO 2017-03-30 11:20:36,536 main.py:86] Episode 6030	average cumulative reward: 0.61
[INFO 2017-03-30 11:20:37,688 main.py:86] Episode 6040	average cumulative reward: -1.41
[INFO 2017-03-30 11:20:38,015 main.py:86] Episode 6050	average cumulative reward: 0.70
[INFO 2017-03-30 11:20:38,326 main.py:86] Episode 6060	average cumulative reward: 0.63
[INFO 2017-03-30 11:20:38,704 main.py:86] Episode 6070	average cumulative reward: 0.72
[INFO 2017-03-30 11:20:38,982 main.py:86] Episode 6080	average cumulative reward: 0.67
[INFO 2017-03-30 11:20:39,187 main.py:86] Episode 6090	average cumulative reward: 0.27
[INFO 2017-03-30 11:20:39,766 main.py:86] Episode 6100	average cumulative reward: -2.42
[INFO 2017-03-30 11:20:40,077 main.py:86] Episode 6110	average cumulative reward: -0.43
[INFO 2017-03-30 11:20:40,230 main.py:86] Episode 6120	average cumulative reward: 0.76
[INFO 2017-03-30 11:20:40,448 main.py:86] Episode 6130	average cumulative reward: 0.52
[INFO 2017-03-30 11:20:40,715 main.py:86] Episode 6140	average cumulative reward: 0.61
[INFO 2017-03-30 11:20:40,969 main.py:86] Episode 6150	average cumulative reward: 0.35
[INFO 2017-03-30 11:20:41,878 main.py:86] Episode 6160	average cumulative reward: -1.31
[INFO 2017-03-30 11:20:42,384 main.py:86] Episode 6170	average cumulative reward: -1.40
[INFO 2017-03-30 11:20:42,582 main.py:86] Episode 6180	average cumulative reward: 0.68
[INFO 2017-03-30 11:20:42,843 main.py:86] Episode 6190	average cumulative reward: 0.53
[INFO 2017-03-30 11:20:43,072 main.py:86] Episode 6200	average cumulative reward: 0.08
[INFO 2017-03-30 11:20:43,253 main.py:86] Episode 6210	average cumulative reward: 0.63
[INFO 2017-03-30 11:20:43,439 main.py:86] Episode 6220	average cumulative reward: 0.72
[INFO 2017-03-30 11:20:43,692 main.py:86] Episode 6230	average cumulative reward: 0.50
[INFO 2017-03-30 11:20:43,840 main.py:86] Episode 6240	average cumulative reward: 0.78
[INFO 2017-03-30 11:20:44,035 main.py:86] Episode 6250	average cumulative reward: 0.73
[INFO 2017-03-30 11:20:45,020 main.py:86] Episode 6260	average cumulative reward: -3.15
[INFO 2017-03-30 11:20:45,270 main.py:86] Episode 6270	average cumulative reward: 0.38
[INFO 2017-03-30 11:20:45,470 main.py:86] Episode 6280	average cumulative reward: 0.55
[INFO 2017-03-30 11:20:45,688 main.py:86] Episode 6290	average cumulative reward: 0.41
[INFO 2017-03-30 11:20:45,853 main.py:86] Episode 6300	average cumulative reward: 0.47
[INFO 2017-03-30 11:20:46,093 main.py:86] Episode 6310	average cumulative reward: 0.01
[INFO 2017-03-30 11:20:46,930 main.py:86] Episode 6320	average cumulative reward: -3.29
[INFO 2017-03-30 11:20:47,115 main.py:86] Episode 6330	average cumulative reward: 0.57
[INFO 2017-03-30 11:20:47,461 main.py:86] Episode 6340	average cumulative reward: -0.60
[INFO 2017-03-30 11:20:47,628 main.py:86] Episode 6350	average cumulative reward: 0.75
[INFO 2017-03-30 11:20:47,776 main.py:86] Episode 6360	average cumulative reward: 0.73
[INFO 2017-03-30 11:20:47,974 main.py:86] Episode 6370	average cumulative reward: 0.30
[INFO 2017-03-30 11:20:48,174 main.py:86] Episode 6380	average cumulative reward: 0.66
[INFO 2017-03-30 11:20:48,432 main.py:86] Episode 6390	average cumulative reward: 0.08
[INFO 2017-03-30 11:20:48,614 main.py:86] Episode 6400	average cumulative reward: 0.74
[INFO 2017-03-30 11:20:48,821 main.py:86] Episode 6410	average cumulative reward: 0.69
[INFO 2017-03-30 11:20:49,158 main.py:86] Episode 6420	average cumulative reward: 0.43
[INFO 2017-03-30 11:20:49,861 main.py:86] Episode 6430	average cumulative reward: -0.62
[INFO 2017-03-30 11:20:50,100 main.py:86] Episode 6440	average cumulative reward: 0.44
[INFO 2017-03-30 11:20:50,350 main.py:86] Episode 6450	average cumulative reward: 0.35
[INFO 2017-03-30 11:20:50,630 main.py:86] Episode 6460	average cumulative reward: 0.62
[INFO 2017-03-30 11:20:50,815 main.py:86] Episode 6470	average cumulative reward: 0.63
[INFO 2017-03-30 11:20:51,152 main.py:86] Episode 6480	average cumulative reward: 0.65
[INFO 2017-03-30 11:20:52,519 main.py:86] Episode 6490	average cumulative reward: -3.01
[INFO 2017-03-30 11:20:52,722 main.py:86] Episode 6500	average cumulative reward: 0.40
[INFO 2017-03-30 11:20:53,085 main.py:86] Episode 6510	average cumulative reward: 0.47
[INFO 2017-03-30 11:20:53,317 main.py:86] Episode 6520	average cumulative reward: 0.71
[INFO 2017-03-30 11:20:53,582 main.py:86] Episode 6530	average cumulative reward: 0.68
[INFO 2017-03-30 11:20:53,759 main.py:86] Episode 6540	average cumulative reward: 0.80
[INFO 2017-03-30 11:20:54,217 main.py:86] Episode 6550	average cumulative reward: -1.54
[INFO 2017-03-30 11:20:54,347 main.py:86] Episode 6560	average cumulative reward: 0.82
[INFO 2017-03-30 11:20:54,502 main.py:86] Episode 6570	average cumulative reward: 0.61
[INFO 2017-03-30 11:20:55,225 main.py:86] Episode 6580	average cumulative reward: -3.21
[INFO 2017-03-30 11:20:55,364 main.py:86] Episode 6590	average cumulative reward: 0.67
[INFO 2017-03-30 11:20:55,514 main.py:86] Episode 6600	average cumulative reward: 0.75
[INFO 2017-03-30 11:20:56,197 main.py:86] Episode 6610	average cumulative reward: -2.81
[INFO 2017-03-30 11:20:56,359 main.py:86] Episode 6620	average cumulative reward: 0.73
[INFO 2017-03-30 11:20:56,579 main.py:86] Episode 6630	average cumulative reward: 0.30
[INFO 2017-03-30 11:20:57,535 main.py:86] Episode 6640	average cumulative reward: -3.21
[INFO 2017-03-30 11:20:57,685 main.py:86] Episode 6650	average cumulative reward: 0.60
[INFO 2017-03-30 11:20:58,364 main.py:86] Episode 6660	average cumulative reward: -2.51
[INFO 2017-03-30 11:20:58,513 main.py:86] Episode 6670	average cumulative reward: 0.72
[INFO 2017-03-30 11:20:58,790 main.py:86] Episode 6680	average cumulative reward: -0.53
[INFO 2017-03-30 11:20:58,962 main.py:86] Episode 6690	average cumulative reward: 0.51
[INFO 2017-03-30 11:20:59,122 main.py:86] Episode 6700	average cumulative reward: 0.77
[INFO 2017-03-30 11:20:59,837 main.py:86] Episode 6710	average cumulative reward: -3.34
[INFO 2017-03-30 11:21:01,085 main.py:86] Episode 6720	average cumulative reward: -3.33
[INFO 2017-03-30 11:21:01,519 main.py:86] Episode 6730	average cumulative reward: -0.07
[INFO 2017-03-30 11:21:02,252 main.py:86] Episode 6740	average cumulative reward: -3.35
[INFO 2017-03-30 11:21:02,612 main.py:86] Episode 6750	average cumulative reward: -0.77
[INFO 2017-03-30 11:21:03,368 main.py:86] Episode 6760	average cumulative reward: -0.19
[INFO 2017-03-30 11:21:04,238 main.py:86] Episode 6770	average cumulative reward: -3.32
[INFO 2017-03-30 11:21:04,517 main.py:86] Episode 6780	average cumulative reward: 0.52
[INFO 2017-03-30 11:21:04,687 main.py:86] Episode 6790	average cumulative reward: 0.72
[INFO 2017-03-30 11:21:05,623 main.py:86] Episode 6800	average cumulative reward: -3.69
[INFO 2017-03-30 11:21:06,085 main.py:86] Episode 6810	average cumulative reward: -1.69
[INFO 2017-03-30 11:21:06,649 main.py:86] Episode 6820	average cumulative reward: -2.37
[INFO 2017-03-30 11:21:07,194 main.py:86] Episode 6830	average cumulative reward: -1.02
[INFO 2017-03-30 11:21:07,611 main.py:86] Episode 6840	average cumulative reward: -0.70
[INFO 2017-03-30 11:21:08,190 main.py:86] Episode 6850	average cumulative reward: 0.03
[INFO 2017-03-30 11:21:08,375 main.py:86] Episode 6860	average cumulative reward: 0.74
[INFO 2017-03-30 11:21:08,800 main.py:86] Episode 6870	average cumulative reward: -0.74
[INFO 2017-03-30 11:21:09,093 main.py:86] Episode 6880	average cumulative reward: 0.63
[INFO 2017-03-30 11:21:09,258 main.py:86] Episode 6890	average cumulative reward: 0.67
[INFO 2017-03-30 11:21:09,956 main.py:86] Episode 6900	average cumulative reward: -3.09
[INFO 2017-03-30 11:21:10,766 main.py:86] Episode 6910	average cumulative reward: -0.39
[INFO 2017-03-30 11:21:11,997 main.py:86] Episode 6920	average cumulative reward: -1.69
[INFO 2017-03-30 11:21:12,322 main.py:86] Episode 6930	average cumulative reward: 0.66
[INFO 2017-03-30 11:21:12,658 main.py:86] Episode 6940	average cumulative reward: 0.50
[INFO 2017-03-30 11:21:12,883 main.py:86] Episode 6950	average cumulative reward: 0.38
[INFO 2017-03-30 11:21:13,325 main.py:86] Episode 6960	average cumulative reward: -0.88
[INFO 2017-03-30 11:21:13,483 main.py:86] Episode 6970	average cumulative reward: 0.74
[INFO 2017-03-30 11:21:13,638 main.py:86] Episode 6980	average cumulative reward: 0.69
[INFO 2017-03-30 11:21:13,837 main.py:86] Episode 6990	average cumulative reward: 0.31
[INFO 2017-03-30 11:21:13,991 main.py:86] Episode 7000	average cumulative reward: 0.64
[INFO 2017-03-30 11:21:13,991 main.py:91] Episode 7000	saving model: 07000.pth
[INFO 2017-03-30 11:21:14,177 main.py:86] Episode 7010	average cumulative reward: 0.73
[INFO 2017-03-30 11:21:14,452 main.py:86] Episode 7020	average cumulative reward: -0.55
[INFO 2017-03-30 11:21:14,886 main.py:86] Episode 7030	average cumulative reward: 0.04
[INFO 2017-03-30 11:21:15,357 main.py:86] Episode 7040	average cumulative reward: -0.87
[INFO 2017-03-30 11:21:16,218 main.py:86] Episode 7050	average cumulative reward: -3.42
[INFO 2017-03-30 11:21:16,479 main.py:86] Episode 7060	average cumulative reward: 0.66
[INFO 2017-03-30 11:21:16,739 main.py:86] Episode 7070	average cumulative reward: 0.48
[INFO 2017-03-30 11:21:16,979 main.py:86] Episode 7080	average cumulative reward: -0.03
[INFO 2017-03-30 11:21:17,140 main.py:86] Episode 7090	average cumulative reward: 0.67
[INFO 2017-03-30 11:21:17,358 main.py:86] Episode 7100	average cumulative reward: 0.47
[INFO 2017-03-30 11:21:19,023 main.py:86] Episode 7110	average cumulative reward: -6.99
[INFO 2017-03-30 11:21:19,415 main.py:86] Episode 7120	average cumulative reward: 0.16
[INFO 2017-03-30 11:21:19,641 main.py:86] Episode 7130	average cumulative reward: 0.71
[INFO 2017-03-30 11:21:20,267 main.py:86] Episode 7140	average cumulative reward: -1.95
[INFO 2017-03-30 11:21:20,808 main.py:86] Episode 7150	average cumulative reward: -1.91
[INFO 2017-03-30 11:21:21,067 main.py:86] Episode 7160	average cumulative reward: 0.55
[INFO 2017-03-30 11:21:21,377 main.py:86] Episode 7170	average cumulative reward: 0.65
[INFO 2017-03-30 11:21:21,601 main.py:86] Episode 7180	average cumulative reward: 0.72
[INFO 2017-03-30 11:21:22,993 main.py:86] Episode 7190	average cumulative reward: -6.89
[INFO 2017-03-30 11:21:23,808 main.py:86] Episode 7200	average cumulative reward: -3.08
[INFO 2017-03-30 11:21:24,070 main.py:86] Episode 7210	average cumulative reward: 0.44
[INFO 2017-03-30 11:21:24,338 main.py:86] Episode 7220	average cumulative reward: 0.30
[INFO 2017-03-30 11:21:25,670 main.py:86] Episode 7230	average cumulative reward: -5.61
[INFO 2017-03-30 11:21:25,846 main.py:86] Episode 7240	average cumulative reward: 0.53
[INFO 2017-03-30 11:21:26,024 main.py:86] Episode 7250	average cumulative reward: 0.65
[INFO 2017-03-30 11:21:26,974 main.py:86] Episode 7260	average cumulative reward: -2.20
[INFO 2017-03-30 11:21:27,181 main.py:86] Episode 7270	average cumulative reward: 0.57
[INFO 2017-03-30 11:21:27,360 main.py:86] Episode 7280	average cumulative reward: 0.36
[INFO 2017-03-30 11:21:27,773 main.py:86] Episode 7290	average cumulative reward: -1.60
[INFO 2017-03-30 11:21:28,089 main.py:86] Episode 7300	average cumulative reward: 0.45
[INFO 2017-03-30 11:21:28,300 main.py:86] Episode 7310	average cumulative reward: 0.56
[INFO 2017-03-30 11:21:28,581 main.py:86] Episode 7320	average cumulative reward: 0.27
[INFO 2017-03-30 11:21:28,870 main.py:86] Episode 7330	average cumulative reward: 0.56
[INFO 2017-03-30 11:21:29,029 main.py:86] Episode 7340	average cumulative reward: 0.59
[INFO 2017-03-30 11:21:29,359 main.py:86] Episode 7350	average cumulative reward: 0.20
[INFO 2017-03-30 11:21:29,646 main.py:86] Episode 7360	average cumulative reward: 0.62
[INFO 2017-03-30 11:21:30,446 main.py:86] Episode 7370	average cumulative reward: -0.38
[INFO 2017-03-30 11:21:30,687 main.py:86] Episode 7380	average cumulative reward: 0.42
[INFO 2017-03-30 11:21:30,852 main.py:86] Episode 7390	average cumulative reward: 0.59
[INFO 2017-03-30 11:21:31,752 main.py:86] Episode 7400	average cumulative reward: -3.24
[INFO 2017-03-30 11:21:31,924 main.py:86] Episode 7410	average cumulative reward: 0.26
[INFO 2017-03-30 11:21:32,481 main.py:86] Episode 7420	average cumulative reward: -0.02
[INFO 2017-03-30 11:21:33,717 main.py:86] Episode 7430	average cumulative reward: -4.58
[INFO 2017-03-30 11:21:34,070 main.py:86] Episode 7440	average cumulative reward: 0.55
[INFO 2017-03-30 11:21:34,313 main.py:86] Episode 7450	average cumulative reward: 0.60
[INFO 2017-03-30 11:21:35,124 main.py:86] Episode 7460	average cumulative reward: -3.29
[INFO 2017-03-30 11:21:35,320 main.py:86] Episode 7470	average cumulative reward: 0.64
[INFO 2017-03-30 11:21:35,624 main.py:86] Episode 7480	average cumulative reward: -0.03
[INFO 2017-03-30 11:21:36,461 main.py:86] Episode 7490	average cumulative reward: -3.14
[INFO 2017-03-30 11:21:36,583 main.py:86] Episode 7500	average cumulative reward: 0.70
[INFO 2017-03-30 11:21:36,794 main.py:86] Episode 7510	average cumulative reward: 0.34
[INFO 2017-03-30 11:21:37,039 main.py:86] Episode 7520	average cumulative reward: 0.67
[INFO 2017-03-30 11:21:37,277 main.py:86] Episode 7530	average cumulative reward: 0.54
[INFO 2017-03-30 11:21:38,104 main.py:86] Episode 7540	average cumulative reward: -3.20
[INFO 2017-03-30 11:21:38,314 main.py:86] Episode 7550	average cumulative reward: 0.71
[INFO 2017-03-30 11:21:38,469 main.py:86] Episode 7560	average cumulative reward: 0.66
[INFO 2017-03-30 11:21:38,656 main.py:86] Episode 7570	average cumulative reward: 0.49
[INFO 2017-03-30 11:21:38,803 main.py:86] Episode 7580	average cumulative reward: 0.57
[INFO 2017-03-30 11:21:38,957 main.py:86] Episode 7590	average cumulative reward: 0.74
[INFO 2017-03-30 11:21:39,176 main.py:86] Episode 7600	average cumulative reward: 0.36
[INFO 2017-03-30 11:21:39,332 main.py:86] Episode 7610	average cumulative reward: 0.74
[INFO 2017-03-30 11:21:39,559 main.py:86] Episode 7620	average cumulative reward: 0.78
[INFO 2017-03-30 11:21:39,744 main.py:86] Episode 7630	average cumulative reward: 0.44
[INFO 2017-03-30 11:21:40,149 main.py:86] Episode 7640	average cumulative reward: -0.27
[INFO 2017-03-30 11:21:40,570 main.py:86] Episode 7650	average cumulative reward: 0.15
[INFO 2017-03-30 11:21:41,022 main.py:86] Episode 7660	average cumulative reward: 0.59
[INFO 2017-03-30 11:21:41,257 main.py:86] Episode 7670	average cumulative reward: 0.79
[INFO 2017-03-30 11:21:41,589 main.py:86] Episode 7680	average cumulative reward: -0.44
[INFO 2017-03-30 11:21:41,745 main.py:86] Episode 7690	average cumulative reward: 0.55
[INFO 2017-03-30 11:21:41,969 main.py:86] Episode 7700	average cumulative reward: 0.72
[INFO 2017-03-30 11:21:42,232 main.py:86] Episode 7710	average cumulative reward: 0.71
[INFO 2017-03-30 11:21:42,387 main.py:86] Episode 7720	average cumulative reward: 0.67
[INFO 2017-03-30 11:21:42,586 main.py:86] Episode 7730	average cumulative reward: 0.69
[INFO 2017-03-30 11:21:42,766 main.py:86] Episode 7740	average cumulative reward: 0.68
[INFO 2017-03-30 11:21:43,025 main.py:86] Episode 7750	average cumulative reward: -0.16
[INFO 2017-03-30 11:21:43,620 main.py:86] Episode 7760	average cumulative reward: -1.98
[INFO 2017-03-30 11:21:44,004 main.py:86] Episode 7770	average cumulative reward: -0.51
[INFO 2017-03-30 11:21:44,618 main.py:86] Episode 7780	average cumulative reward: -0.63
[INFO 2017-03-30 11:21:44,854 main.py:86] Episode 7790	average cumulative reward: 0.26
[INFO 2017-03-30 11:21:45,077 main.py:86] Episode 7800	average cumulative reward: 0.59
[INFO 2017-03-30 11:21:45,262 main.py:86] Episode 7810	average cumulative reward: 0.74
[INFO 2017-03-30 11:21:45,438 main.py:86] Episode 7820	average cumulative reward: 0.72
[INFO 2017-03-30 11:21:46,286 main.py:86] Episode 7830	average cumulative reward: -4.21
[INFO 2017-03-30 11:21:46,447 main.py:86] Episode 7840	average cumulative reward: 0.53
[INFO 2017-03-30 11:21:46,564 main.py:86] Episode 7850	average cumulative reward: 0.71
[INFO 2017-03-30 11:21:46,754 main.py:86] Episode 7860	average cumulative reward: 0.53
[INFO 2017-03-30 11:21:46,959 main.py:86] Episode 7870	average cumulative reward: 0.39
[INFO 2017-03-30 11:21:47,478 main.py:86] Episode 7880	average cumulative reward: -1.85
[INFO 2017-03-30 11:21:47,692 main.py:86] Episode 7890	average cumulative reward: 0.05
[INFO 2017-03-30 11:21:47,917 main.py:86] Episode 7900	average cumulative reward: 0.35
[INFO 2017-03-30 11:21:48,060 main.py:86] Episode 7910	average cumulative reward: 0.77
[INFO 2017-03-30 11:21:48,273 main.py:86] Episode 7920	average cumulative reward: 0.34
[INFO 2017-03-30 11:21:48,429 main.py:86] Episode 7930	average cumulative reward: 0.49
[INFO 2017-03-30 11:21:48,700 main.py:86] Episode 7940	average cumulative reward: -0.06
[INFO 2017-03-30 11:21:48,870 main.py:86] Episode 7950	average cumulative reward: 0.62
[INFO 2017-03-30 11:21:49,026 main.py:86] Episode 7960	average cumulative reward: 0.74
[INFO 2017-03-30 11:21:49,257 main.py:86] Episode 7970	average cumulative reward: 0.55
[INFO 2017-03-30 11:21:49,414 main.py:86] Episode 7980	average cumulative reward: 0.65
[INFO 2017-03-30 11:21:49,563 main.py:86] Episode 7990	average cumulative reward: 0.66
[INFO 2017-03-30 11:21:49,816 main.py:86] Episode 8000	average cumulative reward: 0.57
[INFO 2017-03-30 11:21:49,816 main.py:91] Episode 8000	saving model: 08000.pth
[INFO 2017-03-30 11:21:50,160 main.py:86] Episode 8010	average cumulative reward: 0.53
[INFO 2017-03-30 11:21:50,363 main.py:86] Episode 8020	average cumulative reward: 0.36
[INFO 2017-03-30 11:21:50,513 main.py:86] Episode 8030	average cumulative reward: 0.65
[INFO 2017-03-30 11:21:50,704 main.py:86] Episode 8040	average cumulative reward: 0.52
[INFO 2017-03-30 11:21:50,880 main.py:86] Episode 8050	average cumulative reward: 0.71
[INFO 2017-03-30 11:21:51,652 main.py:86] Episode 8060	average cumulative reward: -2.73
[INFO 2017-03-30 11:21:51,919 main.py:86] Episode 8070	average cumulative reward: 0.51
[INFO 2017-03-30 11:21:52,042 main.py:86] Episode 8080	average cumulative reward: 0.70
[INFO 2017-03-30 11:21:52,301 main.py:86] Episode 8090	average cumulative reward: 0.74
[INFO 2017-03-30 11:21:52,738 main.py:86] Episode 8100	average cumulative reward: -1.48
[INFO 2017-03-30 11:21:52,880 main.py:86] Episode 8110	average cumulative reward: 0.79
[INFO 2017-03-30 11:21:53,265 main.py:86] Episode 8120	average cumulative reward: -0.35
[INFO 2017-03-30 11:21:53,488 main.py:86] Episode 8130	average cumulative reward: 0.29
[INFO 2017-03-30 11:21:53,654 main.py:86] Episode 8140	average cumulative reward: 0.70
[INFO 2017-03-30 11:21:53,810 main.py:86] Episode 8150	average cumulative reward: 0.64
[INFO 2017-03-30 11:21:54,009 main.py:86] Episode 8160	average cumulative reward: -0.00
[INFO 2017-03-30 11:21:54,165 main.py:86] Episode 8170	average cumulative reward: 0.68
[INFO 2017-03-30 11:21:54,386 main.py:86] Episode 8180	average cumulative reward: 0.50
[INFO 2017-03-30 11:21:54,553 main.py:86] Episode 8190	average cumulative reward: 0.77
[INFO 2017-03-30 11:21:54,899 main.py:86] Episode 8200	average cumulative reward: -0.35
[INFO 2017-03-30 11:21:55,058 main.py:86] Episode 8210	average cumulative reward: 0.64
[INFO 2017-03-30 11:21:55,246 main.py:86] Episode 8220	average cumulative reward: 0.64
[INFO 2017-03-30 11:21:55,571 main.py:86] Episode 8230	average cumulative reward: 0.63
[INFO 2017-03-30 11:21:55,777 main.py:86] Episode 8240	average cumulative reward: 0.73
[INFO 2017-03-30 11:21:56,543 main.py:86] Episode 8250	average cumulative reward: -3.25
[INFO 2017-03-30 11:21:56,825 main.py:86] Episode 8260	average cumulative reward: -0.57
[INFO 2017-03-30 11:21:57,228 main.py:86] Episode 8270	average cumulative reward: 0.51
[INFO 2017-03-30 11:21:57,391 main.py:86] Episode 8280	average cumulative reward: 0.70
[INFO 2017-03-30 11:21:58,218 main.py:86] Episode 8290	average cumulative reward: -2.52
[INFO 2017-03-30 11:21:58,572 main.py:86] Episode 8300	average cumulative reward: -0.78
[INFO 2017-03-30 11:21:58,969 main.py:86] Episode 8310	average cumulative reward: 0.52
[INFO 2017-03-30 11:21:59,636 main.py:86] Episode 8320	average cumulative reward: 0.11
[INFO 2017-03-30 11:21:59,799 main.py:86] Episode 8330	average cumulative reward: 0.71
[INFO 2017-03-30 11:22:00,174 main.py:86] Episode 8340	average cumulative reward: 0.72
[INFO 2017-03-30 11:22:00,383 main.py:86] Episode 8350	average cumulative reward: 0.65
[INFO 2017-03-30 11:22:00,564 main.py:86] Episode 8360	average cumulative reward: 0.66
[INFO 2017-03-30 11:22:00,757 main.py:86] Episode 8370	average cumulative reward: 0.62
[INFO 2017-03-30 11:22:00,948 main.py:86] Episode 8380	average cumulative reward: 0.60
[INFO 2017-03-30 11:22:01,207 main.py:86] Episode 8390	average cumulative reward: 0.06
[INFO 2017-03-30 11:22:01,380 main.py:86] Episode 8400	average cumulative reward: 0.74
[INFO 2017-03-30 11:22:01,515 main.py:86] Episode 8410	average cumulative reward: 0.80
[INFO 2017-03-30 11:22:01,750 main.py:86] Episode 8420	average cumulative reward: 0.01
[INFO 2017-03-30 11:22:01,917 main.py:86] Episode 8430	average cumulative reward: 0.70
[INFO 2017-03-30 11:22:02,124 main.py:86] Episode 8440	average cumulative reward: 0.66
[INFO 2017-03-30 11:22:02,309 main.py:86] Episode 8450	average cumulative reward: 0.74
[INFO 2017-03-30 11:22:03,044 main.py:86] Episode 8460	average cumulative reward: -1.69
[INFO 2017-03-30 11:22:03,658 main.py:86] Episode 8470	average cumulative reward: 0.12
[INFO 2017-03-30 11:22:03,932 main.py:86] Episode 8480	average cumulative reward: -0.10
[INFO 2017-03-30 11:22:05,743 main.py:86] Episode 8490	average cumulative reward: -6.05
[INFO 2017-03-30 11:22:05,981 main.py:86] Episode 8500	average cumulative reward: 0.42
[INFO 2017-03-30 11:22:06,166 main.py:86] Episode 8510	average cumulative reward: 0.50
[INFO 2017-03-30 11:22:06,424 main.py:86] Episode 8520	average cumulative reward: 0.19
[INFO 2017-03-30 11:22:06,881 main.py:86] Episode 8530	average cumulative reward: 0.28
[INFO 2017-03-30 11:22:07,268 main.py:86] Episode 8540	average cumulative reward: 0.27
[INFO 2017-03-30 11:22:07,494 main.py:86] Episode 8550	average cumulative reward: 0.40
[INFO 2017-03-30 11:22:07,680 main.py:86] Episode 8560	average cumulative reward: 0.54
[INFO 2017-03-30 11:22:07,846 main.py:86] Episode 8570	average cumulative reward: 0.76
[INFO 2017-03-30 11:22:08,683 main.py:86] Episode 8580	average cumulative reward: -3.14
[INFO 2017-03-30 11:22:09,391 main.py:86] Episode 8590	average cumulative reward: -1.81
[INFO 2017-03-30 11:22:09,631 main.py:86] Episode 8600	average cumulative reward: 0.54
[INFO 2017-03-30 11:22:09,852 main.py:86] Episode 8610	average cumulative reward: 0.42
[INFO 2017-03-30 11:22:10,222 main.py:86] Episode 8620	average cumulative reward: 0.30
[INFO 2017-03-30 11:22:10,560 main.py:86] Episode 8630	average cumulative reward: 0.71
[INFO 2017-03-30 11:22:10,755 main.py:86] Episode 8640	average cumulative reward: 0.48
[INFO 2017-03-30 11:22:11,331 main.py:86] Episode 8650	average cumulative reward: -1.71
[INFO 2017-03-30 11:22:12,357 main.py:86] Episode 8660	average cumulative reward: -3.30
[INFO 2017-03-30 11:22:12,680 main.py:86] Episode 8670	average cumulative reward: -0.23
[INFO 2017-03-30 11:22:12,831 main.py:86] Episode 8680	average cumulative reward: 0.75
[INFO 2017-03-30 11:22:14,286 main.py:86] Episode 8690	average cumulative reward: -3.75
[INFO 2017-03-30 11:22:14,503 main.py:86] Episode 8700	average cumulative reward: 0.83
[INFO 2017-03-30 11:22:14,887 main.py:86] Episode 8710	average cumulative reward: 0.61
[INFO 2017-03-30 11:22:15,077 main.py:86] Episode 8720	average cumulative reward: 0.65
[INFO 2017-03-30 11:22:15,454 main.py:86] Episode 8730	average cumulative reward: 0.16
[INFO 2017-03-30 11:22:15,674 main.py:86] Episode 8740	average cumulative reward: 0.37
[INFO 2017-03-30 11:22:16,012 main.py:86] Episode 8750	average cumulative reward: 0.50
[INFO 2017-03-30 11:22:16,212 main.py:86] Episode 8760	average cumulative reward: 0.71
[INFO 2017-03-30 11:22:16,400 main.py:86] Episode 8770	average cumulative reward: 0.33
[INFO 2017-03-30 11:22:17,317 main.py:86] Episode 8780	average cumulative reward: -4.06
[INFO 2017-03-30 11:22:17,482 main.py:86] Episode 8790	average cumulative reward: 0.53
[INFO 2017-03-30 11:22:17,831 main.py:86] Episode 8800	average cumulative reward: 0.64
[INFO 2017-03-30 11:22:18,006 main.py:86] Episode 8810	average cumulative reward: 0.51
[INFO 2017-03-30 11:22:18,333 main.py:86] Episode 8820	average cumulative reward: 0.59
[INFO 2017-03-30 11:22:19,263 main.py:86] Episode 8830	average cumulative reward: -1.75
[INFO 2017-03-30 11:22:19,620 main.py:86] Episode 8840	average cumulative reward: 0.52
[INFO 2017-03-30 11:22:19,771 main.py:86] Episode 8850	average cumulative reward: 0.50
[INFO 2017-03-30 11:22:20,016 main.py:86] Episode 8860	average cumulative reward: 0.70
[INFO 2017-03-30 11:22:20,220 main.py:86] Episode 8870	average cumulative reward: 0.53
[INFO 2017-03-30 11:22:20,381 main.py:86] Episode 8880	average cumulative reward: 0.73
[INFO 2017-03-30 11:22:20,521 main.py:86] Episode 8890	average cumulative reward: 0.77
[INFO 2017-03-30 11:22:20,876 main.py:86] Episode 8900	average cumulative reward: -1.10
[INFO 2017-03-30 11:22:21,106 main.py:86] Episode 8910	average cumulative reward: 0.34
[INFO 2017-03-30 11:22:21,441 main.py:86] Episode 8920	average cumulative reward: 0.75
[INFO 2017-03-30 11:22:21,796 main.py:86] Episode 8930	average cumulative reward: 0.52
[INFO 2017-03-30 11:22:22,159 main.py:86] Episode 8940	average cumulative reward: 0.52
[INFO 2017-03-30 11:22:22,401 main.py:86] Episode 8950	average cumulative reward: 0.50
[INFO 2017-03-30 11:22:22,574 main.py:86] Episode 8960	average cumulative reward: 0.70
[INFO 2017-03-30 11:22:23,303 main.py:86] Episode 8970	average cumulative reward: -2.26
[INFO 2017-03-30 11:22:23,539 main.py:86] Episode 8980	average cumulative reward: 0.25
[INFO 2017-03-30 11:22:23,812 main.py:86] Episode 8990	average cumulative reward: -0.11
[INFO 2017-03-30 11:22:23,968 main.py:86] Episode 9000	average cumulative reward: 0.74
[INFO 2017-03-30 11:22:23,969 main.py:91] Episode 9000	saving model: 09000.pth
[INFO 2017-03-30 11:22:24,321 main.py:86] Episode 9010	average cumulative reward: -0.59
[INFO 2017-03-30 11:22:24,483 main.py:86] Episode 9020	average cumulative reward: 0.44
[INFO 2017-03-30 11:22:24,675 main.py:86] Episode 9030	average cumulative reward: 0.74
[INFO 2017-03-30 11:22:24,951 main.py:86] Episode 9040	average cumulative reward: 0.68
[INFO 2017-03-30 11:22:25,180 main.py:86] Episode 9050	average cumulative reward: 0.52
[INFO 2017-03-30 11:22:25,680 main.py:86] Episode 9060	average cumulative reward: -1.19
[INFO 2017-03-30 11:22:25,817 main.py:86] Episode 9070	average cumulative reward: 0.78
[INFO 2017-03-30 11:22:25,934 main.py:86] Episode 9080	average cumulative reward: 0.71
[INFO 2017-03-30 11:22:26,105 main.py:86] Episode 9090	average cumulative reward: 0.76
[INFO 2017-03-30 11:22:26,331 main.py:86] Episode 9100	average cumulative reward: 0.51
[INFO 2017-03-30 11:22:26,912 main.py:86] Episode 9110	average cumulative reward: -1.13
[INFO 2017-03-30 11:22:27,167 main.py:86] Episode 9120	average cumulative reward: 0.20
[INFO 2017-03-30 11:22:27,371 main.py:86] Episode 9130	average cumulative reward: 0.40
[INFO 2017-03-30 11:22:28,222 main.py:86] Episode 9140	average cumulative reward: -2.93
[INFO 2017-03-30 11:22:28,578 main.py:86] Episode 9150	average cumulative reward: 0.19
[INFO 2017-03-30 11:22:28,753 main.py:86] Episode 9160	average cumulative reward: 0.65
[INFO 2017-03-30 11:22:28,961 main.py:86] Episode 9170	average cumulative reward: 0.61
[INFO 2017-03-30 11:22:29,342 main.py:86] Episode 9180	average cumulative reward: 0.58
[INFO 2017-03-30 11:22:29,536 main.py:86] Episode 9190	average cumulative reward: 0.51
[INFO 2017-03-30 11:22:30,235 main.py:86] Episode 9200	average cumulative reward: -2.10
[INFO 2017-03-30 11:22:30,496 main.py:86] Episode 9210	average cumulative reward: 0.34
[INFO 2017-03-30 11:22:30,713 main.py:86] Episode 9220	average cumulative reward: 0.09
[INFO 2017-03-30 11:22:30,921 main.py:86] Episode 9230	average cumulative reward: 0.48
[INFO 2017-03-30 11:22:31,058 main.py:86] Episode 9240	average cumulative reward: 0.81
[INFO 2017-03-30 11:22:31,305 main.py:86] Episode 9250	average cumulative reward: 0.78
[INFO 2017-03-30 11:22:31,456 main.py:86] Episode 9260	average cumulative reward: 0.70
[INFO 2017-03-30 11:22:31,675 main.py:86] Episode 9270	average cumulative reward: 0.75
[INFO 2017-03-30 11:22:31,866 main.py:86] Episode 9280	average cumulative reward: 0.71
[INFO 2017-03-30 11:22:32,071 main.py:86] Episode 9290	average cumulative reward: 0.48
[INFO 2017-03-30 11:22:32,331 main.py:86] Episode 9300	average cumulative reward: 0.34
[INFO 2017-03-30 11:22:32,669 main.py:86] Episode 9310	average cumulative reward: 0.53
[INFO 2017-03-30 11:22:32,832 main.py:86] Episode 9320	average cumulative reward: 0.54
[INFO 2017-03-30 11:22:33,178 main.py:86] Episode 9330	average cumulative reward: 0.43
[INFO 2017-03-30 11:22:33,383 main.py:86] Episode 9340	average cumulative reward: 0.64
[INFO 2017-03-30 11:22:33,531 main.py:86] Episode 9350	average cumulative reward: 0.78
[INFO 2017-03-30 11:22:33,706 main.py:86] Episode 9360	average cumulative reward: 0.72
[INFO 2017-03-30 11:22:33,881 main.py:86] Episode 9370	average cumulative reward: 0.56
[INFO 2017-03-30 11:22:34,072 main.py:86] Episode 9380	average cumulative reward: 0.61
[INFO 2017-03-30 11:22:34,233 main.py:86] Episode 9390	average cumulative reward: 0.77
[INFO 2017-03-30 11:22:34,459 main.py:86] Episode 9400	average cumulative reward: 0.51
[INFO 2017-03-30 11:22:34,669 main.py:86] Episode 9410	average cumulative reward: 0.57
[INFO 2017-03-30 11:22:34,852 main.py:86] Episode 9420	average cumulative reward: 0.67
[INFO 2017-03-30 11:22:35,018 main.py:86] Episode 9430	average cumulative reward: 0.45
[INFO 2017-03-30 11:22:35,215 main.py:86] Episode 9440	average cumulative reward: 0.73
[INFO 2017-03-30 11:22:35,424 main.py:86] Episode 9450	average cumulative reward: 0.67
[INFO 2017-03-30 11:22:35,624 main.py:86] Episode 9460	average cumulative reward: 0.45
[INFO 2017-03-30 11:22:35,897 main.py:86] Episode 9470	average cumulative reward: 0.47
[INFO 2017-03-30 11:22:36,400 main.py:86] Episode 9480	average cumulative reward: -0.82
[INFO 2017-03-30 11:22:36,556 main.py:86] Episode 9490	average cumulative reward: 0.56
[INFO 2017-03-30 11:22:36,852 main.py:86] Episode 9500	average cumulative reward: 0.45
[INFO 2017-03-30 11:22:37,889 main.py:86] Episode 9510	average cumulative reward: -3.13
[INFO 2017-03-30 11:22:38,316 main.py:86] Episode 9520	average cumulative reward: -0.11
[INFO 2017-03-30 11:22:38,506 main.py:86] Episode 9530	average cumulative reward: 0.62
[INFO 2017-03-30 11:22:38,669 main.py:86] Episode 9540	average cumulative reward: 0.68
[INFO 2017-03-30 11:22:38,835 main.py:86] Episode 9550	average cumulative reward: 0.67
[INFO 2017-03-30 11:22:39,151 main.py:86] Episode 9560	average cumulative reward: -0.44
[INFO 2017-03-30 11:22:39,315 main.py:86] Episode 9570	average cumulative reward: 0.65
[INFO 2017-03-30 11:22:39,445 main.py:86] Episode 9580	average cumulative reward: 0.79
[INFO 2017-03-30 11:22:39,658 main.py:86] Episode 9590	average cumulative reward: 0.38
[INFO 2017-03-30 11:22:39,839 main.py:86] Episode 9600	average cumulative reward: 0.67
[INFO 2017-03-30 11:22:40,037 main.py:86] Episode 9610	average cumulative reward: 0.61
[INFO 2017-03-30 11:22:40,262 main.py:86] Episode 9620	average cumulative reward: 0.49
[INFO 2017-03-30 11:22:40,422 main.py:86] Episode 9630	average cumulative reward: 0.64
[INFO 2017-03-30 11:22:40,607 main.py:86] Episode 9640	average cumulative reward: 0.80
[INFO 2017-03-30 11:22:40,872 main.py:86] Episode 9650	average cumulative reward: 0.69
[INFO 2017-03-30 11:22:41,041 main.py:86] Episode 9660	average cumulative reward: 0.42
[INFO 2017-03-30 11:22:41,411 main.py:86] Episode 9670	average cumulative reward: 0.20
[INFO 2017-03-30 11:22:41,775 main.py:86] Episode 9680	average cumulative reward: 0.61
[INFO 2017-03-30 11:22:41,948 main.py:86] Episode 9690	average cumulative reward: 0.72
[INFO 2017-03-30 11:22:42,138 main.py:86] Episode 9700	average cumulative reward: 0.48
[INFO 2017-03-30 11:22:42,353 main.py:86] Episode 9710	average cumulative reward: 0.57
[INFO 2017-03-30 11:22:42,524 main.py:86] Episode 9720	average cumulative reward: 0.56
[INFO 2017-03-30 11:22:42,683 main.py:86] Episode 9730	average cumulative reward: 0.73
[INFO 2017-03-30 11:22:42,842 main.py:86] Episode 9740	average cumulative reward: 0.73
[INFO 2017-03-30 11:22:43,080 main.py:86] Episode 9750	average cumulative reward: 0.61
[INFO 2017-03-30 11:22:43,295 main.py:86] Episode 9760	average cumulative reward: 0.58
[INFO 2017-03-30 11:22:43,553 main.py:86] Episode 9770	average cumulative reward: 0.69
[INFO 2017-03-30 11:22:43,934 main.py:86] Episode 9780	average cumulative reward: 0.77
[INFO 2017-03-30 11:22:45,312 main.py:86] Episode 9790	average cumulative reward: -2.69
[INFO 2017-03-30 11:22:45,662 main.py:86] Episode 9800	average cumulative reward: -0.53
[INFO 2017-03-30 11:22:45,848 main.py:86] Episode 9810	average cumulative reward: 0.77
[INFO 2017-03-30 11:22:46,026 main.py:86] Episode 9820	average cumulative reward: 0.63
[INFO 2017-03-30 11:22:46,233 main.py:86] Episode 9830	average cumulative reward: 0.72
[INFO 2017-03-30 11:22:46,466 main.py:86] Episode 9840	average cumulative reward: -0.09
[INFO 2017-03-30 11:22:46,795 main.py:86] Episode 9850	average cumulative reward: -0.54
[INFO 2017-03-30 11:22:46,937 main.py:86] Episode 9860	average cumulative reward: 0.79
[INFO 2017-03-30 11:22:47,750 main.py:86] Episode 9870	average cumulative reward: -2.40
[INFO 2017-03-30 11:22:47,955 main.py:86] Episode 9880	average cumulative reward: 0.68
[INFO 2017-03-30 11:22:48,694 main.py:86] Episode 9890	average cumulative reward: -1.78
[INFO 2017-03-30 11:22:49,033 main.py:86] Episode 9900	average cumulative reward: 0.12
[INFO 2017-03-30 11:22:49,395 main.py:86] Episode 9910	average cumulative reward: 0.64
[INFO 2017-03-30 11:22:49,647 main.py:86] Episode 9920	average cumulative reward: 0.80
[INFO 2017-03-30 11:22:49,861 main.py:86] Episode 9930	average cumulative reward: 0.72
[INFO 2017-03-30 11:22:50,046 main.py:86] Episode 9940	average cumulative reward: 0.55
[INFO 2017-03-30 11:22:50,426 main.py:86] Episode 9950	average cumulative reward: -0.27
[INFO 2017-03-30 11:22:50,619 main.py:86] Episode 9960	average cumulative reward: 0.68
[INFO 2017-03-30 11:22:50,778 main.py:86] Episode 9970	average cumulative reward: 0.63
[INFO 2017-03-30 11:22:51,044 main.py:86] Episode 9980	average cumulative reward: 0.38
[INFO 2017-03-30 11:22:51,397 main.py:86] Episode 9990	average cumulative reward: 0.59
