[INFO 2017-03-31 14:27:38,619 main.py:41] Namespace(batch_size=64, discount_factor=0.99, ego_centric=False, gamma=0.99, gpu_id=1, image_block_size=64, init_model='', keep_command=False, learn_start=0, learning_rate=0.001, log_dir='./log', log_interval=10, map_config='empty_ground.json', max_episode_length=100, method='actor_critic', num_games=10000, opt_method='adam', pause_screen=False, render=False, replay_memory_size=100000, save_dir='./models', save_interval=1000, seed=432, show_frame=False, single_word=False, teacher_type='NAVI_GOAL', test=False, train=True, use_gpu=False, visible_radius_unit=1)
[INFO 2017-03-31 14:27:38,619 xworld_utils.py:18] loading item list
[INFO 2017-03-31 14:27:38,619 xworld_utils.py:26] finish loading item list
[INFO 2017-03-31 14:27:38,619 xworld_utils.py:31] loading item images
[INFO 2017-03-31 14:27:38,692 xworld_utils.py:42] finish loading item images
[INFO 2017-03-31 14:27:38,692 xworld_map.py:30] loading empty_ground.json
[INFO 2017-03-31 14:27:38,693 xworld_map.py:45] finish loading empty_ground.json
[INFO 2017-03-31 14:27:38,697 main.py:67] training
[INFO 2017-03-31 14:27:39,590 main.py:88] Episode 0	average cumulative reward: -12.86
[INFO 2017-03-31 14:27:39,594 main.py:93] Episode 0	saving model: 00000.pth
[INFO 2017-03-31 14:27:43,880 main.py:88] Episode 10	average cumulative reward: -6.18
[INFO 2017-03-31 14:27:47,067 main.py:88] Episode 20	average cumulative reward: -3.70
[INFO 2017-03-31 14:27:49,061 main.py:88] Episode 30	average cumulative reward: -3.28
[INFO 2017-03-31 14:27:54,716 main.py:88] Episode 40	average cumulative reward: -7.15
[INFO 2017-03-31 14:27:58,907 main.py:88] Episode 50	average cumulative reward: -6.99
[INFO 2017-03-31 14:28:03,088 main.py:88] Episode 60	average cumulative reward: -5.39
[INFO 2017-03-31 14:28:05,094 main.py:88] Episode 70	average cumulative reward: -3.40
[INFO 2017-03-31 14:28:08,368 main.py:88] Episode 80	average cumulative reward: -5.16
[INFO 2017-03-31 14:28:13,564 main.py:88] Episode 90	average cumulative reward: -7.09
[INFO 2017-03-31 14:28:18,503 main.py:88] Episode 100	average cumulative reward: -6.83
[INFO 2017-03-31 14:28:21,488 main.py:88] Episode 110	average cumulative reward: -4.97
[INFO 2017-03-31 14:28:26,404 main.py:88] Episode 120	average cumulative reward: -5.56
[INFO 2017-03-31 14:28:31,510 main.py:88] Episode 130	average cumulative reward: -6.60
[INFO 2017-03-31 14:28:35,921 main.py:88] Episode 140	average cumulative reward: -5.80
[INFO 2017-03-31 14:28:40,410 main.py:88] Episode 150	average cumulative reward: -6.66
[INFO 2017-03-31 14:28:44,715 main.py:88] Episode 160	average cumulative reward: -5.14
[INFO 2017-03-31 14:28:49,984 main.py:88] Episode 170	average cumulative reward: -6.23
[INFO 2017-03-31 14:28:54,394 main.py:88] Episode 180	average cumulative reward: -5.02
[INFO 2017-03-31 14:29:02,315 main.py:88] Episode 190	average cumulative reward: -8.50
[INFO 2017-03-31 14:29:08,018 main.py:88] Episode 200	average cumulative reward: -5.85
[INFO 2017-03-31 14:29:10,958 main.py:88] Episode 210	average cumulative reward: -3.45
[INFO 2017-03-31 14:29:17,491 main.py:88] Episode 220	average cumulative reward: -6.01
[INFO 2017-03-31 14:29:23,207 main.py:88] Episode 230	average cumulative reward: -6.61
[INFO 2017-03-31 14:29:30,185 main.py:88] Episode 240	average cumulative reward: -6.44
[INFO 2017-03-31 14:29:36,267 main.py:88] Episode 250	average cumulative reward: -6.50
[INFO 2017-03-31 14:29:44,066 main.py:88] Episode 260	average cumulative reward: -8.62
[INFO 2017-03-31 14:29:51,662 main.py:88] Episode 270	average cumulative reward: -8.13
[INFO 2017-03-31 14:29:57,072 main.py:88] Episode 280	average cumulative reward: -5.44
[INFO 2017-03-31 14:30:04,855 main.py:88] Episode 290	average cumulative reward: -5.98
[INFO 2017-03-31 14:30:13,427 main.py:88] Episode 300	average cumulative reward: -6.12
[INFO 2017-03-31 14:30:22,401 main.py:88] Episode 310	average cumulative reward: -8.87
[INFO 2017-03-31 14:30:29,809 main.py:88] Episode 320	average cumulative reward: -7.52
[INFO 2017-03-31 14:30:36,284 main.py:88] Episode 330	average cumulative reward: -6.13
[INFO 2017-03-31 14:30:43,502 main.py:88] Episode 340	average cumulative reward: -6.30
[INFO 2017-03-31 14:30:52,346 main.py:88] Episode 350	average cumulative reward: -7.76
[INFO 2017-03-31 14:31:00,636 main.py:88] Episode 360	average cumulative reward: -6.69
[INFO 2017-03-31 14:31:10,108 main.py:88] Episode 370	average cumulative reward: -9.33
[INFO 2017-03-31 14:31:18,124 main.py:88] Episode 380	average cumulative reward: -5.96
[INFO 2017-03-31 14:31:25,986 main.py:88] Episode 390	average cumulative reward: -8.52
[INFO 2017-03-31 14:31:34,427 main.py:88] Episode 400	average cumulative reward: -7.37
[INFO 2017-03-31 14:31:41,891 main.py:88] Episode 410	average cumulative reward: -8.21
[INFO 2017-03-31 14:31:48,467 main.py:88] Episode 420	average cumulative reward: -8.44
[INFO 2017-03-31 14:31:55,086 main.py:88] Episode 430	average cumulative reward: -7.78
[INFO 2017-03-31 14:32:01,901 main.py:88] Episode 440	average cumulative reward: -7.39
[INFO 2017-03-31 14:32:07,936 main.py:88] Episode 450	average cumulative reward: -4.49
[INFO 2017-03-31 14:32:14,693 main.py:88] Episode 460	average cumulative reward: -5.96
[INFO 2017-03-31 14:32:21,254 main.py:88] Episode 470	average cumulative reward: -7.21
[INFO 2017-03-31 14:32:26,483 main.py:88] Episode 480	average cumulative reward: -5.03
[INFO 2017-03-31 14:32:31,188 main.py:88] Episode 490	average cumulative reward: -4.54
[INFO 2017-03-31 14:32:37,958 main.py:88] Episode 500	average cumulative reward: -6.64
[INFO 2017-03-31 14:32:44,283 main.py:88] Episode 510	average cumulative reward: -6.07
[INFO 2017-03-31 14:32:49,654 main.py:88] Episode 520	average cumulative reward: -4.32
[INFO 2017-03-31 14:32:55,753 main.py:88] Episode 530	average cumulative reward: -7.86
[INFO 2017-03-31 14:33:01,788 main.py:88] Episode 540	average cumulative reward: -5.68
[INFO 2017-03-31 14:33:07,574 main.py:88] Episode 550	average cumulative reward: -5.86
[INFO 2017-03-31 14:33:15,595 main.py:88] Episode 560	average cumulative reward: -8.51
[INFO 2017-03-31 14:33:22,518 main.py:88] Episode 570	average cumulative reward: -6.95
[INFO 2017-03-31 14:33:30,881 main.py:88] Episode 580	average cumulative reward: -8.80
[INFO 2017-03-31 14:33:37,397 main.py:88] Episode 590	average cumulative reward: -7.12
[INFO 2017-03-31 14:33:41,695 main.py:88] Episode 600	average cumulative reward: -4.49
[INFO 2017-03-31 14:33:49,876 main.py:88] Episode 610	average cumulative reward: -9.72
[INFO 2017-03-31 14:33:53,528 main.py:88] Episode 620	average cumulative reward: -2.87
[INFO 2017-03-31 14:33:58,071 main.py:88] Episode 630	average cumulative reward: -5.98
[INFO 2017-03-31 14:34:05,451 main.py:88] Episode 640	average cumulative reward: -8.80
[INFO 2017-03-31 14:34:13,331 main.py:88] Episode 650	average cumulative reward: -7.00
[INFO 2017-03-31 14:34:17,690 main.py:88] Episode 660	average cumulative reward: -3.47
[INFO 2017-03-31 14:34:24,650 main.py:88] Episode 670	average cumulative reward: -6.88
[INFO 2017-03-31 14:34:31,174 main.py:88] Episode 680	average cumulative reward: -5.18
[INFO 2017-03-31 14:34:36,228 main.py:88] Episode 690	average cumulative reward: -4.71
[INFO 2017-03-31 14:34:40,459 main.py:88] Episode 700	average cumulative reward: -4.43
[INFO 2017-03-31 14:34:45,206 main.py:88] Episode 710	average cumulative reward: -5.25
[INFO 2017-03-31 14:34:51,262 main.py:88] Episode 720	average cumulative reward: -6.69
[INFO 2017-03-31 14:34:55,512 main.py:88] Episode 730	average cumulative reward: -5.75
[INFO 2017-03-31 14:35:01,812 main.py:88] Episode 740	average cumulative reward: -7.88
[INFO 2017-03-31 14:35:06,502 main.py:88] Episode 750	average cumulative reward: -6.09
[INFO 2017-03-31 14:35:09,852 main.py:88] Episode 760	average cumulative reward: -3.08
[INFO 2017-03-31 14:35:14,749 main.py:88] Episode 770	average cumulative reward: -7.27
[INFO 2017-03-31 14:35:21,560 main.py:88] Episode 780	average cumulative reward: -8.17
[INFO 2017-03-31 14:35:24,936 main.py:88] Episode 790	average cumulative reward: -4.17
[INFO 2017-03-31 14:35:30,694 main.py:88] Episode 800	average cumulative reward: -5.66
[INFO 2017-03-31 14:35:37,980 main.py:88] Episode 810	average cumulative reward: -5.48
[INFO 2017-03-31 14:35:45,404 main.py:88] Episode 820	average cumulative reward: -6.63
[INFO 2017-03-31 14:35:51,672 main.py:88] Episode 830	average cumulative reward: -6.99
[INFO 2017-03-31 14:35:56,341 main.py:88] Episode 840	average cumulative reward: -5.21
[INFO 2017-03-31 14:36:02,517 main.py:88] Episode 850	average cumulative reward: -4.82
[INFO 2017-03-31 14:36:09,634 main.py:88] Episode 860	average cumulative reward: -6.69
[INFO 2017-03-31 14:36:15,430 main.py:88] Episode 870	average cumulative reward: -4.88
[INFO 2017-03-31 14:36:21,873 main.py:88] Episode 880	average cumulative reward: -5.99
[INFO 2017-03-31 14:36:28,171 main.py:88] Episode 890	average cumulative reward: -7.34
[INFO 2017-03-31 14:36:31,560 main.py:88] Episode 900	average cumulative reward: -3.13
[INFO 2017-03-31 14:36:36,932 main.py:88] Episode 910	average cumulative reward: -5.61
[INFO 2017-03-31 14:36:42,497 main.py:88] Episode 920	average cumulative reward: -5.45
[INFO 2017-03-31 14:36:47,661 main.py:88] Episode 930	average cumulative reward: -4.84
[INFO 2017-03-31 14:36:54,006 main.py:88] Episode 940	average cumulative reward: -6.13
[INFO 2017-03-31 14:36:59,150 main.py:88] Episode 950	average cumulative reward: -7.75
[INFO 2017-03-31 14:37:06,293 main.py:88] Episode 960	average cumulative reward: -6.12
[INFO 2017-03-31 14:37:11,292 main.py:88] Episode 970	average cumulative reward: -4.45
[INFO 2017-03-31 14:37:18,416 main.py:88] Episode 980	average cumulative reward: -7.45
[INFO 2017-03-31 14:37:21,153 main.py:88] Episode 990	average cumulative reward: -2.66
[INFO 2017-03-31 14:37:24,158 main.py:88] Episode 1000	average cumulative reward: -3.79
[INFO 2017-03-31 14:37:24,159 main.py:93] Episode 1000	saving model: 01000.pth
[INFO 2017-03-31 14:37:29,556 main.py:88] Episode 1010	average cumulative reward: -5.65
[INFO 2017-03-31 14:37:36,912 main.py:88] Episode 1020	average cumulative reward: -6.68
[INFO 2017-03-31 14:37:41,712 main.py:88] Episode 1030	average cumulative reward: -5.40
[INFO 2017-03-31 14:37:48,517 main.py:88] Episode 1040	average cumulative reward: -7.63
[INFO 2017-03-31 14:37:54,746 main.py:88] Episode 1050	average cumulative reward: -6.45
[INFO 2017-03-31 14:37:59,997 main.py:88] Episode 1060	average cumulative reward: -6.40
[INFO 2017-03-31 14:38:03,711 main.py:88] Episode 1070	average cumulative reward: -5.01
[INFO 2017-03-31 14:38:06,920 main.py:88] Episode 1080	average cumulative reward: -3.97
[INFO 2017-03-31 14:38:10,752 main.py:88] Episode 1090	average cumulative reward: -6.19
[INFO 2017-03-31 14:38:13,316 main.py:88] Episode 1100	average cumulative reward: -3.41
[INFO 2017-03-31 14:38:18,298 main.py:88] Episode 1110	average cumulative reward: -7.76
[INFO 2017-03-31 14:38:22,640 main.py:88] Episode 1120	average cumulative reward: -5.62
[INFO 2017-03-31 14:38:27,945 main.py:88] Episode 1130	average cumulative reward: -6.98
[INFO 2017-03-31 14:38:32,659 main.py:88] Episode 1140	average cumulative reward: -5.70
[INFO 2017-03-31 14:38:36,306 main.py:88] Episode 1150	average cumulative reward: -5.84
[INFO 2017-03-31 14:38:38,917 main.py:88] Episode 1160	average cumulative reward: -3.44
[INFO 2017-03-31 14:38:42,462 main.py:88] Episode 1170	average cumulative reward: -4.94
[INFO 2017-03-31 14:38:45,415 main.py:88] Episode 1180	average cumulative reward: -4.27
[INFO 2017-03-31 14:38:49,973 main.py:88] Episode 1190	average cumulative reward: -6.66
[INFO 2017-03-31 14:38:53,643 main.py:88] Episode 1200	average cumulative reward: -4.22
[INFO 2017-03-31 14:38:57,196 main.py:88] Episode 1210	average cumulative reward: -4.91
[INFO 2017-03-31 14:39:01,651 main.py:88] Episode 1220	average cumulative reward: -7.36
[INFO 2017-03-31 14:39:05,680 main.py:88] Episode 1230	average cumulative reward: -6.71
[INFO 2017-03-31 14:39:09,823 main.py:88] Episode 1240	average cumulative reward: -6.37
[INFO 2017-03-31 14:39:13,579 main.py:88] Episode 1250	average cumulative reward: -4.19
[INFO 2017-03-31 14:39:18,990 main.py:88] Episode 1260	average cumulative reward: -7.11
[INFO 2017-03-31 14:39:23,186 main.py:88] Episode 1270	average cumulative reward: -5.04
[INFO 2017-03-31 14:39:27,885 main.py:88] Episode 1280	average cumulative reward: -6.67
[INFO 2017-03-31 14:39:31,537 main.py:88] Episode 1290	average cumulative reward: -5.99
[INFO 2017-03-31 14:39:33,834 main.py:88] Episode 1300	average cumulative reward: -2.79
[INFO 2017-03-31 14:39:38,790 main.py:88] Episode 1310	average cumulative reward: -6.76
[INFO 2017-03-31 14:39:43,009 main.py:88] Episode 1320	average cumulative reward: -5.15
[INFO 2017-03-31 14:39:47,481 main.py:88] Episode 1330	average cumulative reward: -5.53
[INFO 2017-03-31 14:39:50,982 main.py:88] Episode 1340	average cumulative reward: -4.76
[INFO 2017-03-31 14:39:54,485 main.py:88] Episode 1350	average cumulative reward: -5.27
[INFO 2017-03-31 14:39:57,796 main.py:88] Episode 1360	average cumulative reward: -5.42
[INFO 2017-03-31 14:40:03,173 main.py:88] Episode 1370	average cumulative reward: -7.15
[INFO 2017-03-31 14:40:06,196 main.py:88] Episode 1380	average cumulative reward: -4.63
[INFO 2017-03-31 14:40:10,485 main.py:88] Episode 1390	average cumulative reward: -8.02
[INFO 2017-03-31 14:40:16,936 main.py:88] Episode 1400	average cumulative reward: -8.88
[INFO 2017-03-31 14:40:24,433 main.py:88] Episode 1410	average cumulative reward: -10.73
[INFO 2017-03-31 14:40:28,551 main.py:88] Episode 1420	average cumulative reward: -5.56
[INFO 2017-03-31 14:40:35,471 main.py:88] Episode 1430	average cumulative reward: -8.21
[INFO 2017-03-31 14:40:39,076 main.py:88] Episode 1440	average cumulative reward: -4.79
[INFO 2017-03-31 14:40:43,574 main.py:88] Episode 1450	average cumulative reward: -6.19
[INFO 2017-03-31 14:40:46,068 main.py:88] Episode 1460	average cumulative reward: -4.65
[INFO 2017-03-31 14:40:49,506 main.py:88] Episode 1470	average cumulative reward: -4.24
[INFO 2017-03-31 14:40:52,362 main.py:88] Episode 1480	average cumulative reward: -3.77
[INFO 2017-03-31 14:40:57,719 main.py:88] Episode 1490	average cumulative reward: -6.97
[INFO 2017-03-31 14:41:02,320 main.py:88] Episode 1500	average cumulative reward: -7.65
[INFO 2017-03-31 14:41:06,946 main.py:88] Episode 1510	average cumulative reward: -7.30
[INFO 2017-03-31 14:41:12,173 main.py:88] Episode 1520	average cumulative reward: -5.69
[INFO 2017-03-31 14:41:17,567 main.py:88] Episode 1530	average cumulative reward: -5.70
[INFO 2017-03-31 14:41:21,576 main.py:88] Episode 1540	average cumulative reward: -6.61
[INFO 2017-03-31 14:41:25,367 main.py:88] Episode 1550	average cumulative reward: -4.99
[INFO 2017-03-31 14:41:28,640 main.py:88] Episode 1560	average cumulative reward: -4.77
[INFO 2017-03-31 14:41:34,582 main.py:88] Episode 1570	average cumulative reward: -9.03
[INFO 2017-03-31 14:41:40,612 main.py:88] Episode 1580	average cumulative reward: -9.09
[INFO 2017-03-31 14:41:44,319 main.py:88] Episode 1590	average cumulative reward: -3.65
[INFO 2017-03-31 14:41:50,687 main.py:88] Episode 1600	average cumulative reward: -6.29
[INFO 2017-03-31 14:41:55,811 main.py:88] Episode 1610	average cumulative reward: -4.93
[INFO 2017-03-31 14:42:01,738 main.py:88] Episode 1620	average cumulative reward: -6.98
[INFO 2017-03-31 14:42:07,681 main.py:88] Episode 1630	average cumulative reward: -5.64
[INFO 2017-03-31 14:42:12,089 main.py:88] Episode 1640	average cumulative reward: -5.27
[INFO 2017-03-31 14:42:17,364 main.py:88] Episode 1650	average cumulative reward: -6.90
[INFO 2017-03-31 14:42:23,561 main.py:88] Episode 1660	average cumulative reward: -7.31
[INFO 2017-03-31 14:42:28,639 main.py:88] Episode 1670	average cumulative reward: -4.28
[INFO 2017-03-31 14:42:34,090 main.py:88] Episode 1680	average cumulative reward: -5.29
[INFO 2017-03-31 14:42:40,213 main.py:88] Episode 1690	average cumulative reward: -6.95
[INFO 2017-03-31 14:42:42,822 main.py:88] Episode 1700	average cumulative reward: -2.78
[INFO 2017-03-31 14:42:47,246 main.py:88] Episode 1710	average cumulative reward: -4.79
[INFO 2017-03-31 14:42:51,654 main.py:88] Episode 1720	average cumulative reward: -5.30
[INFO 2017-03-31 14:42:55,402 main.py:88] Episode 1730	average cumulative reward: -3.37
[INFO 2017-03-31 14:43:02,758 main.py:88] Episode 1740	average cumulative reward: -7.59
[INFO 2017-03-31 14:43:07,833 main.py:88] Episode 1750	average cumulative reward: -5.16
[INFO 2017-03-31 14:43:14,130 main.py:88] Episode 1760	average cumulative reward: -6.22
[INFO 2017-03-31 14:43:20,066 main.py:88] Episode 1770	average cumulative reward: -6.70
[INFO 2017-03-31 14:43:25,275 main.py:88] Episode 1780	average cumulative reward: -5.90
[INFO 2017-03-31 14:43:30,652 main.py:88] Episode 1790	average cumulative reward: -6.14
[INFO 2017-03-31 14:43:34,665 main.py:88] Episode 1800	average cumulative reward: -4.67
[INFO 2017-03-31 14:43:39,911 main.py:88] Episode 1810	average cumulative reward: -5.58
[INFO 2017-03-31 14:43:46,380 main.py:88] Episode 1820	average cumulative reward: -7.21
[INFO 2017-03-31 14:43:52,074 main.py:88] Episode 1830	average cumulative reward: -7.87
[INFO 2017-03-31 14:43:54,816 main.py:88] Episode 1840	average cumulative reward: -3.67
[INFO 2017-03-31 14:43:58,549 main.py:88] Episode 1850	average cumulative reward: -5.32
[INFO 2017-03-31 14:44:04,064 main.py:88] Episode 1860	average cumulative reward: -5.23
[INFO 2017-03-31 14:44:09,486 main.py:88] Episode 1870	average cumulative reward: -5.19
[INFO 2017-03-31 14:44:13,156 main.py:88] Episode 1880	average cumulative reward: -4.22
[INFO 2017-03-31 14:44:18,719 main.py:88] Episode 1890	average cumulative reward: -6.09
[INFO 2017-03-31 14:44:22,438 main.py:88] Episode 1900	average cumulative reward: -5.46
[INFO 2017-03-31 14:44:26,416 main.py:88] Episode 1910	average cumulative reward: -4.28
[INFO 2017-03-31 14:44:31,241 main.py:88] Episode 1920	average cumulative reward: -6.84
[INFO 2017-03-31 14:44:35,905 main.py:88] Episode 1930	average cumulative reward: -5.08
[INFO 2017-03-31 14:44:40,434 main.py:88] Episode 1940	average cumulative reward: -5.30
[INFO 2017-03-31 14:44:45,449 main.py:88] Episode 1950	average cumulative reward: -5.80
[INFO 2017-03-31 14:44:48,728 main.py:88] Episode 1960	average cumulative reward: -5.06
[INFO 2017-03-31 14:44:53,105 main.py:88] Episode 1970	average cumulative reward: -6.39
[INFO 2017-03-31 14:44:58,960 main.py:88] Episode 1980	average cumulative reward: -8.07
[INFO 2017-03-31 14:45:03,369 main.py:88] Episode 1990	average cumulative reward: -5.89
[INFO 2017-03-31 14:45:07,018 main.py:88] Episode 2000	average cumulative reward: -4.53
[INFO 2017-03-31 14:45:07,018 main.py:93] Episode 2000	saving model: 02000.pth
[INFO 2017-03-31 14:45:11,082 main.py:88] Episode 2010	average cumulative reward: -5.83
[INFO 2017-03-31 14:45:14,434 main.py:88] Episode 2020	average cumulative reward: -4.87
[INFO 2017-03-31 14:45:18,539 main.py:88] Episode 2030	average cumulative reward: -6.46
[INFO 2017-03-31 14:45:22,405 main.py:88] Episode 2040	average cumulative reward: -5.67
[INFO 2017-03-31 14:45:26,236 main.py:88] Episode 2050	average cumulative reward: -4.23
[INFO 2017-03-31 14:45:32,190 main.py:88] Episode 2060	average cumulative reward: -9.02
[INFO 2017-03-31 14:45:36,964 main.py:88] Episode 2070	average cumulative reward: -6.09
[INFO 2017-03-31 14:45:43,472 main.py:88] Episode 2080	average cumulative reward: -8.43
[INFO 2017-03-31 14:45:48,377 main.py:88] Episode 2090	average cumulative reward: -6.90
[INFO 2017-03-31 14:45:51,671 main.py:88] Episode 2100	average cumulative reward: -3.70
[INFO 2017-03-31 14:45:55,692 main.py:88] Episode 2110	average cumulative reward: -4.39
[INFO 2017-03-31 14:46:01,116 main.py:88] Episode 2120	average cumulative reward: -6.93
[INFO 2017-03-31 14:46:05,405 main.py:88] Episode 2130	average cumulative reward: -5.64
[INFO 2017-03-31 14:46:07,862 main.py:88] Episode 2140	average cumulative reward: -4.20
[INFO 2017-03-31 14:46:12,654 main.py:88] Episode 2150	average cumulative reward: -6.73
[INFO 2017-03-31 14:46:17,978 main.py:88] Episode 2160	average cumulative reward: -5.98
[INFO 2017-03-31 14:46:23,676 main.py:88] Episode 2170	average cumulative reward: -6.62
[INFO 2017-03-31 14:46:28,676 main.py:88] Episode 2180	average cumulative reward: -6.74
[INFO 2017-03-31 14:46:33,518 main.py:88] Episode 2190	average cumulative reward: -6.35
[INFO 2017-03-31 14:46:37,452 main.py:88] Episode 2200	average cumulative reward: -4.61
[INFO 2017-03-31 14:46:44,548 main.py:88] Episode 2210	average cumulative reward: -7.65
[INFO 2017-03-31 14:46:49,736 main.py:88] Episode 2220	average cumulative reward: -4.94
[INFO 2017-03-31 14:46:53,664 main.py:88] Episode 2230	average cumulative reward: -5.81
[INFO 2017-03-31 14:46:59,786 main.py:88] Episode 2240	average cumulative reward: -6.53
[INFO 2017-03-31 14:47:05,337 main.py:88] Episode 2250	average cumulative reward: -6.65
[INFO 2017-03-31 14:47:10,258 main.py:88] Episode 2260	average cumulative reward: -6.83
[INFO 2017-03-31 14:47:16,419 main.py:88] Episode 2270	average cumulative reward: -6.07
[INFO 2017-03-31 14:47:22,136 main.py:88] Episode 2280	average cumulative reward: -6.26
[INFO 2017-03-31 14:47:27,313 main.py:88] Episode 2290	average cumulative reward: -5.40
[INFO 2017-03-31 14:47:31,997 main.py:88] Episode 2300	average cumulative reward: -5.41
[INFO 2017-03-31 14:47:37,238 main.py:88] Episode 2310	average cumulative reward: -5.42
[INFO 2017-03-31 14:47:40,152 main.py:88] Episode 2320	average cumulative reward: -3.37
[INFO 2017-03-31 14:47:46,377 main.py:88] Episode 2330	average cumulative reward: -7.37
[INFO 2017-03-31 14:47:51,569 main.py:88] Episode 2340	average cumulative reward: -6.30
[INFO 2017-03-31 14:47:57,274 main.py:88] Episode 2350	average cumulative reward: -7.13
[INFO 2017-03-31 14:48:03,107 main.py:88] Episode 2360	average cumulative reward: -7.68
[INFO 2017-03-31 14:48:07,750 main.py:88] Episode 2370	average cumulative reward: -6.24
[INFO 2017-03-31 14:48:13,288 main.py:88] Episode 2380	average cumulative reward: -4.63
[INFO 2017-03-31 14:48:17,415 main.py:88] Episode 2390	average cumulative reward: -4.46
[INFO 2017-03-31 14:48:20,348 main.py:88] Episode 2400	average cumulative reward: -3.50
[INFO 2017-03-31 14:48:28,086 main.py:88] Episode 2410	average cumulative reward: -6.93
[INFO 2017-03-31 14:48:32,801 main.py:88] Episode 2420	average cumulative reward: -5.10
[INFO 2017-03-31 14:48:35,989 main.py:88] Episode 2430	average cumulative reward: -4.06
[INFO 2017-03-31 14:48:42,271 main.py:88] Episode 2440	average cumulative reward: -8.85
[INFO 2017-03-31 14:48:46,377 main.py:88] Episode 2450	average cumulative reward: -7.49
[INFO 2017-03-31 14:48:48,471 main.py:88] Episode 2460	average cumulative reward: -2.96
[INFO 2017-03-31 14:48:52,705 main.py:88] Episode 2470	average cumulative reward: -5.78
[INFO 2017-03-31 14:48:57,776 main.py:88] Episode 2480	average cumulative reward: -6.05
[INFO 2017-03-31 14:49:02,351 main.py:88] Episode 2490	average cumulative reward: -5.55
[INFO 2017-03-31 14:49:05,324 main.py:88] Episode 2500	average cumulative reward: -3.00
[INFO 2017-03-31 14:49:09,119 main.py:88] Episode 2510	average cumulative reward: -3.22
[INFO 2017-03-31 14:49:11,551 main.py:88] Episode 2520	average cumulative reward: -3.80
[INFO 2017-03-31 14:49:16,871 main.py:88] Episode 2530	average cumulative reward: -7.96
[INFO 2017-03-31 14:49:21,415 main.py:88] Episode 2540	average cumulative reward: -6.73
[INFO 2017-03-31 14:49:26,283 main.py:88] Episode 2550	average cumulative reward: -5.36
[INFO 2017-03-31 14:49:29,332 main.py:88] Episode 2560	average cumulative reward: -4.49
[INFO 2017-03-31 14:49:34,456 main.py:88] Episode 2570	average cumulative reward: -7.15
[INFO 2017-03-31 14:49:37,166 main.py:88] Episode 2580	average cumulative reward: -2.83
[INFO 2017-03-31 14:49:41,028 main.py:88] Episode 2590	average cumulative reward: -4.21
[INFO 2017-03-31 14:49:44,085 main.py:88] Episode 2600	average cumulative reward: -5.01
[INFO 2017-03-31 14:49:47,980 main.py:88] Episode 2610	average cumulative reward: -6.33
[INFO 2017-03-31 14:49:51,814 main.py:88] Episode 2620	average cumulative reward: -6.13
[INFO 2017-03-31 14:49:56,949 main.py:88] Episode 2630	average cumulative reward: -6.45
[INFO 2017-03-31 14:50:02,205 main.py:88] Episode 2640	average cumulative reward: -5.32
[INFO 2017-03-31 14:50:04,350 main.py:88] Episode 2650	average cumulative reward: -3.56
[INFO 2017-03-31 14:50:08,032 main.py:88] Episode 2660	average cumulative reward: -5.74
[INFO 2017-03-31 14:50:12,664 main.py:88] Episode 2670	average cumulative reward: -6.06
[INFO 2017-03-31 14:50:17,313 main.py:88] Episode 2680	average cumulative reward: -9.55
[INFO 2017-03-31 14:50:22,109 main.py:88] Episode 2690	average cumulative reward: -6.69
[INFO 2017-03-31 14:50:27,449 main.py:88] Episode 2700	average cumulative reward: -6.68
[INFO 2017-03-31 14:50:31,471 main.py:88] Episode 2710	average cumulative reward: -4.93
[INFO 2017-03-31 14:50:35,442 main.py:88] Episode 2720	average cumulative reward: -5.82
[INFO 2017-03-31 14:50:39,322 main.py:88] Episode 2730	average cumulative reward: -5.71
[INFO 2017-03-31 14:50:43,455 main.py:88] Episode 2740	average cumulative reward: -5.39
[INFO 2017-03-31 14:50:48,309 main.py:88] Episode 2750	average cumulative reward: -7.21
[INFO 2017-03-31 14:50:50,191 main.py:88] Episode 2760	average cumulative reward: -3.44
[INFO 2017-03-31 14:50:54,560 main.py:88] Episode 2770	average cumulative reward: -5.50
[INFO 2017-03-31 14:50:58,627 main.py:88] Episode 2780	average cumulative reward: -6.03
[INFO 2017-03-31 14:51:01,952 main.py:88] Episode 2790	average cumulative reward: -5.46
[INFO 2017-03-31 14:51:05,279 main.py:88] Episode 2800	average cumulative reward: -5.02
[INFO 2017-03-31 14:51:10,093 main.py:88] Episode 2810	average cumulative reward: -5.47
[INFO 2017-03-31 14:51:13,624 main.py:88] Episode 2820	average cumulative reward: -5.76
[INFO 2017-03-31 14:51:17,469 main.py:88] Episode 2830	average cumulative reward: -5.77
[INFO 2017-03-31 14:51:21,948 main.py:88] Episode 2840	average cumulative reward: -5.84
[INFO 2017-03-31 14:51:24,482 main.py:88] Episode 2850	average cumulative reward: -4.57
[INFO 2017-03-31 14:51:28,165 main.py:88] Episode 2860	average cumulative reward: -5.30
[INFO 2017-03-31 14:51:32,338 main.py:88] Episode 2870	average cumulative reward: -6.13
[INFO 2017-03-31 14:51:38,512 main.py:88] Episode 2880	average cumulative reward: -7.54
[INFO 2017-03-31 14:51:42,736 main.py:88] Episode 2890	average cumulative reward: -6.39
[INFO 2017-03-31 14:51:46,301 main.py:88] Episode 2900	average cumulative reward: -5.42
[INFO 2017-03-31 14:51:50,138 main.py:88] Episode 2910	average cumulative reward: -5.26
[INFO 2017-03-31 14:51:53,968 main.py:88] Episode 2920	average cumulative reward: -5.86
[INFO 2017-03-31 14:51:59,109 main.py:88] Episode 2930	average cumulative reward: -6.57
[INFO 2017-03-31 14:52:02,985 main.py:88] Episode 2940	average cumulative reward: -6.29
[INFO 2017-03-31 14:52:06,253 main.py:88] Episode 2950	average cumulative reward: -5.52
[INFO 2017-03-31 14:52:09,618 main.py:88] Episode 2960	average cumulative reward: -4.60
[INFO 2017-03-31 14:52:13,006 main.py:88] Episode 2970	average cumulative reward: -4.87
[INFO 2017-03-31 14:52:17,212 main.py:88] Episode 2980	average cumulative reward: -5.49
[INFO 2017-03-31 14:52:21,971 main.py:88] Episode 2990	average cumulative reward: -6.83
[INFO 2017-03-31 14:52:25,634 main.py:88] Episode 3000	average cumulative reward: -4.52
[INFO 2017-03-31 14:52:25,634 main.py:93] Episode 3000	saving model: 03000.pth
[INFO 2017-03-31 14:52:31,484 main.py:88] Episode 3010	average cumulative reward: -7.70
[INFO 2017-03-31 14:52:35,223 main.py:88] Episode 3020	average cumulative reward: -4.98
[INFO 2017-03-31 14:52:38,484 main.py:88] Episode 3030	average cumulative reward: -3.44
[INFO 2017-03-31 14:52:42,916 main.py:88] Episode 3040	average cumulative reward: -6.23
[INFO 2017-03-31 14:52:45,835 main.py:88] Episode 3050	average cumulative reward: -5.19
[INFO 2017-03-31 14:52:50,134 main.py:88] Episode 3060	average cumulative reward: -5.95
[INFO 2017-03-31 14:52:53,797 main.py:88] Episode 3070	average cumulative reward: -5.19
[INFO 2017-03-31 14:52:58,682 main.py:88] Episode 3080	average cumulative reward: -7.50
[INFO 2017-03-31 14:53:04,275 main.py:88] Episode 3090	average cumulative reward: -7.09
[INFO 2017-03-31 14:53:10,413 main.py:88] Episode 3100	average cumulative reward: -6.84
[INFO 2017-03-31 14:53:14,167 main.py:88] Episode 3110	average cumulative reward: -4.27
[INFO 2017-03-31 14:53:17,571 main.py:88] Episode 3120	average cumulative reward: -4.73
[INFO 2017-03-31 14:53:20,447 main.py:88] Episode 3130	average cumulative reward: -3.35
[INFO 2017-03-31 14:53:24,509 main.py:88] Episode 3140	average cumulative reward: -6.42
[INFO 2017-03-31 14:53:29,084 main.py:88] Episode 3150	average cumulative reward: -6.02
[INFO 2017-03-31 14:53:33,067 main.py:88] Episode 3160	average cumulative reward: -4.29
[INFO 2017-03-31 14:53:38,185 main.py:88] Episode 3170	average cumulative reward: -6.05
[INFO 2017-03-31 14:53:43,477 main.py:88] Episode 3180	average cumulative reward: -6.06
[INFO 2017-03-31 14:53:47,677 main.py:88] Episode 3190	average cumulative reward: -5.27
[INFO 2017-03-31 14:53:51,850 main.py:88] Episode 3200	average cumulative reward: -4.24
[INFO 2017-03-31 14:53:54,752 main.py:88] Episode 3210	average cumulative reward: -3.82
[INFO 2017-03-31 14:53:59,742 main.py:88] Episode 3220	average cumulative reward: -6.37
[INFO 2017-03-31 14:54:02,632 main.py:88] Episode 3230	average cumulative reward: -3.79
[INFO 2017-03-31 14:54:07,472 main.py:88] Episode 3240	average cumulative reward: -4.65
[INFO 2017-03-31 14:54:10,236 main.py:88] Episode 3250	average cumulative reward: -3.10
[INFO 2017-03-31 14:54:13,781 main.py:88] Episode 3260	average cumulative reward: -4.50
[INFO 2017-03-31 14:54:18,756 main.py:88] Episode 3270	average cumulative reward: -6.91
[INFO 2017-03-31 14:54:24,374 main.py:88] Episode 3280	average cumulative reward: -5.53
[INFO 2017-03-31 14:54:27,542 main.py:88] Episode 3290	average cumulative reward: -3.44
[INFO 2017-03-31 14:54:31,472 main.py:88] Episode 3300	average cumulative reward: -5.78
[INFO 2017-03-31 14:54:33,754 main.py:88] Episode 3310	average cumulative reward: -2.46
[INFO 2017-03-31 14:54:38,264 main.py:88] Episode 3320	average cumulative reward: -6.29
[INFO 2017-03-31 14:54:44,192 main.py:88] Episode 3330	average cumulative reward: -8.51
[INFO 2017-03-31 14:54:49,285 main.py:88] Episode 3340	average cumulative reward: -6.16
[INFO 2017-03-31 14:54:53,966 main.py:88] Episode 3350	average cumulative reward: -5.08
[INFO 2017-03-31 14:54:59,597 main.py:88] Episode 3360	average cumulative reward: -4.65
[INFO 2017-03-31 14:55:02,246 main.py:88] Episode 3370	average cumulative reward: -3.67
[INFO 2017-03-31 14:55:07,452 main.py:88] Episode 3380	average cumulative reward: -7.69
[INFO 2017-03-31 14:55:10,789 main.py:88] Episode 3390	average cumulative reward: -3.14
[INFO 2017-03-31 14:55:14,547 main.py:88] Episode 3400	average cumulative reward: -4.91
[INFO 2017-03-31 14:55:18,783 main.py:88] Episode 3410	average cumulative reward: -5.10
[INFO 2017-03-31 14:55:22,919 main.py:88] Episode 3420	average cumulative reward: -4.49
[INFO 2017-03-31 14:55:28,012 main.py:88] Episode 3430	average cumulative reward: -6.22
[INFO 2017-03-31 14:55:31,996 main.py:88] Episode 3440	average cumulative reward: -5.57
[INFO 2017-03-31 14:55:34,989 main.py:88] Episode 3450	average cumulative reward: -4.07
[INFO 2017-03-31 14:55:38,906 main.py:88] Episode 3460	average cumulative reward: -4.81
[INFO 2017-03-31 14:55:40,799 main.py:88] Episode 3470	average cumulative reward: -2.32
[INFO 2017-03-31 14:55:44,947 main.py:88] Episode 3480	average cumulative reward: -7.10
[INFO 2017-03-31 14:55:48,207 main.py:88] Episode 3490	average cumulative reward: -3.65
[INFO 2017-03-31 14:55:53,074 main.py:88] Episode 3500	average cumulative reward: -6.83
[INFO 2017-03-31 14:55:57,813 main.py:88] Episode 3510	average cumulative reward: -6.89
[INFO 2017-03-31 14:56:02,828 main.py:88] Episode 3520	average cumulative reward: -4.91
[INFO 2017-03-31 14:56:09,033 main.py:88] Episode 3530	average cumulative reward: -7.90
[INFO 2017-03-31 14:56:11,465 main.py:88] Episode 3540	average cumulative reward: -3.22
[INFO 2017-03-31 14:56:13,869 main.py:88] Episode 3550	average cumulative reward: -4.12
[INFO 2017-03-31 14:56:19,477 main.py:88] Episode 3560	average cumulative reward: -7.59
[INFO 2017-03-31 14:56:24,672 main.py:88] Episode 3570	average cumulative reward: -7.17
[INFO 2017-03-31 14:56:27,072 main.py:88] Episode 3580	average cumulative reward: -2.81
[INFO 2017-03-31 14:56:30,726 main.py:88] Episode 3590	average cumulative reward: -4.85
[INFO 2017-03-31 14:56:35,387 main.py:88] Episode 3600	average cumulative reward: -4.38
[INFO 2017-03-31 14:56:40,804 main.py:88] Episode 3610	average cumulative reward: -7.15
[INFO 2017-03-31 14:56:44,398 main.py:88] Episode 3620	average cumulative reward: -4.03
[INFO 2017-03-31 14:56:50,273 main.py:88] Episode 3630	average cumulative reward: -6.67
[INFO 2017-03-31 14:56:54,819 main.py:88] Episode 3640	average cumulative reward: -6.46
[INFO 2017-03-31 14:56:59,500 main.py:88] Episode 3650	average cumulative reward: -6.33
[INFO 2017-03-31 14:57:05,069 main.py:88] Episode 3660	average cumulative reward: -6.04
[INFO 2017-03-31 14:57:08,549 main.py:88] Episode 3670	average cumulative reward: -4.71
[INFO 2017-03-31 14:57:14,390 main.py:88] Episode 3680	average cumulative reward: -8.02
[INFO 2017-03-31 14:57:19,157 main.py:88] Episode 3690	average cumulative reward: -7.65
[INFO 2017-03-31 14:57:23,396 main.py:88] Episode 3700	average cumulative reward: -6.23
[INFO 2017-03-31 14:57:26,211 main.py:88] Episode 3710	average cumulative reward: -4.55
[INFO 2017-03-31 14:57:31,474 main.py:88] Episode 3720	average cumulative reward: -6.35
[INFO 2017-03-31 14:57:35,092 main.py:88] Episode 3730	average cumulative reward: -3.48
[INFO 2017-03-31 14:57:39,070 main.py:88] Episode 3740	average cumulative reward: -4.30
[INFO 2017-03-31 14:57:42,983 main.py:88] Episode 3750	average cumulative reward: -4.51
[INFO 2017-03-31 14:57:49,398 main.py:88] Episode 3760	average cumulative reward: -7.09
[INFO 2017-03-31 14:57:53,449 main.py:88] Episode 3770	average cumulative reward: -6.05
[INFO 2017-03-31 14:57:57,458 main.py:88] Episode 3780	average cumulative reward: -5.27
[INFO 2017-03-31 14:57:59,284 main.py:88] Episode 3790	average cumulative reward: -2.24
[INFO 2017-03-31 14:58:04,422 main.py:88] Episode 3800	average cumulative reward: -7.17
[INFO 2017-03-31 14:58:08,888 main.py:88] Episode 3810	average cumulative reward: -5.60
[INFO 2017-03-31 14:58:11,419 main.py:88] Episode 3820	average cumulative reward: -2.97
[INFO 2017-03-31 14:58:16,847 main.py:88] Episode 3830	average cumulative reward: -6.47
[INFO 2017-03-31 14:58:21,405 main.py:88] Episode 3840	average cumulative reward: -4.58
[INFO 2017-03-31 14:58:25,229 main.py:88] Episode 3850	average cumulative reward: -5.86
[INFO 2017-03-31 14:58:29,492 main.py:88] Episode 3860	average cumulative reward: -4.47
[INFO 2017-03-31 14:58:36,110 main.py:88] Episode 3870	average cumulative reward: -6.89
[INFO 2017-03-31 14:58:39,580 main.py:88] Episode 3880	average cumulative reward: -5.17
[INFO 2017-03-31 14:58:42,688 main.py:88] Episode 3890	average cumulative reward: -3.58
[INFO 2017-03-31 14:58:48,372 main.py:88] Episode 3900	average cumulative reward: -5.99
[INFO 2017-03-31 14:58:50,626 main.py:88] Episode 3910	average cumulative reward: -2.55
[INFO 2017-03-31 14:58:55,495 main.py:88] Episode 3920	average cumulative reward: -5.24
[INFO 2017-03-31 14:58:58,655 main.py:88] Episode 3930	average cumulative reward: -5.21
[INFO 2017-03-31 14:59:02,914 main.py:88] Episode 3940	average cumulative reward: -5.65
[INFO 2017-03-31 14:59:05,615 main.py:88] Episode 3950	average cumulative reward: -4.22
[INFO 2017-03-31 14:59:08,537 main.py:88] Episode 3960	average cumulative reward: -2.49
[INFO 2017-03-31 14:59:11,907 main.py:88] Episode 3970	average cumulative reward: -3.99
[INFO 2017-03-31 14:59:15,509 main.py:88] Episode 3980	average cumulative reward: -5.91
[INFO 2017-03-31 14:59:21,022 main.py:88] Episode 3990	average cumulative reward: -6.68
[INFO 2017-03-31 14:59:23,965 main.py:88] Episode 4000	average cumulative reward: -2.59
[INFO 2017-03-31 14:59:23,966 main.py:93] Episode 4000	saving model: 04000.pth
[INFO 2017-03-31 14:59:28,708 main.py:88] Episode 4010	average cumulative reward: -5.67
[INFO 2017-03-31 14:59:33,422 main.py:88] Episode 4020	average cumulative reward: -6.12
[INFO 2017-03-31 14:59:35,806 main.py:88] Episode 4030	average cumulative reward: -3.76
[INFO 2017-03-31 14:59:41,324 main.py:88] Episode 4040	average cumulative reward: -8.68
[INFO 2017-03-31 14:59:46,050 main.py:88] Episode 4050	average cumulative reward: -6.45
[INFO 2017-03-31 14:59:52,184 main.py:88] Episode 4060	average cumulative reward: -7.27
[INFO 2017-03-31 14:59:56,485 main.py:88] Episode 4070	average cumulative reward: -4.68
[INFO 2017-03-31 15:00:00,716 main.py:88] Episode 4080	average cumulative reward: -6.34
[INFO 2017-03-31 15:00:04,324 main.py:88] Episode 4090	average cumulative reward: -4.71
[INFO 2017-03-31 15:00:07,218 main.py:88] Episode 4100	average cumulative reward: -3.79
[INFO 2017-03-31 15:00:10,616 main.py:88] Episode 4110	average cumulative reward: -4.22
[INFO 2017-03-31 15:00:15,796 main.py:88] Episode 4120	average cumulative reward: -7.34
[INFO 2017-03-31 15:00:19,812 main.py:88] Episode 4130	average cumulative reward: -6.10
[INFO 2017-03-31 15:00:24,678 main.py:88] Episode 4140	average cumulative reward: -7.21
[INFO 2017-03-31 15:00:28,350 main.py:88] Episode 4150	average cumulative reward: -5.78
[INFO 2017-03-31 15:00:32,022 main.py:88] Episode 4160	average cumulative reward: -4.74
[INFO 2017-03-31 15:00:35,115 main.py:88] Episode 4170	average cumulative reward: -3.49
[INFO 2017-03-31 15:00:38,147 main.py:88] Episode 4180	average cumulative reward: -3.01
[INFO 2017-03-31 15:00:41,704 main.py:88] Episode 4190	average cumulative reward: -4.60
[INFO 2017-03-31 15:00:46,437 main.py:88] Episode 4200	average cumulative reward: -5.28
[INFO 2017-03-31 15:00:50,745 main.py:88] Episode 4210	average cumulative reward: -4.31
[INFO 2017-03-31 15:00:52,915 main.py:88] Episode 4220	average cumulative reward: -2.98
[INFO 2017-03-31 15:00:56,383 main.py:88] Episode 4230	average cumulative reward: -4.96
[INFO 2017-03-31 15:00:59,518 main.py:88] Episode 4240	average cumulative reward: -5.78
[INFO 2017-03-31 15:01:01,845 main.py:88] Episode 4250	average cumulative reward: -2.48
[INFO 2017-03-31 15:01:06,195 main.py:88] Episode 4260	average cumulative reward: -5.62
[INFO 2017-03-31 15:01:10,794 main.py:88] Episode 4270	average cumulative reward: -5.69
[INFO 2017-03-31 15:01:13,240 main.py:88] Episode 4280	average cumulative reward: -3.52
[INFO 2017-03-31 15:01:17,518 main.py:88] Episode 4290	average cumulative reward: -5.28
[INFO 2017-03-31 15:01:22,558 main.py:88] Episode 4300	average cumulative reward: -8.08
[INFO 2017-03-31 15:01:24,027 main.py:88] Episode 4310	average cumulative reward: -2.33
[INFO 2017-03-31 15:01:28,479 main.py:88] Episode 4320	average cumulative reward: -5.40
[INFO 2017-03-31 15:01:31,327 main.py:88] Episode 4330	average cumulative reward: -3.95
[INFO 2017-03-31 15:01:34,990 main.py:88] Episode 4340	average cumulative reward: -5.02
[INFO 2017-03-31 15:01:38,883 main.py:88] Episode 4350	average cumulative reward: -6.11
[INFO 2017-03-31 15:01:42,411 main.py:88] Episode 4360	average cumulative reward: -4.29
[INFO 2017-03-31 15:01:45,192 main.py:88] Episode 4370	average cumulative reward: -3.37
[INFO 2017-03-31 15:01:48,145 main.py:88] Episode 4380	average cumulative reward: -3.84
[INFO 2017-03-31 15:01:50,429 main.py:88] Episode 4390	average cumulative reward: -2.42
[INFO 2017-03-31 15:01:54,111 main.py:88] Episode 4400	average cumulative reward: -5.41
[INFO 2017-03-31 15:01:56,540 main.py:88] Episode 4410	average cumulative reward: -2.71
[INFO 2017-03-31 15:02:00,742 main.py:88] Episode 4420	average cumulative reward: -5.10
[INFO 2017-03-31 15:02:02,871 main.py:88] Episode 4430	average cumulative reward: -3.37
[INFO 2017-03-31 15:02:05,362 main.py:88] Episode 4440	average cumulative reward: -1.92
[INFO 2017-03-31 15:02:09,997 main.py:88] Episode 4450	average cumulative reward: -6.39
[INFO 2017-03-31 15:02:13,332 main.py:88] Episode 4460	average cumulative reward: -4.61
[INFO 2017-03-31 15:02:15,931 main.py:88] Episode 4470	average cumulative reward: -3.95
[INFO 2017-03-31 15:02:19,265 main.py:88] Episode 4480	average cumulative reward: -5.22
[INFO 2017-03-31 15:02:22,207 main.py:88] Episode 4490	average cumulative reward: -5.10
[INFO 2017-03-31 15:02:27,883 main.py:88] Episode 4500	average cumulative reward: -6.99
[INFO 2017-03-31 15:02:30,708 main.py:88] Episode 4510	average cumulative reward: -4.36
[INFO 2017-03-31 15:02:34,692 main.py:88] Episode 4520	average cumulative reward: -7.37
[INFO 2017-03-31 15:02:39,079 main.py:88] Episode 4530	average cumulative reward: -7.46
[INFO 2017-03-31 15:02:42,432 main.py:88] Episode 4540	average cumulative reward: -3.94
[INFO 2017-03-31 15:02:44,276 main.py:88] Episode 4550	average cumulative reward: -2.94
[INFO 2017-03-31 15:02:48,661 main.py:88] Episode 4560	average cumulative reward: -5.66
[INFO 2017-03-31 15:02:52,191 main.py:88] Episode 4570	average cumulative reward: -4.44
[INFO 2017-03-31 15:02:55,059 main.py:88] Episode 4580	average cumulative reward: -4.10
[INFO 2017-03-31 15:02:56,811 main.py:88] Episode 4590	average cumulative reward: -2.25
[INFO 2017-03-31 15:03:00,172 main.py:88] Episode 4600	average cumulative reward: -3.90
[INFO 2017-03-31 15:03:04,138 main.py:88] Episode 4610	average cumulative reward: -5.19
[INFO 2017-03-31 15:03:05,518 main.py:88] Episode 4620	average cumulative reward: -2.47
[INFO 2017-03-31 15:03:07,430 main.py:88] Episode 4630	average cumulative reward: -3.14
[INFO 2017-03-31 15:03:11,045 main.py:88] Episode 4640	average cumulative reward: -3.86
[INFO 2017-03-31 15:03:13,760 main.py:88] Episode 4650	average cumulative reward: -3.59
[INFO 2017-03-31 15:03:16,849 main.py:88] Episode 4660	average cumulative reward: -3.82
[INFO 2017-03-31 15:03:20,650 main.py:88] Episode 4670	average cumulative reward: -4.11
[INFO 2017-03-31 15:03:24,721 main.py:88] Episode 4680	average cumulative reward: -4.59
[INFO 2017-03-31 15:03:27,617 main.py:88] Episode 4690	average cumulative reward: -5.66
[INFO 2017-03-31 15:03:30,253 main.py:88] Episode 4700	average cumulative reward: -4.75
[INFO 2017-03-31 15:03:31,734 main.py:88] Episode 4710	average cumulative reward: -2.80
[INFO 2017-03-31 15:03:34,751 main.py:88] Episode 4720	average cumulative reward: -3.74
[INFO 2017-03-31 15:03:37,240 main.py:88] Episode 4730	average cumulative reward: -2.93
[INFO 2017-03-31 15:03:42,859 main.py:88] Episode 4740	average cumulative reward: -7.56
[INFO 2017-03-31 15:03:46,883 main.py:88] Episode 4750	average cumulative reward: -6.33
[INFO 2017-03-31 15:03:50,416 main.py:88] Episode 4760	average cumulative reward: -6.36
[INFO 2017-03-31 15:03:52,926 main.py:88] Episode 4770	average cumulative reward: -3.75
[INFO 2017-03-31 15:03:54,338 main.py:88] Episode 4780	average cumulative reward: -2.44
[INFO 2017-03-31 15:03:57,995 main.py:88] Episode 4790	average cumulative reward: -6.62
[INFO 2017-03-31 15:03:59,644 main.py:88] Episode 4800	average cumulative reward: -2.82
[INFO 2017-03-31 15:04:02,856 main.py:88] Episode 4810	average cumulative reward: -5.43
[INFO 2017-03-31 15:04:05,903 main.py:88] Episode 4820	average cumulative reward: -4.37
[INFO 2017-03-31 15:04:10,087 main.py:88] Episode 4830	average cumulative reward: -5.77
[INFO 2017-03-31 15:04:12,215 main.py:88] Episode 4840	average cumulative reward: -2.61
[INFO 2017-03-31 15:04:14,293 main.py:88] Episode 4850	average cumulative reward: -2.16
[INFO 2017-03-31 15:04:17,760 main.py:88] Episode 4860	average cumulative reward: -4.12
[INFO 2017-03-31 15:04:20,221 main.py:88] Episode 4870	average cumulative reward: -3.97
[INFO 2017-03-31 15:04:23,664 main.py:88] Episode 4880	average cumulative reward: -6.75
[INFO 2017-03-31 15:04:26,555 main.py:88] Episode 4890	average cumulative reward: -4.20
[INFO 2017-03-31 15:04:28,645 main.py:88] Episode 4900	average cumulative reward: -3.39
[INFO 2017-03-31 15:04:31,568 main.py:88] Episode 4910	average cumulative reward: -4.78
[INFO 2017-03-31 15:04:34,321 main.py:88] Episode 4920	average cumulative reward: -3.39
[INFO 2017-03-31 15:04:36,931 main.py:88] Episode 4930	average cumulative reward: -4.35
[INFO 2017-03-31 15:04:39,497 main.py:88] Episode 4940	average cumulative reward: -4.48
[INFO 2017-03-31 15:04:44,237 main.py:88] Episode 4950	average cumulative reward: -4.49
[INFO 2017-03-31 15:04:47,919 main.py:88] Episode 4960	average cumulative reward: -7.74
[INFO 2017-03-31 15:04:49,513 main.py:88] Episode 4970	average cumulative reward: -2.22
[INFO 2017-03-31 15:04:53,932 main.py:88] Episode 4980	average cumulative reward: -2.88
[INFO 2017-03-31 15:04:55,618 main.py:88] Episode 4990	average cumulative reward: -2.25
[INFO 2017-03-31 15:04:59,162 main.py:88] Episode 5000	average cumulative reward: -4.27
[INFO 2017-03-31 15:04:59,162 main.py:93] Episode 5000	saving model: 05000.pth
[INFO 2017-03-31 15:05:00,887 main.py:88] Episode 5010	average cumulative reward: -2.94
[INFO 2017-03-31 15:05:01,806 main.py:88] Episode 5020	average cumulative reward: -0.51
[INFO 2017-03-31 15:05:04,322 main.py:88] Episode 5030	average cumulative reward: -3.17
[INFO 2017-03-31 15:05:06,624 main.py:88] Episode 5040	average cumulative reward: -3.20
[INFO 2017-03-31 15:05:09,370 main.py:88] Episode 5050	average cumulative reward: -2.75
[INFO 2017-03-31 15:05:11,379 main.py:88] Episode 5060	average cumulative reward: -3.08
[INFO 2017-03-31 15:05:14,605 main.py:88] Episode 5070	average cumulative reward: -5.90
[INFO 2017-03-31 15:05:17,227 main.py:88] Episode 5080	average cumulative reward: -3.60
[INFO 2017-03-31 15:05:18,804 main.py:88] Episode 5090	average cumulative reward: -2.70
[INFO 2017-03-31 15:05:20,077 main.py:88] Episode 5100	average cumulative reward: -1.67
[INFO 2017-03-31 15:05:23,846 main.py:88] Episode 5110	average cumulative reward: -5.90
[INFO 2017-03-31 15:05:26,803 main.py:88] Episode 5120	average cumulative reward: -5.53
[INFO 2017-03-31 15:05:30,348 main.py:88] Episode 5130	average cumulative reward: -4.66
[INFO 2017-03-31 15:05:33,182 main.py:88] Episode 5140	average cumulative reward: -3.16
[INFO 2017-03-31 15:05:35,186 main.py:88] Episode 5150	average cumulative reward: -2.72
[INFO 2017-03-31 15:05:38,576 main.py:88] Episode 5160	average cumulative reward: -5.09
[INFO 2017-03-31 15:05:41,113 main.py:88] Episode 5170	average cumulative reward: -3.18
[INFO 2017-03-31 15:05:42,569 main.py:88] Episode 5180	average cumulative reward: -3.07
[INFO 2017-03-31 15:05:45,135 main.py:88] Episode 5190	average cumulative reward: -4.01
[INFO 2017-03-31 15:05:47,670 main.py:88] Episode 5200	average cumulative reward: -2.94
[INFO 2017-03-31 15:05:51,364 main.py:88] Episode 5210	average cumulative reward: -6.07
[INFO 2017-03-31 15:05:54,803 main.py:88] Episode 5220	average cumulative reward: -5.21
[INFO 2017-03-31 15:05:56,961 main.py:88] Episode 5230	average cumulative reward: -1.87
[INFO 2017-03-31 15:05:58,001 main.py:88] Episode 5240	average cumulative reward: -1.37
[INFO 2017-03-31 15:06:01,027 main.py:88] Episode 5250	average cumulative reward: -4.52
[INFO 2017-03-31 15:06:03,356 main.py:88] Episode 5260	average cumulative reward: -2.90
[INFO 2017-03-31 15:06:05,840 main.py:88] Episode 5270	average cumulative reward: -2.79
[INFO 2017-03-31 15:06:07,471 main.py:88] Episode 5280	average cumulative reward: -3.39
[INFO 2017-03-31 15:06:10,902 main.py:88] Episode 5290	average cumulative reward: -4.18
[INFO 2017-03-31 15:06:12,396 main.py:88] Episode 5300	average cumulative reward: -2.08
[INFO 2017-03-31 15:06:13,913 main.py:88] Episode 5310	average cumulative reward: -2.89
[INFO 2017-03-31 15:06:15,480 main.py:88] Episode 5320	average cumulative reward: -2.39
[INFO 2017-03-31 15:06:17,626 main.py:88] Episode 5330	average cumulative reward: -2.69
[INFO 2017-03-31 15:06:20,315 main.py:88] Episode 5340	average cumulative reward: -2.75
[INFO 2017-03-31 15:06:22,707 main.py:88] Episode 5350	average cumulative reward: -3.80
[INFO 2017-03-31 15:06:24,155 main.py:88] Episode 5360	average cumulative reward: -2.09
[INFO 2017-03-31 15:06:26,552 main.py:88] Episode 5370	average cumulative reward: -4.33
[INFO 2017-03-31 15:06:28,230 main.py:88] Episode 5380	average cumulative reward: -1.97
[INFO 2017-03-31 15:06:30,355 main.py:88] Episode 5390	average cumulative reward: -2.92
[INFO 2017-03-31 15:06:35,450 main.py:88] Episode 5400	average cumulative reward: -4.87
[INFO 2017-03-31 15:06:36,519 main.py:88] Episode 5410	average cumulative reward: -2.15
[INFO 2017-03-31 15:06:39,966 main.py:88] Episode 5420	average cumulative reward: -4.62
[INFO 2017-03-31 15:06:43,044 main.py:88] Episode 5430	average cumulative reward: -4.72
[INFO 2017-03-31 15:06:45,436 main.py:88] Episode 5440	average cumulative reward: -2.81
[INFO 2017-03-31 15:06:46,949 main.py:88] Episode 5450	average cumulative reward: -2.18
[INFO 2017-03-31 15:06:49,149 main.py:88] Episode 5460	average cumulative reward: -3.09
[INFO 2017-03-31 15:06:51,363 main.py:88] Episode 5470	average cumulative reward: -2.34
[INFO 2017-03-31 15:06:53,001 main.py:88] Episode 5480	average cumulative reward: -1.90
[INFO 2017-03-31 15:06:53,993 main.py:88] Episode 5490	average cumulative reward: -1.88
[INFO 2017-03-31 15:06:56,762 main.py:88] Episode 5500	average cumulative reward: -3.94
[INFO 2017-03-31 15:06:58,343 main.py:88] Episode 5510	average cumulative reward: -2.85
[INFO 2017-03-31 15:07:00,542 main.py:88] Episode 5520	average cumulative reward: -3.27
[INFO 2017-03-31 15:07:02,762 main.py:88] Episode 5530	average cumulative reward: -3.07
[INFO 2017-03-31 15:07:04,116 main.py:88] Episode 5540	average cumulative reward: -1.35
[INFO 2017-03-31 15:07:05,874 main.py:88] Episode 5550	average cumulative reward: -2.20
[INFO 2017-03-31 15:07:07,351 main.py:88] Episode 5560	average cumulative reward: -1.92
[INFO 2017-03-31 15:07:08,473 main.py:88] Episode 5570	average cumulative reward: -1.64
[INFO 2017-03-31 15:07:09,836 main.py:88] Episode 5580	average cumulative reward: -2.94
[INFO 2017-03-31 15:07:11,527 main.py:88] Episode 5590	average cumulative reward: -2.30
[INFO 2017-03-31 15:07:13,924 main.py:88] Episode 5600	average cumulative reward: -2.93
[INFO 2017-03-31 15:07:18,338 main.py:88] Episode 5610	average cumulative reward: -6.05
[INFO 2017-03-31 15:07:20,563 main.py:88] Episode 5620	average cumulative reward: -3.48
[INFO 2017-03-31 15:07:22,806 main.py:88] Episode 5630	average cumulative reward: -3.60
[INFO 2017-03-31 15:07:24,848 main.py:88] Episode 5640	average cumulative reward: -2.07
[INFO 2017-03-31 15:07:26,831 main.py:88] Episode 5650	average cumulative reward: -2.78
[INFO 2017-03-31 15:07:30,701 main.py:88] Episode 5660	average cumulative reward: -4.44
[INFO 2017-03-31 15:07:33,668 main.py:88] Episode 5670	average cumulative reward: -3.35
[INFO 2017-03-31 15:07:34,674 main.py:88] Episode 5680	average cumulative reward: -1.12
[INFO 2017-03-31 15:07:37,749 main.py:88] Episode 5690	average cumulative reward: -3.30
[INFO 2017-03-31 15:07:39,597 main.py:88] Episode 5700	average cumulative reward: -2.56
[INFO 2017-03-31 15:07:40,425 main.py:88] Episode 5710	average cumulative reward: -1.11
[INFO 2017-03-31 15:07:42,520 main.py:88] Episode 5720	average cumulative reward: -2.94
[INFO 2017-03-31 15:07:44,522 main.py:88] Episode 5730	average cumulative reward: -3.57
[INFO 2017-03-31 15:07:45,931 main.py:88] Episode 5740	average cumulative reward: -3.48
[INFO 2017-03-31 15:07:47,807 main.py:88] Episode 5750	average cumulative reward: -2.83
[INFO 2017-03-31 15:07:49,346 main.py:88] Episode 5760	average cumulative reward: -1.94
[INFO 2017-03-31 15:07:50,951 main.py:88] Episode 5770	average cumulative reward: -2.07
[INFO 2017-03-31 15:07:53,178 main.py:88] Episode 5780	average cumulative reward: -4.06
[INFO 2017-03-31 15:07:55,438 main.py:88] Episode 5790	average cumulative reward: -4.18
[INFO 2017-03-31 15:07:56,053 main.py:88] Episode 5800	average cumulative reward: -0.47
[INFO 2017-03-31 15:07:58,552 main.py:88] Episode 5810	average cumulative reward: -3.09
[INFO 2017-03-31 15:07:59,840 main.py:88] Episode 5820	average cumulative reward: -2.19
[INFO 2017-03-31 15:08:02,246 main.py:88] Episode 5830	average cumulative reward: -4.71
[INFO 2017-03-31 15:08:04,273 main.py:88] Episode 5840	average cumulative reward: -3.78
[INFO 2017-03-31 15:08:05,527 main.py:88] Episode 5850	average cumulative reward: -1.90
[INFO 2017-03-31 15:08:08,073 main.py:88] Episode 5860	average cumulative reward: -2.76
[INFO 2017-03-31 15:08:09,111 main.py:88] Episode 5870	average cumulative reward: -1.47
[INFO 2017-03-31 15:08:11,168 main.py:88] Episode 5880	average cumulative reward: -3.38
[INFO 2017-03-31 15:08:13,951 main.py:88] Episode 5890	average cumulative reward: -4.86
[INFO 2017-03-31 15:08:14,740 main.py:88] Episode 5900	average cumulative reward: -0.44
[INFO 2017-03-31 15:08:16,818 main.py:88] Episode 5910	average cumulative reward: -2.68
[INFO 2017-03-31 15:08:19,521 main.py:88] Episode 5920	average cumulative reward: -5.39
[INFO 2017-03-31 15:08:21,675 main.py:88] Episode 5930	average cumulative reward: -3.19
[INFO 2017-03-31 15:08:23,564 main.py:88] Episode 5940	average cumulative reward: -2.94
[INFO 2017-03-31 15:08:25,913 main.py:88] Episode 5950	average cumulative reward: -3.44
[INFO 2017-03-31 15:08:28,065 main.py:88] Episode 5960	average cumulative reward: -2.54
[INFO 2017-03-31 15:08:28,866 main.py:88] Episode 5970	average cumulative reward: -0.51
[INFO 2017-03-31 15:08:30,990 main.py:88] Episode 5980	average cumulative reward: -3.86
[INFO 2017-03-31 15:08:32,871 main.py:88] Episode 5990	average cumulative reward: -3.19
[INFO 2017-03-31 15:08:33,948 main.py:88] Episode 6000	average cumulative reward: -1.37
[INFO 2017-03-31 15:08:33,948 main.py:93] Episode 6000	saving model: 06000.pth
[INFO 2017-03-31 15:08:35,637 main.py:88] Episode 6010	average cumulative reward: -3.81
[INFO 2017-03-31 15:08:36,819 main.py:88] Episode 6020	average cumulative reward: -1.26
[INFO 2017-03-31 15:08:37,892 main.py:88] Episode 6030	average cumulative reward: -1.49
[INFO 2017-03-31 15:08:39,000 main.py:88] Episode 6040	average cumulative reward: -1.69
[INFO 2017-03-31 15:08:39,819 main.py:88] Episode 6050	average cumulative reward: -1.32
[INFO 2017-03-31 15:08:41,062 main.py:88] Episode 6060	average cumulative reward: -1.37
[INFO 2017-03-31 15:08:42,431 main.py:88] Episode 6070	average cumulative reward: -1.11
[INFO 2017-03-31 15:08:43,825 main.py:88] Episode 6080	average cumulative reward: -1.92
[INFO 2017-03-31 15:08:44,984 main.py:88] Episode 6090	average cumulative reward: -0.92
[INFO 2017-03-31 15:08:47,698 main.py:88] Episode 6100	average cumulative reward: -5.11
[INFO 2017-03-31 15:08:50,014 main.py:88] Episode 6110	average cumulative reward: -2.87
[INFO 2017-03-31 15:08:53,271 main.py:88] Episode 6120	average cumulative reward: -4.16
[INFO 2017-03-31 15:08:55,897 main.py:88] Episode 6130	average cumulative reward: -4.02
[INFO 2017-03-31 15:08:58,077 main.py:88] Episode 6140	average cumulative reward: -1.92
[INFO 2017-03-31 15:09:00,010 main.py:88] Episode 6150	average cumulative reward: -2.30
[INFO 2017-03-31 15:09:03,091 main.py:88] Episode 6160	average cumulative reward: -3.84
[INFO 2017-03-31 15:09:06,105 main.py:88] Episode 6170	average cumulative reward: -3.59
[INFO 2017-03-31 15:09:07,646 main.py:88] Episode 6180	average cumulative reward: -1.10
[INFO 2017-03-31 15:09:10,426 main.py:88] Episode 6190	average cumulative reward: -2.84
[INFO 2017-03-31 15:09:12,497 main.py:88] Episode 6200	average cumulative reward: -3.85
[INFO 2017-03-31 15:09:13,734 main.py:88] Episode 6210	average cumulative reward: -1.36
[INFO 2017-03-31 15:09:14,638 main.py:88] Episode 6220	average cumulative reward: -1.71
[INFO 2017-03-31 15:09:16,184 main.py:88] Episode 6230	average cumulative reward: -1.26
[INFO 2017-03-31 15:09:18,644 main.py:88] Episode 6240	average cumulative reward: -4.30
[INFO 2017-03-31 15:09:19,990 main.py:88] Episode 6250	average cumulative reward: -1.13
[INFO 2017-03-31 15:09:22,590 main.py:88] Episode 6260	average cumulative reward: -3.88
[INFO 2017-03-31 15:09:24,311 main.py:88] Episode 6270	average cumulative reward: -1.84
[INFO 2017-03-31 15:09:27,284 main.py:88] Episode 6280	average cumulative reward: -4.68
[INFO 2017-03-31 15:09:29,018 main.py:88] Episode 6290	average cumulative reward: -2.51
[INFO 2017-03-31 15:09:30,848 main.py:88] Episode 6300	average cumulative reward: -2.14
[INFO 2017-03-31 15:09:32,317 main.py:88] Episode 6310	average cumulative reward: -1.64
[INFO 2017-03-31 15:09:33,137 main.py:88] Episode 6320	average cumulative reward: -0.85
[INFO 2017-03-31 15:09:36,429 main.py:88] Episode 6330	average cumulative reward: -2.73
[INFO 2017-03-31 15:09:40,137 main.py:88] Episode 6340	average cumulative reward: -2.32
[INFO 2017-03-31 15:09:42,381 main.py:88] Episode 6350	average cumulative reward: -4.06
[INFO 2017-03-31 15:09:44,613 main.py:88] Episode 6360	average cumulative reward: -2.93
[INFO 2017-03-31 15:09:45,664 main.py:88] Episode 6370	average cumulative reward: -1.27
[INFO 2017-03-31 15:09:46,885 main.py:88] Episode 6380	average cumulative reward: -1.71
[INFO 2017-03-31 15:09:48,528 main.py:88] Episode 6390	average cumulative reward: -1.31
[INFO 2017-03-31 15:09:50,734 main.py:88] Episode 6400	average cumulative reward: -3.07
[INFO 2017-03-31 15:09:51,817 main.py:88] Episode 6410	average cumulative reward: -0.79
[INFO 2017-03-31 15:09:53,513 main.py:88] Episode 6420	average cumulative reward: -2.27
[INFO 2017-03-31 15:09:54,963 main.py:88] Episode 6430	average cumulative reward: -2.21
[INFO 2017-03-31 15:09:56,899 main.py:88] Episode 6440	average cumulative reward: -4.83
[INFO 2017-03-31 15:09:58,482 main.py:88] Episode 6450	average cumulative reward: -2.71
[INFO 2017-03-31 15:09:59,930 main.py:88] Episode 6460	average cumulative reward: -2.23
[INFO 2017-03-31 15:10:01,499 main.py:88] Episode 6470	average cumulative reward: -3.29
[INFO 2017-03-31 15:10:02,900 main.py:88] Episode 6480	average cumulative reward: -2.27
[INFO 2017-03-31 15:10:04,035 main.py:88] Episode 6490	average cumulative reward: -1.27
[INFO 2017-03-31 15:10:04,871 main.py:88] Episode 6500	average cumulative reward: -0.79
[INFO 2017-03-31 15:10:05,574 main.py:88] Episode 6510	average cumulative reward: -0.95
[INFO 2017-03-31 15:10:06,905 main.py:88] Episode 6520	average cumulative reward: -2.17
[INFO 2017-03-31 15:10:08,654 main.py:88] Episode 6530	average cumulative reward: -3.49
[INFO 2017-03-31 15:10:09,862 main.py:88] Episode 6540	average cumulative reward: -1.47
[INFO 2017-03-31 15:10:10,823 main.py:88] Episode 6550	average cumulative reward: -0.86
[INFO 2017-03-31 15:10:11,912 main.py:88] Episode 6560	average cumulative reward: -1.36
[INFO 2017-03-31 15:10:13,441 main.py:88] Episode 6570	average cumulative reward: -1.65
[INFO 2017-03-31 15:10:14,948 main.py:88] Episode 6580	average cumulative reward: -2.01
[INFO 2017-03-31 15:10:16,776 main.py:88] Episode 6590	average cumulative reward: -2.19
[INFO 2017-03-31 15:10:17,547 main.py:88] Episode 6600	average cumulative reward: -1.12
[INFO 2017-03-31 15:10:19,250 main.py:88] Episode 6610	average cumulative reward: -2.74
[INFO 2017-03-31 15:10:20,894 main.py:88] Episode 6620	average cumulative reward: -5.25
[INFO 2017-03-31 15:10:22,370 main.py:88] Episode 6630	average cumulative reward: -1.51
[INFO 2017-03-31 15:10:23,535 main.py:88] Episode 6640	average cumulative reward: -1.22
[INFO 2017-03-31 15:10:24,627 main.py:88] Episode 6650	average cumulative reward: -1.35
[INFO 2017-03-31 15:10:25,677 main.py:88] Episode 6660	average cumulative reward: -1.39
[INFO 2017-03-31 15:10:26,320 main.py:88] Episode 6670	average cumulative reward: -0.40
[INFO 2017-03-31 15:10:27,424 main.py:88] Episode 6680	average cumulative reward: -1.23
[INFO 2017-03-31 15:10:29,935 main.py:88] Episode 6690	average cumulative reward: -4.13
[INFO 2017-03-31 15:10:30,535 main.py:88] Episode 6700	average cumulative reward: 0.14
[INFO 2017-03-31 15:10:31,908 main.py:88] Episode 6710	average cumulative reward: -2.60
[INFO 2017-03-31 15:10:32,695 main.py:88] Episode 6720	average cumulative reward: -1.76
[INFO 2017-03-31 15:10:33,639 main.py:88] Episode 6730	average cumulative reward: -1.69
[INFO 2017-03-31 15:10:36,402 main.py:88] Episode 6740	average cumulative reward: -2.70
[INFO 2017-03-31 15:10:37,897 main.py:88] Episode 6750	average cumulative reward: -2.06
[INFO 2017-03-31 15:10:38,635 main.py:88] Episode 6760	average cumulative reward: -1.58
[INFO 2017-03-31 15:10:39,698 main.py:88] Episode 6770	average cumulative reward: -2.36
[INFO 2017-03-31 15:10:40,408 main.py:88] Episode 6780	average cumulative reward: -0.80
[INFO 2017-03-31 15:10:41,070 main.py:88] Episode 6790	average cumulative reward: -0.06
[INFO 2017-03-31 15:10:42,341 main.py:88] Episode 6800	average cumulative reward: -0.88
[INFO 2017-03-31 15:10:44,128 main.py:88] Episode 6810	average cumulative reward: -1.91
[INFO 2017-03-31 15:10:45,737 main.py:88] Episode 6820	average cumulative reward: -1.97
[INFO 2017-03-31 15:10:46,861 main.py:88] Episode 6830	average cumulative reward: -1.33
[INFO 2017-03-31 15:10:47,892 main.py:88] Episode 6840	average cumulative reward: -1.06
[INFO 2017-03-31 15:10:49,208 main.py:88] Episode 6850	average cumulative reward: -0.74
[INFO 2017-03-31 15:10:50,273 main.py:88] Episode 6860	average cumulative reward: -1.43
[INFO 2017-03-31 15:10:51,264 main.py:88] Episode 6870	average cumulative reward: -0.82
[INFO 2017-03-31 15:10:51,979 main.py:88] Episode 6880	average cumulative reward: -0.42
[INFO 2017-03-31 15:10:53,459 main.py:88] Episode 6890	average cumulative reward: -2.69
[INFO 2017-03-31 15:10:54,261 main.py:88] Episode 6900	average cumulative reward: -0.77
[INFO 2017-03-31 15:10:54,951 main.py:88] Episode 6910	average cumulative reward: 0.26
[INFO 2017-03-31 15:10:56,331 main.py:88] Episode 6920	average cumulative reward: -1.55
[INFO 2017-03-31 15:10:57,748 main.py:88] Episode 6930	average cumulative reward: -1.11
[INFO 2017-03-31 15:10:58,730 main.py:88] Episode 6940	average cumulative reward: -0.84
[INFO 2017-03-31 15:10:59,412 main.py:88] Episode 6950	average cumulative reward: -0.88
[INFO 2017-03-31 15:11:00,422 main.py:88] Episode 6960	average cumulative reward: -0.90
[INFO 2017-03-31 15:11:01,638 main.py:88] Episode 6970	average cumulative reward: -2.20
[INFO 2017-03-31 15:11:03,373 main.py:88] Episode 6980	average cumulative reward: -0.89
[INFO 2017-03-31 15:11:04,665 main.py:88] Episode 6990	average cumulative reward: -2.61
[INFO 2017-03-31 15:11:05,479 main.py:88] Episode 7000	average cumulative reward: -0.44
[INFO 2017-03-31 15:11:05,479 main.py:93] Episode 7000	saving model: 07000.pth
[INFO 2017-03-31 15:11:06,794 main.py:88] Episode 7010	average cumulative reward: -1.68
[INFO 2017-03-31 15:11:08,327 main.py:88] Episode 7020	average cumulative reward: -1.50
[INFO 2017-03-31 15:11:11,417 main.py:88] Episode 7030	average cumulative reward: -4.08
[INFO 2017-03-31 15:11:12,599 main.py:88] Episode 7040	average cumulative reward: -1.05
[INFO 2017-03-31 15:11:13,571 main.py:88] Episode 7050	average cumulative reward: -1.39
[INFO 2017-03-31 15:11:14,520 main.py:88] Episode 7060	average cumulative reward: -0.38
[INFO 2017-03-31 15:11:15,488 main.py:88] Episode 7070	average cumulative reward: -0.62
[INFO 2017-03-31 15:11:16,661 main.py:88] Episode 7080	average cumulative reward: -1.50
[INFO 2017-03-31 15:11:17,799 main.py:88] Episode 7090	average cumulative reward: -1.78
[INFO 2017-03-31 15:11:19,086 main.py:88] Episode 7100	average cumulative reward: -1.45
[INFO 2017-03-31 15:11:20,184 main.py:88] Episode 7110	average cumulative reward: -2.25
[INFO 2017-03-31 15:11:21,399 main.py:88] Episode 7120	average cumulative reward: -0.86
[INFO 2017-03-31 15:11:22,536 main.py:88] Episode 7130	average cumulative reward: -3.19
[INFO 2017-03-31 15:11:24,047 main.py:88] Episode 7140	average cumulative reward: -2.28
[INFO 2017-03-31 15:11:25,601 main.py:88] Episode 7150	average cumulative reward: -4.22
[INFO 2017-03-31 15:11:26,444 main.py:88] Episode 7160	average cumulative reward: -2.03
[INFO 2017-03-31 15:11:28,853 main.py:88] Episode 7170	average cumulative reward: -6.67
[INFO 2017-03-31 15:11:30,220 main.py:88] Episode 7180	average cumulative reward: -3.36
[INFO 2017-03-31 15:11:31,424 main.py:88] Episode 7190	average cumulative reward: -2.43
[INFO 2017-03-31 15:11:32,543 main.py:88] Episode 7200	average cumulative reward: -2.01
[INFO 2017-03-31 15:11:33,465 main.py:88] Episode 7210	average cumulative reward: -0.30
[INFO 2017-03-31 15:11:34,246 main.py:88] Episode 7220	average cumulative reward: -0.51
[INFO 2017-03-31 15:11:34,597 main.py:88] Episode 7230	average cumulative reward: 0.34
[INFO 2017-03-31 15:11:36,133 main.py:88] Episode 7240	average cumulative reward: -1.49
[INFO 2017-03-31 15:11:36,770 main.py:88] Episode 7250	average cumulative reward: -0.70
[INFO 2017-03-31 15:11:37,422 main.py:88] Episode 7260	average cumulative reward: -0.33
[INFO 2017-03-31 15:11:38,236 main.py:88] Episode 7270	average cumulative reward: -0.70
[INFO 2017-03-31 15:11:39,506 main.py:88] Episode 7280	average cumulative reward: -1.52
[INFO 2017-03-31 15:11:40,687 main.py:88] Episode 7290	average cumulative reward: -1.83
[INFO 2017-03-31 15:11:41,616 main.py:88] Episode 7300	average cumulative reward: -1.26
[INFO 2017-03-31 15:11:42,684 main.py:88] Episode 7310	average cumulative reward: -1.59
[INFO 2017-03-31 15:11:43,607 main.py:88] Episode 7320	average cumulative reward: -0.79
[INFO 2017-03-31 15:11:45,063 main.py:88] Episode 7330	average cumulative reward: -2.37
[INFO 2017-03-31 15:11:46,039 main.py:88] Episode 7340	average cumulative reward: -1.69
[INFO 2017-03-31 15:11:46,806 main.py:88] Episode 7350	average cumulative reward: -0.92
[INFO 2017-03-31 15:11:47,829 main.py:88] Episode 7360	average cumulative reward: -1.45
[INFO 2017-03-31 15:11:48,799 main.py:88] Episode 7370	average cumulative reward: -0.92
[INFO 2017-03-31 15:11:49,586 main.py:88] Episode 7380	average cumulative reward: -0.57
[INFO 2017-03-31 15:11:50,297 main.py:88] Episode 7390	average cumulative reward: -2.11
[INFO 2017-03-31 15:11:52,408 main.py:88] Episode 7400	average cumulative reward: -4.61
[INFO 2017-03-31 15:11:53,246 main.py:88] Episode 7410	average cumulative reward: -0.67
[INFO 2017-03-31 15:11:53,982 main.py:88] Episode 7420	average cumulative reward: -2.15
[INFO 2017-03-31 15:11:54,650 main.py:88] Episode 7430	average cumulative reward: -0.62
[INFO 2017-03-31 15:11:55,631 main.py:88] Episode 7440	average cumulative reward: -2.02
[INFO 2017-03-31 15:11:56,798 main.py:88] Episode 7450	average cumulative reward: -3.11
[INFO 2017-03-31 15:11:57,669 main.py:88] Episode 7460	average cumulative reward: -2.22
[INFO 2017-03-31 15:11:58,562 main.py:88] Episode 7470	average cumulative reward: -1.15
[INFO 2017-03-31 15:11:59,038 main.py:88] Episode 7480	average cumulative reward: 0.53
[INFO 2017-03-31 15:12:00,052 main.py:88] Episode 7490	average cumulative reward: -1.45
[INFO 2017-03-31 15:12:00,517 main.py:88] Episode 7500	average cumulative reward: -0.20
[INFO 2017-03-31 15:12:01,175 main.py:88] Episode 7510	average cumulative reward: -0.63
[INFO 2017-03-31 15:12:02,701 main.py:88] Episode 7520	average cumulative reward: -4.43
[INFO 2017-03-31 15:12:03,347 main.py:88] Episode 7530	average cumulative reward: -0.85
[INFO 2017-03-31 15:12:03,832 main.py:88] Episode 7540	average cumulative reward: -0.18
[INFO 2017-03-31 15:12:04,688 main.py:88] Episode 7550	average cumulative reward: -3.11
[INFO 2017-03-31 15:12:05,159 main.py:88] Episode 7560	average cumulative reward: -0.29
[INFO 2017-03-31 15:12:05,658 main.py:88] Episode 7570	average cumulative reward: -0.36
[INFO 2017-03-31 15:12:06,434 main.py:88] Episode 7580	average cumulative reward: -1.35
[INFO 2017-03-31 15:12:07,933 main.py:88] Episode 7590	average cumulative reward: -0.93
[INFO 2017-03-31 15:12:10,067 main.py:88] Episode 7600	average cumulative reward: -2.32
[INFO 2017-03-31 15:12:13,169 main.py:88] Episode 7610	average cumulative reward: -2.88
[INFO 2017-03-31 15:12:14,438 main.py:88] Episode 7620	average cumulative reward: -1.29
[INFO 2017-03-31 15:12:15,436 main.py:88] Episode 7630	average cumulative reward: -0.36
[INFO 2017-03-31 15:12:17,829 main.py:88] Episode 7640	average cumulative reward: -2.05
[INFO 2017-03-31 15:12:19,043 main.py:88] Episode 7650	average cumulative reward: -1.71
[INFO 2017-03-31 15:12:19,722 main.py:88] Episode 7660	average cumulative reward: 0.16
[INFO 2017-03-31 15:12:20,719 main.py:88] Episode 7670	average cumulative reward: -0.63
[INFO 2017-03-31 15:12:21,315 main.py:88] Episode 7680	average cumulative reward: -1.49
[INFO 2017-03-31 15:12:21,991 main.py:88] Episode 7690	average cumulative reward: 0.14
[INFO 2017-03-31 15:12:23,488 main.py:88] Episode 7700	average cumulative reward: -4.59
[INFO 2017-03-31 15:12:24,408 main.py:88] Episode 7710	average cumulative reward: -2.37
[INFO 2017-03-31 15:12:25,217 main.py:88] Episode 7720	average cumulative reward: -1.43
[INFO 2017-03-31 15:12:26,102 main.py:88] Episode 7730	average cumulative reward: -0.49
[INFO 2017-03-31 15:12:26,970 main.py:88] Episode 7740	average cumulative reward: -1.63
[INFO 2017-03-31 15:12:28,343 main.py:88] Episode 7750	average cumulative reward: -1.10
[INFO 2017-03-31 15:12:28,828 main.py:88] Episode 7760	average cumulative reward: -0.55
[INFO 2017-03-31 15:12:29,128 main.py:88] Episode 7770	average cumulative reward: 0.45
[INFO 2017-03-31 15:12:30,200 main.py:88] Episode 7780	average cumulative reward: -2.57
[INFO 2017-03-31 15:12:30,653 main.py:88] Episode 7790	average cumulative reward: -0.63
[INFO 2017-03-31 15:12:31,618 main.py:88] Episode 7800	average cumulative reward: -2.25
[INFO 2017-03-31 15:12:32,867 main.py:88] Episode 7810	average cumulative reward: -1.17
[INFO 2017-03-31 15:12:33,368 main.py:88] Episode 7820	average cumulative reward: -0.15
[INFO 2017-03-31 15:12:33,895 main.py:88] Episode 7830	average cumulative reward: 0.11
[INFO 2017-03-31 15:12:34,534 main.py:88] Episode 7840	average cumulative reward: -0.33
[INFO 2017-03-31 15:12:35,186 main.py:88] Episode 7850	average cumulative reward: -0.35
[INFO 2017-03-31 15:12:36,963 main.py:88] Episode 7860	average cumulative reward: -4.25
[INFO 2017-03-31 15:12:37,620 main.py:88] Episode 7870	average cumulative reward: -0.32
[INFO 2017-03-31 15:12:38,678 main.py:88] Episode 7880	average cumulative reward: -0.81
[INFO 2017-03-31 15:12:39,744 main.py:88] Episode 7890	average cumulative reward: -1.76
[INFO 2017-03-31 15:12:40,893 main.py:88] Episode 7900	average cumulative reward: -0.46
[INFO 2017-03-31 15:12:41,552 main.py:88] Episode 7910	average cumulative reward: -0.44
[INFO 2017-03-31 15:12:42,360 main.py:88] Episode 7920	average cumulative reward: -0.80
[INFO 2017-03-31 15:12:43,041 main.py:88] Episode 7930	average cumulative reward: -0.37
[INFO 2017-03-31 15:12:43,414 main.py:88] Episode 7940	average cumulative reward: 0.27
[INFO 2017-03-31 15:12:45,348 main.py:88] Episode 7950	average cumulative reward: -6.09
[INFO 2017-03-31 15:12:46,166 main.py:88] Episode 7960	average cumulative reward: -1.32
[INFO 2017-03-31 15:12:47,420 main.py:88] Episode 7970	average cumulative reward: -2.52
[INFO 2017-03-31 15:12:48,040 main.py:88] Episode 7980	average cumulative reward: -1.02
[INFO 2017-03-31 15:12:48,626 main.py:88] Episode 7990	average cumulative reward: -1.01
[INFO 2017-03-31 15:12:49,062 main.py:88] Episode 8000	average cumulative reward: -0.15
[INFO 2017-03-31 15:12:49,062 main.py:93] Episode 8000	saving model: 08000.pth
[INFO 2017-03-31 15:12:49,873 main.py:88] Episode 8010	average cumulative reward: -0.99
[INFO 2017-03-31 15:12:50,722 main.py:88] Episode 8020	average cumulative reward: -0.09
[INFO 2017-03-31 15:12:51,391 main.py:88] Episode 8030	average cumulative reward: -1.33
[INFO 2017-03-31 15:12:51,788 main.py:88] Episode 8040	average cumulative reward: 0.15
[INFO 2017-03-31 15:12:52,325 main.py:88] Episode 8050	average cumulative reward: -0.33
[INFO 2017-03-31 15:12:52,888 main.py:88] Episode 8060	average cumulative reward: -0.44
[INFO 2017-03-31 15:12:53,819 main.py:88] Episode 8070	average cumulative reward: -0.72
[INFO 2017-03-31 15:12:55,560 main.py:88] Episode 8080	average cumulative reward: -4.07
[INFO 2017-03-31 15:12:56,747 main.py:88] Episode 8090	average cumulative reward: -5.43
[INFO 2017-03-31 15:12:57,580 main.py:88] Episode 8100	average cumulative reward: -0.41
[INFO 2017-03-31 15:12:58,376 main.py:88] Episode 8110	average cumulative reward: 0.21
[INFO 2017-03-31 15:13:00,252 main.py:88] Episode 8120	average cumulative reward: -2.15
[INFO 2017-03-31 15:13:00,846 main.py:88] Episode 8130	average cumulative reward: -0.28
[INFO 2017-03-31 15:13:01,937 main.py:88] Episode 8140	average cumulative reward: -1.40
[INFO 2017-03-31 15:13:02,423 main.py:88] Episode 8150	average cumulative reward: 0.22
[INFO 2017-03-31 15:13:02,933 main.py:88] Episode 8160	average cumulative reward: -0.10
[INFO 2017-03-31 15:13:04,239 main.py:88] Episode 8170	average cumulative reward: -0.49
[INFO 2017-03-31 15:13:04,654 main.py:88] Episode 8180	average cumulative reward: 0.04
[INFO 2017-03-31 15:13:05,127 main.py:88] Episode 8190	average cumulative reward: -0.30
[INFO 2017-03-31 15:13:07,670 main.py:88] Episode 8200	average cumulative reward: -5.00
[INFO 2017-03-31 15:13:08,031 main.py:88] Episode 8210	average cumulative reward: 0.40
[INFO 2017-03-31 15:13:08,598 main.py:88] Episode 8220	average cumulative reward: -0.60
[INFO 2017-03-31 15:13:09,512 main.py:88] Episode 8230	average cumulative reward: -1.14
[INFO 2017-03-31 15:13:10,193 main.py:88] Episode 8240	average cumulative reward: -0.63
[INFO 2017-03-31 15:13:10,731 main.py:88] Episode 8250	average cumulative reward: 0.05
[INFO 2017-03-31 15:13:11,090 main.py:88] Episode 8260	average cumulative reward: -0.28
[INFO 2017-03-31 15:13:11,777 main.py:88] Episode 8270	average cumulative reward: -2.29
[INFO 2017-03-31 15:13:12,339 main.py:88] Episode 8280	average cumulative reward: -1.82
[INFO 2017-03-31 15:13:13,758 main.py:88] Episode 8290	average cumulative reward: -3.27
[INFO 2017-03-31 15:13:14,121 main.py:88] Episode 8300	average cumulative reward: 0.18
[INFO 2017-03-31 15:13:14,927 main.py:88] Episode 8310	average cumulative reward: -1.47
[INFO 2017-03-31 15:13:16,069 main.py:88] Episode 8320	average cumulative reward: -1.20
[INFO 2017-03-31 15:13:16,717 main.py:88] Episode 8330	average cumulative reward: -0.53
[INFO 2017-03-31 15:13:17,751 main.py:88] Episode 8340	average cumulative reward: -0.31
[INFO 2017-03-31 15:13:18,183 main.py:88] Episode 8350	average cumulative reward: 0.09
[INFO 2017-03-31 15:13:18,657 main.py:88] Episode 8360	average cumulative reward: 0.00
[INFO 2017-03-31 15:13:19,119 main.py:88] Episode 8370	average cumulative reward: -0.34
[INFO 2017-03-31 15:13:20,040 main.py:88] Episode 8380	average cumulative reward: -2.53
[INFO 2017-03-31 15:13:21,426 main.py:88] Episode 8390	average cumulative reward: -1.09
[INFO 2017-03-31 15:13:22,815 main.py:88] Episode 8400	average cumulative reward: -2.44
[INFO 2017-03-31 15:13:23,694 main.py:88] Episode 8410	average cumulative reward: -0.78
[INFO 2017-03-31 15:13:25,250 main.py:88] Episode 8420	average cumulative reward: -3.06
[INFO 2017-03-31 15:13:25,600 main.py:88] Episode 8430	average cumulative reward: 0.31
[INFO 2017-03-31 15:13:26,947 main.py:88] Episode 8440	average cumulative reward: -1.26
[INFO 2017-03-31 15:13:27,977 main.py:88] Episode 8450	average cumulative reward: -1.19
[INFO 2017-03-31 15:13:30,031 main.py:88] Episode 8460	average cumulative reward: -4.19
[INFO 2017-03-31 15:13:30,445 main.py:88] Episode 8470	average cumulative reward: -0.65
[INFO 2017-03-31 15:13:30,777 main.py:88] Episode 8480	average cumulative reward: 0.08
[INFO 2017-03-31 15:13:31,287 main.py:88] Episode 8490	average cumulative reward: -0.62
[INFO 2017-03-31 15:13:31,811 main.py:88] Episode 8500	average cumulative reward: -0.88
[INFO 2017-03-31 15:13:32,242 main.py:88] Episode 8510	average cumulative reward: 0.34
[INFO 2017-03-31 15:13:32,584 main.py:88] Episode 8520	average cumulative reward: 0.61
[INFO 2017-03-31 15:13:33,711 main.py:88] Episode 8530	average cumulative reward: -3.12
[INFO 2017-03-31 15:13:34,505 main.py:88] Episode 8540	average cumulative reward: -2.85
[INFO 2017-03-31 15:13:34,993 main.py:88] Episode 8550	average cumulative reward: 0.02
[INFO 2017-03-31 15:13:35,737 main.py:88] Episode 8560	average cumulative reward: -1.84
[INFO 2017-03-31 15:13:36,345 main.py:88] Episode 8570	average cumulative reward: -0.85
[INFO 2017-03-31 15:13:37,154 main.py:88] Episode 8580	average cumulative reward: -1.64
[INFO 2017-03-31 15:13:37,832 main.py:88] Episode 8590	average cumulative reward: -1.09
[INFO 2017-03-31 15:13:39,352 main.py:88] Episode 8600	average cumulative reward: -0.68
[INFO 2017-03-31 15:13:39,801 main.py:88] Episode 8610	average cumulative reward: -0.53
[INFO 2017-03-31 15:13:40,091 main.py:88] Episode 8620	average cumulative reward: 0.45
[INFO 2017-03-31 15:13:40,926 main.py:88] Episode 8630	average cumulative reward: -0.23
[INFO 2017-03-31 15:13:41,650 main.py:88] Episode 8640	average cumulative reward: -0.91
[INFO 2017-03-31 15:13:42,641 main.py:88] Episode 8650	average cumulative reward: -3.55
[INFO 2017-03-31 15:13:43,085 main.py:88] Episode 8660	average cumulative reward: -0.50
[INFO 2017-03-31 15:13:43,793 main.py:88] Episode 8670	average cumulative reward: -2.18
[INFO 2017-03-31 15:13:44,834 main.py:88] Episode 8680	average cumulative reward: -2.12
[INFO 2017-03-31 15:13:45,201 main.py:88] Episode 8690	average cumulative reward: 0.05
[INFO 2017-03-31 15:13:45,563 main.py:88] Episode 8700	average cumulative reward: 0.27
[INFO 2017-03-31 15:13:46,620 main.py:88] Episode 8710	average cumulative reward: -3.08
[INFO 2017-03-31 15:13:47,199 main.py:88] Episode 8720	average cumulative reward: -1.10
[INFO 2017-03-31 15:13:47,667 main.py:88] Episode 8730	average cumulative reward: -0.35
[INFO 2017-03-31 15:13:48,342 main.py:88] Episode 8740	average cumulative reward: -1.16
[INFO 2017-03-31 15:13:49,106 main.py:88] Episode 8750	average cumulative reward: -1.71
[INFO 2017-03-31 15:13:49,438 main.py:88] Episode 8760	average cumulative reward: 0.42
[INFO 2017-03-31 15:13:49,796 main.py:88] Episode 8770	average cumulative reward: 0.20
[INFO 2017-03-31 15:13:50,515 main.py:88] Episode 8780	average cumulative reward: -0.87
[INFO 2017-03-31 15:13:51,476 main.py:88] Episode 8790	average cumulative reward: -3.37
[INFO 2017-03-31 15:13:52,419 main.py:88] Episode 8800	average cumulative reward: -3.09
[INFO 2017-03-31 15:13:52,750 main.py:88] Episode 8810	average cumulative reward: 0.14
[INFO 2017-03-31 15:13:53,346 main.py:88] Episode 8820	average cumulative reward: -0.63
[INFO 2017-03-31 15:13:54,167 main.py:88] Episode 8830	average cumulative reward: -0.14
[INFO 2017-03-31 15:13:54,468 main.py:88] Episode 8840	average cumulative reward: 0.10
[INFO 2017-03-31 15:13:55,572 main.py:88] Episode 8850	average cumulative reward: -3.83
[INFO 2017-03-31 15:13:55,914 main.py:88] Episode 8860	average cumulative reward: 0.08
[INFO 2017-03-31 15:13:56,229 main.py:88] Episode 8870	average cumulative reward: 0.32
[INFO 2017-03-31 15:13:56,708 main.py:88] Episode 8880	average cumulative reward: 0.20
[INFO 2017-03-31 15:13:57,815 main.py:88] Episode 8890	average cumulative reward: -2.51
[INFO 2017-03-31 15:13:58,212 main.py:88] Episode 8900	average cumulative reward: 0.28
[INFO 2017-03-31 15:13:59,142 main.py:88] Episode 8910	average cumulative reward: -3.59
[INFO 2017-03-31 15:13:59,464 main.py:88] Episode 8920	average cumulative reward: 0.18
[INFO 2017-03-31 15:13:59,982 main.py:88] Episode 8930	average cumulative reward: -0.41
[INFO 2017-03-31 15:14:00,536 main.py:88] Episode 8940	average cumulative reward: -0.13
[INFO 2017-03-31 15:14:01,140 main.py:88] Episode 8950	average cumulative reward: -0.87
[INFO 2017-03-31 15:14:02,456 main.py:88] Episode 8960	average cumulative reward: -3.17
[INFO 2017-03-31 15:14:03,218 main.py:88] Episode 8970	average cumulative reward: -0.52
[INFO 2017-03-31 15:14:03,971 main.py:88] Episode 8980	average cumulative reward: -2.03
[INFO 2017-03-31 15:14:04,458 main.py:88] Episode 8990	average cumulative reward: -0.10
[INFO 2017-03-31 15:14:05,535 main.py:88] Episode 9000	average cumulative reward: -3.07
[INFO 2017-03-31 15:14:05,535 main.py:93] Episode 9000	saving model: 09000.pth
[INFO 2017-03-31 15:14:06,247 main.py:88] Episode 9010	average cumulative reward: -0.35
[INFO 2017-03-31 15:14:06,577 main.py:88] Episode 9020	average cumulative reward: 0.16
[INFO 2017-03-31 15:14:07,237 main.py:88] Episode 9030	average cumulative reward: -1.46
[INFO 2017-03-31 15:14:07,700 main.py:88] Episode 9040	average cumulative reward: -0.03
[INFO 2017-03-31 15:14:08,809 main.py:88] Episode 9050	average cumulative reward: -1.31
[INFO 2017-03-31 15:14:09,264 main.py:88] Episode 9060	average cumulative reward: -0.19
[INFO 2017-03-31 15:14:09,829 main.py:88] Episode 9070	average cumulative reward: -0.14
[INFO 2017-03-31 15:14:11,562 main.py:88] Episode 9080	average cumulative reward: -4.26
[INFO 2017-03-31 15:14:12,069 main.py:88] Episode 9090	average cumulative reward: -0.21
[INFO 2017-03-31 15:14:12,647 main.py:88] Episode 9100	average cumulative reward: -0.24
[INFO 2017-03-31 15:14:13,226 main.py:88] Episode 9110	average cumulative reward: -1.39
[INFO 2017-03-31 15:14:13,801 main.py:88] Episode 9120	average cumulative reward: 0.04
[INFO 2017-03-31 15:14:14,272 main.py:88] Episode 9130	average cumulative reward: -0.45
[INFO 2017-03-31 15:14:14,858 main.py:88] Episode 9140	average cumulative reward: -1.03
[INFO 2017-03-31 15:14:15,772 main.py:88] Episode 9150	average cumulative reward: -1.98
[INFO 2017-03-31 15:14:16,436 main.py:88] Episode 9160	average cumulative reward: -0.47
[INFO 2017-03-31 15:14:16,873 main.py:88] Episode 9170	average cumulative reward: -0.27
[INFO 2017-03-31 15:14:18,106 main.py:88] Episode 9180	average cumulative reward: -2.27
[INFO 2017-03-31 15:14:19,997 main.py:88] Episode 9190	average cumulative reward: -6.11
[INFO 2017-03-31 15:14:21,274 main.py:88] Episode 9200	average cumulative reward: -3.52
[INFO 2017-03-31 15:14:22,689 main.py:88] Episode 9210	average cumulative reward: -3.36
[INFO 2017-03-31 15:14:24,075 main.py:88] Episode 9220	average cumulative reward: -4.04
[INFO 2017-03-31 15:14:24,618 main.py:88] Episode 9230	average cumulative reward: -0.25
[INFO 2017-03-31 15:14:25,111 main.py:88] Episode 9240	average cumulative reward: 0.28
[INFO 2017-03-31 15:14:26,838 main.py:88] Episode 9250	average cumulative reward: -4.35
[INFO 2017-03-31 15:14:27,530 main.py:88] Episode 9260	average cumulative reward: -0.02
[INFO 2017-03-31 15:14:29,028 main.py:88] Episode 9270	average cumulative reward: -4.77
[INFO 2017-03-31 15:14:29,730 main.py:88] Episode 9280	average cumulative reward: -0.71
[INFO 2017-03-31 15:14:30,259 main.py:88] Episode 9290	average cumulative reward: -0.19
[INFO 2017-03-31 15:14:31,346 main.py:88] Episode 9300	average cumulative reward: -0.46
[INFO 2017-03-31 15:14:32,432 main.py:88] Episode 9310	average cumulative reward: -2.75
[INFO 2017-03-31 15:14:33,703 main.py:88] Episode 9320	average cumulative reward: -0.92
[INFO 2017-03-31 15:14:34,820 main.py:88] Episode 9330	average cumulative reward: -3.19
[INFO 2017-03-31 15:14:35,265 main.py:88] Episode 9340	average cumulative reward: 0.05
[INFO 2017-03-31 15:14:36,420 main.py:88] Episode 9350	average cumulative reward: -1.03
[INFO 2017-03-31 15:14:36,772 main.py:88] Episode 9360	average cumulative reward: 0.39
[INFO 2017-03-31 15:14:37,465 main.py:88] Episode 9370	average cumulative reward: -0.31
[INFO 2017-03-31 15:14:38,141 main.py:88] Episode 9380	average cumulative reward: -1.56
[INFO 2017-03-31 15:14:38,622 main.py:88] Episode 9390	average cumulative reward: -0.45
[INFO 2017-03-31 15:14:40,184 main.py:88] Episode 9400	average cumulative reward: -2.12
[INFO 2017-03-31 15:14:40,571 main.py:88] Episode 9410	average cumulative reward: 0.25
[INFO 2017-03-31 15:14:42,163 main.py:88] Episode 9420	average cumulative reward: -6.87
[INFO 2017-03-31 15:14:42,582 main.py:88] Episode 9430	average cumulative reward: -0.60
[INFO 2017-03-31 15:14:43,071 main.py:88] Episode 9440	average cumulative reward: -0.42
[INFO 2017-03-31 15:14:43,854 main.py:88] Episode 9450	average cumulative reward: -0.43
[INFO 2017-03-31 15:14:44,269 main.py:88] Episode 9460	average cumulative reward: 0.10
[INFO 2017-03-31 15:14:45,398 main.py:88] Episode 9470	average cumulative reward: -1.76
[INFO 2017-03-31 15:14:45,889 main.py:88] Episode 9480	average cumulative reward: -0.72
[INFO 2017-03-31 15:14:46,433 main.py:88] Episode 9490	average cumulative reward: -0.20
[INFO 2017-03-31 15:14:47,957 main.py:88] Episode 9500	average cumulative reward: -4.94
[INFO 2017-03-31 15:14:48,465 main.py:88] Episode 9510	average cumulative reward: 0.25
[INFO 2017-03-31 15:14:48,844 main.py:88] Episode 9520	average cumulative reward: 0.51
[INFO 2017-03-31 15:14:49,555 main.py:88] Episode 9530	average cumulative reward: -1.43
[INFO 2017-03-31 15:14:50,965 main.py:88] Episode 9540	average cumulative reward: -3.97
[INFO 2017-03-31 15:14:51,772 main.py:88] Episode 9550	average cumulative reward: -0.10
[INFO 2017-03-31 15:14:52,922 main.py:88] Episode 9560	average cumulative reward: -3.40
[INFO 2017-03-31 15:14:53,268 main.py:88] Episode 9570	average cumulative reward: 0.42
[INFO 2017-03-31 15:14:53,615 main.py:88] Episode 9580	average cumulative reward: -0.01
[INFO 2017-03-31 15:14:53,960 main.py:88] Episode 9590	average cumulative reward: 0.23
[INFO 2017-03-31 15:14:55,118 main.py:88] Episode 9600	average cumulative reward: -3.61
[INFO 2017-03-31 15:14:55,831 main.py:88] Episode 9610	average cumulative reward: -1.37
[INFO 2017-03-31 15:14:56,376 main.py:88] Episode 9620	average cumulative reward: -0.58
[INFO 2017-03-31 15:14:57,070 main.py:88] Episode 9630	average cumulative reward: -2.48
[INFO 2017-03-31 15:14:57,415 main.py:88] Episode 9640	average cumulative reward: -0.45
[INFO 2017-03-31 15:14:58,357 main.py:88] Episode 9650	average cumulative reward: -3.52
[INFO 2017-03-31 15:14:59,072 main.py:88] Episode 9660	average cumulative reward: -1.23
[INFO 2017-03-31 15:14:59,355 main.py:88] Episode 9670	average cumulative reward: 0.11
[INFO 2017-03-31 15:14:59,777 main.py:88] Episode 9680	average cumulative reward: -0.33
[INFO 2017-03-31 15:15:00,746 main.py:88] Episode 9690	average cumulative reward: -3.59
[INFO 2017-03-31 15:15:01,996 main.py:88] Episode 9700	average cumulative reward: -3.03
[INFO 2017-03-31 15:15:03,085 main.py:88] Episode 9710	average cumulative reward: -0.31
[INFO 2017-03-31 15:15:03,483 main.py:88] Episode 9720	average cumulative reward: -0.33
[INFO 2017-03-31 15:15:04,779 main.py:88] Episode 9730	average cumulative reward: -1.59
[INFO 2017-03-31 15:15:05,067 main.py:88] Episode 9740	average cumulative reward: 0.18
[INFO 2017-03-31 15:15:05,790 main.py:88] Episode 9750	average cumulative reward: -0.92
[INFO 2017-03-31 15:15:06,420 main.py:88] Episode 9760	average cumulative reward: -0.46
[INFO 2017-03-31 15:15:07,181 main.py:88] Episode 9770	average cumulative reward: -1.30
[INFO 2017-03-31 15:15:07,581 main.py:88] Episode 9780	average cumulative reward: 0.09
[INFO 2017-03-31 15:15:08,129 main.py:88] Episode 9790	average cumulative reward: -1.15
[INFO 2017-03-31 15:15:08,737 main.py:88] Episode 9800	average cumulative reward: -1.53
[INFO 2017-03-31 15:15:08,999 main.py:88] Episode 9810	average cumulative reward: 0.44
[INFO 2017-03-31 15:15:09,567 main.py:88] Episode 9820	average cumulative reward: -0.78
[INFO 2017-03-31 15:15:09,918 main.py:88] Episode 9830	average cumulative reward: 0.19
[INFO 2017-03-31 15:15:10,374 main.py:88] Episode 9840	average cumulative reward: -0.47
[INFO 2017-03-31 15:15:10,990 main.py:88] Episode 9850	average cumulative reward: -0.13
[INFO 2017-03-31 15:15:11,582 main.py:88] Episode 9860	average cumulative reward: -0.16
[INFO 2017-03-31 15:15:12,222 main.py:88] Episode 9870	average cumulative reward: -0.26
[INFO 2017-03-31 15:15:12,832 main.py:88] Episode 9880	average cumulative reward: -0.09
[INFO 2017-03-31 15:15:13,563 main.py:88] Episode 9890	average cumulative reward: -2.40
[INFO 2017-03-31 15:15:14,272 main.py:88] Episode 9900	average cumulative reward: 0.20
[INFO 2017-03-31 15:15:14,587 main.py:88] Episode 9910	average cumulative reward: 0.25
[INFO 2017-03-31 15:15:15,395 main.py:88] Episode 9920	average cumulative reward: -1.33
[INFO 2017-03-31 15:15:15,747 main.py:88] Episode 9930	average cumulative reward: 0.21
[INFO 2017-03-31 15:15:16,066 main.py:88] Episode 9940	average cumulative reward: 0.13
[INFO 2017-03-31 15:15:16,456 main.py:88] Episode 9950	average cumulative reward: -0.42
[INFO 2017-03-31 15:15:17,664 main.py:88] Episode 9960	average cumulative reward: -4.40
[INFO 2017-03-31 15:15:18,993 main.py:88] Episode 9970	average cumulative reward: -4.52
[INFO 2017-03-31 15:15:19,700 main.py:88] Episode 9980	average cumulative reward: -1.34
[INFO 2017-03-31 15:15:22,159 main.py:88] Episode 9990	average cumulative reward: -6.57
